#
# There is insufficient memory for the Java Runtime Environment to continue.
# Native memory allocation (malloc) failed to allocate 32864 bytes for Chunk::new
# Possible reasons:
#   The system is out of physical RAM or swap space
#   The process is running with CompressedOops enabled, and the Java Heap may be blocking the growth of the native heap
# Possible solutions:
#   Reduce memory load on the system
#   Increase physical memory or swap space
#   Check if swap backing store is full
#   Decrease Java heap size (-Xmx/-Xms)
#   Decrease number of Java threads
#   Decrease Java thread stack sizes (-Xss)
#   Set larger code cache with -XX:ReservedCodeCacheSize=
#   JVM is running with Unscaled Compressed Oops mode in which the Java heap is
#     placed in the first 4GB address space. The Java Heap base address is the
#     maximum limit for the native heap growth. Please use -XX:HeapBaseMinAddress
#     to set the Java Heap base and to place the Java Heap above 4GB virtual address.
# This output file may be truncated or incomplete.
#
#  Out of Memory Error (./src/hotspot/share/memory/arena.cpp:197), pid=2316, tid=18340
#
# JRE version: OpenJDK Runtime Environment (11.0.12+7) (build 11.0.12+7-b1504.28-7817840)
# Java VM: OpenJDK 64-Bit Server VM (11.0.12+7-b1504.28-7817840, mixed mode, tiered, compressed oops, g1 gc, windows-amd64)
# No core dump will be written. Minidumps are not enabled by default on client versions of Windows
#

---------------  S U M M A R Y ------------

Command Line: --add-opens=java.base/java.util=ALL-UNNAMED --add-opens=java.base/java.lang=ALL-UNNAMED --add-opens=java.base/java.lang.invoke=ALL-UNNAMED --add-opens=java.base/java.util=ALL-UNNAMED --add-opens=java.prefs/java.util.prefs=ALL-UNNAMED --add-opens=java.prefs/java.util.prefs=ALL-UNNAMED --add-opens=java.base/java.nio.charset=ALL-UNNAMED --add-opens=java.base/java.net=ALL-UNNAMED --add-opens=java.base/java.util.concurrent.atomic=ALL-UNNAMED -Xmx2048m -Dfile.encoding=UTF-8 -Duser.country=IN -Duser.language=en -Duser.variant org.gradle.launcher.daemon.bootstrap.GradleDaemon 7.3.3

Host: Intel(R) Core(TM) i3-1005G1 CPU @ 1.20GHz, 4 cores, 7G,  Windows 10 , 64 bit Build 22000 (10.0.22000.708)
Time: Fri Aug 19 02:09:25 2022 India Standard Time elapsed time: 12.596429 seconds (0d 0h 0m 12s)

---------------  T H R E A D  ---------------

Current thread (0x000002767f556800):  JavaThread "C2 CompilerThread0" daemon [_thread_in_native, id=18340, stack(0x00000092eb000000,0x00000092eb100000)]


Current CompileTask:
C2:  12596 2698       4       java.lang.reflect.ProxyGenerator$ConstantPool::getIndirect (63 bytes)

Stack: [0x00000092eb000000,0x00000092eb100000]
Native frames: (J=compiled Java code, j=interpreted, Vv=VM code, C=native code)
V  [jvm.dll+0x5fbcea]
V  [jvm.dll+0x731905]
V  [jvm.dll+0x732f1d]
V  [jvm.dll+0x7335d3]
V  [jvm.dll+0x247bf8]
V  [jvm.dll+0xc018c]
V  [jvm.dll+0xc06cc]
V  [jvm.dll+0xc02cc]
V  [jvm.dll+0x65806c]
V  [jvm.dll+0x51868c]
V  [jvm.dll+0x683250]
V  [jvm.dll+0x682304]
V  [jvm.dll+0x521cf3]
V  [jvm.dll+0x5118a4]
V  [jvm.dll+0x208303]
V  [jvm.dll+0x201fe0]
V  [jvm.dll+0x1ff71f]
V  [jvm.dll+0x18868c]
V  [jvm.dll+0x20e0d7]
V  [jvm.dll+0x20c901]
V  [jvm.dll+0x6f9b7f]
V  [jvm.dll+0x6f26a5]
V  [jvm.dll+0x5fabf6]
C  [ucrtbase.dll+0x26c0c]
C  [KERNEL32.DLL+0x154e0]
C  [ntdll.dll+0x485b]


---------------  P R O C E S S  ---------------

Threads class SMR info:
_java_thread_list=0x0000027615b681e0, length=33, elements={
0x000002767893d800, 0x000002767f534800, 0x000002767f535800, 0x0000027613042800,
0x000002767f551000, 0x000002767f552800, 0x000002767f556800, 0x000002767f560000,
0x000002767f570000, 0x000002761317f800, 0x0000027613312000, 0x0000027614feb800,
0x0000027614ee2000, 0x0000027614e84800, 0x00000276147a5800, 0x0000027613f37000,
0x0000027614a78800, 0x0000027614ea1000, 0x0000027614562800, 0x00000276134c3800,
0x00000276134c2000, 0x00000276134c4800, 0x00000276134c5000, 0x00000276134c2800,
0x00000276134bf800, 0x00000276134c6000, 0x00000276134c0800, 0x00000276134c1000,
0x0000027613be9000, 0x0000027613beb800, 0x00000276143e3000, 0x0000027613bee000,
0x0000027613be8800
}

Java Threads: ( => current thread )
  0x000002767893d800 JavaThread "main" [_thread_blocked, id=11584, stack(0x00000092ea400000,0x00000092ea500000)]
  0x000002767f534800 JavaThread "Reference Handler" daemon [_thread_blocked, id=17068, stack(0x00000092eab00000,0x00000092eac00000)]
  0x000002767f535800 JavaThread "Finalizer" daemon [_thread_blocked, id=18328, stack(0x00000092eac00000,0x00000092ead00000)]
  0x0000027613042800 JavaThread "Signal Dispatcher" daemon [_thread_blocked, id=17096, stack(0x00000092ead00000,0x00000092eae00000)]
  0x000002767f551000 JavaThread "Attach Listener" daemon [_thread_blocked, id=20172, stack(0x00000092eae00000,0x00000092eaf00000)]
  0x000002767f552800 JavaThread "Service Thread" daemon [_thread_blocked, id=17740, stack(0x00000092eaf00000,0x00000092eb000000)]
=>0x000002767f556800 JavaThread "C2 CompilerThread0" daemon [_thread_in_native, id=18340, stack(0x00000092eb000000,0x00000092eb100000)]
  0x000002767f560000 JavaThread "C1 CompilerThread0" daemon [_thread_blocked, id=3588, stack(0x00000092eb100000,0x00000092eb200000)]
  0x000002767f570000 JavaThread "Sweeper thread" daemon [_thread_blocked, id=5880, stack(0x00000092eb200000,0x00000092eb300000)]
  0x000002761317f800 JavaThread "Common-Cleaner" daemon [_thread_blocked, id=15168, stack(0x00000092eb300000,0x00000092eb400000)]
  0x0000027613312000 JavaThread "Daemon health stats" [_thread_blocked, id=17324, stack(0x00000092eb500000,0x00000092eb600000)]
  0x0000027614feb800 JavaThread "Incoming local TCP Connector on port 65359" [_thread_in_native, id=20008, stack(0x00000092eb700000,0x00000092eb800000)]
  0x0000027614ee2000 JavaThread "Daemon periodic checks" [_thread_blocked, id=12068, stack(0x00000092eb800000,0x00000092eb900000)]
  0x0000027614e84800 JavaThread "Daemon" [_thread_blocked, id=18396, stack(0x00000092eb900000,0x00000092eba00000)]
  0x00000276147a5800 JavaThread "Handler for socket connection from /127.0.0.1:65359 to /127.0.0.1:65360" [_thread_in_native, id=15392, stack(0x00000092eba00000,0x00000092ebb00000)]
  0x0000027613f37000 JavaThread "Cancel handler" [_thread_blocked, id=17936, stack(0x00000092ebb00000,0x00000092ebc00000)]
  0x0000027614a78800 JavaThread "Daemon worker" [_thread_in_Java, id=9876, stack(0x00000092ebc00000,0x00000092ebd00000)]
  0x0000027614ea1000 JavaThread "Asynchronous log dispatcher for DefaultDaemonConnection: socket connection from /127.0.0.1:65359 to /127.0.0.1:65360" [_thread_blocked, id=14428, stack(0x00000092ebd00000,0x00000092ebe00000)]
  0x0000027614562800 JavaThread "Stdin handler" [_thread_blocked, id=32, stack(0x00000092ebe00000,0x00000092ebf00000)]
  0x00000276134c3800 JavaThread "Daemon client event forwarder" [_thread_blocked, id=6696, stack(0x00000092ebf00000,0x00000092ec000000)]
  0x00000276134c2000 JavaThread "Cache worker for journal cache (C:\Users\ASUS\.gradle\caches\journal-1)" [_thread_blocked, id=17496, stack(0x00000092ec200000,0x00000092ec300000)]
  0x00000276134c4800 JavaThread "File lock request listener" [_thread_in_native, id=17812, stack(0x00000092ec300000,0x00000092ec400000)]
  0x00000276134c5000 JavaThread "Cache worker for file hash cache (C:\Users\ASUS\.gradle\caches\7.3.3\fileHashes)" [_thread_blocked, id=15172, stack(0x00000092ec400000,0x00000092ec500000)]
  0x00000276134c2800 JavaThread "Cache worker for file hash cache (D:\Android Development\LiveEdgeDetectionSDK\.gradle\7.3.3\fileHashes)" [_thread_blocked, id=12020, stack(0x00000092ec600000,0x00000092ec700000)]
  0x00000276134bf800 JavaThread "File watcher server" daemon [_thread_in_native, id=14064, stack(0x00000092ec500000,0x00000092ec600000)]
  0x00000276134c6000 JavaThread "File watcher consumer" daemon [_thread_blocked, id=20420, stack(0x00000092ec700000,0x00000092ec800000)]
  0x00000276134c0800 JavaThread "jar transforms" [_thread_blocked, id=7356, stack(0x00000092ec800000,0x00000092ec900000)]
  0x00000276134c1000 JavaThread "jar transforms Thread 2" [_thread_blocked, id=16708, stack(0x00000092ec900000,0x00000092eca00000)]
  0x0000027613be9000 JavaThread "jar transforms Thread 3" [_thread_blocked, id=8720, stack(0x00000092eca00000,0x00000092ecb00000)]
  0x0000027613beb800 JavaThread "jar transforms Thread 4" [_thread_blocked, id=6676, stack(0x00000092ecb00000,0x00000092ecc00000)]
  0x00000276143e3000 JavaThread "C2 CompilerThread1" daemon [_thread_blocked, id=18188, stack(0x00000092ecc00000,0x00000092ecd00000)]
  0x0000027613bee000 JavaThread "Cache worker for checksums cache (D:\Android Development\LiveEdgeDetectionSDK\.gradle\7.3.3\checksums)" [_thread_blocked, id=1780, stack(0x00000092ecd00000,0x00000092ece00000)]
  0x0000027613be8800 JavaThread "Cache worker for cache directory md-supplier (C:\Users\ASUS\.gradle\caches\7.3.3\md-supplier)" [_thread_blocked, id=9336, stack(0x00000092ece00000,0x00000092ecf00000)]

Other Threads:
  0x000002767f533000 VMThread "VM Thread" [stack: 0x00000092eaa00000,0x00000092eab00000] [id=15340]
  0x00000276131c3000 WatcherThread [stack: 0x00000092eb400000,0x00000092eb500000] [id=9848]
  0x0000027678956800 GCTaskThread "GC Thread#0" [stack: 0x00000092ea500000,0x00000092ea600000] [id=10564]
  0x000002761393e000 GCTaskThread "GC Thread#1" [stack: 0x00000092eb600000,0x00000092eb700000] [id=11484]
  0x00000276154b8800 GCTaskThread "GC Thread#2" [stack: 0x00000092ec000000,0x00000092ec100000] [id=16448]
  0x00000276152fb000 GCTaskThread "GC Thread#3" [stack: 0x00000092ec100000,0x00000092ec200000] [id=16368]
  0x0000027678989000 ConcurrentGCThread "G1 Main Marker" [stack: 0x00000092ea600000,0x00000092ea700000] [id=9352]
  0x000002767898a000 ConcurrentGCThread "G1 Conc#0" [stack: 0x00000092ea700000,0x00000092ea800000] [id=17536]
  0x000002767f390800 ConcurrentGCThread "G1 Refine#0" [stack: 0x00000092ea800000,0x00000092ea900000] [id=3460]
  0x000002767f391800 ConcurrentGCThread "G1 Young RemSet Sampling" [stack: 0x00000092ea900000,0x00000092eaa00000] [id=13120]

Threads with active compile tasks:
C2 CompilerThread0  12638 2698       4       java.lang.reflect.ProxyGenerator$ConstantPool::getIndirect (63 bytes)

VM state:not at safepoint (normal execution)

VM Mutex/Monitor currently owned by a thread: None

Heap address: 0x0000000080000000, size: 2048 MB, Compressed Oops mode: 32-bit
Narrow klass base: 0x0000000000000000, Narrow klass shift: 3
Compressed class space size: 1073741824 Address: 0x0000000100000000

Heap:
 garbage-first heap   total 126976K, used 82557K [0x0000000080000000, 0x0000000100000000)
  region size 1024K, 56 young (57344K), 3 survivors (3072K)
 Metaspace       used 30550K, capacity 31343K, committed 31616K, reserved 1081344K
  class space    used 4068K, capacity 4388K, committed 4480K, reserved 1048576K
Heap Regions: E=young(eden), S=young(survivor), O=old, HS=humongous(starts), HC=humongous(continues), CS=collection set, F=free, A=archive, TAMS=top-at-mark-start (previous, next)
|   0|0x0000000080000000, 0x0000000080100000, 0x0000000080100000|100%| O|  |TAMS 0x0000000080100000, 0x0000000080000000| Untracked 
|   1|0x0000000080100000, 0x0000000080200000, 0x0000000080200000|100%| O|  |TAMS 0x0000000080200000, 0x0000000080100000| Untracked 
|   2|0x0000000080200000, 0x0000000080300000, 0x0000000080300000|100%| O|  |TAMS 0x0000000080300000, 0x0000000080200000| Untracked 
|   3|0x0000000080300000, 0x0000000080400000, 0x0000000080400000|100%|HS|  |TAMS 0x0000000080400000, 0x0000000080300000| Complete 
|   4|0x0000000080400000, 0x0000000080500000, 0x0000000080500000|100%|HC|  |TAMS 0x0000000080500000, 0x0000000080400000| Complete 
|   5|0x0000000080500000, 0x0000000080600000, 0x0000000080600000|100%|HC|  |TAMS 0x0000000080600000, 0x0000000080500000| Complete 
|   6|0x0000000080600000, 0x0000000080700000, 0x0000000080700000|100%| O|  |TAMS 0x0000000080700000, 0x0000000080600000| Untracked 
|   7|0x0000000080700000, 0x0000000080800000, 0x0000000080800000|100%| O|  |TAMS 0x0000000080800000, 0x0000000080700000| Untracked 
|   8|0x0000000080800000, 0x0000000080900000, 0x0000000080900000|100%| O|  |TAMS 0x0000000080900000, 0x0000000080800000| Untracked 
|   9|0x0000000080900000, 0x0000000080a00000, 0x0000000080a00000|100%| O|  |TAMS 0x0000000080a00000, 0x0000000080900000| Untracked 
|  10|0x0000000080a00000, 0x0000000080b00000, 0x0000000080b00000|100%| O|  |TAMS 0x0000000080b00000, 0x0000000080a00000| Untracked 
|  11|0x0000000080b00000, 0x0000000080c00000, 0x0000000080c00000|100%| O|  |TAMS 0x0000000080baf200, 0x0000000080b00000| Untracked 
|  12|0x0000000080c00000, 0x0000000080d00000, 0x0000000080d00000|100%| O|  |TAMS 0x0000000080c00000, 0x0000000080c00000| Untracked 
|  13|0x0000000080d00000, 0x0000000080e00000, 0x0000000080e00000|100%| O|  |TAMS 0x0000000080d00000, 0x0000000080d00000| Untracked 
|  14|0x0000000080e00000, 0x0000000080f00000, 0x0000000080f00000|100%| O|  |TAMS 0x0000000080e00000, 0x0000000080e00000| Untracked 
|  15|0x0000000080f00000, 0x0000000080fb6c00, 0x0000000081000000| 71%| O|  |TAMS 0x0000000080f00000, 0x0000000080f00000| Untracked 
|  16|0x0000000081000000, 0x0000000081100000, 0x0000000081100000|100%|HS|  |TAMS 0x0000000081000000, 0x0000000081000000| Complete 
|  17|0x0000000081100000, 0x0000000081200000, 0x0000000081200000|100%|HC|  |TAMS 0x0000000081100000, 0x0000000081100000| Complete 
|  18|0x0000000081200000, 0x0000000081300000, 0x0000000081300000|100%|HS|  |TAMS 0x0000000081200000, 0x0000000081200000| Complete 
|  19|0x0000000081300000, 0x0000000081400000, 0x0000000081400000|100%|HC|  |TAMS 0x0000000081300000, 0x0000000081300000| Complete 
|  20|0x0000000081400000, 0x0000000081500000, 0x0000000081500000|100%|HC|  |TAMS 0x0000000081400000, 0x0000000081400000| Complete 
|  21|0x0000000081500000, 0x0000000081600000, 0x0000000081600000|100%|HS|  |TAMS 0x0000000081500000, 0x0000000081500000| Complete 
|  22|0x0000000081600000, 0x0000000081700000, 0x0000000081700000|100%|HS|  |TAMS 0x0000000081600000, 0x0000000081600000| Complete 
|  23|0x0000000081700000, 0x0000000081800000, 0x0000000081800000|100%|HC|  |TAMS 0x0000000081700000, 0x0000000081700000| Complete 
|  24|0x0000000081800000, 0x0000000081900000, 0x0000000081900000|100%|HC|  |TAMS 0x0000000081800000, 0x0000000081800000| Complete 
|  25|0x0000000081900000, 0x0000000081a00000, 0x0000000081a00000|100%|HC|  |TAMS 0x0000000081900000, 0x0000000081900000| Complete 
|  26|0x0000000081a00000, 0x0000000081a00000, 0x0000000081b00000|  0%| F|  |TAMS 0x0000000081a00000, 0x0000000081a00000| Untracked 
|  27|0x0000000081b00000, 0x0000000081b00000, 0x0000000081c00000|  0%| F|  |TAMS 0x0000000081b00000, 0x0000000081b00000| Untracked 
|  28|0x0000000081c00000, 0x0000000081c00000, 0x0000000081d00000|  0%| F|  |TAMS 0x0000000081c00000, 0x0000000081c00000| Untracked 
|  29|0x0000000081d00000, 0x0000000081d00000, 0x0000000081e00000|  0%| F|  |TAMS 0x0000000081d00000, 0x0000000081d00000| Untracked 
|  30|0x0000000081e00000, 0x0000000081e00000, 0x0000000081f00000|  0%| F|  |TAMS 0x0000000081e00000, 0x0000000081e00000| Untracked 
|  31|0x0000000081f00000, 0x0000000081f00000, 0x0000000082000000|  0%| F|  |TAMS 0x0000000081f00000, 0x0000000081f00000| Untracked 
|  32|0x0000000082000000, 0x0000000082000000, 0x0000000082100000|  0%| F|  |TAMS 0x0000000082000000, 0x0000000082000000| Untracked 
|  33|0x0000000082100000, 0x0000000082100000, 0x0000000082200000|  0%| F|  |TAMS 0x0000000082100000, 0x0000000082100000| Untracked 
|  34|0x0000000082200000, 0x0000000082200000, 0x0000000082300000|  0%| F|  |TAMS 0x0000000082200000, 0x0000000082200000| Untracked 
|  35|0x0000000082300000, 0x0000000082300000, 0x0000000082400000|  0%| F|  |TAMS 0x0000000082300000, 0x0000000082300000| Untracked 
|  36|0x0000000082400000, 0x0000000082400000, 0x0000000082500000|  0%| F|  |TAMS 0x0000000082400000, 0x0000000082400000| Untracked 
|  37|0x0000000082500000, 0x0000000082500000, 0x0000000082600000|  0%| F|  |TAMS 0x0000000082500000, 0x0000000082500000| Untracked 
|  38|0x0000000082600000, 0x0000000082600000, 0x0000000082700000|  0%| F|  |TAMS 0x0000000082600000, 0x0000000082600000| Untracked 
|  39|0x0000000082700000, 0x0000000082700000, 0x0000000082800000|  0%| F|  |TAMS 0x0000000082700000, 0x0000000082700000| Untracked 
|  40|0x0000000082800000, 0x0000000082800000, 0x0000000082900000|  0%| F|  |TAMS 0x0000000082800000, 0x0000000082800000| Untracked 
|  41|0x0000000082900000, 0x0000000082900000, 0x0000000082a00000|  0%| F|  |TAMS 0x0000000082900000, 0x0000000082900000| Untracked 
|  42|0x0000000082a00000, 0x0000000082a00000, 0x0000000082b00000|  0%| F|  |TAMS 0x0000000082a00000, 0x0000000082a00000| Untracked 
|  43|0x0000000082b00000, 0x0000000082b00000, 0x0000000082c00000|  0%| F|  |TAMS 0x0000000082b00000, 0x0000000082b00000| Untracked 
|  44|0x0000000082c00000, 0x0000000082c00000, 0x0000000082d00000|  0%| F|  |TAMS 0x0000000082c00000, 0x0000000082c00000| Untracked 
|  45|0x0000000082d00000, 0x0000000082d00000, 0x0000000082e00000|  0%| F|  |TAMS 0x0000000082d00000, 0x0000000082d00000| Untracked 
|  46|0x0000000082e00000, 0x0000000082e00000, 0x0000000082f00000|  0%| F|  |TAMS 0x0000000082e00000, 0x0000000082e00000| Untracked 
|  47|0x0000000082f00000, 0x0000000082f00000, 0x0000000083000000|  0%| F|  |TAMS 0x0000000082f00000, 0x0000000082f00000| Untracked 
|  48|0x0000000083000000, 0x0000000083000000, 0x0000000083100000|  0%| F|  |TAMS 0x0000000083000000, 0x0000000083000000| Untracked 
|  49|0x0000000083100000, 0x0000000083100000, 0x0000000083200000|  0%| F|  |TAMS 0x0000000083100000, 0x0000000083100000| Untracked 
|  50|0x0000000083200000, 0x0000000083200000, 0x0000000083300000|  0%| F|  |TAMS 0x0000000083200000, 0x0000000083200000| Untracked 
|  51|0x0000000083300000, 0x0000000083300000, 0x0000000083400000|  0%| F|  |TAMS 0x0000000083300000, 0x0000000083300000| Untracked 
|  52|0x0000000083400000, 0x0000000083400000, 0x0000000083500000|  0%| F|  |TAMS 0x0000000083400000, 0x0000000083400000| Untracked 
|  53|0x0000000083500000, 0x0000000083500000, 0x0000000083600000|  0%| F|  |TAMS 0x0000000083500000, 0x0000000083500000| Untracked 
|  54|0x0000000083600000, 0x0000000083600000, 0x0000000083700000|  0%| F|  |TAMS 0x0000000083600000, 0x0000000083600000| Untracked 
|  55|0x0000000083700000, 0x0000000083700000, 0x0000000083800000|  0%| F|  |TAMS 0x0000000083700000, 0x0000000083700000| Untracked 
|  56|0x0000000083800000, 0x0000000083800000, 0x0000000083900000|  0%| F|  |TAMS 0x0000000083800000, 0x0000000083800000| Untracked 
|  57|0x0000000083900000, 0x0000000083900000, 0x0000000083a00000|  0%| F|  |TAMS 0x0000000083900000, 0x0000000083900000| Untracked 
|  58|0x0000000083a00000, 0x0000000083a00000, 0x0000000083b00000|  0%| F|  |TAMS 0x0000000083a00000, 0x0000000083a00000| Untracked 
|  59|0x0000000083b00000, 0x0000000083b00000, 0x0000000083c00000|  0%| F|  |TAMS 0x0000000083b00000, 0x0000000083b00000| Untracked 
|  60|0x0000000083c00000, 0x0000000083c00000, 0x0000000083d00000|  0%| F|  |TAMS 0x0000000083c00000, 0x0000000083c00000| Untracked 
|  61|0x0000000083d00000, 0x0000000083d00000, 0x0000000083e00000|  0%| F|  |TAMS 0x0000000083d00000, 0x0000000083d00000| Untracked 
|  62|0x0000000083e00000, 0x0000000083e00000, 0x0000000083f00000|  0%| F|  |TAMS 0x0000000083e00000, 0x0000000083e00000| Untracked 
|  63|0x0000000083f00000, 0x0000000083f00000, 0x0000000084000000|  0%| F|  |TAMS 0x0000000083f00000, 0x0000000083f00000| Untracked 
|  64|0x0000000084000000, 0x0000000084000000, 0x0000000084100000|  0%| F|  |TAMS 0x0000000084000000, 0x0000000084000000| Untracked 
|  65|0x0000000084100000, 0x0000000084100000, 0x0000000084200000|  0%| F|  |TAMS 0x0000000084100000, 0x0000000084100000| Untracked 
|  66|0x0000000084200000, 0x0000000084200000, 0x0000000084300000|  0%| F|  |TAMS 0x0000000084200000, 0x0000000084200000| Untracked 
|  67|0x0000000084300000, 0x00000000843e89c0, 0x0000000084400000| 90%| S|CS|TAMS 0x0000000084300000, 0x0000000084300000| Complete 
|  68|0x0000000084400000, 0x0000000084500000, 0x0000000084500000|100%| S|CS|TAMS 0x0000000084400000, 0x0000000084400000| Complete 
|  69|0x0000000084500000, 0x0000000084600000, 0x0000000084600000|100%| S|CS|TAMS 0x0000000084500000, 0x0000000084500000| Complete 
|  70|0x0000000084600000, 0x0000000084600000, 0x0000000084700000|  0%| F|  |TAMS 0x0000000084600000, 0x0000000084600000| Untracked 
|  71|0x0000000084700000, 0x00000000847855c8, 0x0000000084800000| 52%| E|  |TAMS 0x0000000084700000, 0x0000000084700000| Complete 
|  72|0x0000000084800000, 0x0000000084900000, 0x0000000084900000|100%| E|CS|TAMS 0x0000000084800000, 0x0000000084800000| Complete 
|  73|0x0000000084900000, 0x0000000084a00000, 0x0000000084a00000|100%| E|CS|TAMS 0x0000000084900000, 0x0000000084900000| Complete 
|  74|0x0000000084a00000, 0x0000000084b00000, 0x0000000084b00000|100%| E|CS|TAMS 0x0000000084a00000, 0x0000000084a00000| Complete 
|  75|0x0000000084b00000, 0x0000000084c00000, 0x0000000084c00000|100%| E|CS|TAMS 0x0000000084b00000, 0x0000000084b00000| Complete 
|  76|0x0000000084c00000, 0x0000000084d00000, 0x0000000084d00000|100%| E|CS|TAMS 0x0000000084c00000, 0x0000000084c00000| Complete 
|  77|0x0000000084d00000, 0x0000000084e00000, 0x0000000084e00000|100%| E|CS|TAMS 0x0000000084d00000, 0x0000000084d00000| Complete 
|  78|0x0000000084e00000, 0x0000000084f00000, 0x0000000084f00000|100%| E|CS|TAMS 0x0000000084e00000, 0x0000000084e00000| Complete 
|  79|0x0000000084f00000, 0x0000000085000000, 0x0000000085000000|100%| E|CS|TAMS 0x0000000084f00000, 0x0000000084f00000| Complete 
|  80|0x0000000085000000, 0x0000000085100000, 0x0000000085100000|100%| E|CS|TAMS 0x0000000085000000, 0x0000000085000000| Complete 
|  81|0x0000000085100000, 0x0000000085200000, 0x0000000085200000|100%| E|CS|TAMS 0x0000000085100000, 0x0000000085100000| Complete 
|  82|0x0000000085200000, 0x0000000085300000, 0x0000000085300000|100%| E|CS|TAMS 0x0000000085200000, 0x0000000085200000| Complete 
|  83|0x0000000085300000, 0x0000000085400000, 0x0000000085400000|100%| E|CS|TAMS 0x0000000085300000, 0x0000000085300000| Complete 
|  84|0x0000000085400000, 0x0000000085500000, 0x0000000085500000|100%| E|CS|TAMS 0x0000000085400000, 0x0000000085400000| Complete 
|  85|0x0000000085500000, 0x0000000085600000, 0x0000000085600000|100%| E|CS|TAMS 0x0000000085500000, 0x0000000085500000| Complete 
|  86|0x0000000085600000, 0x0000000085700000, 0x0000000085700000|100%| E|CS|TAMS 0x0000000085600000, 0x0000000085600000| Complete 
|  87|0x0000000085700000, 0x0000000085800000, 0x0000000085800000|100%| E|CS|TAMS 0x0000000085700000, 0x0000000085700000| Complete 
|  88|0x0000000085800000, 0x0000000085900000, 0x0000000085900000|100%| E|CS|TAMS 0x0000000085800000, 0x0000000085800000| Complete 
|  89|0x0000000085900000, 0x0000000085a00000, 0x0000000085a00000|100%| E|CS|TAMS 0x0000000085900000, 0x0000000085900000| Complete 
|  90|0x0000000085a00000, 0x0000000085b00000, 0x0000000085b00000|100%| E|CS|TAMS 0x0000000085a00000, 0x0000000085a00000| Complete 
|  91|0x0000000085b00000, 0x0000000085c00000, 0x0000000085c00000|100%| E|CS|TAMS 0x0000000085b00000, 0x0000000085b00000| Complete 
|  92|0x0000000085c00000, 0x0000000085d00000, 0x0000000085d00000|100%| E|CS|TAMS 0x0000000085c00000, 0x0000000085c00000| Complete 
|  93|0x0000000085d00000, 0x0000000085e00000, 0x0000000085e00000|100%| E|CS|TAMS 0x0000000085d00000, 0x0000000085d00000| Complete 
|  94|0x0000000085e00000, 0x0000000085f00000, 0x0000000085f00000|100%| E|CS|TAMS 0x0000000085e00000, 0x0000000085e00000| Complete 
|  95|0x0000000085f00000, 0x0000000086000000, 0x0000000086000000|100%| E|CS|TAMS 0x0000000085f00000, 0x0000000085f00000| Complete 
|  96|0x0000000086000000, 0x0000000086100000, 0x0000000086100000|100%| E|CS|TAMS 0x0000000086000000, 0x0000000086000000| Complete 
|  97|0x0000000086100000, 0x0000000086200000, 0x0000000086200000|100%| E|CS|TAMS 0x0000000086100000, 0x0000000086100000| Complete 
|  98|0x0000000086200000, 0x0000000086300000, 0x0000000086300000|100%| E|CS|TAMS 0x0000000086200000, 0x0000000086200000| Complete 
|  99|0x0000000086300000, 0x0000000086400000, 0x0000000086400000|100%| E|CS|TAMS 0x0000000086300000, 0x0000000086300000| Complete 
| 100|0x0000000086400000, 0x0000000086500000, 0x0000000086500000|100%| E|CS|TAMS 0x0000000086400000, 0x0000000086400000| Complete 
| 101|0x0000000086500000, 0x0000000086600000, 0x0000000086600000|100%| E|CS|TAMS 0x0000000086500000, 0x0000000086500000| Complete 
| 102|0x0000000086600000, 0x0000000086700000, 0x0000000086700000|100%| E|CS|TAMS 0x0000000086600000, 0x0000000086600000| Complete 
| 103|0x0000000086700000, 0x0000000086800000, 0x0000000086800000|100%| E|CS|TAMS 0x0000000086700000, 0x0000000086700000| Complete 
| 104|0x0000000086800000, 0x0000000086900000, 0x0000000086900000|100%| E|CS|TAMS 0x0000000086800000, 0x0000000086800000| Complete 
| 105|0x0000000086900000, 0x0000000086a00000, 0x0000000086a00000|100%| E|CS|TAMS 0x0000000086900000, 0x0000000086900000| Complete 
| 106|0x0000000086a00000, 0x0000000086b00000, 0x0000000086b00000|100%| E|CS|TAMS 0x0000000086a00000, 0x0000000086a00000| Complete 
| 107|0x0000000086b00000, 0x0000000086c00000, 0x0000000086c00000|100%| E|CS|TAMS 0x0000000086b00000, 0x0000000086b00000| Complete 
| 108|0x0000000086c00000, 0x0000000086d00000, 0x0000000086d00000|100%| E|CS|TAMS 0x0000000086c00000, 0x0000000086c00000| Complete 
| 109|0x0000000086d00000, 0x0000000086e00000, 0x0000000086e00000|100%| E|CS|TAMS 0x0000000086d00000, 0x0000000086d00000| Complete 
| 110|0x0000000086e00000, 0x0000000086f00000, 0x0000000086f00000|100%| E|CS|TAMS 0x0000000086e00000, 0x0000000086e00000| Complete 
| 111|0x0000000086f00000, 0x0000000087000000, 0x0000000087000000|100%| E|CS|TAMS 0x0000000086f00000, 0x0000000086f00000| Complete 
| 112|0x0000000087000000, 0x0000000087100000, 0x0000000087100000|100%| E|CS|TAMS 0x0000000087000000, 0x0000000087000000| Complete 
| 113|0x0000000087100000, 0x0000000087200000, 0x0000000087200000|100%| E|CS|TAMS 0x0000000087100000, 0x0000000087100000| Complete 
| 114|0x0000000087200000, 0x0000000087300000, 0x0000000087300000|100%| E|CS|TAMS 0x0000000087200000, 0x0000000087200000| Complete 
| 115|0x0000000087300000, 0x0000000087400000, 0x0000000087400000|100%| E|CS|TAMS 0x0000000087300000, 0x0000000087300000| Complete 
| 116|0x0000000087400000, 0x0000000087500000, 0x0000000087500000|100%| E|CS|TAMS 0x0000000087400000, 0x0000000087400000| Complete 
| 117|0x0000000087500000, 0x0000000087600000, 0x0000000087600000|100%| E|CS|TAMS 0x0000000087500000, 0x0000000087500000| Complete 
| 118|0x0000000087600000, 0x0000000087700000, 0x0000000087700000|100%| E|CS|TAMS 0x0000000087600000, 0x0000000087600000| Complete 
| 119|0x0000000087700000, 0x0000000087800000, 0x0000000087800000|100%| E|CS|TAMS 0x0000000087700000, 0x0000000087700000| Complete 
| 120|0x0000000087800000, 0x0000000087900000, 0x0000000087900000|100%| E|CS|TAMS 0x0000000087800000, 0x0000000087800000| Complete 
| 121|0x0000000087900000, 0x0000000087a00000, 0x0000000087a00000|100%| E|CS|TAMS 0x0000000087900000, 0x0000000087900000| Complete 
| 122|0x0000000087a00000, 0x0000000087b00000, 0x0000000087b00000|100%| E|CS|TAMS 0x0000000087a00000, 0x0000000087a00000| Complete 
| 123|0x0000000087b00000, 0x0000000087c00000, 0x0000000087c00000|100%| E|CS|TAMS 0x0000000087b00000, 0x0000000087b00000| Complete 

Card table byte_map: [0x000002767c850000,0x000002767cc50000] _byte_map_base: 0x000002767c450000

Marking Bits (Prev, Next): (CMBitMap*) 0x000002767897ffe0, (CMBitMap*) 0x000002767897ffa8
 Prev Bits: [0x000002760f000000, 0x0000027611000000)
 Next Bits: [0x000002767d050000, 0x000002767f050000)

Polling page: 0x0000027676950000

Metaspace:

Usage:
  Non-class:     26.39 MB capacity,    25.91 MB ( 98%) used,   424.12 KB (  2%) free+waste,    70.38 KB ( <1%) overhead. 
      Class:      4.29 MB capacity,     3.98 MB ( 93%) used,   282.44 KB (  6%) free+waste,    35.63 KB ( <1%) overhead. 
       Both:     30.68 MB capacity,    29.88 MB ( 97%) used,   706.55 KB (  2%) free+waste,   106.00 KB ( <1%) overhead. 

Virtual space:
  Non-class space:       32.00 MB reserved,      26.50 MB ( 83%) committed 
      Class space:        1.00 GB reserved,       4.38 MB ( <1%) committed 
             Both:        1.03 GB reserved,      30.88 MB (  3%) committed 

Chunk freelists:
   Non-Class:  50.00 KB
       Class:  26.00 KB
        Both:  76.00 KB

MaxMetaspaceSize: 17179869184.00 GB
CompressedClassSpaceSize: 1.00 GB
Initial GC threshold: 20.80 MB
Current GC threshold: 35.00 MB
CDS: off

CodeHeap 'non-profiled nmethods': size=120064Kb used=1471Kb max_used=1471Kb free=118592Kb
 bounds [0x0000027607ac0000, 0x0000027607d30000, 0x000002760f000000]
CodeHeap 'profiled nmethods': size=120000Kb used=5858Kb max_used=5858Kb free=114141Kb
 bounds [0x0000027600590000, 0x0000027600b50000, 0x0000027607ac0000]
CodeHeap 'non-nmethods': size=5696Kb used=1246Kb max_used=1294Kb free=4450Kb
 bounds [0x0000027600000000, 0x0000027600270000, 0x0000027600590000]
 total_blobs=3250 nmethods=2742 adapters=420
 compilation: enabled
              stopped_count=0, restarted_count=0
 full_count=0

Compilation events (20 events):
Event: 12.578 Thread 0x000002767f560000 2704       3       org.objectweb.asm.Type::getType (122 bytes)
Event: 12.579 Thread 0x000002767f560000 nmethod 2704 0x0000027600b33d90 code [0x0000027600b34000, 0x0000027600b348e8]
Event: 12.579 Thread 0x000002767f560000 2705       3       org.objectweb.asm.Frame::accept (264 bytes)
Event: 12.580 Thread 0x000002767f560000 nmethod 2705 0x0000027600b34b90 code [0x0000027600b34dc0, 0x0000027600b356d8]
Event: 12.580 Thread 0x000002767f560000 2706       3       org.objectweb.asm.ByteVector::put11 (52 bytes)
Event: 12.581 Thread 0x000002767f560000 nmethod 2706 0x0000027600b35a90 code [0x0000027600b35c60, 0x0000027600b35e68]
Event: 12.581 Thread 0x000002767f560000 2707       3       org.objectweb.asm.MethodWriter::addSuccessorToCurrentBasicBlock (24 bytes)
Event: 12.581 Thread 0x000002767f560000 nmethod 2707 0x0000027600b35f90 code [0x0000027600b36160, 0x0000027600b36498]
Event: 12.581 Thread 0x000002767f560000 2708       3       org.objectweb.asm.Edge::<init> (20 bytes)
Event: 12.581 Thread 0x000002767f560000 nmethod 2708 0x0000027600b36610 code [0x0000027600b367c0, 0x0000027600b369d8]
Event: 12.581 Thread 0x000002767f560000 2709       3       org.objectweb.asm.Frame::pop (53 bytes)
Event: 12.582 Thread 0x000002767f560000 nmethod 2709 0x0000027600b36a90 code [0x0000027600b36ce0, 0x0000027600b37418]
Event: 12.584 Thread 0x000002767f560000 2710       3       org.objectweb.asm.ClassWriter::visitMethod (57 bytes)
Event: 12.584 Thread 0x000002767f560000 nmethod 2710 0x0000027600b37710 code [0x0000027600b378e0, 0x0000027600b37c48]
Event: 12.584 Thread 0x000002767f560000 2713       3       org.objectweb.asm.Type::getReturnTypeOffset (64 bytes)
Event: 12.588 Thread 0x000002767f560000 nmethod 2713 0x0000027600b37d90 code [0x0000027600b380c0, 0x0000027600b39498]
Event: 12.588 Thread 0x000002767f560000 2711       3       org.objectweb.asm.MethodWriter::<init> (232 bytes)
Event: 12.589 Thread 0x000002767f560000 nmethod 2711 0x0000027600b39c10 code [0x0000027600b39ec0, 0x0000027600b3ac18]
Event: 12.589 Thread 0x000002767f560000 2712       3       org.objectweb.asm.MethodWriter::visitEnd (1 bytes)
Event: 12.589 Thread 0x000002767f560000 nmethod 2712 0x0000027600b3b110 code [0x0000027600b3b2c0, 0x0000027600b3b3b8]

GC Heap History (12 events):
Event: 0.830 GC heap before
{Heap before GC invocations=0 (full 0):
 garbage-first heap   total 126976K, used 20480K [0x0000000080000000, 0x0000000100000000)
  region size 1024K, 14 young (14336K), 0 survivors (0K)
 Metaspace       used 6739K, capacity 6925K, committed 7168K, reserved 1056768K
  class space    used 582K, capacity 650K, committed 768K, reserved 1048576K
}
Event: 0.835 GC heap after
{Heap after GC invocations=1 (full 0):
 garbage-first heap   total 126976K, used 7558K [0x0000000080000000, 0x0000000100000000)
  region size 1024K, 2 young (2048K), 2 survivors (2048K)
 Metaspace       used 6739K, capacity 6925K, committed 7168K, reserved 1056768K
  class space    used 582K, capacity 650K, committed 768K, reserved 1048576K
}
Event: 1.276 GC heap before
{Heap before GC invocations=1 (full 0):
 garbage-first heap   total 126976K, used 18822K [0x0000000080000000, 0x0000000100000000)
  region size 1024K, 13 young (13312K), 2 survivors (2048K)
 Metaspace       used 10270K, capacity 10495K, committed 10624K, reserved 1058816K
  class space    used 1072K, capacity 1141K, committed 1152K, reserved 1048576K
}
Event: 1.281 GC heap after
{Heap after GC invocations=2 (full 0):
 garbage-first heap   total 126976K, used 9733K [0x0000000080000000, 0x0000000100000000)
  region size 1024K, 2 young (2048K), 2 survivors (2048K)
 Metaspace       used 10270K, capacity 10495K, committed 10624K, reserved 1058816K
  class space    used 1072K, capacity 1141K, committed 1152K, reserved 1048576K
}
Event: 1.984 GC heap before
{Heap before GC invocations=2 (full 0):
 garbage-first heap   total 126976K, used 36357K [0x0000000080000000, 0x0000000100000000)
  region size 1024K, 29 young (29696K), 2 survivors (2048K)
 Metaspace       used 11225K, capacity 11450K, committed 11520K, reserved 1058816K
  class space    used 1175K, capacity 1246K, committed 1280K, reserved 1048576K
}
Event: 1.989 GC heap after
{Heap after GC invocations=3 (full 0):
 garbage-first heap   total 126976K, used 11374K [0x0000000080000000, 0x0000000100000000)
  region size 1024K, 4 young (4096K), 4 survivors (4096K)
 Metaspace       used 11225K, capacity 11450K, committed 11520K, reserved 1058816K
  class space    used 1175K, capacity 1246K, committed 1280K, reserved 1048576K
}
Event: 8.436 GC heap before
{Heap before GC invocations=3 (full 0):
 garbage-first heap   total 126976K, used 53358K [0x0000000080000000, 0x0000000100000000)
  region size 1024K, 44 young (45056K), 4 survivors (4096K)
 Metaspace       used 17635K, capacity 18059K, committed 18432K, reserved 1064960K
  class space    used 2047K, capacity 2184K, committed 2304K, reserved 1048576K
}
Event: 8.469 GC heap after
{Heap after GC invocations=4 (full 0):
 garbage-first heap   total 126976K, used 15967K [0x0000000080000000, 0x0000000100000000)
  region size 1024K, 6 young (6144K), 6 survivors (6144K)
 Metaspace       used 17635K, capacity 18059K, committed 18432K, reserved 1064960K
  class space    used 2047K, capacity 2184K, committed 2304K, reserved 1048576K
}
Event: 9.409 GC heap before
{Heap before GC invocations=4 (full 0):
 garbage-first heap   total 126976K, used 46687K [0x0000000080000000, 0x0000000100000000)
  region size 1024K, 37 young (37888K), 6 survivors (6144K)
 Metaspace       used 20688K, capacity 21155K, committed 21248K, reserved 1067008K
  class space    used 2536K, capacity 2728K, committed 2816K, reserved 1048576K
}
Event: 9.420 GC heap after
{Heap after GC invocations=5 (full 0):
 garbage-first heap   total 126976K, used 17358K [0x0000000080000000, 0x0000000100000000)
  region size 1024K, 6 young (6144K), 6 survivors (6144K)
 Metaspace       used 20688K, capacity 21155K, committed 21248K, reserved 1067008K
  class space    used 2536K, capacity 2728K, committed 2816K, reserved 1048576K
}
Event: 11.131 GC heap before
{Heap before GC invocations=6 (full 0):
 garbage-first heap   total 126976K, used 65486K [0x0000000080000000, 0x0000000100000000)
  region size 1024K, 54 young (55296K), 6 survivors (6144K)
 Metaspace       used 25834K, capacity 26442K, committed 26624K, reserved 1073152K
  class space    used 3321K, capacity 3538K, committed 3584K, reserved 1048576K
}
Event: 11.145 GC heap after
{Heap after GC invocations=7 (full 0):
 garbage-first heap   total 126976K, used 19069K [0x0000000080000000, 0x0000000100000000)
  region size 1024K, 3 young (3072K), 3 survivors (3072K)
 Metaspace       used 25834K, capacity 26442K, committed 26624K, reserved 1073152K
  class space    used 3321K, capacity 3538K, committed 3584K, reserved 1048576K
}

Deoptimization events (20 events):
Event: 11.606 Thread 0x0000027614a78800 Uncommon trap: trap_request=0xffffff4d fr.pc=0x0000027607b4a17c relative=0x0000000000001c9c
Event: 11.606 Thread 0x0000027614a78800 Uncommon trap: reason=unstable_if action=reinterpret pc=0x0000027607b4a17c method=java.util.zip.ZipFile$Source.initCEN(ILjava/util/zip/ZipCoder;)V @ 621 c2
Event: 11.606 Thread 0x0000027614a78800 DEOPT PACKING pc=0x0000027607b4a17c sp=0x00000092ebcf6240
Event: 11.606 Thread 0x0000027614a78800 DEOPT UNPACKING pc=0x00000276000085af sp=0x00000092ebcf6228 mode 2
Event: 11.642 Thread 0x0000027614a78800 DEOPT PACKING pc=0x00000276008cb349 sp=0x00000092ebcfa6d0
Event: 11.643 Thread 0x0000027614a78800 DEOPT UNPACKING pc=0x0000027600049d0e sp=0x00000092ebcf9b48 mode 0
Event: 11.666 Thread 0x0000027614a78800 DEOPT PACKING pc=0x0000027600ab1c84 sp=0x00000092ebcf5180
Event: 11.666 Thread 0x0000027614a78800 DEOPT UNPACKING pc=0x0000027600049d0e sp=0x00000092ebcf4770 mode 0
Event: 11.721 Thread 0x0000027614a78800 DEOPT PACKING pc=0x0000027600ab1c84 sp=0x00000092ebcf51a0
Event: 11.721 Thread 0x0000027614a78800 DEOPT UNPACKING pc=0x0000027600049d0e sp=0x00000092ebcf4790 mode 0
Event: 11.796 Thread 0x0000027614a78800 DEOPT PACKING pc=0x0000027600650e9b sp=0x00000092ebcf4660
Event: 11.796 Thread 0x0000027614a78800 DEOPT UNPACKING pc=0x0000027600049d0e sp=0x00000092ebcf3ba0 mode 0
Event: 12.071 Thread 0x0000027614a78800 Uncommon trap: trap_request=0xffffff4d fr.pc=0x0000027607ae7da8 relative=0x0000000000000468
Event: 12.071 Thread 0x0000027614a78800 Uncommon trap: reason=unstable_if action=reinterpret pc=0x0000027607ae7da8 method=java.util.Properties$LineReader.readLine()I @ 249 c2
Event: 12.071 Thread 0x0000027614a78800 DEOPT PACKING pc=0x0000027607ae7da8 sp=0x00000092ebcfaa80
Event: 12.071 Thread 0x0000027614a78800 DEOPT UNPACKING pc=0x00000276000085af sp=0x00000092ebcfaa10 mode 2
Event: 12.507 Thread 0x0000027614a78800 Uncommon trap: trap_request=0xffffff4d fr.pc=0x0000027607bb564c relative=0x000000000000020c
Event: 12.507 Thread 0x0000027614a78800 Uncommon trap: reason=unstable_if action=reinterpret pc=0x0000027607bb564c method=java.util.HashMap.hash(Ljava/lang/Object;)I @ 1 c2
Event: 12.507 Thread 0x0000027614a78800 DEOPT PACKING pc=0x0000027607bb564c sp=0x00000092ebcf85a0
Event: 12.507 Thread 0x0000027614a78800 DEOPT UNPACKING pc=0x00000276000085af sp=0x00000092ebcf84d8 mode 2

Classes redefined (0 events):
No events

Internal exceptions (20 events):
Event: 11.826 Thread 0x0000027614a78800 Exception <a 'java/lang/NoSuchMethodError'{0x00000000869e0818}: <clinit>> (0x00000000869e0818) thrown at [./src/hotspot/share/prims/jni.cpp, line 1365]
Event: 11.833 Thread 0x0000027614a78800 Exception <a 'java/lang/NoSuchMethodError'{0x00000000869fe4c0}: <clinit>> (0x00000000869fe4c0) thrown at [./src/hotspot/share/prims/jni.cpp, line 1365]
Event: 11.842 Thread 0x0000027614a78800 Exception <a 'java/lang/NoSuchMethodError'{0x0000000086808be8}: <clinit>> (0x0000000086808be8) thrown at [./src/hotspot/share/prims/jni.cpp, line 1365]
Event: 11.844 Thread 0x0000027614a78800 Exception <a 'java/lang/NoSuchMethodError'{0x0000000086813058}: <clinit>> (0x0000000086813058) thrown at [./src/hotspot/share/prims/jni.cpp, line 1365]
Event: 11.845 Thread 0x0000027614a78800 Exception <a 'java/lang/NoSuchMethodError'{0x000000008681cfc8}: <clinit>> (0x000000008681cfc8) thrown at [./src/hotspot/share/prims/jni.cpp, line 1365]
Event: 11.864 Thread 0x0000027614a78800 Exception <a 'java/lang/NoSuchMethodError'{0x00000000868d2a78}: <clinit>> (0x00000000868d2a78) thrown at [./src/hotspot/share/prims/jni.cpp, line 1365]
Event: 11.864 Thread 0x0000027614a78800 Exception <a 'java/lang/NoSuchMethodError'{0x00000000868d54b0}: <clinit>> (0x00000000868d54b0) thrown at [./src/hotspot/share/prims/jni.cpp, line 1365]
Event: 11.865 Thread 0x0000027614a78800 Exception <a 'java/lang/NoSuchMethodError'{0x00000000868d6ab8}: <clinit>> (0x00000000868d6ab8) thrown at [./src/hotspot/share/prims/jni.cpp, line 1365]
Event: 11.865 Thread 0x0000027614a78800 Exception <a 'java/lang/NoSuchMethodError'{0x00000000868d8050}: <clinit>> (0x00000000868d8050) thrown at [./src/hotspot/share/prims/jni.cpp, line 1365]
Event: 11.865 Thread 0x0000027614a78800 Exception <a 'java/lang/NoSuchMethodError'{0x00000000868d97b0}: <clinit>> (0x00000000868d97b0) thrown at [./src/hotspot/share/prims/jni.cpp, line 1365]
Event: 11.865 Thread 0x0000027614a78800 Exception <a 'java/lang/NoSuchMethodError'{0x00000000868dae48}: <clinit>> (0x00000000868dae48) thrown at [./src/hotspot/share/prims/jni.cpp, line 1365]
Event: 11.865 Thread 0x0000027614a78800 Exception <a 'java/lang/NoSuchMethodError'{0x00000000868dc380}: <clinit>> (0x00000000868dc380) thrown at [./src/hotspot/share/prims/jni.cpp, line 1365]
Event: 12.289 Thread 0x0000027614a78800 Exception <a 'java/lang/NoSuchMethodError'{0x00000000857e9c98}: 'java.lang.Object java.lang.invoke.DirectMethodHandle$Holder.invokeSpecialIFC(java.lang.Object, java.lang.Object, java.lang.Object, java.lang.Object)'> (0x00000000857e9c98) thrown at [./src/hotspot/share/interpreter/linkResolver.cpp, line 773]
Event: 12.309 Thread 0x0000027614a78800 Exception <a 'java/lang/NoSuchMethodError'{0x00000000856d0378}: 'java.lang.Object java.lang.invoke.DirectMethodHandle$Holder.invokeSpecial(java.lang.Object, java.lang.Object, java.lang.Object, java.lang.Object, java.lang.Object, java.lang.Object, java.lang.Object, java.lang.Object, java.lang.Object, java.lang.Object, java.lang.Object, java.lang.Object, java.lang.Object)'> (0x00000000856d0378) thrown at [./src/hotspot/share/interpreter/linkResolver.cpp, line 773]
Event: 12.311 Thread 0x0000027614a78800 Exception <a 'java/lang/NoSuchMethodError'{0x00000000856e1480}: 'java.lang.Object java.lang.invoke.DirectMethodHandle$Holder.invokeSpecial(java.lang.Object, java.lang.Object, java.lang.Object, java.lang.Object, java.lang.Object, java.lang.Object, java.lang.Object, java.lang.Object, java.lang.Object, java.lang.Object, java.lang.Object, java.lang.Object)'> (0x00000000856e1480) thrown at [./src/hotspot/share/interpreter/linkResolver.cpp, line 773]
Event: 12.311 Thread 0x0000027614a78800 Exception <a 'java/lang/NoSuchMethodError'{0x00000000856e6850}: 'java.lang.Object java.lang.invoke.Invokers$Holder.linkToTargetMethod(java.lang.Object, java.lang.Object, java.lang.Object, java.lang.Object, java.lang.Object, java.lang.Object, java.lang.Object, java.lang.Object, java.lang.Object, java.lang.Object, java.lang.Object)'> (0x00000000856e6850) thrown at [./src/hotspot/share/interpreter/linkResolver.cpp, line 773]
Event: 12.336 Thread 0x0000027614a78800 Exception <a 'java/lang/NoSuchMethodError'{0x0000000085435f68}: 'java.lang.Object java.lang.invoke.DirectMethodHandle$Holder.invokeSpecial(java.lang.Object, java.lang.Object, java.lang.Object, java.lang.Object, java.lang.Object, java.lang.Object, java.lang.Object, java.lang.Object, java.lang.Object, java.lang.Object, java.lang.Object, java.lang.Object, java.lang.Object, java.lang.Object)'> (0x0000000085435f68) thrown at [./src/hotspot/share/interpreter/linkResolver.cpp, line 773]
Event: 12.337 Thread 0x0000027614a78800 Exception <a 'java/lang/NoSuchMethodError'{0x0000000085447888}: 'java.lang.Object java.lang.invoke.Invokers$Holder.linkToTargetMethod(java.lang.Object, java.lang.Object, java.lang.Object, java.lang.Object, java.lang.Object, java.lang.Object, java.lang.Object, java.lang.Object, java.lang.Object, java.lang.Object, java.lang.Object, java.lang.Object)'> (0x0000000085447888) thrown at [./src/hotspot/share/interpreter/linkResolver.cpp, line 773]
Event: 12.361 Thread 0x0000027614a78800 Exception <a 'java/lang/NoSuchMethodError'{0x0000000085337168}: 'java.lang.Object java.lang.invoke.DirectMethodHandle$Holder.invokeStaticInit(java.lang.Object, java.lang.Object, java.lang.Object, java.lang.Object)'> (0x0000000085337168) thrown at [./src/hotspot/share/interpreter/linkResolver.cpp, line 773]
Event: 12.507 Thread 0x0000027614a78800 Implicit null exception at 0x0000027607bb5475 to 0x0000027607bb563c

Events (20 events):
Event: 12.589 loading class org/gradle/api/internal/provider/AbstractProperty$NonFinalizedValue
Event: 12.589 loading class org/gradle/api/internal/provider/AbstractProperty$NonFinalizedValue done
Event: 12.590 loading class org/gradle/api/internal/provider/AbstractProperty$FinalizedValue
Event: 12.590 loading class org/gradle/api/internal/provider/AbstractProperty$FinalizedValue done
Event: 12.591 loading class org/gradle/api/internal/provider/ValueSanitizers
Event: 12.591 loading class org/gradle/api/internal/provider/ValueSanitizers done
Event: 12.592 Executing VM operation: CollectForMetadataAllocation
Event: 12.592 Executing VM operation: CollectForMetadataAllocation done
Event: 12.592 loading class org/gradle/api/internal/provider/ValueSanitizer
Event: 12.592 loading class org/gradle/api/internal/provider/ValueSanitizer done
Event: 12.592 loading class org/gradle/api/internal/provider/ValueCollector
Event: 12.592 loading class org/gradle/api/internal/provider/ValueCollector done
Event: 12.593 loading class org/gradle/api/internal/provider/ValueSanitizers$1
Event: 12.593 loading class org/gradle/api/internal/provider/ValueSanitizers$1 done
Event: 12.593 loading class org/gradle/api/internal/provider/ValueSanitizers$2
Event: 12.593 loading class org/gradle/api/internal/provider/ValueSanitizers$2 done
Event: 12.593 loading class org/gradle/api/internal/provider/ValueSanitizers$3
Event: 12.593 loading class org/gradle/api/internal/provider/ValueSanitizers$3 done
Event: 12.594 loading class org/gradle/api/internal/provider/ValueSanitizers$4
Event: 12.594 loading class org/gradle/api/internal/provider/ValueSanitizers$4 done


Dynamic libraries:
0x00007ff622310000 - 0x00007ff62231a000 	C:\Program Files\Android\Android Studio\jre\bin\java.exe
0x00007ff878ee0000 - 0x00007ff8790e9000 	C:\WINDOWS\SYSTEM32\ntdll.dll
0x00007ff877fa0000 - 0x00007ff87805d000 	C:\WINDOWS\System32\KERNEL32.DLL
0x00007ff8769f0000 - 0x00007ff876d69000 	C:\WINDOWS\System32\KERNELBASE.dll
0x00007ff876680000 - 0x00007ff876791000 	C:\WINDOWS\System32\ucrtbase.dll
0x00007ff8568c0000 - 0x00007ff8568d7000 	C:\Program Files\Android\Android Studio\jre\bin\VCRUNTIME140.dll
0x00007ff8568e0000 - 0x00007ff8568f9000 	C:\Program Files\Android\Android Studio\jre\bin\jli.dll
0x00007ff877d40000 - 0x00007ff877eec000 	C:\WINDOWS\System32\USER32.dll
0x00007ff85bce0000 - 0x00007ff85bf85000 	C:\WINDOWS\WinSxS\amd64_microsoft.windows.common-controls_6595b64144ccf1df_6.0.22000.120_none_9d947278b86cc467\COMCTL32.dll
0x00007ff876460000 - 0x00007ff876486000 	C:\WINDOWS\System32\win32u.dll
0x00007ff878c60000 - 0x00007ff878d03000 	C:\WINDOWS\System32\msvcrt.dll
0x00007ff878200000 - 0x00007ff878229000 	C:\WINDOWS\System32\GDI32.dll
0x00007ff8768d0000 - 0x00007ff8769e2000 	C:\WINDOWS\System32\gdi32full.dll
0x00007ff8763c0000 - 0x00007ff87645d000 	C:\WINDOWS\System32\msvcp_win.dll
0x00007ff8773f0000 - 0x00007ff877421000 	C:\WINDOWS\System32\IMM32.DLL
0x00007ff856690000 - 0x00007ff85672d000 	C:\Program Files\Android\Android Studio\jre\bin\msvcp140.dll
0x00007ffffe1f0000 - 0x00007ffffecd5000 	C:\Program Files\Android\Android Studio\jre\bin\server\jvm.dll
0x00007ff877720000 - 0x00007ff8777ce000 	C:\WINDOWS\System32\ADVAPI32.dll
0x00007ff876f60000 - 0x00007ff876ffe000 	C:\WINDOWS\System32\sechost.dll
0x00007ff878d80000 - 0x00007ff878ea0000 	C:\WINDOWS\System32\RPCRT4.dll
0x00007ff877590000 - 0x00007ff877598000 	C:\WINDOWS\System32\PSAPI.DLL
0x00007ff868890000 - 0x00007ff8688c3000 	C:\WINDOWS\SYSTEM32\WINMM.dll
0x00007ff86dea0000 - 0x00007ff86deaa000 	C:\WINDOWS\SYSTEM32\VERSION.dll
0x00007ff852d40000 - 0x00007ff852d49000 	C:\WINDOWS\SYSTEM32\WSOCK32.dll
0x00007ff877430000 - 0x00007ff87749f000 	C:\WINDOWS\System32\ws2_32.DLL
0x00007ff8754c0000 - 0x00007ff8754d8000 	C:\WINDOWS\SYSTEM32\kernel.appcore.dll
0x00007ff871170000 - 0x00007ff871181000 	C:\Program Files\Android\Android Studio\jre\bin\verify.dll
0x00007ff873cf0000 - 0x00007ff873f11000 	C:\WINDOWS\SYSTEM32\DBGHELP.DLL
0x00007ff850cc0000 - 0x00007ff850cf1000 	C:\WINDOWS\SYSTEM32\dbgcore.DLL
0x00007ff876600000 - 0x00007ff87667f000 	C:\WINDOWS\System32\bcryptPrimitives.dll
0x00007ff871040000 - 0x00007ff871069000 	C:\Program Files\Android\Android Studio\jre\bin\java.dll
0x00007ff86f480000 - 0x00007ff86f48b000 	C:\Program Files\Android\Android Studio\jre\bin\jimage.dll
0x00007ff86f460000 - 0x00007ff86f478000 	C:\Program Files\Android\Android Studio\jre\bin\zip.dll
0x00007ff878310000 - 0x00007ff878ac8000 	C:\WINDOWS\System32\SHELL32.dll
0x00007ff874530000 - 0x00007ff874d97000 	C:\WINDOWS\SYSTEM32\windows.storage.dll
0x00007ff877060000 - 0x00007ff8773d9000 	C:\WINDOWS\System32\combase.dll
0x00007ff8743c0000 - 0x00007ff874526000 	C:\WINDOWS\SYSTEM32\wintypes.dll
0x00007ff8774a0000 - 0x00007ff87758a000 	C:\WINDOWS\System32\SHCORE.dll
0x00007ff8775a0000 - 0x00007ff8775fd000 	C:\WINDOWS\System32\shlwapi.dll
0x00007ff8762f0000 - 0x00007ff876311000 	C:\WINDOWS\SYSTEM32\profapi.dll
0x00007ff85f520000 - 0x00007ff85f53a000 	C:\Program Files\Android\Android Studio\jre\bin\net.dll
0x00007ff86e090000 - 0x00007ff86e19c000 	C:\WINDOWS\SYSTEM32\WINHTTP.dll
0x00007ff8758f0000 - 0x00007ff875957000 	C:\WINDOWS\system32\mswsock.dll
0x00007ff858540000 - 0x00007ff858554000 	C:\Program Files\Android\Android Studio\jre\bin\nio.dll
0x00007ff858680000 - 0x00007ff8586a7000 	C:\Users\ASUS\.gradle\native\e1d6ef7f7dcc3fd88c89a11ec53ec762bb8ba0a96d01ffa2cd45eb1d1d8dd5c5\windows-amd64\native-platform.dll
0x00007ff82c2c0000 - 0x00007ff82c404000 	C:\Users\ASUS\.gradle\native\5664cfc778a61ccfe75a443a1ab52a65af34e5dc3c78e0209fed803814484fcb\windows-amd64\native-platform-file-events.dll
0x00007ff86f430000 - 0x00007ff86f43a000 	C:\Program Files\Android\Android Studio\jre\bin\management.dll
0x00007ff86f400000 - 0x00007ff86f40d000 	C:\Program Files\Android\Android Studio\jre\bin\management_ext.dll
0x00007ff875ba0000 - 0x00007ff875bb8000 	C:\WINDOWS\SYSTEM32\CRYPTSP.dll
0x00007ff875420000 - 0x00007ff875455000 	C:\WINDOWS\system32\rsaenh.dll
0x00007ff8759e0000 - 0x00007ff875a09000 	C:\WINDOWS\SYSTEM32\USERENV.dll
0x00007ff875d20000 - 0x00007ff875d47000 	C:\WINDOWS\SYSTEM32\bcrypt.dll
0x00007ff875bc0000 - 0x00007ff875bcc000 	C:\WINDOWS\SYSTEM32\CRYPTBASE.dll
0x00007ff875030000 - 0x00007ff87505d000 	C:\WINDOWS\SYSTEM32\IPHLPAPI.DLL
0x00007ff8773e0000 - 0x00007ff8773e9000 	C:\WINDOWS\System32\NSI.dll
0x00007ff86deb0000 - 0x00007ff86dec9000 	C:\WINDOWS\SYSTEM32\dhcpcsvc6.DLL
0x00007ff86e2f0000 - 0x00007ff86e30e000 	C:\WINDOWS\SYSTEM32\dhcpcsvc.DLL
0x00007ff875060000 - 0x00007ff875148000 	C:\WINDOWS\SYSTEM32\DNSAPI.dll

dbghelp: loaded successfully - version: 4.0.5 - missing functions: none
symbol engine: initialized successfully - sym options: 0x614 - pdb path: .;C:\Program Files\Android\Android Studio\jre\bin;C:\WINDOWS\SYSTEM32;C:\WINDOWS\WinSxS\amd64_microsoft.windows.common-controls_6595b64144ccf1df_6.0.22000.120_none_9d947278b86cc467;C:\Program Files\Android\Android Studio\jre\bin\server;C:\Users\ASUS\.gradle\native\e1d6ef7f7dcc3fd88c89a11ec53ec762bb8ba0a96d01ffa2cd45eb1d1d8dd5c5\windows-amd64;C:\Users\ASUS\.gradle\native\5664cfc778a61ccfe75a443a1ab52a65af34e5dc3c78e0209fed803814484fcb\windows-amd64

VM Arguments:
jvm_args: --add-opens=java.base/java.util=ALL-UNNAMED --add-opens=java.base/java.lang=ALL-UNNAMED --add-opens=java.base/java.lang.invoke=ALL-UNNAMED --add-opens=java.base/java.util=ALL-UNNAMED --add-opens=java.prefs/java.util.prefs=ALL-UNNAMED --add-opens=java.prefs/java.util.prefs=ALL-UNNAMED --add-opens=java.base/java.nio.charset=ALL-UNNAMED --add-opens=java.base/java.net=ALL-UNNAMED --add-opens=java.base/java.util.concurrent.atomic=ALL-UNNAMED -Xmx2048m -Dfile.encoding=UTF-8 -Duser.country=IN -Duser.language=en -Duser.variant 
java_command: org.gradle.launcher.daemon.bootstrap.GradleDaemon 7.3.3
java_class_path (initial): C:\Users\ASUS\.gradle\wrapper\dists\gradle-7.3.3-bin\6a41zxkdtcxs8rphpq6y0069z\gradle-7.3.3\lib\gradle-launcher-7.3.3.jar
Launcher Type: SUN_STANDARD

[Global flags]
     intx CICompilerCount                          = 3                                         {product} {ergonomic}
     uint ConcGCThreads                            = 1                                         {product} {ergonomic}
     uint G1ConcRefinementThreads                  = 4                                         {product} {ergonomic}
   size_t G1HeapRegionSize                         = 1048576                                   {product} {ergonomic}
    uintx GCDrainStackTargetSize                   = 64                                        {product} {ergonomic}
   size_t InitialHeapSize                          = 130023424                                 {product} {ergonomic}
   size_t MarkStackSize                            = 4194304                                   {product} {ergonomic}
   size_t MaxHeapSize                              = 2147483648                                {product} {command line}
   size_t MaxNewSize                               = 1287651328                                {product} {ergonomic}
   size_t MinHeapDeltaBytes                        = 1048576                                   {product} {ergonomic}
    uintx NonNMethodCodeHeapSize                   = 5830732                                {pd product} {ergonomic}
    uintx NonProfiledCodeHeapSize                  = 122913754                              {pd product} {ergonomic}
    uintx ProfiledCodeHeapSize                     = 122913754                              {pd product} {ergonomic}
    uintx ReservedCodeCacheSize                    = 251658240                              {pd product} {ergonomic}
     bool SegmentedCodeCache                       = true                                      {product} {ergonomic}
     bool UseCompressedClassPointers               = true                                 {lp64_product} {ergonomic}
     bool UseCompressedOops                        = true                                 {lp64_product} {ergonomic}
     bool UseG1GC                                  = true                                      {product} {ergonomic}
     bool UseLargePagesIndividualAllocation        = false                                  {pd product} {ergonomic}

Logging:
Log output configuration:
 #0: stdout all=warning uptime,level,tags
 #1: stderr all=off uptime,level,tags

Environment Variables:
PATH=C:\Python310\Scripts\;C:\Python310\;C:\Program Files\Common Files\Oracle\Java\javapath;C:\WINDOWS\system32;C:\WINDOWS;C:\WINDOWS\System32\Wbem;C:\WINDOWS\System32\WindowsPowerShell\v1.0\;C:\WINDOWS\System32\OpenSSH\;C:\MinGW\bin;D:\flutter\bin;C:\Program Files\nodejs\;C:\ProgramData\chocolatey\bin;C:\Ruby27-x64\bin;C:\Program Files\Git\cmd;C:\Users\ASUS\Downloads\platform-tools_r33.0.0-windows\platform-tools;C:\Program Files\Android\sdk;C:\Program Files\Android\sdk\platform-tools;C:\Program Files\MongoDB\Server\5.0\bin;C:\Program Files\MATLAB\R2016a\runtime\win64;C:\Program Files\MATLAB\R2016a\bin;C:\Program Files\MATLAB\R2016a\polyspace\bin;C:\Ruby27-x64\bin;C:\Users\ASUS\AppData\Local\Programs\Python\Python39\Scripts\;C:\Users\ASUS\AppData\Local\Programs\Python\Python39\;C:\Users\ASUS\AppData\Local\Microsoft\WindowsApps;C:\Users\ASUS\AppData\Local\Programs\Microsoft VS Code\bin;C:\Users\ASUS\AppData\Local\GitHubDesktop\bin;C:\Program Files\JetBrains\IntelliJ IDEA Community Edition 2021.2\bin;;C:\Users\ASUS\AppData\Roaming\npm;C:\Users\ASUS\Downloads\platform-tools_r33.0.0-windows\platform-tools;C:\Program Files\Android\sdk;C:\Program Files\Android\sdk\platform-tools;C:\Program Files\MongoDB\Server\5.0\bin;
USERNAME=ASUS
OS=Windows_NT
PROCESSOR_IDENTIFIER=Intel64 Family 6 Model 126 Stepping 5, GenuineIntel



---------------  S Y S T E M  ---------------

OS: Windows 10 , 64 bit Build 22000 (10.0.22000.708)
OS uptime: 0 days 7:40 hours

CPU:total 4 (initial active 4) (2 cores per cpu, 2 threads per core) family 6 model 126 stepping 5 microcode 0xa0, cmov, cx8, fxsr, mmx, sse, sse2, sse3, ssse3, sse4.1, sse4.2, popcnt, avx, avx2, aes, clmul, erms, 3dnowpref, lzcnt, ht, tsc, tscinvbit, bmi1, bmi2, adx, evex, sha, fma

Memory: 4k page, system-wide physical 7930M (504M free)
TotalPageFile size 9978M (AvailPageFile size 1M)
current process WorkingSet (physical memory assigned to process): 200M, peak: 201M
current process commit charge ("private bytes"): 271M, peak: 273M

vm_info: OpenJDK 64-Bit Server VM (11.0.12+7-b1504.28-7817840) for windows-amd64 JRE (11.0.12+7-b1504.28-7817840), built on Oct 13 2021 22:12:33 by "builder" with MS VC++ 14.0 (VS2015)

END.
