#
# There is insufficient memory for the Java Runtime Environment to continue.
# Native memory allocation (malloc) failed to allocate 1280016 bytes for Chunk::new
# Possible reasons:
#   The system is out of physical RAM or swap space
#   The process is running with CompressedOops enabled, and the Java Heap may be blocking the growth of the native heap
# Possible solutions:
#   Reduce memory load on the system
#   Increase physical memory or swap space
#   Check if swap backing store is full
#   Decrease Java heap size (-Xmx/-Xms)
#   Decrease number of Java threads
#   Decrease Java thread stack sizes (-Xss)
#   Set larger code cache with -XX:ReservedCodeCacheSize=
#   JVM is running with Unscaled Compressed Oops mode in which the Java heap is
#     placed in the first 4GB address space. The Java Heap base address is the
#     maximum limit for the native heap growth. Please use -XX:HeapBaseMinAddress
#     to set the Java Heap base and to place the Java Heap above 4GB virtual address.
# This output file may be truncated or incomplete.
#
#  Out of Memory Error (./src/hotspot/share/memory/arena.cpp:197), pid=272, tid=18508
#
# JRE version: OpenJDK Runtime Environment (11.0.12+7) (build 11.0.12+7-b1504.28-7817840)
# Java VM: OpenJDK 64-Bit Server VM (11.0.12+7-b1504.28-7817840, mixed mode, tiered, compressed oops, g1 gc, windows-amd64)
# No core dump will be written. Minidumps are not enabled by default on client versions of Windows
#

---------------  S U M M A R Y ------------

Command Line: --add-opens=java.base/java.util=ALL-UNNAMED --add-opens=java.base/java.lang=ALL-UNNAMED --add-opens=java.base/java.lang.invoke=ALL-UNNAMED --add-opens=java.base/java.util=ALL-UNNAMED --add-opens=java.prefs/java.util.prefs=ALL-UNNAMED --add-opens=java.prefs/java.util.prefs=ALL-UNNAMED --add-opens=java.base/java.nio.charset=ALL-UNNAMED --add-opens=java.base/java.net=ALL-UNNAMED --add-opens=java.base/java.util.concurrent.atomic=ALL-UNNAMED -Xmx2048m -Dfile.encoding=UTF-8 -Duser.country=IN -Duser.language=en -Duser.variant org.gradle.launcher.daemon.bootstrap.GradleDaemon 7.3.3

Host: Intel(R) Core(TM) i3-1005G1 CPU @ 1.20GHz, 4 cores, 7G,  Windows 10 , 64 bit Build 22000 (10.0.22000.708)
Time: Fri Aug 19 02:31:31 2022 India Standard Time elapsed time: 7.338384 seconds (0d 0h 0m 7s)

---------------  T H R E A D  ---------------

Current thread (0x000001a2fcce7000):  JavaThread "C2 CompilerThread0" daemon [_thread_in_native, id=18508, stack(0x0000003859a00000,0x0000003859b00000)]


Current CompileTask:
C2:   7338 2054       4       java.net.URLClassLoader$1::run (5 bytes)

Stack: [0x0000003859a00000,0x0000003859b00000]
Native frames: (J=compiled Java code, j=interpreted, Vv=VM code, C=native code)
V  [jvm.dll+0x5fbcea]
V  [jvm.dll+0x731905]
V  [jvm.dll+0x732f1d]
V  [jvm.dll+0x7335d3]
V  [jvm.dll+0x247bf8]
V  [jvm.dll+0xc018c]
V  [jvm.dll+0xc06cc]
V  [jvm.dll+0x35b31d]
V  [jvm.dll+0x19cebc]
V  [jvm.dll+0x20070e]
V  [jvm.dll+0x1ff794]
V  [jvm.dll+0x18868c]
V  [jvm.dll+0x20e0d7]
V  [jvm.dll+0x20c901]
V  [jvm.dll+0x6f9b7f]
V  [jvm.dll+0x6f26a5]
V  [jvm.dll+0x5fabf6]
C  [ucrtbase.dll+0x26c0c]
C  [KERNEL32.DLL+0x154e0]
C  [ntdll.dll+0x485b]


---------------  P R O C E S S  ---------------

Threads class SMR info:
_java_thread_list=0x000001a280e6e280, length=25, elements={
0x000001a2e30cd800, 0x000001a2fccc2000, 0x000001a2fccc3800, 0x000001a2fd652800,
0x000001a2fcce0000, 0x000001a2fcce1000, 0x000001a2fcce7000, 0x000001a2fcced000,
0x000001a2fccee800, 0x000001a2fd7b5000, 0x000001a28037c000, 0x000001a2fecfa800,
0x000001a2807c5000, 0x000001a280201000, 0x000001a2fef41000, 0x000001a2fef9c000,
0x000001a280bc0800, 0x000001a2fe376000, 0x000001a2fef9f000, 0x000001a2fe568800,
0x000001a2fe56b800, 0x000001a2fe56a000, 0x000001a2fe56b000, 0x000001a2fe56d800,
0x000001a2fe56e000
}

Java Threads: ( => current thread )
  0x000001a2e30cd800 JavaThread "main" [_thread_blocked, id=18612, stack(0x0000003858e00000,0x0000003858f00000)]
  0x000001a2fccc2000 JavaThread "Reference Handler" daemon [_thread_blocked, id=7872, stack(0x0000003859500000,0x0000003859600000)]
  0x000001a2fccc3800 JavaThread "Finalizer" daemon [_thread_blocked, id=16168, stack(0x0000003859600000,0x0000003859700000)]
  0x000001a2fd652800 JavaThread "Signal Dispatcher" daemon [_thread_blocked, id=652, stack(0x0000003859700000,0x0000003859800000)]
  0x000001a2fcce0000 JavaThread "Attach Listener" daemon [_thread_blocked, id=10008, stack(0x0000003859800000,0x0000003859900000)]
  0x000001a2fcce1000 JavaThread "Service Thread" daemon [_thread_blocked, id=16444, stack(0x0000003859900000,0x0000003859a00000)]
=>0x000001a2fcce7000 JavaThread "C2 CompilerThread0" daemon [_thread_in_native, id=18508, stack(0x0000003859a00000,0x0000003859b00000)]
  0x000001a2fcced000 JavaThread "C1 CompilerThread0" daemon [_thread_blocked, id=16588, stack(0x0000003859b00000,0x0000003859c00000)]
  0x000001a2fccee800 JavaThread "Sweeper thread" daemon [_thread_blocked, id=15972, stack(0x0000003859c00000,0x0000003859d00000)]
  0x000001a2fd7b5000 JavaThread "Common-Cleaner" daemon [_thread_blocked, id=13672, stack(0x0000003859d00000,0x0000003859e00000)]
  0x000001a28037c000 JavaThread "Daemon health stats" [_thread_blocked, id=14648, stack(0x000000385a000000,0x000000385a100000)]
  0x000001a2fecfa800 JavaThread "Incoming local TCP Connector on port 61266" [_thread_in_native, id=3884, stack(0x000000385a100000,0x000000385a200000)]
  0x000001a2807c5000 JavaThread "Daemon periodic checks" [_thread_blocked, id=18732, stack(0x000000385a200000,0x000000385a300000)]
  0x000001a280201000 JavaThread "Daemon" [_thread_blocked, id=18692, stack(0x000000385a300000,0x000000385a400000)]
  0x000001a2fef41000 JavaThread "Handler for socket connection from /127.0.0.1:61266 to /127.0.0.1:61267" [_thread_in_native, id=19964, stack(0x000000385a400000,0x000000385a500000)]
  0x000001a2fef9c000 JavaThread "Cancel handler" [_thread_blocked, id=16360, stack(0x000000385a500000,0x000000385a600000)]
  0x000001a280bc0800 JavaThread "Daemon worker" [_thread_in_vm, id=6120, stack(0x000000385a600000,0x000000385a700000)]
  0x000001a2fe376000 JavaThread "Asynchronous log dispatcher for DefaultDaemonConnection: socket connection from /127.0.0.1:61266 to /127.0.0.1:61267" [_thread_blocked, id=5160, stack(0x000000385a800000,0x000000385a900000)]
  0x000001a2fef9f000 JavaThread "Stdin handler" [_thread_blocked, id=9192, stack(0x000000385a900000,0x000000385aa00000)]
  0x000001a2fe568800 JavaThread "Daemon client event forwarder" [_thread_blocked, id=16196, stack(0x000000385aa00000,0x000000385ab00000)]
  0x000001a2fe56b800 JavaThread "Cache worker for journal cache (C:\Users\ASUS\.gradle\caches\journal-1)" [_thread_blocked, id=8620, stack(0x000000385a700000,0x000000385a800000)]
  0x000001a2fe56a000 JavaThread "File lock request listener" [_thread_in_native, id=19992, stack(0x000000385ad00000,0x000000385ae00000)]
  0x000001a2fe56b000 JavaThread "Cache worker for file hash cache (C:\Users\ASUS\.gradle\caches\7.3.3\fileHashes)" [_thread_blocked, id=12348, stack(0x000000385ae00000,0x000000385af00000)]
  0x000001a2fe56d800 JavaThread "C2 CompilerThread1" daemon [_thread_in_native, id=17620, stack(0x000000385af00000,0x000000385b000000)]
  0x000001a2fe56e000 JavaThread "Cache worker for file hash cache (D:\Android Development\LiveEdgeDetectionSDK\.gradle\7.3.3\fileHashes)" [_thread_blocked, id=11416, stack(0x000000385b000000,0x000000385b100000)]

Other Threads:
  0x000001a2fccbf800 VMThread "VM Thread" [stack: 0x0000003859400000,0x0000003859500000] [id=17644]
  0x000001a2fd7ff000 WatcherThread [stack: 0x0000003859e00000,0x0000003859f00000] [id=1140]
  0x000001a2e30e6800 GCTaskThread "GC Thread#0" [stack: 0x0000003858f00000,0x0000003859000000] [id=20072]
  0x000001a2fd853800 GCTaskThread "GC Thread#1" [stack: 0x0000003859f00000,0x000000385a000000] [id=19132]
  0x000001a2fd85a000 GCTaskThread "GC Thread#2" [stack: 0x000000385ab00000,0x000000385ac00000] [id=15104]
  0x000001a2fd858800 GCTaskThread "GC Thread#3" [stack: 0x000000385ac00000,0x000000385ad00000] [id=13188]
  0x000001a2e3119000 ConcurrentGCThread "G1 Main Marker" [stack: 0x0000003859000000,0x0000003859100000] [id=8132]
  0x000001a2e311a000 ConcurrentGCThread "G1 Conc#0" [stack: 0x0000003859100000,0x0000003859200000] [id=8924]
  0x000001a2e31a8000 ConcurrentGCThread "G1 Refine#0" [stack: 0x0000003859200000,0x0000003859300000] [id=14396]
  0x000001a2e31a9000 ConcurrentGCThread "G1 Young RemSet Sampling" [stack: 0x0000003859300000,0x0000003859400000] [id=8828]

Threads with active compile tasks:
C2 CompilerThread0   7399 2054       4       java.net.URLClassLoader$1::run (5 bytes)
C2 CompilerThread1   7399 2169       4       java.util.Arrays::copyOf (40 bytes)

VM state:not at safepoint (normal execution)

VM Mutex/Monitor currently owned by a thread: None

Heap address: 0x0000000080000000, size: 2048 MB, Compressed Oops mode: 32-bit
Narrow klass base: 0x0000000000000000, Narrow klass shift: 3
Compressed class space size: 1073741824 Address: 0x0000000100000000

Heap:
 garbage-first heap   total 126976K, used 55312K [0x0000000080000000, 0x0000000100000000)
  region size 1024K, 44 young (45056K), 5 survivors (5120K)
 Metaspace       used 24775K, capacity 25343K, committed 25472K, reserved 1071104K
  class space    used 3157K, capacity 3405K, committed 3456K, reserved 1048576K
Heap Regions: E=young(eden), S=young(survivor), O=old, HS=humongous(starts), HC=humongous(continues), CS=collection set, F=free, A=archive, TAMS=top-at-mark-start (previous, next)
|   0|0x0000000080000000, 0x0000000080100000, 0x0000000080100000|100%| O|  |TAMS 0x0000000080100000, 0x0000000080000000| Untracked 
|   1|0x0000000080100000, 0x0000000080200000, 0x0000000080200000|100%| O|  |TAMS 0x0000000080200000, 0x0000000080100000| Untracked 
|   2|0x0000000080200000, 0x0000000080300000, 0x0000000080300000|100%| O|  |TAMS 0x0000000080300000, 0x0000000080200000| Untracked 
|   3|0x0000000080300000, 0x0000000080400000, 0x0000000080400000|100%|HS|  |TAMS 0x0000000080400000, 0x0000000080300000| Complete 
|   4|0x0000000080400000, 0x0000000080500000, 0x0000000080500000|100%|HC|  |TAMS 0x0000000080500000, 0x0000000080400000| Complete 
|   5|0x0000000080500000, 0x0000000080600000, 0x0000000080600000|100%|HC|  |TAMS 0x0000000080600000, 0x0000000080500000| Complete 
|   6|0x0000000080600000, 0x0000000080700000, 0x0000000080700000|100%| O|  |TAMS 0x0000000080700000, 0x0000000080600000| Untracked 
|   7|0x0000000080700000, 0x0000000080800000, 0x0000000080800000|100%| O|  |TAMS 0x0000000080800000, 0x0000000080700000| Untracked 
|   8|0x0000000080800000, 0x0000000080900000, 0x0000000080900000|100%| O|  |TAMS 0x0000000080900000, 0x0000000080800000| Untracked 
|   9|0x0000000080900000, 0x0000000080a00000, 0x0000000080a00000|100%| O|  |TAMS 0x0000000080a00000, 0x0000000080900000| Untracked 
|  10|0x0000000080a00000, 0x0000000080b00000, 0x0000000080b00000|100%| O|  |TAMS 0x0000000080b00000, 0x0000000080a00000| Untracked 
|  11|0x0000000080b00000, 0x0000000080c00000, 0x0000000080c00000|100%| O|  |TAMS 0x0000000080c00000, 0x0000000080b00000| Untracked 
|  12|0x0000000080c00000, 0x0000000080c19a00, 0x0000000080d00000| 10%| O|  |TAMS 0x0000000080c19a00, 0x0000000080c00000| Untracked 
|  13|0x0000000080d00000, 0x0000000080d00000, 0x0000000080e00000|  0%| F|  |TAMS 0x0000000080d00000, 0x0000000080d00000| Untracked 
|  14|0x0000000080e00000, 0x0000000080e00000, 0x0000000080f00000|  0%| F|  |TAMS 0x0000000080e00000, 0x0000000080e00000| Untracked 
|  15|0x0000000080f00000, 0x0000000080f00000, 0x0000000081000000|  0%| F|  |TAMS 0x0000000080f00000, 0x0000000080f00000| Untracked 
|  16|0x0000000081000000, 0x0000000081000000, 0x0000000081100000|  0%| F|  |TAMS 0x0000000081000000, 0x0000000081000000| Untracked 
|  17|0x0000000081100000, 0x0000000081100000, 0x0000000081200000|  0%| F|  |TAMS 0x0000000081100000, 0x0000000081100000| Untracked 
|  18|0x0000000081200000, 0x0000000081200000, 0x0000000081300000|  0%| F|  |TAMS 0x0000000081200000, 0x0000000081200000| Untracked 
|  19|0x0000000081300000, 0x0000000081300000, 0x0000000081400000|  0%| F|  |TAMS 0x0000000081300000, 0x0000000081300000| Untracked 
|  20|0x0000000081400000, 0x0000000081400000, 0x0000000081500000|  0%| F|  |TAMS 0x0000000081400000, 0x0000000081400000| Untracked 
|  21|0x0000000081500000, 0x0000000081500000, 0x0000000081600000|  0%| F|  |TAMS 0x0000000081500000, 0x0000000081500000| Untracked 
|  22|0x0000000081600000, 0x0000000081600000, 0x0000000081700000|  0%| F|  |TAMS 0x0000000081600000, 0x0000000081600000| Untracked 
|  23|0x0000000081700000, 0x0000000081700000, 0x0000000081800000|  0%| F|  |TAMS 0x0000000081700000, 0x0000000081700000| Untracked 
|  24|0x0000000081800000, 0x0000000081800000, 0x0000000081900000|  0%| F|  |TAMS 0x0000000081800000, 0x0000000081800000| Untracked 
|  25|0x0000000081900000, 0x0000000081900000, 0x0000000081a00000|  0%| F|  |TAMS 0x0000000081900000, 0x0000000081900000| Untracked 
|  26|0x0000000081a00000, 0x0000000081a00000, 0x0000000081b00000|  0%| F|  |TAMS 0x0000000081a00000, 0x0000000081a00000| Untracked 
|  27|0x0000000081b00000, 0x0000000081b00000, 0x0000000081c00000|  0%| F|  |TAMS 0x0000000081b00000, 0x0000000081b00000| Untracked 
|  28|0x0000000081c00000, 0x0000000081c00000, 0x0000000081d00000|  0%| F|  |TAMS 0x0000000081c00000, 0x0000000081c00000| Untracked 
|  29|0x0000000081d00000, 0x0000000081d00000, 0x0000000081e00000|  0%| F|  |TAMS 0x0000000081d00000, 0x0000000081d00000| Untracked 
|  30|0x0000000081e00000, 0x0000000081e00000, 0x0000000081f00000|  0%| F|  |TAMS 0x0000000081e00000, 0x0000000081e00000| Untracked 
|  31|0x0000000081f00000, 0x0000000081f00000, 0x0000000082000000|  0%| F|  |TAMS 0x0000000081f00000, 0x0000000081f00000| Untracked 
|  32|0x0000000082000000, 0x0000000082000000, 0x0000000082100000|  0%| F|  |TAMS 0x0000000082000000, 0x0000000082000000| Untracked 
|  33|0x0000000082100000, 0x0000000082100000, 0x0000000082200000|  0%| F|  |TAMS 0x0000000082100000, 0x0000000082100000| Untracked 
|  34|0x0000000082200000, 0x0000000082200000, 0x0000000082300000|  0%| F|  |TAMS 0x0000000082200000, 0x0000000082200000| Untracked 
|  35|0x0000000082300000, 0x0000000082300000, 0x0000000082400000|  0%| F|  |TAMS 0x0000000082300000, 0x0000000082300000| Untracked 
|  36|0x0000000082400000, 0x0000000082400000, 0x0000000082500000|  0%| F|  |TAMS 0x0000000082400000, 0x0000000082400000| Untracked 
|  37|0x0000000082500000, 0x0000000082500000, 0x0000000082600000|  0%| F|  |TAMS 0x0000000082500000, 0x0000000082500000| Untracked 
|  38|0x0000000082600000, 0x0000000082600000, 0x0000000082700000|  0%| F|  |TAMS 0x0000000082600000, 0x0000000082600000| Untracked 
|  39|0x0000000082700000, 0x0000000082700000, 0x0000000082800000|  0%| F|  |TAMS 0x0000000082700000, 0x0000000082700000| Untracked 
|  40|0x0000000082800000, 0x0000000082800000, 0x0000000082900000|  0%| F|  |TAMS 0x0000000082800000, 0x0000000082800000| Untracked 
|  41|0x0000000082900000, 0x0000000082900000, 0x0000000082a00000|  0%| F|  |TAMS 0x0000000082900000, 0x0000000082900000| Untracked 
|  42|0x0000000082a00000, 0x0000000082a00000, 0x0000000082b00000|  0%| F|  |TAMS 0x0000000082a00000, 0x0000000082a00000| Untracked 
|  43|0x0000000082b00000, 0x0000000082b00000, 0x0000000082c00000|  0%| F|  |TAMS 0x0000000082b00000, 0x0000000082b00000| Untracked 
|  44|0x0000000082c00000, 0x0000000082c00000, 0x0000000082d00000|  0%| F|  |TAMS 0x0000000082c00000, 0x0000000082c00000| Untracked 
|  45|0x0000000082d00000, 0x0000000082d00000, 0x0000000082e00000|  0%| F|  |TAMS 0x0000000082d00000, 0x0000000082d00000| Untracked 
|  46|0x0000000082e00000, 0x0000000082e00000, 0x0000000082f00000|  0%| F|  |TAMS 0x0000000082e00000, 0x0000000082e00000| Untracked 
|  47|0x0000000082f00000, 0x0000000082f00000, 0x0000000083000000|  0%| F|  |TAMS 0x0000000082f00000, 0x0000000082f00000| Untracked 
|  48|0x0000000083000000, 0x0000000083000000, 0x0000000083100000|  0%| F|  |TAMS 0x0000000083000000, 0x0000000083000000| Untracked 
|  49|0x0000000083100000, 0x0000000083100000, 0x0000000083200000|  0%| F|  |TAMS 0x0000000083100000, 0x0000000083100000| Untracked 
|  50|0x0000000083200000, 0x0000000083200000, 0x0000000083300000|  0%| F|  |TAMS 0x0000000083200000, 0x0000000083200000| Untracked 
|  51|0x0000000083300000, 0x0000000083300000, 0x0000000083400000|  0%| F|  |TAMS 0x0000000083300000, 0x0000000083300000| Untracked 
|  52|0x0000000083400000, 0x0000000083400000, 0x0000000083500000|  0%| F|  |TAMS 0x0000000083400000, 0x0000000083400000| Untracked 
|  53|0x0000000083500000, 0x0000000083500000, 0x0000000083600000|  0%| F|  |TAMS 0x0000000083500000, 0x0000000083500000| Untracked 
|  54|0x0000000083600000, 0x0000000083600000, 0x0000000083700000|  0%| F|  |TAMS 0x0000000083600000, 0x0000000083600000| Untracked 
|  55|0x0000000083700000, 0x0000000083700000, 0x0000000083800000|  0%| F|  |TAMS 0x0000000083700000, 0x0000000083700000| Untracked 
|  56|0x0000000083800000, 0x0000000083800000, 0x0000000083900000|  0%| F|  |TAMS 0x0000000083800000, 0x0000000083800000| Untracked 
|  57|0x0000000083900000, 0x0000000083900000, 0x0000000083a00000|  0%| F|  |TAMS 0x0000000083900000, 0x0000000083900000| Untracked 
|  58|0x0000000083a00000, 0x0000000083a00000, 0x0000000083b00000|  0%| F|  |TAMS 0x0000000083a00000, 0x0000000083a00000| Untracked 
|  59|0x0000000083b00000, 0x0000000083b00000, 0x0000000083c00000|  0%| F|  |TAMS 0x0000000083b00000, 0x0000000083b00000| Untracked 
|  60|0x0000000083c00000, 0x0000000083c00000, 0x0000000083d00000|  0%| F|  |TAMS 0x0000000083c00000, 0x0000000083c00000| Untracked 
|  61|0x0000000083d00000, 0x0000000083d00000, 0x0000000083e00000|  0%| F|  |TAMS 0x0000000083d00000, 0x0000000083d00000| Untracked 
|  62|0x0000000083e00000, 0x0000000083e00000, 0x0000000083f00000|  0%| F|  |TAMS 0x0000000083e00000, 0x0000000083e00000| Untracked 
|  63|0x0000000083f00000, 0x0000000083f00000, 0x0000000084000000|  0%| F|  |TAMS 0x0000000083f00000, 0x0000000083f00000| Untracked 
|  64|0x0000000084000000, 0x0000000084000000, 0x0000000084100000|  0%| F|  |TAMS 0x0000000084000000, 0x0000000084000000| Untracked 
|  65|0x0000000084100000, 0x0000000084100000, 0x0000000084200000|  0%| F|  |TAMS 0x0000000084100000, 0x0000000084100000| Untracked 
|  66|0x0000000084200000, 0x0000000084200000, 0x0000000084300000|  0%| F|  |TAMS 0x0000000084200000, 0x0000000084200000| Untracked 
|  67|0x0000000084300000, 0x0000000084300000, 0x0000000084400000|  0%| F|  |TAMS 0x0000000084300000, 0x0000000084300000| Untracked 
|  68|0x0000000084400000, 0x0000000084400000, 0x0000000084500000|  0%| F|  |TAMS 0x0000000084400000, 0x0000000084400000| Untracked 
|  69|0x0000000084500000, 0x0000000084500000, 0x0000000084600000|  0%| F|  |TAMS 0x0000000084500000, 0x0000000084500000| Untracked 
|  70|0x0000000084600000, 0x0000000084600000, 0x0000000084700000|  0%| F|  |TAMS 0x0000000084600000, 0x0000000084600000| Untracked 
|  71|0x0000000084700000, 0x0000000084700000, 0x0000000084800000|  0%| F|  |TAMS 0x0000000084700000, 0x0000000084700000| Untracked 
|  72|0x0000000084800000, 0x0000000084800000, 0x0000000084900000|  0%| F|  |TAMS 0x0000000084800000, 0x0000000084800000| Untracked 
|  73|0x0000000084900000, 0x0000000084900000, 0x0000000084a00000|  0%| F|  |TAMS 0x0000000084900000, 0x0000000084900000| Untracked 
|  74|0x0000000084a00000, 0x0000000084a00000, 0x0000000084b00000|  0%| F|  |TAMS 0x0000000084a00000, 0x0000000084a00000| Untracked 
|  75|0x0000000084b00000, 0x0000000084b00000, 0x0000000084c00000|  0%| F|  |TAMS 0x0000000084b00000, 0x0000000084b00000| Untracked 
|  76|0x0000000084c00000, 0x0000000084c00000, 0x0000000084d00000|  0%| F|  |TAMS 0x0000000084c00000, 0x0000000084c00000| Untracked 
|  77|0x0000000084d00000, 0x0000000084d00000, 0x0000000084e00000|  0%| F|  |TAMS 0x0000000084d00000, 0x0000000084d00000| Untracked 
|  78|0x0000000084e00000, 0x0000000084e00000, 0x0000000084f00000|  0%| F|  |TAMS 0x0000000084e00000, 0x0000000084e00000| Untracked 
|  79|0x0000000084f00000, 0x0000000084f7fa78, 0x0000000085000000| 49%| E|  |TAMS 0x0000000084f00000, 0x0000000084f00000| Complete 
|  80|0x0000000085000000, 0x0000000085100000, 0x0000000085100000|100%| E|CS|TAMS 0x0000000085000000, 0x0000000085000000| Complete 
|  81|0x0000000085100000, 0x0000000085200000, 0x0000000085200000|100%| E|CS|TAMS 0x0000000085100000, 0x0000000085100000| Complete 
|  82|0x0000000085200000, 0x0000000085300000, 0x0000000085300000|100%| E|CS|TAMS 0x0000000085200000, 0x0000000085200000| Complete 
|  83|0x0000000085300000, 0x0000000085400000, 0x0000000085400000|100%| E|CS|TAMS 0x0000000085300000, 0x0000000085300000| Complete 
|  84|0x0000000085400000, 0x0000000085500000, 0x0000000085500000|100%| E|CS|TAMS 0x0000000085400000, 0x0000000085400000| Complete 
|  85|0x0000000085500000, 0x0000000085600000, 0x0000000085600000|100%| E|CS|TAMS 0x0000000085500000, 0x0000000085500000| Complete 
|  86|0x0000000085600000, 0x0000000085700000, 0x0000000085700000|100%| E|CS|TAMS 0x0000000085600000, 0x0000000085600000| Complete 
|  87|0x0000000085700000, 0x0000000085800000, 0x0000000085800000|100%| E|  |TAMS 0x0000000085700000, 0x0000000085700000| Complete 
|  88|0x0000000085800000, 0x0000000085900000, 0x0000000085900000|100%| E|CS|TAMS 0x0000000085800000, 0x0000000085800000| Complete 
|  89|0x0000000085900000, 0x0000000085a00000, 0x0000000085a00000|100%| E|CS|TAMS 0x0000000085900000, 0x0000000085900000| Complete 
|  90|0x0000000085a00000, 0x0000000085b00000, 0x0000000085b00000|100%| E|CS|TAMS 0x0000000085a00000, 0x0000000085a00000| Complete 
|  91|0x0000000085b00000, 0x0000000085c00000, 0x0000000085c00000|100%| E|CS|TAMS 0x0000000085b00000, 0x0000000085b00000| Complete 
|  92|0x0000000085c00000, 0x0000000085cea9c0, 0x0000000085d00000| 91%| S|CS|TAMS 0x0000000085c00000, 0x0000000085c00000| Complete 
|  93|0x0000000085d00000, 0x0000000085e00000, 0x0000000085e00000|100%| S|CS|TAMS 0x0000000085d00000, 0x0000000085d00000| Complete 
|  94|0x0000000085e00000, 0x0000000085f00000, 0x0000000085f00000|100%| S|CS|TAMS 0x0000000085e00000, 0x0000000085e00000| Complete 
|  95|0x0000000085f00000, 0x0000000086000000, 0x0000000086000000|100%| S|CS|TAMS 0x0000000085f00000, 0x0000000085f00000| Complete 
|  96|0x0000000086000000, 0x0000000086100000, 0x0000000086100000|100%| S|CS|TAMS 0x0000000086000000, 0x0000000086000000| Complete 
|  97|0x0000000086100000, 0x0000000086200000, 0x0000000086200000|100%| E|CS|TAMS 0x0000000086100000, 0x0000000086100000| Complete 
|  98|0x0000000086200000, 0x0000000086300000, 0x0000000086300000|100%| E|CS|TAMS 0x0000000086200000, 0x0000000086200000| Complete 
|  99|0x0000000086300000, 0x0000000086400000, 0x0000000086400000|100%| E|CS|TAMS 0x0000000086300000, 0x0000000086300000| Complete 
| 100|0x0000000086400000, 0x0000000086500000, 0x0000000086500000|100%| E|CS|TAMS 0x0000000086400000, 0x0000000086400000| Complete 
| 101|0x0000000086500000, 0x0000000086600000, 0x0000000086600000|100%| E|CS|TAMS 0x0000000086500000, 0x0000000086500000| Complete 
| 102|0x0000000086600000, 0x0000000086700000, 0x0000000086700000|100%| E|CS|TAMS 0x0000000086600000, 0x0000000086600000| Complete 
| 103|0x0000000086700000, 0x0000000086800000, 0x0000000086800000|100%| E|CS|TAMS 0x0000000086700000, 0x0000000086700000| Complete 
| 104|0x0000000086800000, 0x0000000086900000, 0x0000000086900000|100%| E|CS|TAMS 0x0000000086800000, 0x0000000086800000| Complete 
| 105|0x0000000086900000, 0x0000000086a00000, 0x0000000086a00000|100%| E|CS|TAMS 0x0000000086900000, 0x0000000086900000| Complete 
| 106|0x0000000086a00000, 0x0000000086b00000, 0x0000000086b00000|100%| E|CS|TAMS 0x0000000086a00000, 0x0000000086a00000| Complete 
| 107|0x0000000086b00000, 0x0000000086c00000, 0x0000000086c00000|100%| E|CS|TAMS 0x0000000086b00000, 0x0000000086b00000| Complete 
| 108|0x0000000086c00000, 0x0000000086d00000, 0x0000000086d00000|100%| E|CS|TAMS 0x0000000086c00000, 0x0000000086c00000| Complete 
| 109|0x0000000086d00000, 0x0000000086e00000, 0x0000000086e00000|100%| E|CS|TAMS 0x0000000086d00000, 0x0000000086d00000| Complete 
| 110|0x0000000086e00000, 0x0000000086f00000, 0x0000000086f00000|100%| E|CS|TAMS 0x0000000086e00000, 0x0000000086e00000| Complete 
| 111|0x0000000086f00000, 0x0000000087000000, 0x0000000087000000|100%| E|CS|TAMS 0x0000000086f00000, 0x0000000086f00000| Complete 
| 112|0x0000000087000000, 0x0000000087100000, 0x0000000087100000|100%| E|CS|TAMS 0x0000000087000000, 0x0000000087000000| Complete 
| 113|0x0000000087100000, 0x0000000087200000, 0x0000000087200000|100%| E|CS|TAMS 0x0000000087100000, 0x0000000087100000| Complete 
| 114|0x0000000087200000, 0x0000000087300000, 0x0000000087300000|100%| E|CS|TAMS 0x0000000087200000, 0x0000000087200000| Complete 
| 115|0x0000000087300000, 0x0000000087400000, 0x0000000087400000|100%| E|CS|TAMS 0x0000000087300000, 0x0000000087300000| Complete 
| 116|0x0000000087400000, 0x0000000087500000, 0x0000000087500000|100%| E|CS|TAMS 0x0000000087400000, 0x0000000087400000| Complete 
| 117|0x0000000087500000, 0x0000000087600000, 0x0000000087600000|100%| E|CS|TAMS 0x0000000087500000, 0x0000000087500000| Complete 
| 118|0x0000000087600000, 0x0000000087700000, 0x0000000087700000|100%| E|CS|TAMS 0x0000000087600000, 0x0000000087600000| Complete 
| 119|0x0000000087700000, 0x0000000087800000, 0x0000000087800000|100%| E|CS|TAMS 0x0000000087700000, 0x0000000087700000| Complete 
| 120|0x0000000087800000, 0x0000000087900000, 0x0000000087900000|100%| E|CS|TAMS 0x0000000087800000, 0x0000000087800000| Complete 
| 121|0x0000000087900000, 0x0000000087a00000, 0x0000000087a00000|100%| E|CS|TAMS 0x0000000087900000, 0x0000000087900000| Complete 
| 122|0x0000000087a00000, 0x0000000087b00000, 0x0000000087b00000|100%| E|CS|TAMS 0x0000000087a00000, 0x0000000087a00000| Complete 
| 123|0x0000000087b00000, 0x0000000087c00000, 0x0000000087c00000|100%| E|CS|TAMS 0x0000000087b00000, 0x0000000087b00000| Complete 

Card table byte_map: [0x000001a2f5fe0000,0x000001a2f63e0000] _byte_map_base: 0x000001a2f5be0000

Marking Bits (Prev, Next): (CMBitMap*) 0x000001a2e3110050, (CMBitMap*) 0x000001a2e3110018
 Prev Bits: [0x000001a2f87e0000, 0x000001a2fa7e0000)
 Next Bits: [0x000001a2f67e0000, 0x000001a2f87e0000)

Polling page: 0x000001a2e10a0000

Metaspace:

Usage:
  Non-class:     21.55 MB capacity,    21.14 MB ( 98%) used,   373.11 KB (  2%) free+waste,    45.81 KB ( <1%) overhead. 
      Class:      3.33 MB capacity,     3.09 MB ( 93%) used,   218.88 KB (  6%) free+waste,    22.81 KB ( <1%) overhead. 
       Both:     24.87 MB capacity,    24.23 MB ( 97%) used,   591.99 KB (  2%) free+waste,    68.63 KB ( <1%) overhead. 

Virtual space:
  Non-class space:       22.00 MB reserved,      21.75 MB ( 99%) committed 
      Class space:        1.00 GB reserved,       3.38 MB ( <1%) committed 
             Both:        1.02 GB reserved,      25.13 MB (  2%) committed 

Chunk freelists:
   Non-Class:  14.00 KB
       Class:  19.00 KB
        Both:  33.00 KB

MaxMetaspaceSize: 17179869184.00 GB
CompressedClassSpaceSize: 1.00 GB
Initial GC threshold: 20.80 MB
Current GC threshold: 35.00 MB
CDS: off

CodeHeap 'non-profiled nmethods': size=120064Kb used=1110Kb max_used=1110Kb free=118953Kb
 bounds [0x000001a2ee6a0000, 0x000001a2ee910000, 0x000001a2f5be0000]
CodeHeap 'profiled nmethods': size=120000Kb used=4594Kb max_used=4594Kb free=115405Kb
 bounds [0x000001a2e7170000, 0x000001a2e75f0000, 0x000001a2ee6a0000]
CodeHeap 'non-nmethods': size=5696Kb used=1235Kb max_used=1266Kb free=4460Kb
 bounds [0x000001a2e6be0000, 0x000001a2e6e50000, 0x000001a2e7170000]
 total_blobs=2672 nmethods=2176 adapters=408
 compilation: enabled
              stopped_count=0, restarted_count=0
 full_count=0

Compilation events (20 events):
Event: 7.284 Thread 0x000001a2fcced000 2147       3       org.objectweb.asm.SymbolTable::addType (81 bytes)
Event: 7.285 Thread 0x000001a2fcced000 nmethod 2147 0x000001a2e75dc710 code [0x000001a2e75dc940, 0x000001a2e75dcf18]
Event: 7.285 Thread 0x000001a2fe56d800 2149       4       java.util.ArrayList::iterator (9 bytes)
Event: 7.285 Thread 0x000001a2fcced000 2148       3       org.objectweb.asm.Frame::pop (44 bytes)
Event: 7.285 Thread 0x000001a2fcced000 nmethod 2148 0x000001a2e75dd210 code [0x000001a2e75dd3c0, 0x000001a2e75dd538]
Event: 7.285 Thread 0x000001a2fcced000 2150       3       org.objectweb.asm.Type::getInternalName (16 bytes)
Event: 7.286 Thread 0x000001a2fcced000 nmethod 2150 0x000001a2e75dd610 code [0x000001a2e75dd7c0, 0x000001a2e75dd908]
Event: 7.286 Thread 0x000001a2fcced000 2151       3       org.objectweb.asm.MethodWriter::visitVarInsn (302 bytes)
Event: 7.286 Thread 0x000001a2fe56d800 nmethod 2149 0x000001a2ee7b2910 code [0x000001a2ee7b2aa0, 0x000001a2ee7b2b98]
Event: 7.287 Thread 0x000001a2fcced000 nmethod 2151 0x000001a2e75dda10 code [0x000001a2e75ddc80, 0x000001a2e75de688]
Event: 7.289 Thread 0x000001a2fcced000 2152       1       org.objectweb.asm.SymbolTable::getMajorVersion (5 bytes)
Event: 7.289 Thread 0x000001a2fcced000 nmethod 2152 0x000001a2ee7b2c90 code [0x000001a2ee7b2e40, 0x000001a2ee7b2ef8]
Event: 7.289 Thread 0x000001a2fcced000 2153       3       org.objectweb.asm.ByteVector::putShort (52 bytes)
Event: 7.290 Thread 0x000001a2fcced000 nmethod 2153 0x000001a2e75de910 code [0x000001a2e75deae0, 0x000001a2e75dece8]
Event: 7.291 Thread 0x000001a2fcced000 2154       3       jdk.internal.org.objectweb.asm.ClassReader::readUnsignedShort (26 bytes)
Event: 7.292 Thread 0x000001a2fcced000 nmethod 2154 0x000001a2e75dee10 code [0x000001a2e75defc0, 0x000001a2e75df118]
Event: 7.312 Thread 0x000001a2fe56d800 2155       4       jdk.internal.ref.PhantomCleanable::<init> (49 bytes)
Event: 7.323 Thread 0x000001a2fcced000 2156       3       java.lang.invoke.InnerClassLambdaMetafactory::getOpcodeOffset (38 bytes)
Event: 7.323 Thread 0x000001a2fcced000 nmethod 2156 0x000001a2e75df210 code [0x000001a2e75df3e0, 0x000001a2e75df658]
Event: 7.331 Thread 0x000001a2fe56d800 nmethod 2155 0x000001a2ee7b2f90 code [0x000001a2ee7b3140, 0x000001a2ee7b3bf8]

GC Heap History (10 events):
Event: 1.181 GC heap before
{Heap before GC invocations=0 (full 0):
 garbage-first heap   total 126976K, used 20480K [0x0000000080000000, 0x0000000100000000)
  region size 1024K, 14 young (14336K), 0 survivors (0K)
 Metaspace       used 6743K, capacity 6925K, committed 7168K, reserved 1056768K
  class space    used 582K, capacity 650K, committed 768K, reserved 1048576K
}
Event: 1.186 GC heap after
{Heap after GC invocations=1 (full 0):
 garbage-first heap   total 126976K, used 7674K [0x0000000080000000, 0x0000000100000000)
  region size 1024K, 2 young (2048K), 2 survivors (2048K)
 Metaspace       used 6743K, capacity 6925K, committed 7168K, reserved 1056768K
  class space    used 582K, capacity 650K, committed 768K, reserved 1048576K
}
Event: 1.721 GC heap before
{Heap before GC invocations=1 (full 0):
 garbage-first heap   total 126976K, used 19962K [0x0000000080000000, 0x0000000100000000)
  region size 1024K, 14 young (14336K), 2 survivors (2048K)
 Metaspace       used 10272K, capacity 10495K, committed 10624K, reserved 1058816K
  class space    used 1072K, capacity 1141K, committed 1152K, reserved 1048576K
}
Event: 1.727 GC heap after
{Heap after GC invocations=2 (full 0):
 garbage-first heap   total 126976K, used 9652K [0x0000000080000000, 0x0000000100000000)
  region size 1024K, 2 young (2048K), 2 survivors (2048K)
 Metaspace       used 10272K, capacity 10495K, committed 10624K, reserved 1058816K
  class space    used 1072K, capacity 1141K, committed 1152K, reserved 1048576K
}
Event: 2.438 GC heap before
{Heap before GC invocations=2 (full 0):
 garbage-first heap   total 126976K, used 39348K [0x0000000080000000, 0x0000000100000000)
  region size 1024K, 31 young (31744K), 2 survivors (2048K)
 Metaspace       used 11222K, capacity 11450K, committed 11520K, reserved 1058816K
  class space    used 1176K, capacity 1246K, committed 1280K, reserved 1048576K
}
Event: 2.445 GC heap after
{Heap after GC invocations=3 (full 0):
 garbage-first heap   total 126976K, used 12777K [0x0000000080000000, 0x0000000100000000)
  region size 1024K, 4 young (4096K), 4 survivors (4096K)
 Metaspace       used 11222K, capacity 11450K, committed 11520K, reserved 1058816K
  class space    used 1176K, capacity 1246K, committed 1280K, reserved 1048576K
}
Event: 5.867 GC heap before
{Heap before GC invocations=3 (full 0):
 garbage-first heap   total 126976K, used 55785K [0x0000000080000000, 0x0000000100000000)
  region size 1024K, 46 young (47104K), 4 survivors (4096K)
 Metaspace       used 18001K, capacity 18410K, committed 18688K, reserved 1064960K
  class space    used 2124K, capacity 2260K, committed 2304K, reserved 1048576K
}
Event: 5.874 GC heap after
{Heap after GC invocations=4 (full 0):
 garbage-first heap   total 126976K, used 16384K [0x0000000080000000, 0x0000000100000000)
  region size 1024K, 6 young (6144K), 6 survivors (6144K)
 Metaspace       used 18001K, capacity 18410K, committed 18688K, reserved 1064960K
  class space    used 2124K, capacity 2260K, committed 2304K, reserved 1048576K
}
Event: 6.459 GC heap before
{Heap before GC invocations=4 (full 0):
 garbage-first heap   total 126976K, used 41984K [0x0000000080000000, 0x0000000100000000)
  region size 1024K, 33 young (33792K), 6 survivors (6144K)
 Metaspace       used 20676K, capacity 21155K, committed 21248K, reserved 1067008K
  class space    used 2540K, capacity 2728K, committed 2816K, reserved 1048576K
}
Event: 6.467 GC heap after
{Heap after GC invocations=5 (full 0):
 garbage-first heap   total 126976K, used 17424K [0x0000000080000000, 0x0000000100000000)
  region size 1024K, 5 young (5120K), 5 survivors (5120K)
 Metaspace       used 20676K, capacity 21155K, committed 21248K, reserved 1067008K
  class space    used 2540K, capacity 2728K, committed 2816K, reserved 1048576K
}

Deoptimization events (20 events):
Event: 6.601 Thread 0x000001a280bc0800 Uncommon trap: trap_request=0xffffff4d fr.pc=0x000001a2ee7165f8 relative=0x00000000000005b8
Event: 6.601 Thread 0x000001a280bc0800 Uncommon trap: reason=unstable_if action=reinterpret pc=0x000001a2ee7165f8 method=java.io.File.getName()Ljava/lang/String; @ 16 c2
Event: 6.601 Thread 0x000001a280bc0800 DEOPT PACKING pc=0x000001a2ee7165f8 sp=0x000000385a6fb770
Event: 6.601 Thread 0x000001a280bc0800 DEOPT UNPACKING pc=0x000001a2e6be85af sp=0x000000385a6fb740 mode 2
Event: 6.601 Thread 0x000001a280bc0800 Uncommon trap: trap_request=0xffffff4d fr.pc=0x000001a2ee715410 relative=0x0000000000000450
Event: 6.601 Thread 0x000001a280bc0800 Uncommon trap: reason=unstable_if action=reinterpret pc=0x000001a2ee715410 method=java.lang.String.substring(I)Ljava/lang/String; @ 34 c2
Event: 6.601 Thread 0x000001a280bc0800 DEOPT PACKING pc=0x000001a2ee715410 sp=0x000000385a6fb6f0
Event: 6.601 Thread 0x000001a280bc0800 DEOPT UNPACKING pc=0x000001a2e6be85af sp=0x000000385a6fb6c8 mode 2
Event: 6.791 Thread 0x000001a280bc0800 Uncommon trap: trap_request=0xffffff4d fr.pc=0x000001a2ee788d18 relative=0x0000000000000398
Event: 6.791 Thread 0x000001a280bc0800 Uncommon trap: reason=unstable_if action=reinterpret pc=0x000001a2ee788d18 method=jdk.internal.org.objectweb.asm.Type.getArgumentsAndReturnSizes(Ljava/lang/String;)I @ 88 c2
Event: 6.791 Thread 0x000001a280bc0800 DEOPT PACKING pc=0x000001a2ee788d18 sp=0x000000385a6f9ce0
Event: 6.791 Thread 0x000001a280bc0800 DEOPT UNPACKING pc=0x000001a2e6be85af sp=0x000000385a6f9c68 mode 2
Event: 7.188 Thread 0x000001a280bc0800 Uncommon trap: trap_request=0xffffff4d fr.pc=0x000001a2ee70cffc relative=0x000000000000023c
Event: 7.188 Thread 0x000001a280bc0800 Uncommon trap: reason=unstable_if action=reinterpret pc=0x000001a2ee70cffc method=java.util.concurrent.ConcurrentHashMap.get(Ljava/lang/Object;)Ljava/lang/Object; @ 76 c2
Event: 7.188 Thread 0x000001a280bc0800 DEOPT PACKING pc=0x000001a2ee70cffc sp=0x000000385a6f9d70
Event: 7.188 Thread 0x000001a280bc0800 DEOPT UNPACKING pc=0x000001a2e6be85af sp=0x000000385a6f9cd8 mode 2
Event: 7.239 Thread 0x000001a280bc0800 Uncommon trap: trap_request=0xffffffcc fr.pc=0x000001a2ee7aecf8 relative=0x00000000000002b8
Event: 7.239 Thread 0x000001a280bc0800 Uncommon trap: reason=intrinsic_or_type_checked_inlining action=make_not_entrant pc=0x000001a2ee7aecf8 method=java.util.Arrays.copyOf([Ljava/lang/Object;ILjava/lang/Class;)[Ljava/lang/Object; @ 35 c2
Event: 7.239 Thread 0x000001a280bc0800 DEOPT PACKING pc=0x000001a2ee7aecf8 sp=0x000000385a6fc160
Event: 7.239 Thread 0x000001a280bc0800 DEOPT UNPACKING pc=0x000001a2e6be85af sp=0x000000385a6fc0f0 mode 2

Classes redefined (0 events):
No events

Internal exceptions (20 events):
Event: 4.600 Thread 0x000001a2e30cd800 Exception <a 'java/lang/NoSuchMethodError'{0x0000000085f75eb0}: 'java.lang.Object java.lang.invoke.DirectMethodHandle$Holder.invokeStaticInit(java.lang.Object, java.lang.Object, int, int, int, int)'> (0x0000000085f75eb0) thrown at [./src/hotspot/share/interpreter/linkResolver.cpp, line 773]
Event: 5.476 Thread 0x000001a2e30cd800 Exception <a 'java/io/IOException'{0x0000000085dc57c8}> (0x0000000085dc57c8) thrown at [./src/hotspot/share/prims/jni.cpp, line 615]
Event: 5.586 Thread 0x000001a2fef41000 Exception <a 'java/lang/NoSuchMethodError'{0x00000000856c7d28}: <clinit>> (0x00000000856c7d28) thrown at [./src/hotspot/share/prims/jni.cpp, line 1365]
Event: 5.590 Thread 0x000001a2fef41000 Exception <a 'java/lang/NoSuchMethodError'{0x00000000856dff48}: <clinit>> (0x00000000856dff48) thrown at [./src/hotspot/share/prims/jni.cpp, line 1365]
Event: 5.591 Thread 0x000001a2fef41000 Exception <a 'java/lang/NoSuchMethodError'{0x00000000856e9910}: <clinit>> (0x00000000856e9910) thrown at [./src/hotspot/share/prims/jni.cpp, line 1365]
Event: 5.595 Thread 0x000001a2fef41000 Exception <a 'java/lang/NoSuchMethodError'{0x00000000856fec90}: <clinit>> (0x00000000856fec90) thrown at [./src/hotspot/share/prims/jni.cpp, line 1365]
Event: 5.769 Thread 0x000001a280bc0800 Exception <a 'java/lang/NoSuchMethodError'{0x00000000852af6d0}: 'long java.lang.invoke.DirectMethodHandle$Holder.invokeInterface(java.lang.Object, java.lang.Object)'> (0x00000000852af6d0) thrown at [./src/hotspot/share/interpreter/linkResolver.cpp, line 773]
Event: 5.773 Thread 0x000001a280bc0800 Exception <a 'java/lang/NoSuchMethodError'{0x00000000852bc770}: 'void java.lang.invoke.DelegatingMethodHandle$Holder.reinvoke_L(java.lang.Object, java.lang.Object, java.lang.Object, java.lang.Object, java.lang.Object, java.lang.Object, java.lang.Object)'> (0x00000000852bc770) thrown at [./src/hotspot/share/interpreter/linkResolver.cpp, line 773]
Event: 6.247 Thread 0x000001a280bc0800 Exception <a 'java/lang/NoSuchMethodError'{0x000000008643ffe8}: 'void java.lang.invoke.DirectMethodHandle$Holder.invokeStaticInit(java.lang.Object)'> (0x000000008643ffe8) thrown at [./src/hotspot/share/interpreter/linkResolver.cpp, line 773]
Event: 6.269 Thread 0x000001a280bc0800 Exception <a 'java/lang/NoSuchMethodError'{0x00000000864eaea8}: 'java.lang.Object java.lang.invoke.DirectMethodHandle$Holder.invokeStatic(java.lang.Object, java.lang.Object, java.lang.Object, int)'> (0x00000000864eaea8) thrown at [./src/hotspot/share/interpreter/linkResolver.cpp, line 773]
Event: 6.270 Thread 0x000001a280bc0800 Exception <a 'java/lang/NoSuchMethodError'{0x00000000864ef5c0}: 'java.lang.Object java.lang.invoke.DirectMethodHandle$Holder.invokeSpecial(java.lang.Object, java.lang.Object, java.lang.Object, java.lang.Object, int)'> (0x00000000864ef5c0) thrown at [./src/hotspot/share/interpreter/linkResolver.cpp, line 773]
Event: 6.270 Thread 0x000001a280bc0800 Exception <a 'java/lang/NoSuchMethodError'{0x00000000864f34f8}: 'java.lang.Object java.lang.invoke.Invokers$Holder.linkToTargetMethod(java.lang.Object, java.lang.Object, int, java.lang.Object)'> (0x00000000864f34f8) thrown at [./src/hotspot/share/interpreter/linkResolver.cpp, line 773]
Event: 6.676 Thread 0x000001a280bc0800 Exception <a 'java/lang/NoSuchMethodError'{0x0000000087736af8}: 'int java.lang.invoke.DirectMethodHandle$Holder.invokeSpecialIFC(java.lang.Object, java.lang.Object, java.lang.Object, java.lang.Object)'> (0x0000000087736af8) thrown at [./src/hotspot/share/interpreter/linkResolver.cpp, line 773]
Event: 6.680 Thread 0x000001a280bc0800 Exception <a 'java/lang/NoSuchMethodError'{0x0000000087744ab0}: 'java.lang.Object java.lang.invoke.DirectMethodHandle$Holder.invokeInterface(java.lang.Object, java.lang.Object, java.lang.Object)'> (0x0000000087744ab0) thrown at [./src/hotspot/share/interpreter/linkResolver.cpp, line 773]
Event: 6.680 Thread 0x000001a280bc0800 Exception <a 'java/lang/IncompatibleClassChangeError'{0x0000000087747f88}: Found class java.lang.Object, but interface was expected> (0x0000000087747f88) thrown at [./src/hotspot/share/interpreter/linkResolver.cpp, line 839]
Event: 6.940 Thread 0x000001a280bc0800 Exception <a 'java/lang/NoSuchMethodError'{0x0000000086cb64d0}: 'java.lang.Object java.lang.invoke.DirectMethodHandle$Holder.invokeSpecial(java.lang.Object, java.lang.Object, java.lang.Object, java.lang.Object, java.lang.Object, java.lang.Object, java.lang.Object, java.lang.Object, java.lang.Object)'> (0x0000000086cb64d0) thrown at [./src/hotspot/share/interpreter/linkResolver.cpp, line 773]
Event: 7.074 Thread 0x000001a280bc0800 Exception <a 'java/lang/NoSuchMethodError'{0x00000000862573d0}: 'java.lang.Object java.lang.invoke.DirectMethodHandle$Holder.invokeVirtual(java.lang.Object, java.lang.Object, java.lang.Object, java.lang.Object)'> (0x00000000862573d0) thrown at [./src/hotspot/share/interpreter/linkResolver.cpp, line 773]
Event: 7.255 Thread 0x000001a280bc0800 Exception <a 'java/lang/NoSuchMethodError'{0x000000008561a4c0}: 'void java.lang.invoke.DirectMethodHandle$Holder.invokeSpecial(java.lang.Object, java.lang.Object, java.lang.Object, java.lang.Object, java.lang.Object, java.lang.Object)'> (0x000000008561a4c0) thrown at [./src/hotspot/share/interpreter/linkResolver.cpp, line 773]
Event: 7.281 Thread 0x000001a280bc0800 Exception <a 'java/lang/NoSuchMethodError'{0x0000000085688e70}: 'void java.lang.invoke.DirectMethodHandle$Holder.invokeSpecial(java.lang.Object, java.lang.Object, java.lang.Object, java.lang.Object, java.lang.Object, java.lang.Object, java.lang.Object)'> (0x0000000085688e70) thrown at [./src/hotspot/share/interpreter/linkResolver.cpp, line 773]
Event: 7.282 Thread 0x000001a280bc0800 Exception <a 'java/lang/NoSuchMethodError'{0x0000000085691360}: 'java.lang.Object java.lang.invoke.Invokers$Holder.linkToTargetMethod(java.lang.Object, java.lang.Object, java.lang.Object, java.lang.Object, java.lang.Object, java.lang.Object)'> (0x0000000085691360) thrown at [./src/hotspot/share/interpreter/linkResolver.cpp, line 773]

Events (20 events):
Event: 7.326 loading class org/gradle/caching/internal/packaging/BuildCacheEntryPacker
Event: 7.326 loading class org/gradle/caching/internal/packaging/BuildCacheEntryPacker done
Event: 7.326 loading class org/gradle/caching/internal/origin/OriginMetadataFactory
Event: 7.326 loading class org/gradle/caching/internal/origin/OriginMetadataFactory done
Event: 7.327 loading class org/gradle/caching/internal/controller/BuildCacheController
Event: 7.327 loading class org/gradle/caching/internal/controller/BuildCacheController done
Event: 7.328 loading class org/gradle/internal/service/scopes/ExecutionGradleServices
Event: 7.328 loading class org/gradle/internal/service/scopes/ExecutionGradleServices done
Event: 7.330 loading class org/gradle/internal/execution/history/OutputFilesRepository
Event: 7.330 loading class org/gradle/internal/execution/history/OutputFilesRepository done
Event: 7.331 loading class org/gradle/internal/execution/OutputChangeListener
Event: 7.331 loading class org/gradle/internal/execution/OutputChangeListener done
Event: 7.332 loading class org/gradle/kotlin/dsl/accessors/GradleScopeServices
Event: 7.332 loading class org/gradle/kotlin/dsl/accessors/GradleScopeServices done
Event: 7.333 loading class org/gradle/kotlin/dsl/accessors/ProjectAccessorsClassPathGenerator
Event: 7.333 loading class org/gradle/kotlin/dsl/accessors/ProjectAccessorsClassPathGenerator done
Event: 7.334 loading class org/gradle/kotlin/dsl/accessors/PluginAccessorClassPathGenerator
Event: 7.334 loading class org/gradle/kotlin/dsl/accessors/PluginAccessorClassPathGenerator done
Event: 7.335 loading class org/gradle/api/internal/artifacts/DependencyServices$DependencyManagementGradleServices
Event: 7.335 loading class org/gradle/api/internal/artifacts/DependencyServices$DependencyManagementGradleServices done


Dynamic libraries:
0x00007ff79a530000 - 0x00007ff79a53a000 	C:\Program Files\Android\Android Studio\jre\bin\java.exe
0x00007ff878ee0000 - 0x00007ff8790e9000 	C:\WINDOWS\SYSTEM32\ntdll.dll
0x00007ff877fa0000 - 0x00007ff87805d000 	C:\WINDOWS\System32\KERNEL32.DLL
0x00007ff8769f0000 - 0x00007ff876d69000 	C:\WINDOWS\System32\KERNELBASE.dll
0x00007ff876680000 - 0x00007ff876791000 	C:\WINDOWS\System32\ucrtbase.dll
0x00007ff84e0a0000 - 0x00007ff84e0b7000 	C:\Program Files\Android\Android Studio\jre\bin\VCRUNTIME140.dll
0x00007ff8568e0000 - 0x00007ff8568f9000 	C:\Program Files\Android\Android Studio\jre\bin\jli.dll
0x00007ff877d40000 - 0x00007ff877eec000 	C:\WINDOWS\System32\USER32.dll
0x00007ff85bce0000 - 0x00007ff85bf85000 	C:\WINDOWS\WinSxS\amd64_microsoft.windows.common-controls_6595b64144ccf1df_6.0.22000.120_none_9d947278b86cc467\COMCTL32.dll
0x00007ff876460000 - 0x00007ff876486000 	C:\WINDOWS\System32\win32u.dll
0x00007ff878c60000 - 0x00007ff878d03000 	C:\WINDOWS\System32\msvcrt.dll
0x00007ff878200000 - 0x00007ff878229000 	C:\WINDOWS\System32\GDI32.dll
0x00007ff8768d0000 - 0x00007ff8769e2000 	C:\WINDOWS\System32\gdi32full.dll
0x00007ff8763c0000 - 0x00007ff87645d000 	C:\WINDOWS\System32\msvcp_win.dll
0x00007ff8773f0000 - 0x00007ff877421000 	C:\WINDOWS\System32\IMM32.DLL
0x00007ff82c8f0000 - 0x00007ff82c98d000 	C:\Program Files\Android\Android Studio\jre\bin\msvcp140.dll
0x00007ffffe1f0000 - 0x00007ffffecd5000 	C:\Program Files\Android\Android Studio\jre\bin\server\jvm.dll
0x00007ff877720000 - 0x00007ff8777ce000 	C:\WINDOWS\System32\ADVAPI32.dll
0x00007ff876f60000 - 0x00007ff876ffe000 	C:\WINDOWS\System32\sechost.dll
0x00007ff878d80000 - 0x00007ff878ea0000 	C:\WINDOWS\System32\RPCRT4.dll
0x00007ff877590000 - 0x00007ff877598000 	C:\WINDOWS\System32\PSAPI.DLL
0x00007ff852d40000 - 0x00007ff852d49000 	C:\WINDOWS\SYSTEM32\WSOCK32.dll
0x00007ff86dea0000 - 0x00007ff86deaa000 	C:\WINDOWS\SYSTEM32\VERSION.dll
0x00007ff868890000 - 0x00007ff8688c3000 	C:\WINDOWS\SYSTEM32\WINMM.dll
0x00007ff877430000 - 0x00007ff87749f000 	C:\WINDOWS\System32\WS2_32.dll
0x00007ff8754c0000 - 0x00007ff8754d8000 	C:\WINDOWS\SYSTEM32\kernel.appcore.dll
0x00007ff871170000 - 0x00007ff871181000 	C:\Program Files\Android\Android Studio\jre\bin\verify.dll
0x00007ff873cf0000 - 0x00007ff873f11000 	C:\WINDOWS\SYSTEM32\DBGHELP.DLL
0x00007ff850cc0000 - 0x00007ff850cf1000 	C:\WINDOWS\SYSTEM32\dbgcore.DLL
0x00007ff876600000 - 0x00007ff87667f000 	C:\WINDOWS\System32\bcryptPrimitives.dll
0x00007ff871040000 - 0x00007ff871069000 	C:\Program Files\Android\Android Studio\jre\bin\java.dll
0x00007ff86f480000 - 0x00007ff86f48b000 	C:\Program Files\Android\Android Studio\jre\bin\jimage.dll
0x00007ff86f460000 - 0x00007ff86f478000 	C:\Program Files\Android\Android Studio\jre\bin\zip.dll
0x00007ff878310000 - 0x00007ff878ac8000 	C:\WINDOWS\System32\SHELL32.dll
0x00007ff874530000 - 0x00007ff874d97000 	C:\WINDOWS\SYSTEM32\windows.storage.dll
0x00007ff877060000 - 0x00007ff8773d9000 	C:\WINDOWS\System32\combase.dll
0x00007ff8743c0000 - 0x00007ff874526000 	C:\WINDOWS\SYSTEM32\wintypes.dll
0x00007ff8774a0000 - 0x00007ff87758a000 	C:\WINDOWS\System32\SHCORE.dll
0x00007ff8775a0000 - 0x00007ff8775fd000 	C:\WINDOWS\System32\shlwapi.dll
0x00007ff8762f0000 - 0x00007ff876311000 	C:\WINDOWS\SYSTEM32\profapi.dll
0x00007ff85f520000 - 0x00007ff85f53a000 	C:\Program Files\Android\Android Studio\jre\bin\net.dll
0x00007ff86e090000 - 0x00007ff86e19c000 	C:\WINDOWS\SYSTEM32\WINHTTP.dll
0x00007ff8758f0000 - 0x00007ff875957000 	C:\WINDOWS\system32\mswsock.dll
0x00007ff858540000 - 0x00007ff858554000 	C:\Program Files\Android\Android Studio\jre\bin\nio.dll
0x00007ff858680000 - 0x00007ff8586a7000 	C:\Users\ASUS\.gradle\native\e1d6ef7f7dcc3fd88c89a11ec53ec762bb8ba0a96d01ffa2cd45eb1d1d8dd5c5\windows-amd64\native-platform.dll
0x00007ffffd970000 - 0x00007ffffdab4000 	C:\Users\ASUS\.gradle\native\5664cfc778a61ccfe75a443a1ab52a65af34e5dc3c78e0209fed803814484fcb\windows-amd64\native-platform-file-events.dll
0x00007ff86f430000 - 0x00007ff86f43a000 	C:\Program Files\Android\Android Studio\jre\bin\management.dll
0x00007ff86f400000 - 0x00007ff86f40d000 	C:\Program Files\Android\Android Studio\jre\bin\management_ext.dll
0x00007ff875ba0000 - 0x00007ff875bb8000 	C:\WINDOWS\SYSTEM32\CRYPTSP.dll
0x00007ff875420000 - 0x00007ff875455000 	C:\WINDOWS\system32\rsaenh.dll
0x00007ff8759e0000 - 0x00007ff875a09000 	C:\WINDOWS\SYSTEM32\USERENV.dll
0x00007ff875d20000 - 0x00007ff875d47000 	C:\WINDOWS\SYSTEM32\bcrypt.dll
0x00007ff875bc0000 - 0x00007ff875bcc000 	C:\WINDOWS\SYSTEM32\CRYPTBASE.dll
0x00007ff875030000 - 0x00007ff87505d000 	C:\WINDOWS\SYSTEM32\IPHLPAPI.DLL
0x00007ff8773e0000 - 0x00007ff8773e9000 	C:\WINDOWS\System32\NSI.dll
0x00007ff86deb0000 - 0x00007ff86dec9000 	C:\WINDOWS\SYSTEM32\dhcpcsvc6.DLL
0x00007ff86e2f0000 - 0x00007ff86e30e000 	C:\WINDOWS\SYSTEM32\dhcpcsvc.DLL
0x00007ff875060000 - 0x00007ff875148000 	C:\WINDOWS\SYSTEM32\DNSAPI.dll

dbghelp: loaded successfully - version: 4.0.5 - missing functions: none
symbol engine: initialized successfully - sym options: 0x614 - pdb path: .;C:\Program Files\Android\Android Studio\jre\bin;C:\WINDOWS\SYSTEM32;C:\WINDOWS\WinSxS\amd64_microsoft.windows.common-controls_6595b64144ccf1df_6.0.22000.120_none_9d947278b86cc467;C:\Program Files\Android\Android Studio\jre\bin\server;C:\Users\ASUS\.gradle\native\e1d6ef7f7dcc3fd88c89a11ec53ec762bb8ba0a96d01ffa2cd45eb1d1d8dd5c5\windows-amd64;C:\Users\ASUS\.gradle\native\5664cfc778a61ccfe75a443a1ab52a65af34e5dc3c78e0209fed803814484fcb\windows-amd64

VM Arguments:
jvm_args: --add-opens=java.base/java.util=ALL-UNNAMED --add-opens=java.base/java.lang=ALL-UNNAMED --add-opens=java.base/java.lang.invoke=ALL-UNNAMED --add-opens=java.base/java.util=ALL-UNNAMED --add-opens=java.prefs/java.util.prefs=ALL-UNNAMED --add-opens=java.prefs/java.util.prefs=ALL-UNNAMED --add-opens=java.base/java.nio.charset=ALL-UNNAMED --add-opens=java.base/java.net=ALL-UNNAMED --add-opens=java.base/java.util.concurrent.atomic=ALL-UNNAMED -Xmx2048m -Dfile.encoding=UTF-8 -Duser.country=IN -Duser.language=en -Duser.variant 
java_command: org.gradle.launcher.daemon.bootstrap.GradleDaemon 7.3.3
java_class_path (initial): C:\Users\ASUS\.gradle\wrapper\dists\gradle-7.3.3-bin\6a41zxkdtcxs8rphpq6y0069z\gradle-7.3.3\lib\gradle-launcher-7.3.3.jar
Launcher Type: SUN_STANDARD

[Global flags]
     intx CICompilerCount                          = 3                                         {product} {ergonomic}
     uint ConcGCThreads                            = 1                                         {product} {ergonomic}
     uint G1ConcRefinementThreads                  = 4                                         {product} {ergonomic}
   size_t G1HeapRegionSize                         = 1048576                                   {product} {ergonomic}
    uintx GCDrainStackTargetSize                   = 64                                        {product} {ergonomic}
   size_t InitialHeapSize                          = 130023424                                 {product} {ergonomic}
   size_t MarkStackSize                            = 4194304                                   {product} {ergonomic}
   size_t MaxHeapSize                              = 2147483648                                {product} {command line}
   size_t MaxNewSize                               = 1287651328                                {product} {ergonomic}
   size_t MinHeapDeltaBytes                        = 1048576                                   {product} {ergonomic}
    uintx NonNMethodCodeHeapSize                   = 5830732                                {pd product} {ergonomic}
    uintx NonProfiledCodeHeapSize                  = 122913754                              {pd product} {ergonomic}
    uintx ProfiledCodeHeapSize                     = 122913754                              {pd product} {ergonomic}
    uintx ReservedCodeCacheSize                    = 251658240                              {pd product} {ergonomic}
     bool SegmentedCodeCache                       = true                                      {product} {ergonomic}
     bool UseCompressedClassPointers               = true                                 {lp64_product} {ergonomic}
     bool UseCompressedOops                        = true                                 {lp64_product} {ergonomic}
     bool UseG1GC                                  = true                                      {product} {ergonomic}
     bool UseLargePagesIndividualAllocation        = false                                  {pd product} {ergonomic}

Logging:
Log output configuration:
 #0: stdout all=warning uptime,level,tags
 #1: stderr all=off uptime,level,tags

Environment Variables:
PATH=C:\Python310\Scripts\;C:\Python310\;C:\Program Files\Common Files\Oracle\Java\javapath;C:\WINDOWS\system32;C:\WINDOWS;C:\WINDOWS\System32\Wbem;C:\WINDOWS\System32\WindowsPowerShell\v1.0\;C:\WINDOWS\System32\OpenSSH\;C:\MinGW\bin;D:\flutter\bin;C:\Program Files\nodejs\;C:\ProgramData\chocolatey\bin;C:\Ruby27-x64\bin;C:\Program Files\Git\cmd;C:\Users\ASUS\Downloads\platform-tools_r33.0.0-windows\platform-tools;C:\Program Files\Android\sdk;C:\Program Files\Android\sdk\platform-tools;C:\Program Files\MongoDB\Server\5.0\bin;C:\Program Files\MATLAB\R2016a\runtime\win64;C:\Program Files\MATLAB\R2016a\bin;C:\Program Files\MATLAB\R2016a\polyspace\bin;C:\Ruby27-x64\bin;C:\Users\ASUS\AppData\Local\Programs\Python\Python39\Scripts\;C:\Users\ASUS\AppData\Local\Programs\Python\Python39\;C:\Users\ASUS\AppData\Local\Microsoft\WindowsApps;C:\Users\ASUS\AppData\Local\Programs\Microsoft VS Code\bin;C:\Users\ASUS\AppData\Local\GitHubDesktop\bin;C:\Program Files\JetBrains\IntelliJ IDEA Community Edition 2021.2\bin;;C:\Users\ASUS\AppData\Roaming\npm;C:\Users\ASUS\Downloads\platform-tools_r33.0.0-windows\platform-tools;C:\Program Files\Android\sdk;C:\Program Files\Android\sdk\platform-tools;C:\Program Files\MongoDB\Server\5.0\bin;
USERNAME=ASUS
OS=Windows_NT
PROCESSOR_IDENTIFIER=Intel64 Family 6 Model 126 Stepping 5, GenuineIntel



---------------  S Y S T E M  ---------------

OS: Windows 10 , 64 bit Build 22000 (10.0.22000.708)
OS uptime: 0 days 8:02 hours

CPU:total 4 (initial active 4) (2 cores per cpu, 2 threads per core) family 6 model 126 stepping 5 microcode 0xa0, cmov, cx8, fxsr, mmx, sse, sse2, sse3, ssse3, sse4.1, sse4.2, popcnt, avx, avx2, aes, clmul, erms, 3dnowpref, lzcnt, ht, tsc, tscinvbit, bmi1, bmi2, adx, evex, sha, fma

Memory: 4k page, system-wide physical 7930M (621M free)
TotalPageFile size 9978M (AvailPageFile size 6M)
current process WorkingSet (physical memory assigned to process): 171M, peak: 172M
current process commit charge ("private bytes"): 262M, peak: 264M

vm_info: OpenJDK 64-Bit Server VM (11.0.12+7-b1504.28-7817840) for windows-amd64 JRE (11.0.12+7-b1504.28-7817840), built on Oct 13 2021 22:12:33 by "builder" with MS VC++ 14.0 (VS2015)

END.
