#
# There is insufficient memory for the Java Runtime Environment to continue.
# Native memory allocation (malloc) failed to allocate 441296 bytes for Chunk::new
# Possible reasons:
#   The system is out of physical RAM or swap space
#   The process is running with CompressedOops enabled, and the Java Heap may be blocking the growth of the native heap
# Possible solutions:
#   Reduce memory load on the system
#   Increase physical memory or swap space
#   Check if swap backing store is full
#   Decrease Java heap size (-Xmx/-Xms)
#   Decrease number of Java threads
#   Decrease Java thread stack sizes (-Xss)
#   Set larger code cache with -XX:ReservedCodeCacheSize=
#   JVM is running with Unscaled Compressed Oops mode in which the Java heap is
#     placed in the first 4GB address space. The Java Heap base address is the
#     maximum limit for the native heap growth. Please use -XX:HeapBaseMinAddress
#     to set the Java Heap base and to place the Java Heap above 4GB virtual address.
# This output file may be truncated or incomplete.
#
#  Out of Memory Error (./src/hotspot/share/memory/arena.cpp:197), pid=1492, tid=15260
#
# JRE version: OpenJDK Runtime Environment (11.0.12+7) (build 11.0.12+7-b1504.28-7817840)
# Java VM: OpenJDK 64-Bit Server VM (11.0.12+7-b1504.28-7817840, mixed mode, tiered, compressed oops, g1 gc, windows-amd64)
# No core dump will be written. Minidumps are not enabled by default on client versions of Windows
#

---------------  S U M M A R Y ------------

Command Line: --add-opens=java.base/java.util=ALL-UNNAMED --add-opens=java.base/java.lang=ALL-UNNAMED --add-opens=java.base/java.lang.invoke=ALL-UNNAMED --add-opens=java.base/java.util=ALL-UNNAMED --add-opens=java.prefs/java.util.prefs=ALL-UNNAMED --add-opens=java.prefs/java.util.prefs=ALL-UNNAMED --add-opens=java.base/java.nio.charset=ALL-UNNAMED --add-opens=java.base/java.net=ALL-UNNAMED --add-opens=java.base/java.util.concurrent.atomic=ALL-UNNAMED -Xmx2048m -Dfile.encoding=UTF-8 -Duser.country=IN -Duser.language=en -Duser.variant org.gradle.launcher.daemon.bootstrap.GradleDaemon 7.3.3

Host: Intel(R) Core(TM) i3-1005G1 CPU @ 1.20GHz, 4 cores, 7G,  Windows 10 , 64 bit Build 22000 (10.0.22000.708)
Time: Thu Aug 18 22:26:15 2022 India Standard Time elapsed time: 103.305214 seconds (0d 0h 1m 43s)

---------------  T H R E A D  ---------------

Current thread (0x00000166e6886000):  JavaThread "C2 CompilerThread0" daemon [_thread_in_native, id=15260, stack(0x000000306ea00000,0x000000306eb00000)]


Current CompileTask:
C2: 103305 13579       4       org.gradle.internal.logging.text.AbstractLineChoppingStyledTextOutput::doAppend (43 bytes)

Stack: [0x000000306ea00000,0x000000306eb00000]
Native frames: (J=compiled Java code, j=interpreted, Vv=VM code, C=native code)
V  [jvm.dll+0x5fbcea]
V  [jvm.dll+0x731905]
V  [jvm.dll+0x732f1d]
V  [jvm.dll+0x7335d3]
V  [jvm.dll+0x247bf8]
V  [jvm.dll+0xc018c]
V  [jvm.dll+0xc06cc]
V  [jvm.dll+0x35b2db]
V  [jvm.dll+0x328803]
V  [jvm.dll+0x327cfa]
V  [jvm.dll+0x200602]
V  [jvm.dll+0x1ff794]
V  [jvm.dll+0x18868c]
V  [jvm.dll+0x20e0d7]
V  [jvm.dll+0x20c901]
V  [jvm.dll+0x6f9b7f]
V  [jvm.dll+0x6f26a5]
V  [jvm.dll+0x5fabf6]
C  [ucrtbase.dll+0x26c0c]
C  [KERNEL32.DLL+0x154e0]
C  [ntdll.dll+0x485b]


---------------  P R O C E S S  ---------------

Threads class SMR info:
_java_thread_list=0x00000166ee671900, length=97, elements={
0x00000166cad0f000, 0x00000166e6863000, 0x00000166e6864000, 0x00000166e71f2800,
0x00000166e6881800, 0x00000166e6882000, 0x00000166e6886000, 0x00000166e688b000,
0x00000166e688d000, 0x00000166e7344800, 0x00000166e9aaa800, 0x00000166e990f000,
0x00000166e977e800, 0x00000166eab50000, 0x00000166e81b0800, 0x00000166e9541800,
0x00000166e93d6800, 0x00000166e940c800, 0x00000166e9539000, 0x00000166e9537800,
0x00000166e9534000, 0x00000166e9536800, 0x00000166e9535000, 0x00000166e953a800,
0x00000166e9536000, 0x00000166e9538000, 0x00000166e953a000, 0x00000166eab76800,
0x00000166eab75000, 0x00000166eab72800, 0x00000166eab70800, 0x00000166eab71800,
0x00000166eab78000, 0x00000166eab74000, 0x00000166eab79000, 0x00000166eab73000,
0x00000166eab7e800, 0x00000166eab7a800, 0x00000166eab79800, 0x00000166eab7b800,
0x00000166eab7c000, 0x00000166eab7e000, 0x00000166eab7d000, 0x00000166eab7f800,
0x00000166e7587800, 0x00000166e7588000, 0x00000166e758a000, 0x00000166e758a800,
0x00000166e758b800, 0x00000166e7585800, 0x00000166e758c800, 0x00000166e7589000,
0x00000166e7586800, 0x00000166e7590800, 0x00000166e758e800, 0x00000166e7593000,
0x00000166e7591000, 0x00000166e7592000, 0x00000166e758d000, 0x00000166e7593800,
0x00000166e758f800, 0x00000166e758e000, 0x00000166e7594800, 0x00000166ec5fc000,
0x00000166ec5fd000, 0x00000166ec5f7000, 0x00000166ec5f9800, 0x00000166ec5fd800,
0x00000166ec5f8000, 0x00000166ec5fe800, 0x00000166ec5fa800, 0x00000166ec5f8800,
0x00000166ec600000, 0x00000166ec601000, 0x00000166ec5ff800, 0x00000166ec5fb000,
0x00000166ec601800, 0x00000166ec603800, 0x00000166ec606000, 0x00000166ec604000,
0x00000166ec605000, 0x00000166e97db000, 0x00000166e97dd800, 0x00000166e97df000,
0x00000166e97de800, 0x00000166e97e0000, 0x00000166e97e0800, 0x00000166e97da000,
0x00000166e97e1800, 0x00000166e97dc000, 0x00000166e97e7800, 0x00000166e97e5000,
0x00000166e97e8000, 0x00000166e97e2800, 0x00000166e97e3000, 0x00000166e97e9000,
0x00000166e97e4000
}

Java Threads: ( => current thread )
  0x00000166cad0f000 JavaThread "main" [_thread_blocked, id=14000, stack(0x000000306de00000,0x000000306df00000)]
  0x00000166e6863000 JavaThread "Reference Handler" daemon [_thread_blocked, id=10228, stack(0x000000306e500000,0x000000306e600000)]
  0x00000166e6864000 JavaThread "Finalizer" daemon [_thread_blocked, id=12320, stack(0x000000306e600000,0x000000306e700000)]
  0x00000166e71f2800 JavaThread "Signal Dispatcher" daemon [_thread_blocked, id=1688, stack(0x000000306e700000,0x000000306e800000)]
  0x00000166e6881800 JavaThread "Attach Listener" daemon [_thread_blocked, id=8932, stack(0x000000306e800000,0x000000306e900000)]
  0x00000166e6882000 JavaThread "Service Thread" daemon [_thread_blocked, id=14496, stack(0x000000306e900000,0x000000306ea00000)]
=>0x00000166e6886000 JavaThread "C2 CompilerThread0" daemon [_thread_in_native, id=15260, stack(0x000000306ea00000,0x000000306eb00000)]
  0x00000166e688b000 JavaThread "C1 CompilerThread0" daemon [_thread_blocked, id=8708, stack(0x000000306eb00000,0x000000306ec00000)]
  0x00000166e688d000 JavaThread "Sweeper thread" daemon [_thread_blocked, id=16156, stack(0x000000306ec00000,0x000000306ed00000)]
  0x00000166e7344800 JavaThread "Common-Cleaner" daemon [_thread_blocked, id=11364, stack(0x000000306ed00000,0x000000306ee00000)]
  0x00000166e9aaa800 JavaThread "Daemon health stats" [_thread_blocked, id=16684, stack(0x000000306f100000,0x000000306f200000)]
  0x00000166e990f000 JavaThread "Incoming local TCP Connector on port 55668" [_thread_in_native, id=4384, stack(0x000000306ef00000,0x000000306f000000)]
  0x00000166e977e800 JavaThread "Daemon periodic checks" [_thread_blocked, id=18004, stack(0x000000306f200000,0x000000306f300000)]
  0x00000166eab50000 JavaThread "Daemon" [_thread_blocked, id=7028, stack(0x000000306f300000,0x000000306f400000)]
  0x00000166e81b0800 JavaThread "Handler for socket connection from /127.0.0.1:55668 to /127.0.0.1:55669" [_thread_in_native, id=14488, stack(0x000000306f400000,0x000000306f500000)]
  0x00000166e9541800 JavaThread "Cancel handler" [_thread_blocked, id=12088, stack(0x000000306f500000,0x000000306f600000)]
  0x00000166e93d6800 JavaThread "Daemon worker" [_thread_blocked, id=17768, stack(0x000000306f600000,0x000000306f700000)]
  0x00000166e940c800 JavaThread "Asynchronous log dispatcher for DefaultDaemonConnection: socket connection from /127.0.0.1:55668 to /127.0.0.1:55669" [_thread_blocked, id=8064, stack(0x000000306f700000,0x000000306f800000)]
  0x00000166e9539000 JavaThread "Daemon client event forwarder" [_thread_blocked, id=17176, stack(0x000000306f900000,0x000000306fa00000)]
  0x00000166e9537800 JavaThread "Cache worker for journal cache (C:\Users\ASUS\.gradle\caches\journal-1)" [_thread_blocked, id=16304, stack(0x000000306fc00000,0x000000306fd00000)]
  0x00000166e9534000 JavaThread "File lock request listener" [_thread_in_native, id=11916, stack(0x000000306fd00000,0x000000306fe00000)]
  0x00000166e9536800 JavaThread "Cache worker for file hash cache (C:\Users\ASUS\.gradle\caches\7.3.3\fileHashes)" [_thread_blocked, id=14716, stack(0x000000306fe00000,0x000000306ff00000)]
  0x00000166e9535000 JavaThread "Cache worker for file hash cache (D:\Android Development\LiveEdgeDetectionSDK\.gradle\7.3.3\fileHashes)" [_thread_blocked, id=12984, stack(0x000000306ff00000,0x0000003070000000)]
  0x00000166e953a800 JavaThread "File watcher server" daemon [_thread_in_native, id=3288, stack(0x0000003070100000,0x0000003070200000)]
  0x00000166e9536000 JavaThread "File watcher consumer" daemon [_thread_blocked, id=10332, stack(0x0000003070200000,0x0000003070300000)]
  0x00000166e9538000 JavaThread "Cache worker for checksums cache (D:\Android Development\LiveEdgeDetectionSDK\.gradle\7.3.3\checksums)" [_thread_blocked, id=15796, stack(0x0000003070300000,0x0000003070400000)]
  0x00000166e953a000 JavaThread "Cache worker for cache directory md-supplier (C:\Users\ASUS\.gradle\caches\7.3.3\md-supplier)" [_thread_blocked, id=4352, stack(0x0000003070400000,0x0000003070500000)]
  0x00000166eab76800 JavaThread "Cache worker for cache directory md-rule (C:\Users\ASUS\.gradle\caches\7.3.3\md-rule)" [_thread_blocked, id=13468, stack(0x0000003070500000,0x0000003070600000)]
  0x00000166eab75000 JavaThread "Cache worker for execution history cache (C:\Users\ASUS\.gradle\caches\7.3.3\executionHistory)" [_thread_blocked, id=17344, stack(0x0000003070600000,0x0000003070700000)]
  0x00000166eab72800 JavaThread "jar transforms" [_thread_blocked, id=5984, stack(0x0000003070700000,0x0000003070800000)]
  0x00000166eab70800 JavaThread "Cache worker for file content cache (C:\Users\ASUS\.gradle\caches\7.3.3\fileContent)" [_thread_blocked, id=11616, stack(0x0000003070000000,0x0000003070100000)]
  0x00000166eab71800 JavaThread "jar transforms Thread 2" [_thread_blocked, id=1840, stack(0x0000003070800000,0x0000003070900000)]
  0x00000166eab78000 JavaThread "Cache worker for dependencies-accessors (D:\Android Development\LiveEdgeDetectionSDK\.gradle\7.3.3\dependencies-accessors)" [_thread_blocked, id=13096, stack(0x0000003070a00000,0x0000003070b00000)]
  0x00000166eab74000 JavaThread "jar transforms Thread 3" [_thread_blocked, id=4720, stack(0x0000003070b00000,0x0000003070c00000)]
  0x00000166eab79000 JavaThread "Cache worker for Build Output Cleanup Cache (D:\Android Development\LiveEdgeDetectionSDK\.gradle\buildOutputCleanup)" [_thread_blocked, id=11640, stack(0x0000003070900000,0x0000003070a00000)]
  0x00000166eab73000 JavaThread "Unconstrained build operations" [_thread_blocked, id=15608, stack(0x0000003070c00000,0x0000003070d00000)]
  0x00000166eab7e800 JavaThread "Unconstrained build operations Thread 2" [_thread_blocked, id=4880, stack(0x0000003070d00000,0x0000003070e00000)]
  0x00000166eab7a800 JavaThread "Unconstrained build operations Thread 3" [_thread_blocked, id=15292, stack(0x0000003070e00000,0x0000003070f00000)]
  0x00000166eab79800 JavaThread "Unconstrained build operations Thread 4" [_thread_blocked, id=9176, stack(0x0000003070f00000,0x0000003071000000)]
  0x00000166eab7b800 JavaThread "Unconstrained build operations Thread 5" [_thread_blocked, id=16424, stack(0x0000003071000000,0x0000003071100000)]
  0x00000166eab7c000 JavaThread "Unconstrained build operations Thread 6" [_thread_blocked, id=12020, stack(0x0000003071100000,0x0000003071200000)]
  0x00000166eab7e000 JavaThread "Unconstrained build operations Thread 7" [_thread_blocked, id=10452, stack(0x0000003071200000,0x0000003071300000)]
  0x00000166eab7d000 JavaThread "Unconstrained build operations Thread 8" [_thread_blocked, id=9664, stack(0x0000003071300000,0x0000003071400000)]
  0x00000166eab7f800 JavaThread "Unconstrained build operations Thread 9" [_thread_blocked, id=4996, stack(0x0000003071400000,0x0000003071500000)]
  0x00000166e7587800 JavaThread "Unconstrained build operations Thread 10" [_thread_blocked, id=3680, stack(0x0000003071500000,0x0000003071600000)]
  0x00000166e7588000 JavaThread "Unconstrained build operations Thread 11" [_thread_blocked, id=14884, stack(0x0000003071600000,0x0000003071700000)]
  0x00000166e758a000 JavaThread "Unconstrained build operations Thread 12" [_thread_blocked, id=11048, stack(0x0000003071700000,0x0000003071800000)]
  0x00000166e758a800 JavaThread "Unconstrained build operations Thread 13" [_thread_blocked, id=3940, stack(0x0000003071800000,0x0000003071900000)]
  0x00000166e758b800 JavaThread "Unconstrained build operations Thread 14" [_thread_blocked, id=1484, stack(0x0000003071900000,0x0000003071a00000)]
  0x00000166e7585800 JavaThread "Unconstrained build operations Thread 15" [_thread_blocked, id=14704, stack(0x0000003071a00000,0x0000003071b00000)]
  0x00000166e758c800 JavaThread "Unconstrained build operations Thread 16" [_thread_blocked, id=1340, stack(0x0000003071b00000,0x0000003071c00000)]
  0x00000166e7589000 JavaThread "Unconstrained build operations Thread 17" [_thread_blocked, id=18392, stack(0x0000003071c00000,0x0000003071d00000)]
  0x00000166e7586800 JavaThread "Unconstrained build operations Thread 18" [_thread_blocked, id=9588, stack(0x0000003071d00000,0x0000003071e00000)]
  0x00000166e7590800 JavaThread "Unconstrained build operations Thread 19" [_thread_blocked, id=17016, stack(0x0000003071e00000,0x0000003071f00000)]
  0x00000166e758e800 JavaThread "Unconstrained build operations Thread 20" [_thread_blocked, id=15984, stack(0x0000003071f00000,0x0000003072000000)]
  0x00000166e7593000 JavaThread "Unconstrained build operations Thread 21" [_thread_blocked, id=12028, stack(0x0000003072000000,0x0000003072100000)]
  0x00000166e7591000 JavaThread "Unconstrained build operations Thread 22" [_thread_blocked, id=7640, stack(0x0000003072100000,0x0000003072200000)]
  0x00000166e7592000 JavaThread "Unconstrained build operations Thread 23" [_thread_blocked, id=15248, stack(0x0000003072200000,0x0000003072300000)]
  0x00000166e758d000 JavaThread "Unconstrained build operations Thread 24" [_thread_blocked, id=17096, stack(0x0000003072300000,0x0000003072400000)]
  0x00000166e7593800 JavaThread "Unconstrained build operations Thread 25" [_thread_blocked, id=3736, stack(0x0000003072400000,0x0000003072500000)]
  0x00000166e758f800 JavaThread "Unconstrained build operations Thread 26" [_thread_blocked, id=11688, stack(0x0000003072500000,0x0000003072600000)]
  0x00000166e758e000 JavaThread "Unconstrained build operations Thread 27" [_thread_blocked, id=7372, stack(0x0000003072600000,0x0000003072700000)]
  0x00000166e7594800 JavaThread "Unconstrained build operations Thread 28" [_thread_blocked, id=16416, stack(0x0000003072700000,0x0000003072800000)]
  0x00000166ec5fc000 JavaThread "Unconstrained build operations Thread 29" [_thread_blocked, id=16408, stack(0x0000003072800000,0x0000003072900000)]
  0x00000166ec5fd000 JavaThread "Unconstrained build operations Thread 30" [_thread_blocked, id=6620, stack(0x0000003072900000,0x0000003072a00000)]
  0x00000166ec5f7000 JavaThread "Unconstrained build operations Thread 31" [_thread_blocked, id=15876, stack(0x0000003072a00000,0x0000003072b00000)]
  0x00000166ec5f9800 JavaThread "Unconstrained build operations Thread 32" [_thread_blocked, id=6412, stack(0x0000003072b00000,0x0000003072c00000)]
  0x00000166ec5fd800 JavaThread "Unconstrained build operations Thread 33" [_thread_blocked, id=16440, stack(0x0000003072c00000,0x0000003072d00000)]
  0x00000166ec5f8000 JavaThread "Unconstrained build operations Thread 34" [_thread_blocked, id=2460, stack(0x0000003072d00000,0x0000003072e00000)]
  0x00000166ec5fe800 JavaThread "Unconstrained build operations Thread 35" [_thread_blocked, id=1400, stack(0x0000003072e00000,0x0000003072f00000)]
  0x00000166ec5fa800 JavaThread "Unconstrained build operations Thread 36" [_thread_blocked, id=14600, stack(0x0000003072f00000,0x0000003073000000)]
  0x00000166ec5f8800 JavaThread "Unconstrained build operations Thread 37" [_thread_blocked, id=8464, stack(0x0000003073000000,0x0000003073100000)]
  0x00000166ec600000 JavaThread "Unconstrained build operations Thread 38" [_thread_blocked, id=7244, stack(0x0000003073100000,0x0000003073200000)]
  0x00000166ec601000 JavaThread "Unconstrained build operations Thread 39" [_thread_blocked, id=4456, stack(0x0000003073200000,0x0000003073300000)]
  0x00000166ec5ff800 JavaThread "Unconstrained build operations Thread 40" [_thread_blocked, id=13048, stack(0x0000003073300000,0x0000003073400000)]
  0x00000166ec5fb000 JavaThread "jar transforms Thread 4" [_thread_blocked, id=6712, stack(0x0000003073400000,0x0000003073500000)]
  0x00000166ec601800 JavaThread "Memory manager" [_thread_blocked, id=13016, stack(0x0000003073800000,0x0000003073900000)]
  0x00000166ec603800 JavaThread "build event listener" [_thread_blocked, id=8392, stack(0x0000003073900000,0x0000003073a00000)]
  0x00000166ec606000 JavaThread "pool-3-thread-1" [_thread_blocked, id=16444, stack(0x0000003073a00000,0x0000003073b00000)]
  0x00000166ec604000 JavaThread "build event listener" [_thread_blocked, id=14864, stack(0x0000003073b00000,0x0000003073c00000)]
  0x00000166ec605000 JavaThread "Execution worker for ':'" [_thread_blocked, id=17788, stack(0x0000003073c00000,0x0000003073d00000)]
  0x00000166e97db000 JavaThread "Execution worker for ':' Thread 2" [_thread_blocked, id=14556, stack(0x0000003073d00000,0x0000003073e00000)]
  0x00000166e97dd800 JavaThread "Execution worker for ':' Thread 3" [_thread_blocked, id=16540, stack(0x0000003073e00000,0x0000003073f00000)]
  0x00000166e97df000 JavaThread "Cache worker for execution history cache (D:\Android Development\LiveEdgeDetectionSDK\.gradle\7.3.3\executionHistory)" [_thread_blocked, id=16712, stack(0x0000003073f00000,0x0000003074000000)]
  0x00000166e97de800 JavaThread "WorkerExecutor Queue" [_thread_blocked, id=7544, stack(0x000000306db00000,0x000000306dc00000)]
  0x00000166e97e0000 JavaThread "WorkerExecutor Queue Thread 2" [_thread_in_native, id=276, stack(0x000000306dc00000,0x000000306dd00000)]
  0x00000166e97e0800 JavaThread "WorkerExecutor Queue Thread 5" [_thread_blocked, id=15424, stack(0x000000306dd00000,0x000000306de00000)]
  0x00000166e97da000 JavaThread "pool-4-thread-1" [_thread_blocked, id=13424, stack(0x000000306f800000,0x000000306f900000)]
  0x00000166e97e1800 JavaThread "stderr" [_thread_in_native, id=14208, stack(0x0000003074000000,0x0000003074100000)]
  0x00000166e97dc000 JavaThread "stdout" [_thread_in_native, id=9132, stack(0x0000003074100000,0x0000003074200000)]
  0x00000166e97e7800 JavaThread "WorkerExecutor Queue Thread 6" [_thread_blocked, id=2668, stack(0x0000003074200000,0x0000003074300000)]
  0x00000166e97e5000 JavaThread "RMI Scheduler(0)" daemon [_thread_blocked, id=17700, stack(0x0000003074300000,0x0000003074400000)]
  0x00000166e97e8000 JavaThread "RMI RenewClean-[127.0.0.1:17489,org.jetbrains.kotlin.daemon.common.LoopbackNetworkInterface$ClientLoopbackSocketFactory@41d499a3]" daemon [_thread_blocked, id=16280, stack(0x0000003074400000,0x0000003074500000)]
  0x00000166e97e2800 JavaThread "RMI GC Daemon" daemon [_thread_blocked, id=17756, stack(0x0000003074500000,0x0000003074600000)]
  0x00000166e97e3000 JavaThread "RMI TCP Accept-0" daemon [_thread_in_native, id=13464, stack(0x0000003074600000,0x0000003074700000)]
  0x00000166e97e9000 JavaThread "RMI Reaper" [_thread_blocked, id=4656, stack(0x0000003074700000,0x0000003074800000)]
  0x00000166e97e4000 JavaThread "RMI TCP Connection(idle)" daemon [_thread_blocked, id=15800, stack(0x0000003074800000,0x0000003074900000)]

Other Threads:
  0x00000166e6860800 VMThread "VM Thread" [stack: 0x000000306e400000,0x000000306e500000] [id=17224]
  0x00000166e736b000 WatcherThread [stack: 0x000000306ee00000,0x000000306ef00000] [id=2080]
  0x00000166cad27800 GCTaskThread "GC Thread#0" [stack: 0x000000306df00000,0x000000306e000000] [id=10020]
  0x00000166e7c63800 GCTaskThread "GC Thread#1" [stack: 0x000000306f000000,0x000000306f100000] [id=16908]
  0x00000166e81b1000 GCTaskThread "GC Thread#2" [stack: 0x000000306fa00000,0x000000306fb00000] [id=3404]
  0x00000166e977f000 GCTaskThread "GC Thread#3" [stack: 0x000000306fb00000,0x000000306fc00000] [id=7144]
  0x00000166cad59800 ConcurrentGCThread "G1 Main Marker" [stack: 0x000000306e000000,0x000000306e100000] [id=8652]
  0x00000166cad5a800 ConcurrentGCThread "G1 Conc#0" [stack: 0x000000306e100000,0x000000306e200000] [id=16820]
  0x00000166cade9800 ConcurrentGCThread "G1 Refine#0" [stack: 0x000000306e200000,0x000000306e300000] [id=11524]
  0x00000166cadea800 ConcurrentGCThread "G1 Young RemSet Sampling" [stack: 0x000000306e300000,0x000000306e400000] [id=2420]

Threads with active compile tasks:
C2 CompilerThread0 103342 13579       4       org.gradle.internal.logging.text.AbstractLineChoppingStyledTextOutput::doAppend (43 bytes)

VM state:not at safepoint (normal execution)

VM Mutex/Monitor currently owned by a thread: None

Heap address: 0x0000000080000000, size: 2048 MB, Compressed Oops mode: 32-bit
Narrow klass base: 0x0000000000000000, Narrow klass shift: 3
Compressed class space size: 1073741824 Address: 0x0000000100000000

Heap:
 garbage-first heap   total 152576K, used 120834K [0x0000000080000000, 0x0000000100000000)
  region size 1024K, 19 young (19456K), 4 survivors (4096K)
 Metaspace       used 107210K, capacity 109634K, committed 109772K, reserved 1144832K
  class space    used 13616K, capacity 14518K, committed 14540K, reserved 1048576K
Heap Regions: E=young(eden), S=young(survivor), O=old, HS=humongous(starts), HC=humongous(continues), CS=collection set, F=free, A=archive, TAMS=top-at-mark-start (previous, next)
|   0|0x0000000080000000, 0x0000000080100000, 0x0000000080100000|100%| O|  |TAMS 0x0000000080100000, 0x0000000080000000| Untracked 
|   1|0x0000000080100000, 0x0000000080200000, 0x0000000080200000|100%| O|  |TAMS 0x0000000080200000, 0x0000000080100000| Untracked 
|   2|0x0000000080200000, 0x0000000080300000, 0x0000000080300000|100%| O|  |TAMS 0x0000000080300000, 0x0000000080200000| Untracked 
|   3|0x0000000080300000, 0x0000000080400000, 0x0000000080400000|100%|HS|  |TAMS 0x0000000080400000, 0x0000000080300000| Complete 
|   4|0x0000000080400000, 0x0000000080500000, 0x0000000080500000|100%|HC|  |TAMS 0x0000000080500000, 0x0000000080400000| Complete 
|   5|0x0000000080500000, 0x0000000080600000, 0x0000000080600000|100%|HC|  |TAMS 0x0000000080600000, 0x0000000080500000| Complete 
|   6|0x0000000080600000, 0x0000000080700000, 0x0000000080700000|100%| O|  |TAMS 0x0000000080700000, 0x0000000080600000| Untracked 
|   7|0x0000000080700000, 0x0000000080800000, 0x0000000080800000|100%| O|  |TAMS 0x0000000080800000, 0x0000000080700000| Untracked 
|   8|0x0000000080800000, 0x0000000080900000, 0x0000000080900000|100%| O|  |TAMS 0x0000000080900000, 0x0000000080800000| Untracked 
|   9|0x0000000080900000, 0x0000000080a00000, 0x0000000080a00000|100%| O|  |TAMS 0x0000000080a00000, 0x0000000080900000| Untracked 
|  10|0x0000000080a00000, 0x0000000080b00000, 0x0000000080b00000|100%| O|  |TAMS 0x0000000080b00000, 0x0000000080a00000| Untracked 
|  11|0x0000000080b00000, 0x0000000080c00000, 0x0000000080c00000|100%| O|  |TAMS 0x0000000080c00000, 0x0000000080b00000| Untracked 
|  12|0x0000000080c00000, 0x0000000080d00000, 0x0000000080d00000|100%| O|  |TAMS 0x0000000080d00000, 0x0000000080c00000| Untracked 
|  13|0x0000000080d00000, 0x0000000080e00000, 0x0000000080e00000|100%| O|  |TAMS 0x0000000080e00000, 0x0000000080d00000| Untracked 
|  14|0x0000000080e00000, 0x0000000080f00000, 0x0000000080f00000|100%| O|  |TAMS 0x0000000080f00000, 0x0000000080e00000| Untracked 
|  15|0x0000000080f00000, 0x0000000081000000, 0x0000000081000000|100%| O|  |TAMS 0x0000000081000000, 0x0000000080f00000| Untracked 
|  16|0x0000000081000000, 0x0000000081100000, 0x0000000081100000|100%|HS|  |TAMS 0x0000000081100000, 0x0000000081000000| Complete 
|  17|0x0000000081100000, 0x0000000081200000, 0x0000000081200000|100%| O|  |TAMS 0x0000000081200000, 0x0000000081100000| Untracked 
|  18|0x0000000081200000, 0x0000000081300000, 0x0000000081300000|100%| O|  |TAMS 0x0000000081300000, 0x0000000081200000| Untracked 
|  19|0x0000000081300000, 0x0000000081400000, 0x0000000081400000|100%| O|  |TAMS 0x0000000081400000, 0x0000000081300000| Untracked 
|  20|0x0000000081400000, 0x0000000081500000, 0x0000000081500000|100%| O|  |TAMS 0x0000000081500000, 0x0000000081400000| Untracked 
|  21|0x0000000081500000, 0x0000000081600000, 0x0000000081600000|100%| O|  |TAMS 0x0000000081600000, 0x0000000081500000| Untracked 
|  22|0x0000000081600000, 0x0000000081700000, 0x0000000081700000|100%| O|  |TAMS 0x0000000081700000, 0x0000000081600000| Untracked 
|  23|0x0000000081700000, 0x0000000081800000, 0x0000000081800000|100%|HS|  |TAMS 0x0000000081800000, 0x0000000081700000| Complete 
|  24|0x0000000081800000, 0x0000000081900000, 0x0000000081900000|100%|HS|  |TAMS 0x0000000081900000, 0x0000000081800000| Complete 
|  25|0x0000000081900000, 0x0000000081a00000, 0x0000000081a00000|100%|HS|  |TAMS 0x0000000081a00000, 0x0000000081900000| Complete 
|  26|0x0000000081a00000, 0x0000000081b00000, 0x0000000081b00000|100%|HC|  |TAMS 0x0000000081b00000, 0x0000000081a00000| Complete 
|  27|0x0000000081b00000, 0x0000000081c00000, 0x0000000081c00000|100%|HC|  |TAMS 0x0000000081c00000, 0x0000000081b00000| Complete 
|  28|0x0000000081c00000, 0x0000000081d00000, 0x0000000081d00000|100%|HS|  |TAMS 0x0000000081d00000, 0x0000000081c00000| Complete 
|  29|0x0000000081d00000, 0x0000000081e00000, 0x0000000081e00000|100%|HC|  |TAMS 0x0000000081e00000, 0x0000000081d00000| Complete 
|  30|0x0000000081e00000, 0x0000000081f00000, 0x0000000081f00000|100%| O|  |TAMS 0x0000000081f00000, 0x0000000081e00000| Untracked 
|  31|0x0000000081f00000, 0x0000000082000000, 0x0000000082000000|100%| O|  |TAMS 0x0000000082000000, 0x0000000081f00000| Untracked 
|  32|0x0000000082000000, 0x0000000082100000, 0x0000000082100000|100%| O|  |TAMS 0x0000000082100000, 0x0000000082000000| Untracked 
|  33|0x0000000082100000, 0x0000000082200000, 0x0000000082200000|100%| O|  |TAMS 0x0000000082200000, 0x0000000082100000| Untracked 
|  34|0x0000000082200000, 0x0000000082300000, 0x0000000082300000|100%| O|  |TAMS 0x0000000082300000, 0x0000000082200000| Untracked 
|  35|0x0000000082300000, 0x0000000082400000, 0x0000000082400000|100%| O|  |TAMS 0x0000000082400000, 0x0000000082300000| Untracked 
|  36|0x0000000082400000, 0x0000000082500000, 0x0000000082500000|100%| O|  |TAMS 0x0000000082500000, 0x0000000082400000| Untracked 
|  37|0x0000000082500000, 0x0000000082600000, 0x0000000082600000|100%| O|  |TAMS 0x0000000082600000, 0x0000000082500000| Untracked 
|  38|0x0000000082600000, 0x0000000082700000, 0x0000000082700000|100%| O|  |TAMS 0x0000000082700000, 0x0000000082600000| Untracked 
|  39|0x0000000082700000, 0x0000000082800000, 0x0000000082800000|100%| O|  |TAMS 0x0000000082800000, 0x0000000082700000| Untracked 
|  40|0x0000000082800000, 0x0000000082900000, 0x0000000082900000|100%| O|  |TAMS 0x0000000082900000, 0x0000000082800000| Untracked 
|  41|0x0000000082900000, 0x0000000082a00000, 0x0000000082a00000|100%| O|  |TAMS 0x0000000082a00000, 0x0000000082900000| Untracked 
|  42|0x0000000082a00000, 0x0000000082b00000, 0x0000000082b00000|100%| O|  |TAMS 0x0000000082b00000, 0x0000000082a00000| Untracked 
|  43|0x0000000082b00000, 0x0000000082c00000, 0x0000000082c00000|100%| O|  |TAMS 0x0000000082c00000, 0x0000000082b00000| Untracked 
|  44|0x0000000082c00000, 0x0000000082d00000, 0x0000000082d00000|100%| O|  |TAMS 0x0000000082d00000, 0x0000000082c00000| Untracked 
|  45|0x0000000082d00000, 0x0000000082e00000, 0x0000000082e00000|100%| O|  |TAMS 0x0000000082e00000, 0x0000000082d00000| Untracked 
|  46|0x0000000082e00000, 0x0000000082f00000, 0x0000000082f00000|100%| O|  |TAMS 0x0000000082f00000, 0x0000000082e00000| Untracked 
|  47|0x0000000082f00000, 0x0000000083000000, 0x0000000083000000|100%| O|  |TAMS 0x0000000083000000, 0x0000000082f00000| Untracked 
|  48|0x0000000083000000, 0x0000000083100000, 0x0000000083100000|100%| O|  |TAMS 0x0000000083100000, 0x0000000083000000| Untracked 
|  49|0x0000000083100000, 0x0000000083200000, 0x0000000083200000|100%| O|  |TAMS 0x0000000083200000, 0x0000000083100000| Untracked 
|  50|0x0000000083200000, 0x0000000083300000, 0x0000000083300000|100%| O|  |TAMS 0x0000000083300000, 0x0000000083200000| Untracked 
|  51|0x0000000083300000, 0x0000000083400000, 0x0000000083400000|100%| O|  |TAMS 0x0000000083400000, 0x0000000083300000| Untracked 
|  52|0x0000000083400000, 0x0000000083500000, 0x0000000083500000|100%| O|  |TAMS 0x0000000083500000, 0x0000000083400000| Untracked 
|  53|0x0000000083500000, 0x0000000083600000, 0x0000000083600000|100%| O|  |TAMS 0x0000000083600000, 0x0000000083500000| Untracked 
|  54|0x0000000083600000, 0x0000000083700000, 0x0000000083700000|100%| O|  |TAMS 0x0000000083700000, 0x0000000083600000| Untracked 
|  55|0x0000000083700000, 0x0000000083800000, 0x0000000083800000|100%| O|  |TAMS 0x0000000083800000, 0x0000000083700000| Untracked 
|  56|0x0000000083800000, 0x0000000083900000, 0x0000000083900000|100%| O|  |TAMS 0x0000000083900000, 0x0000000083800000| Untracked 
|  57|0x0000000083900000, 0x0000000083a00000, 0x0000000083a00000|100%| O|  |TAMS 0x0000000083a00000, 0x0000000083900000| Untracked 
|  58|0x0000000083a00000, 0x0000000083b00000, 0x0000000083b00000|100%| O|  |TAMS 0x0000000083b00000, 0x0000000083a00000| Untracked 
|  59|0x0000000083b00000, 0x0000000083c00000, 0x0000000083c00000|100%| O|  |TAMS 0x0000000083c00000, 0x0000000083b00000| Untracked 
|  60|0x0000000083c00000, 0x0000000083d00000, 0x0000000083d00000|100%| O|  |TAMS 0x0000000083d00000, 0x0000000083c00000| Untracked 
|  61|0x0000000083d00000, 0x0000000083e00000, 0x0000000083e00000|100%| O|  |TAMS 0x0000000083e00000, 0x0000000083d00000| Untracked 
|  62|0x0000000083e00000, 0x0000000083f00000, 0x0000000083f00000|100%| O|  |TAMS 0x0000000083f00000, 0x0000000083e00000| Untracked 
|  63|0x0000000083f00000, 0x0000000084000000, 0x0000000084000000|100%| O|  |TAMS 0x0000000084000000, 0x0000000083f00000| Untracked 
|  64|0x0000000084000000, 0x0000000084100000, 0x0000000084100000|100%| O|  |TAMS 0x0000000084100000, 0x0000000084000000| Untracked 
|  65|0x0000000084100000, 0x0000000084200000, 0x0000000084200000|100%| O|  |TAMS 0x0000000084200000, 0x0000000084100000| Untracked 
|  66|0x0000000084200000, 0x0000000084300000, 0x0000000084300000|100%| O|  |TAMS 0x0000000084300000, 0x0000000084200000| Untracked 
|  67|0x0000000084300000, 0x0000000084400000, 0x0000000084400000|100%| O|  |TAMS 0x0000000084400000, 0x0000000084300000| Untracked 
|  68|0x0000000084400000, 0x0000000084500000, 0x0000000084500000|100%| O|  |TAMS 0x0000000084500000, 0x0000000084400000| Untracked 
|  69|0x0000000084500000, 0x0000000084600000, 0x0000000084600000|100%| O|  |TAMS 0x0000000084600000, 0x0000000084500000| Untracked 
|  70|0x0000000084600000, 0x0000000084700000, 0x0000000084700000|100%| O|  |TAMS 0x0000000084700000, 0x0000000084600000| Untracked 
|  71|0x0000000084700000, 0x0000000084800000, 0x0000000084800000|100%| O|  |TAMS 0x0000000084800000, 0x0000000084700000| Untracked 
|  72|0x0000000084800000, 0x0000000084900000, 0x0000000084900000|100%| O|  |TAMS 0x0000000084900000, 0x0000000084800000| Untracked 
|  73|0x0000000084900000, 0x0000000084a00000, 0x0000000084a00000|100%| O|  |TAMS 0x0000000084a00000, 0x0000000084900000| Untracked 
|  74|0x0000000084a00000, 0x0000000084b00000, 0x0000000084b00000|100%| O|  |TAMS 0x0000000084b00000, 0x0000000084a00000| Untracked 
|  75|0x0000000084b00000, 0x0000000084c00000, 0x0000000084c00000|100%| O|  |TAMS 0x0000000084c00000, 0x0000000084b00000| Untracked 
|  76|0x0000000084c00000, 0x0000000084d00000, 0x0000000084d00000|100%| O|  |TAMS 0x0000000084d00000, 0x0000000084c00000| Untracked 
|  77|0x0000000084d00000, 0x0000000084e00000, 0x0000000084e00000|100%| O|  |TAMS 0x0000000084e00000, 0x0000000084d00000| Untracked 
|  78|0x0000000084e00000, 0x0000000084f00000, 0x0000000084f00000|100%| O|  |TAMS 0x0000000084f00000, 0x0000000084e00000| Untracked 
|  79|0x0000000084f00000, 0x0000000085000000, 0x0000000085000000|100%| O|  |TAMS 0x0000000085000000, 0x0000000084f00000| Untracked 
|  80|0x0000000085000000, 0x0000000085100000, 0x0000000085100000|100%| O|  |TAMS 0x0000000085100000, 0x0000000085000000| Untracked 
|  81|0x0000000085100000, 0x0000000085200000, 0x0000000085200000|100%| O|  |TAMS 0x0000000085200000, 0x0000000085100000| Untracked 
|  82|0x0000000085200000, 0x0000000085300000, 0x0000000085300000|100%| O|  |TAMS 0x0000000085300000, 0x0000000085200000| Untracked 
|  83|0x0000000085300000, 0x0000000085400000, 0x0000000085400000|100%| O|  |TAMS 0x000000008535ea00, 0x0000000085300000| Untracked 
|  84|0x0000000085400000, 0x0000000085500000, 0x0000000085500000|100%| O|  |TAMS 0x0000000085500000, 0x0000000085400000| Untracked 
|  85|0x0000000085500000, 0x0000000085600000, 0x0000000085600000|100%| O|  |TAMS 0x0000000085600000, 0x0000000085500000| Untracked 
|  86|0x0000000085600000, 0x0000000085700000, 0x0000000085700000|100%| O|  |TAMS 0x0000000085700000, 0x0000000085600000| Untracked 
|  87|0x0000000085700000, 0x0000000085800000, 0x0000000085800000|100%| O|  |TAMS 0x0000000085800000, 0x0000000085700000| Untracked 
|  88|0x0000000085800000, 0x0000000085900000, 0x0000000085900000|100%| O|  |TAMS 0x0000000085900000, 0x0000000085800000| Untracked 
|  89|0x0000000085900000, 0x0000000085a00000, 0x0000000085a00000|100%| O|  |TAMS 0x0000000085a00000, 0x0000000085900000| Untracked 
|  90|0x0000000085a00000, 0x0000000085b00000, 0x0000000085b00000|100%| O|  |TAMS 0x0000000085b00000, 0x0000000085a00000| Untracked 
|  91|0x0000000085b00000, 0x0000000085c00000, 0x0000000085c00000|100%| O|  |TAMS 0x0000000085b00000, 0x0000000085b00000| Untracked 
|  92|0x0000000085c00000, 0x0000000085d00000, 0x0000000085d00000|100%| O|  |TAMS 0x0000000085c00000, 0x0000000085c00000| Untracked 
|  93|0x0000000085d00000, 0x0000000085e00000, 0x0000000085e00000|100%| O|  |TAMS 0x0000000085d00000, 0x0000000085d00000| Untracked 
|  94|0x0000000085e00000, 0x0000000085f00000, 0x0000000085f00000|100%| O|  |TAMS 0x0000000085e00000, 0x0000000085e00000| Untracked 
|  95|0x0000000085f00000, 0x0000000086000000, 0x0000000086000000|100%| O|  |TAMS 0x0000000086000000, 0x0000000085f00000| Untracked 
|  96|0x0000000086000000, 0x0000000086100000, 0x0000000086100000|100%| O|  |TAMS 0x0000000086100000, 0x0000000086000000| Untracked 
|  97|0x0000000086100000, 0x0000000086200000, 0x0000000086200000|100%| O|  |TAMS 0x0000000086100000, 0x0000000086100000| Untracked 
|  98|0x0000000086200000, 0x0000000086300000, 0x0000000086300000|100%| O|  |TAMS 0x0000000086200000, 0x0000000086200000| Untracked 
|  99|0x0000000086300000, 0x0000000086399400, 0x0000000086400000| 59%| O|  |TAMS 0x0000000086300000, 0x0000000086300000| Untracked 
| 100|0x0000000086400000, 0x0000000086400000, 0x0000000086500000|  0%| F|  |TAMS 0x0000000086400000, 0x0000000086400000| Untracked 
| 101|0x0000000086500000, 0x0000000086600000, 0x0000000086600000|100%| O|  |TAMS 0x0000000086600000, 0x0000000086500000| Untracked 
| 102|0x0000000086600000, 0x0000000086700000, 0x0000000086700000|100%| O|  |TAMS 0x0000000086700000, 0x0000000086600000| Untracked 
| 103|0x0000000086700000, 0x0000000086700000, 0x0000000086800000|  0%| F|  |TAMS 0x0000000086700000, 0x0000000086700000| Untracked 
| 104|0x0000000086800000, 0x0000000086800000, 0x0000000086900000|  0%| F|  |TAMS 0x0000000086800000, 0x0000000086800000| Untracked 
| 105|0x0000000086900000, 0x0000000086900000, 0x0000000086a00000|  0%| F|  |TAMS 0x0000000086900000, 0x0000000086900000| Untracked 
| 106|0x0000000086a00000, 0x0000000086a00000, 0x0000000086b00000|  0%| F|  |TAMS 0x0000000086a00000, 0x0000000086a00000| Untracked 
| 107|0x0000000086b00000, 0x0000000086b00000, 0x0000000086c00000|  0%| F|  |TAMS 0x0000000086b00000, 0x0000000086b00000| Untracked 
| 108|0x0000000086c00000, 0x0000000086c00000, 0x0000000086d00000|  0%| F|  |TAMS 0x0000000086c00000, 0x0000000086c00000| Untracked 
| 109|0x0000000086d00000, 0x0000000086d00000, 0x0000000086e00000|  0%| F|  |TAMS 0x0000000086d00000, 0x0000000086d00000| Untracked 
| 110|0x0000000086e00000, 0x0000000086e00000, 0x0000000086f00000|  0%| F|  |TAMS 0x0000000086e00000, 0x0000000086e00000| Untracked 
| 111|0x0000000086f00000, 0x0000000086f00000, 0x0000000087000000|  0%| F|  |TAMS 0x0000000086f00000, 0x0000000086f00000| Untracked 
| 112|0x0000000087000000, 0x0000000087000000, 0x0000000087100000|  0%| F|  |TAMS 0x0000000087000000, 0x0000000087000000| Untracked 
| 113|0x0000000087100000, 0x0000000087100000, 0x0000000087200000|  0%| F|  |TAMS 0x0000000087100000, 0x0000000087100000| Untracked 
| 114|0x0000000087200000, 0x0000000087200000, 0x0000000087300000|  0%| F|  |TAMS 0x0000000087200000, 0x0000000087200000| Untracked 
| 115|0x0000000087300000, 0x0000000087300000, 0x0000000087400000|  0%| F|  |TAMS 0x0000000087300000, 0x0000000087300000| Untracked 
| 116|0x0000000087400000, 0x0000000087400000, 0x0000000087500000|  0%| F|  |TAMS 0x0000000087400000, 0x0000000087400000| Untracked 
| 117|0x0000000087500000, 0x0000000087500000, 0x0000000087600000|  0%| F|  |TAMS 0x0000000087500000, 0x0000000087500000| Untracked 
| 118|0x0000000087600000, 0x0000000087600000, 0x0000000087700000|  0%| F|  |TAMS 0x0000000087600000, 0x0000000087600000| Untracked 
| 119|0x0000000087700000, 0x00000000877676c8, 0x0000000087800000| 40%| S|CS|TAMS 0x0000000087700000, 0x0000000087700000| Complete 
| 120|0x0000000087800000, 0x0000000087800000, 0x0000000087900000|  0%| F|  |TAMS 0x0000000087800000, 0x0000000087800000| Untracked 
| 121|0x0000000087900000, 0x0000000087900000, 0x0000000087a00000|  0%| F|  |TAMS 0x0000000087900000, 0x0000000087900000| Untracked 
| 122|0x0000000087a00000, 0x0000000087a00000, 0x0000000087b00000|  0%| F|  |TAMS 0x0000000087a00000, 0x0000000087a00000| Untracked 
| 123|0x0000000087b00000, 0x0000000087b00000, 0x0000000087c00000|  0%| F|  |TAMS 0x0000000087b00000, 0x0000000087b00000| Untracked 
| 124|0x0000000087c00000, 0x0000000087d00000, 0x0000000087d00000|100%| S|CS|TAMS 0x0000000087c00000, 0x0000000087c00000| Complete 
| 125|0x0000000087d00000, 0x0000000087e00000, 0x0000000087e00000|100%| S|CS|TAMS 0x0000000087d00000, 0x0000000087d00000| Complete 
| 126|0x0000000087e00000, 0x0000000087f00000, 0x0000000087f00000|100%| S|CS|TAMS 0x0000000087e00000, 0x0000000087e00000| Complete 
| 127|0x0000000087f00000, 0x0000000087f00000, 0x0000000088000000|  0%| F|  |TAMS 0x0000000087f00000, 0x0000000087f00000| Untracked 
| 128|0x0000000088000000, 0x0000000088000000, 0x0000000088100000|  0%| F|  |TAMS 0x0000000088000000, 0x0000000088000000| Untracked 
| 129|0x0000000088100000, 0x0000000088100000, 0x0000000088200000|  0%| F|  |TAMS 0x0000000088100000, 0x0000000088100000| Untracked 
| 130|0x0000000088200000, 0x0000000088200000, 0x0000000088300000|  0%| F|  |TAMS 0x0000000088200000, 0x0000000088200000| Untracked 
| 131|0x0000000088300000, 0x0000000088300000, 0x0000000088400000|  0%| F|  |TAMS 0x0000000088300000, 0x0000000088300000| Untracked 
| 132|0x0000000088400000, 0x0000000088400000, 0x0000000088500000|  0%| F|  |TAMS 0x0000000088400000, 0x0000000088400000| Untracked 
| 133|0x0000000088500000, 0x0000000088500000, 0x0000000088600000|  0%| F|  |TAMS 0x0000000088500000, 0x0000000088500000| Untracked 
| 134|0x0000000088600000, 0x000000008866a410, 0x0000000088700000| 41%| E|  |TAMS 0x0000000088600000, 0x0000000088600000| Complete 
| 135|0x0000000088700000, 0x0000000088800000, 0x0000000088800000|100%| E|CS|TAMS 0x0000000088700000, 0x0000000088700000| Complete 
| 136|0x0000000088800000, 0x0000000088900000, 0x0000000088900000|100%| E|CS|TAMS 0x0000000088800000, 0x0000000088800000| Complete 
| 137|0x0000000088900000, 0x0000000088a00000, 0x0000000088a00000|100%| E|  |TAMS 0x0000000088900000, 0x0000000088900000| Complete 
| 138|0x0000000088a00000, 0x0000000088b00000, 0x0000000088b00000|100%| E|CS|TAMS 0x0000000088a00000, 0x0000000088a00000| Complete 
| 139|0x0000000088b00000, 0x0000000088c00000, 0x0000000088c00000|100%| E|CS|TAMS 0x0000000088b00000, 0x0000000088b00000| Complete 
| 140|0x0000000088c00000, 0x0000000088d00000, 0x0000000088d00000|100%| E|CS|TAMS 0x0000000088c00000, 0x0000000088c00000| Complete 
| 141|0x0000000088d00000, 0x0000000088e00000, 0x0000000088e00000|100%| E|CS|TAMS 0x0000000088d00000, 0x0000000088d00000| Complete 
| 142|0x0000000088e00000, 0x0000000088f00000, 0x0000000088f00000|100%| E|CS|TAMS 0x0000000088e00000, 0x0000000088e00000| Complete 
| 143|0x0000000088f00000, 0x0000000089000000, 0x0000000089000000|100%| E|CS|TAMS 0x0000000088f00000, 0x0000000088f00000| Complete 
| 144|0x0000000089000000, 0x0000000089100000, 0x0000000089100000|100%| E|CS|TAMS 0x0000000089000000, 0x0000000089000000| Complete 
| 145|0x0000000089100000, 0x0000000089200000, 0x0000000089200000|100%| E|CS|TAMS 0x0000000089100000, 0x0000000089100000| Complete 
| 146|0x0000000089200000, 0x0000000089300000, 0x0000000089300000|100%| E|CS|TAMS 0x0000000089200000, 0x0000000089200000| Complete 
| 147|0x0000000089300000, 0x0000000089400000, 0x0000000089400000|100%| E|CS|TAMS 0x0000000089300000, 0x0000000089300000| Complete 
| 148|0x0000000089400000, 0x0000000089500000, 0x0000000089500000|100%| E|CS|TAMS 0x0000000089400000, 0x0000000089400000| Complete 

Card table byte_map: [0x00000166dfa70000,0x00000166dfe70000] _byte_map_base: 0x00000166df670000

Marking Bits (Prev, Next): (CMBitMap*) 0x00000166cad50ae8, (CMBitMap*) 0x00000166cad50b20
 Prev Bits: [0x00000166e0270000, 0x00000166e2270000)
 Next Bits: [0x00000166e2270000, 0x00000166e4270000)

Polling page: 0x00000166caaf0000

Metaspace:

Usage:
  Non-class:     92.89 MB capacity,    91.40 MB ( 98%) used,     1.19 MB (  1%) free+waste,   299.13 KB ( <1%) overhead. 
      Class:     14.18 MB capacity,    13.30 MB ( 94%) used,   769.11 KB (  5%) free+waste,   132.50 KB ( <1%) overhead. 
       Both:    107.06 MB capacity,   104.70 MB ( 98%) used,     1.94 MB (  2%) free+waste,   431.63 KB ( <1%) overhead. 

Virtual space:
  Non-class space:       94.00 MB reserved,      93.00 MB ( 99%) committed 
      Class space:        1.00 GB reserved,      14.20 MB (  1%) committed 
             Both:        1.09 GB reserved,     107.20 MB ( 10%) committed 

Chunk freelists:
   Non-Class:  52.00 KB
       Class:  0 bytes
        Both:  52.00 KB

MaxMetaspaceSize: 17179869184.00 GB
CompressedClassSpaceSize: 1.00 GB
Initial GC threshold: 20.80 MB
Current GC threshold: 168.67 MB
CDS: off

CodeHeap 'non-profiled nmethods': size=120064Kb used=8656Kb max_used=8656Kb free=111407Kb
 bounds [0x00000166d7b10000, 0x00000166d8390000, 0x00000166df050000]
CodeHeap 'profiled nmethods': size=120000Kb used=30284Kb max_used=30284Kb free=89715Kb
 bounds [0x00000166d05e0000, 0x00000166d2380000, 0x00000166d7b10000]
CodeHeap 'non-nmethods': size=5696Kb used=2453Kb max_used=2501Kb free=3242Kb
 bounds [0x00000166d0050000, 0x00000166d02d0000, 0x00000166d05e0000]
 total_blobs=14427 nmethods=13449 adapters=890
 compilation: enabled
              stopped_count=0, restarted_count=0
 full_count=0

Compilation events (20 events):
Event: 101.177 Thread 0x00000166e688b000 13573       1       java.util.concurrent.ThreadPoolExecutor::getQueue (5 bytes)
Event: 101.177 Thread 0x00000166e688b000 nmethod 13573 0x00000166d8382690 code [0x00000166d8382840, 0x00000166d83828f8]
Event: 101.178 Thread 0x00000166e6886000 nmethod 13570 0x00000166d8382990 code [0x00000166d8382b20, 0x00000166d8382c18]
Event: 101.178 Thread 0x00000166e6886000 13571       4       java.util.stream.ReduceOps$3ReducingSink::begin (14 bytes)
Event: 101.180 Thread 0x00000166e6886000 nmethod 13571 0x00000166d8382d10 code [0x00000166d8382ea0, 0x00000166d8382ff8]
Event: 101.181 Thread 0x00000166e6886000 13572       4       java.util.stream.ReduceOps$3::getOpFlags (28 bytes)
Event: 101.182 Thread 0x00000166e6886000 nmethod 13572 0x00000166d8383090 code [0x00000166d8383240, 0x00000166d8383338]
Event: 103.175 Thread 0x00000166e688b000 13574       3       java.util.concurrent.ScheduledThreadPoolExecutor$DelayedWorkQueue::setIndex (16 bytes)
Event: 103.175 Thread 0x00000166e688b000 nmethod 13574 0x00000166d2370590 code [0x00000166d2370740, 0x00000166d2370a38]
Event: 103.233 Thread 0x00000166e6886000 13575       4       org.gradle.internal.logging.text.AbstractLineChoppingStyledTextOutput$1::execute (9 bytes)
Event: 103.235 Thread 0x00000166e688b000 13576       3       java.util.Arrays$ArrayList::toArray (47 bytes)
Event: 103.236 Thread 0x00000166e688b000 nmethod 13576 0x00000166d2370b10 code [0x00000166d2370d00, 0x00000166d2371278]
Event: 103.237 Thread 0x00000166e688b000 13580       3       java.io.FileOutputStream::write (20 bytes)
Event: 103.238 Thread 0x00000166e688b000 nmethod 13580 0x00000166d2371410 code [0x00000166d23715e0, 0x00000166d2371788]
Event: 103.239 Thread 0x00000166e688b000 13582       3       java.io.OutputStreamWriter::flushBuffer (8 bytes)
Event: 103.239 Thread 0x00000166e688b000 nmethod 13582 0x00000166d2371890 code [0x00000166d2371a40, 0x00000166d2371b68]
Event: 103.240 Thread 0x00000166e688b000 13583   !   3       java.io.PrintStream::write (83 bytes)
Event: 103.241 Thread 0x00000166e688b000 nmethod 13583 0x00000166d2371c10 code [0x00000166d2371ec0, 0x00000166d2372b78]
Event: 103.245 Thread 0x00000166e6886000 nmethod 13575 0x00000166d8383490 code [0x00000166d8383680, 0x00000166d8383ce8]
Event: 103.245 Thread 0x00000166e6886000 13579       4       org.gradle.internal.logging.text.AbstractLineChoppingStyledTextOutput::doAppend (43 bytes)

GC Heap History (20 events):
Event: 68.389 GC heap before
{Heap before GC invocations=37 (full 0):
 garbage-first heap   total 152576K, used 120195K [0x0000000080000000, 0x0000000100000000)
  region size 1024K, 24 young (24576K), 1 survivors (1024K)
 Metaspace       used 98465K, capacity 100625K, committed 100684K, reserved 1136640K
  class space    used 12518K, capacity 13353K, committed 13388K, reserved 1048576K
}
Event: 68.395 GC heap after
{Heap after GC invocations=38 (full 0):
 garbage-first heap   total 152576K, used 98452K [0x0000000080000000, 0x0000000100000000)
  region size 1024K, 2 young (2048K), 2 survivors (2048K)
 Metaspace       used 98465K, capacity 100625K, committed 100684K, reserved 1136640K
  class space    used 12518K, capacity 13353K, committed 13388K, reserved 1048576K
}
Event: 68.867 GC heap before
{Heap before GC invocations=39 (full 0):
 garbage-first heap   total 152576K, used 120980K [0x0000000080000000, 0x0000000100000000)
  region size 1024K, 25 young (25600K), 2 survivors (2048K)
 Metaspace       used 100104K, capacity 102225K, committed 102476K, reserved 1138688K
  class space    used 12736K, capacity 13545K, committed 13644K, reserved 1048576K
}
Event: 68.874 GC heap after
{Heap after GC invocations=40 (full 0):
 garbage-first heap   total 152576K, used 98985K [0x0000000080000000, 0x0000000100000000)
  region size 1024K, 2 young (2048K), 2 survivors (2048K)
 Metaspace       used 100104K, capacity 102225K, committed 102476K, reserved 1138688K
  class space    used 12736K, capacity 13545K, committed 13644K, reserved 1048576K
}
Event: 68.938 GC heap before
{Heap before GC invocations=40 (full 0):
 garbage-first heap   total 152576K, used 104105K [0x0000000080000000, 0x0000000100000000)
  region size 1024K, 7 young (7168K), 2 survivors (2048K)
 Metaspace       used 100338K, capacity 102449K, committed 102732K, reserved 1138688K
  class space    used 12768K, capacity 13577K, committed 13644K, reserved 1048576K
}
Event: 68.944 GC heap after
{Heap after GC invocations=41 (full 0):
 garbage-first heap   total 152576K, used 98296K [0x0000000080000000, 0x0000000100000000)
  region size 1024K, 1 young (1024K), 1 survivors (1024K)
 Metaspace       used 100338K, capacity 102449K, committed 102732K, reserved 1138688K
  class space    used 12768K, capacity 13577K, committed 13644K, reserved 1048576K
}
Event: 69.295 GC heap before
{Heap before GC invocations=41 (full 0):
 garbage-first heap   total 152576K, used 122872K [0x0000000080000000, 0x0000000100000000)
  region size 1024K, 25 young (25600K), 1 survivors (1024K)
 Metaspace       used 101145K, capacity 103387K, committed 103628K, reserved 1138688K
  class space    used 12843K, capacity 13675K, committed 13772K, reserved 1048576K
}
Event: 69.306 GC heap after
{Heap after GC invocations=42 (full 0):
 garbage-first heap   total 152576K, used 100529K [0x0000000080000000, 0x0000000100000000)
  region size 1024K, 3 young (3072K), 3 survivors (3072K)
 Metaspace       used 101145K, capacity 103387K, committed 103628K, reserved 1138688K
  class space    used 12843K, capacity 13675K, committed 13772K, reserved 1048576K
}
Event: 70.054 GC heap before
{Heap before GC invocations=43 (full 0):
 garbage-first heap   total 152576K, used 124081K [0x0000000080000000, 0x0000000100000000)
  region size 1024K, 27 young (27648K), 3 survivors (3072K)
 Metaspace       used 101295K, capacity 103463K, committed 103628K, reserved 1138688K
  class space    used 12854K, capacity 13678K, committed 13772K, reserved 1048576K
}
Event: 70.065 GC heap after
{Heap after GC invocations=44 (full 0):
 garbage-first heap   total 152576K, used 102517K [0x0000000080000000, 0x0000000100000000)
  region size 1024K, 2 young (2048K), 2 survivors (2048K)
 Metaspace       used 101295K, capacity 103463K, committed 103628K, reserved 1138688K
  class space    used 12854K, capacity 13678K, committed 13772K, reserved 1048576K
}
Event: 70.114 GC heap before
{Heap before GC invocations=44 (full 0):
 garbage-first heap   total 152576K, used 107637K [0x0000000080000000, 0x0000000100000000)
  region size 1024K, 7 young (7168K), 2 survivors (2048K)
 Metaspace       used 101312K, capacity 103530K, committed 103628K, reserved 1138688K
  class space    used 12857K, capacity 13679K, committed 13772K, reserved 1048576K
}
Event: 70.121 GC heap after
{Heap after GC invocations=45 (full 0):
 garbage-first heap   total 152576K, used 102300K [0x0000000080000000, 0x0000000100000000)
  region size 1024K, 1 young (1024K), 1 survivors (1024K)
 Metaspace       used 101312K, capacity 103530K, committed 103628K, reserved 1138688K
  class space    used 12857K, capacity 13679K, committed 13772K, reserved 1048576K
}
Event: 79.585 GC heap before
{Heap before GC invocations=45 (full 0):
 garbage-first heap   total 152576K, used 124828K [0x0000000080000000, 0x0000000100000000)
  region size 1024K, 24 young (24576K), 1 survivors (1024K)
 Metaspace       used 101940K, capacity 104166K, committed 104524K, reserved 1140736K
  class space    used 12927K, capacity 13765K, committed 13900K, reserved 1048576K
}
Event: 79.592 GC heap after
{Heap after GC invocations=46 (full 0):
 garbage-first heap   total 152576K, used 105085K [0x0000000080000000, 0x0000000100000000)
  region size 1024K, 3 young (3072K), 3 survivors (3072K)
 Metaspace       used 101940K, capacity 104166K, committed 104524K, reserved 1140736K
  class space    used 12927K, capacity 13765K, committed 13900K, reserved 1048576K
}
Event: 80.191 GC heap before
{Heap before GC invocations=46 (full 0):
 garbage-first heap   total 152576K, used 126589K [0x0000000080000000, 0x0000000100000000)
  region size 1024K, 25 young (25600K), 3 survivors (3072K)
 Metaspace       used 102568K, capacity 104753K, committed 105036K, reserved 1140736K
  class space    used 13008K, capacity 13832K, committed 13900K, reserved 1048576K
}
Event: 80.196 GC heap after
{Heap after GC invocations=47 (full 0):
 garbage-first heap   total 152576K, used 104248K [0x0000000080000000, 0x0000000100000000)
  region size 1024K, 2 young (2048K), 2 survivors (2048K)
 Metaspace       used 102568K, capacity 104753K, committed 105036K, reserved 1140736K
  class space    used 13008K, capacity 13832K, committed 13900K, reserved 1048576K
}
Event: 80.680 GC heap before
{Heap before GC invocations=47 (full 0):
 garbage-first heap   total 152576K, used 126776K [0x0000000080000000, 0x0000000100000000)
  region size 1024K, 25 young (25600K), 2 survivors (2048K)
 Metaspace       used 104108K, capacity 106321K, committed 106444K, reserved 1142784K
  class space    used 13172K, capacity 13992K, committed 14028K, reserved 1048576K
}
Event: 80.688 GC heap after
{Heap after GC invocations=48 (full 0):
 garbage-first heap   total 152576K, used 106141K [0x0000000080000000, 0x0000000100000000)
  region size 1024K, 4 young (4096K), 4 survivors (4096K)
 Metaspace       used 104108K, capacity 106321K, committed 106444K, reserved 1142784K
  class space    used 13172K, capacity 13992K, committed 14028K, reserved 1048576K
}
Event: 82.694 GC heap before
{Heap before GC invocations=48 (full 0):
 garbage-first heap   total 152576K, used 127645K [0x0000000080000000, 0x0000000100000000)
  region size 1024K, 26 young (26624K), 4 survivors (4096K)
 Metaspace       used 105116K, capacity 107295K, committed 107340K, reserved 1142784K
  class space    used 13287K, capacity 14138K, committed 14156K, reserved 1048576K
}
Event: 82.703 GC heap after
{Heap after GC invocations=49 (full 0):
 garbage-first heap   total 152576K, used 107522K [0x0000000080000000, 0x0000000100000000)
  region size 1024K, 4 young (4096K), 4 survivors (4096K)
 Metaspace       used 105116K, capacity 107295K, committed 107340K, reserved 1142784K
  class space    used 13287K, capacity 14138K, committed 14156K, reserved 1048576K
}

Deoptimization events (20 events):
Event: 86.669 Thread 0x00000166e97e4000 DEOPT PACKING pc=0x00000166d7ed9afc sp=0x00000030748fd9c0
Event: 86.669 Thread 0x00000166e97e4000 DEOPT UNPACKING pc=0x00000166d00585af sp=0x00000030748fd950 mode 2
Event: 86.674 Thread 0x00000166e97e4000 Uncommon trap: trap_request=0xffffffde fr.pc=0x00000166d7f84aac relative=0x000000000000010c
Event: 86.674 Thread 0x00000166e97e4000 Uncommon trap: reason=class_check action=maybe_recompile pc=0x00000166d7f84aac method=java.lang.reflect.Array.newInstance(Ljava/lang/Class;I)Ljava/lang/Object; @ 2 c2
Event: 86.674 Thread 0x00000166e97e4000 DEOPT PACKING pc=0x00000166d7f84aac sp=0x00000030748fb0c0
Event: 86.674 Thread 0x00000166e97e4000 DEOPT UNPACKING pc=0x00000166d00585af sp=0x00000030748fb058 mode 2
Event: 88.390 Thread 0x00000166e9536000 DEOPT PACKING pc=0x00000166d23367c4 sp=0x00000030702fec90
Event: 88.390 Thread 0x00000166e9536000 DEOPT UNPACKING pc=0x00000166d0099d0e sp=0x00000030702fe230 mode 0
Event: 88.469 Thread 0x00000166e9536000 DEOPT PACKING pc=0x00000166d23367c4 sp=0x00000030702fec90
Event: 88.469 Thread 0x00000166e9536000 DEOPT UNPACKING pc=0x00000166d0099d0e sp=0x00000030702fe230 mode 0
Event: 88.507 Thread 0x00000166e9536000 DEOPT PACKING pc=0x00000166d23367c4 sp=0x00000030702fec90
Event: 88.507 Thread 0x00000166e9536000 DEOPT UNPACKING pc=0x00000166d0099d0e sp=0x00000030702fe230 mode 0
Event: 103.233 Thread 0x00000166e97e0000 Uncommon trap: trap_request=0xffffffde fr.pc=0x00000166d81ebc48 relative=0x00000000000014a8
Event: 103.233 Thread 0x00000166e97e0000 Uncommon trap: reason=class_check action=maybe_recompile pc=0x00000166d81ebc48 method=org.gradle.internal.logging.sink.OutputEventTransformer.onOutput(Lorg/gradle/internal/logging/events/OutputEvent;)V @ 225 c2
Event: 103.233 Thread 0x00000166e97e0000 DEOPT PACKING pc=0x00000166d81ebc48 sp=0x000000306dcfd910
Event: 103.233 Thread 0x00000166e97e0000 DEOPT UNPACKING pc=0x00000166d00585af sp=0x000000306dcfd8f8 mode 2
Event: 103.236 Thread 0x00000166e97e0000 Uncommon trap: trap_request=0xffffffde fr.pc=0x00000166d81ebc48 relative=0x00000000000014a8
Event: 103.236 Thread 0x00000166e97e0000 Uncommon trap: reason=class_check action=maybe_recompile pc=0x00000166d81ebc48 method=org.gradle.internal.logging.sink.OutputEventTransformer.onOutput(Lorg/gradle/internal/logging/events/OutputEvent;)V @ 225 c2
Event: 103.236 Thread 0x00000166e97e0000 DEOPT PACKING pc=0x00000166d81ebc48 sp=0x000000306dcfd910
Event: 103.237 Thread 0x00000166e97e0000 DEOPT UNPACKING pc=0x00000166d00585af sp=0x000000306dcfd8f8 mode 2

Classes redefined (0 events):
No events

Internal exceptions (20 events):
Event: 86.131 Thread 0x00000166e97e0000 Exception <a 'java/lang/NoSuchMethodError'{0x0000000088c721d8}: <clinit>> (0x0000000088c721d8) thrown at [./src/hotspot/share/prims/jni.cpp, line 1365]
Event: 86.132 Thread 0x00000166e97e0000 Exception <a 'java/lang/NoSuchMethodError'{0x0000000088c7e550}: <clinit>> (0x0000000088c7e550) thrown at [./src/hotspot/share/prims/jni.cpp, line 1365]
Event: 86.153 Thread 0x00000166e97e0000 Exception <a 'java/lang/NoSuchMethodError'{0x0000000088b1eae8}: 'java.lang.Object java.lang.invoke.DirectMethodHandle$Holder.invokeSpecial(java.lang.Object, java.lang.Object, int, int, java.lang.Object, int, java.lang.Object, java.lang.Object)'> (0x0000000088b1eae8) thrown at [./src/hotspot/share/interpreter/linkResolver.cpp, line 773]
Event: 86.154 Thread 0x00000166e97e0000 Exception <a 'java/lang/NoSuchMethodError'{0x0000000088b22620}: 'java.lang.Object java.lang.invoke.DelegatingMethodHandle$Holder.reinvoke_L(java.lang.Object, int, int, java.lang.Object, int, java.lang.Object, java.lang.Object)'> (0x0000000088b22620) thrown at [./src/hotspot/share/interpreter/linkResolver.cpp, line 773]
Event: 86.157 Thread 0x00000166e97e0000 Exception <a 'java/lang/NoSuchMethodError'{0x0000000088b4da38}: 'java.lang.Object java.lang.invoke.DirectMethodHandle$Holder.invokeStatic(java.lang.Object, java.lang.Object, java.lang.Object, java.lang.Object, java.lang.Object, java.lang.Object, java.lang.Object, java.lang.Object, int)'> (0x0000000088b4da38) thrown at [./src/hotspot/share/interpreter/linkResolver.cpp, line 773]
Event: 86.159 Thread 0x00000166e97e0000 Exception <a 'java/lang/NoSuchMethodError'{0x0000000088b68c70}: 'java.lang.Object java.lang.invoke.DirectMethodHandle$Holder.invokeStatic(java.lang.Object, java.lang.Object, java.lang.Object, java.lang.Object, java.lang.Object, java.lang.Object, java.lang.Object, java.lang.Object, int, int)'> (0x0000000088b68c70) thrown at [./src/hotspot/share/interpreter/linkResolver.cpp, line 773]
Event: 86.161 Thread 0x00000166e97e0000 Exception <a 'java/lang/NoSuchMethodError'{0x0000000088b84ad0}: 'java.lang.Object java.lang.invoke.DirectMethodHandle$Holder.invokeStatic(java.lang.Object, java.lang.Object, java.lang.Object, java.lang.Object, java.lang.Object, java.lang.Object, java.lang.Object, java.lang.Object, int, int, java.lang.Object)'> (0x0000000088b84ad0) thrown at [./src/hotspot/share/interpreter/linkResolver.cpp, line 773]
Event: 86.164 Thread 0x00000166e97e0000 Exception <a 'java/lang/NoSuchMethodError'{0x0000000088ba1f08}: 'java.lang.Object java.lang.invoke.DirectMethodHandle$Holder.invokeStatic(java.lang.Object, java.lang.Object, java.lang.Object, java.lang.Object, java.lang.Object, java.lang.Object, java.lang.Object, java.lang.Object, int, int, java.lang.Object, java.lang.Object)'> (0x0000000088ba1f08) thrown at [./src/hotspot/share/interpreter/linkResolver.cpp, line 773]
Event: 86.181 Thread 0x00000166e97e0000 Exception <a 'java/lang/NoSuchMethodError'{0x0000000088bd8390}: <clinit>> (0x0000000088bd8390) thrown at [./src/hotspot/share/prims/jni.cpp, line 1365]
Event: 86.184 Thread 0x00000166e97e0000 Exception <a 'java/lang/NoSuchMethodError'{0x0000000088bfad78}: <clinit>> (0x0000000088bfad78) thrown at [./src/hotspot/share/prims/jni.cpp, line 1365]
Event: 86.212 Thread 0x00000166e97e8000 Exception <a 'java/lang/InterruptedException'{0x0000000088a28110}> (0x0000000088a28110) thrown at [./src/hotspot/share/runtime/objectMonitor.cpp, line 1635]
Event: 86.213 Thread 0x00000166e97e8000 Exception <a 'java/lang/NoSuchMethodError'{0x0000000088a30160}: 'java.lang.Object java.lang.invoke.DirectMethodHandle$Holder.invokeStatic(java.lang.Object, java.lang.Object, int, java.lang.Object, long)'> (0x0000000088a30160) thrown at [./src/hotspot/share/interpreter/linkResolver.cpp, line 773]
Event: 86.227 Thread 0x00000166e97e0000 Exception <a 'java/lang/NoSuchMethodError'{0x0000000088a45af8}: <clinit>> (0x0000000088a45af8) thrown at [./src/hotspot/share/prims/jni.cpp, line 1365]
Event: 86.228 Thread 0x00000166e97e0000 Exception <a 'java/lang/NoSuchMethodError'{0x0000000088a51bd0}: <clinit>> (0x0000000088a51bd0) thrown at [./src/hotspot/share/prims/jni.cpp, line 1365]
Event: 86.230 Thread 0x00000166e97e0000 Exception <a 'java/lang/NoSuchMethodError'{0x0000000088a5eea0}: <clinit>> (0x0000000088a5eea0) thrown at [./src/hotspot/share/prims/jni.cpp, line 1365]
Event: 86.237 Thread 0x00000166e97e0000 Exception <a 'java/lang/NoSuchMethodError'{0x0000000088a75178}: <clinit>> (0x0000000088a75178) thrown at [./src/hotspot/share/prims/jni.cpp, line 1365]
Event: 86.277 Thread 0x00000166e97e0000 Exception <a 'java/lang/NoSuchMethodError'{0x00000000889a0150}: <clinit>> (0x00000000889a0150) thrown at [./src/hotspot/share/prims/jni.cpp, line 1365]
Event: 86.662 Thread 0x00000166e97e4000 Exception <a 'java/lang/NoSuchMethodError'{0x000000008876fce8}: 'java.lang.Object java.lang.invoke.DirectMethodHandle$Holder.invokeStatic(java.lang.Object, java.lang.Object, java.lang.Object, java.lang.Object, java.lang.Object, java.lang.Object, java.lang.Object, java.lang.Object, java.lang.Object, java.lang.Object, java.lang.Object, java.lang.Object, java.lang.Object, int)'> (0x000000008876fce8) thrown at [./src/hotspot/share/interpreter/linkResolver.cpp, line 773]
Event: 86.664 Thread 0x00000166e97e4000 Exception <a 'java/lang/NoSuchMethodError'{0x000000008877cf08}: 'java.lang.Object java.lang.invoke.DirectMethodHandle$Holder.invokeStatic(java.lang.Object, java.lang.Object, java.lang.Object, java.lang.Object, java.lang.Object, java.lang.Object, java.lang.Object, java.lang.Object, java.lang.Object, java.lang.Object, java.lang.Object, java.lang.Object, java.lang.Object, int, int)'> (0x000000008877cf08) thrown at [./src/hotspot/share/interpreter/linkResolver.cpp, line 773]
Event: 103.232 Thread 0x00000166e97e0000 Exception <a 'sun/net/ConnectionResetException'{0x0000000088719e10}: > (0x0000000088719e10) thrown at [./src/hotspot/share/prims/jni.cpp, line 636]

Events (20 events):
Event: 101.224 Executing VM operation: RevokeBias
Event: 101.225 Executing VM operation: RevokeBias done
Event: 101.225 Executing VM operation: RevokeBias
Event: 101.225 Executing VM operation: RevokeBias done
Event: 101.225 Executing VM operation: RevokeBias
Event: 101.225 Executing VM operation: RevokeBias done
Event: 101.227 Executing VM operation: RevokeBias
Event: 101.227 Executing VM operation: RevokeBias done
Event: 103.232 loading class sun/net/ConnectionResetException
Event: 103.232 loading class sun/net/ConnectionResetException done
Event: 103.233 loading class org/jetbrains/kotlin/gradle/utils/ErrorUtilsKt
Event: 103.233 loading class org/jetbrains/kotlin/gradle/utils/ErrorUtilsKt done
Event: 103.234 loading class java/lang/Throwable$WrappedPrintWriter
Event: 103.234 loading class java/lang/Throwable$PrintStreamOrWriter
Event: 103.234 loading class java/lang/Throwable$PrintStreamOrWriter done
Event: 103.234 loading class java/lang/Throwable$WrappedPrintWriter done
Event: 103.239 loading class org/gradle/internal/serialize/Message
Event: 103.239 loading class org/gradle/internal/serialize/Message done
Event: 103.241 loading class org/gradle/internal/serialize/ExceptionReplacingObjectOutputStream$1
Event: 103.241 loading class org/gradle/internal/serialize/ExceptionReplacingObjectOutputStream$1 done


Dynamic libraries:
0x00007ff620230000 - 0x00007ff62023a000 	C:\Program Files\Android\Android Studio\jre\bin\java.exe
0x00007ff878ee0000 - 0x00007ff8790e9000 	C:\WINDOWS\SYSTEM32\ntdll.dll
0x00007ff877fa0000 - 0x00007ff87805d000 	C:\WINDOWS\System32\KERNEL32.DLL
0x00007ff8769f0000 - 0x00007ff876d69000 	C:\WINDOWS\System32\KERNELBASE.dll
0x00007ff876680000 - 0x00007ff876791000 	C:\WINDOWS\System32\ucrtbase.dll
0x00007ff854c00000 - 0x00007ff854c17000 	C:\Program Files\Android\Android Studio\jre\bin\VCRUNTIME140.dll
0x00007ff8470b0000 - 0x00007ff8470c9000 	C:\Program Files\Android\Android Studio\jre\bin\jli.dll
0x00007ff877d40000 - 0x00007ff877eec000 	C:\WINDOWS\System32\USER32.dll
0x00007ff85bce0000 - 0x00007ff85bf85000 	C:\WINDOWS\WinSxS\amd64_microsoft.windows.common-controls_6595b64144ccf1df_6.0.22000.120_none_9d947278b86cc467\COMCTL32.dll
0x00007ff876460000 - 0x00007ff876486000 	C:\WINDOWS\System32\win32u.dll
0x00007ff878c60000 - 0x00007ff878d03000 	C:\WINDOWS\System32\msvcrt.dll
0x00007ff878200000 - 0x00007ff878229000 	C:\WINDOWS\System32\GDI32.dll
0x00007ff8768d0000 - 0x00007ff8769e2000 	C:\WINDOWS\System32\gdi32full.dll
0x00007ff8763c0000 - 0x00007ff87645d000 	C:\WINDOWS\System32\msvcp_win.dll
0x00007ff8773f0000 - 0x00007ff877421000 	C:\WINDOWS\System32\IMM32.DLL
0x00007ff80dc60000 - 0x00007ff80dcfd000 	C:\Program Files\Android\Android Studio\jre\bin\msvcp140.dll
0x00007ffffde20000 - 0x00007ffffe905000 	C:\Program Files\Android\Android Studio\jre\bin\server\jvm.dll
0x00007ff877720000 - 0x00007ff8777ce000 	C:\WINDOWS\System32\ADVAPI32.dll
0x00007ff876f60000 - 0x00007ff876ffe000 	C:\WINDOWS\System32\sechost.dll
0x00007ff878d80000 - 0x00007ff878ea0000 	C:\WINDOWS\System32\RPCRT4.dll
0x00007ff877590000 - 0x00007ff877598000 	C:\WINDOWS\System32\PSAPI.DLL
0x00007ff852d40000 - 0x00007ff852d49000 	C:\WINDOWS\SYSTEM32\WSOCK32.dll
0x00007ff868890000 - 0x00007ff8688c3000 	C:\WINDOWS\SYSTEM32\WINMM.dll
0x00007ff86dea0000 - 0x00007ff86deaa000 	C:\WINDOWS\SYSTEM32\VERSION.dll
0x00007ff877430000 - 0x00007ff87749f000 	C:\WINDOWS\System32\WS2_32.dll
0x00007ff8754c0000 - 0x00007ff8754d8000 	C:\WINDOWS\SYSTEM32\kernel.appcore.dll
0x00007ff858340000 - 0x00007ff858351000 	C:\Program Files\Android\Android Studio\jre\bin\verify.dll
0x00007ff873cf0000 - 0x00007ff873f11000 	C:\WINDOWS\SYSTEM32\DBGHELP.DLL
0x00007ff850cc0000 - 0x00007ff850cf1000 	C:\WINDOWS\SYSTEM32\dbgcore.DLL
0x00007ff876600000 - 0x00007ff87667f000 	C:\WINDOWS\System32\bcryptPrimitives.dll
0x00007ff8568d0000 - 0x00007ff8568f9000 	C:\Program Files\Android\Android Studio\jre\bin\java.dll
0x00007ff8641a0000 - 0x00007ff8641ab000 	C:\Program Files\Android\Android Studio\jre\bin\jimage.dll
0x00007ff854e30000 - 0x00007ff854e48000 	C:\Program Files\Android\Android Studio\jre\bin\zip.dll
0x00007ff878310000 - 0x00007ff878ac8000 	C:\WINDOWS\System32\SHELL32.dll
0x00007ff874530000 - 0x00007ff874d97000 	C:\WINDOWS\SYSTEM32\windows.storage.dll
0x00007ff877060000 - 0x00007ff8773d9000 	C:\WINDOWS\System32\combase.dll
0x00007ff8743c0000 - 0x00007ff874526000 	C:\WINDOWS\SYSTEM32\wintypes.dll
0x00007ff8774a0000 - 0x00007ff87758a000 	C:\WINDOWS\System32\SHCORE.dll
0x00007ff8775a0000 - 0x00007ff8775fd000 	C:\WINDOWS\System32\shlwapi.dll
0x00007ff8762f0000 - 0x00007ff876311000 	C:\WINDOWS\SYSTEM32\profapi.dll
0x00007ff853f30000 - 0x00007ff853f4a000 	C:\Program Files\Android\Android Studio\jre\bin\net.dll
0x00007ff86e090000 - 0x00007ff86e19c000 	C:\WINDOWS\SYSTEM32\WINHTTP.dll
0x00007ff8758f0000 - 0x00007ff875957000 	C:\WINDOWS\system32\mswsock.dll
0x00007ff853f10000 - 0x00007ff853f24000 	C:\Program Files\Android\Android Studio\jre\bin\nio.dll
0x00007ff858520000 - 0x00007ff858547000 	C:\Users\ASUS\.gradle\native\e1d6ef7f7dcc3fd88c89a11ec53ec762bb8ba0a96d01ffa2cd45eb1d1d8dd5c5\windows-amd64\native-platform.dll
0x00007ffff5a40000 - 0x00007ffff5b84000 	C:\Users\ASUS\.gradle\native\5664cfc778a61ccfe75a443a1ab52a65af34e5dc3c78e0209fed803814484fcb\windows-amd64\native-platform-file-events.dll
0x00007ff85f5e0000 - 0x00007ff85f5ea000 	C:\Program Files\Android\Android Studio\jre\bin\management.dll
0x00007ff859460000 - 0x00007ff85946d000 	C:\Program Files\Android\Android Studio\jre\bin\management_ext.dll
0x00007ff875ba0000 - 0x00007ff875bb8000 	C:\WINDOWS\SYSTEM32\CRYPTSP.dll
0x00007ff875420000 - 0x00007ff875455000 	C:\WINDOWS\system32\rsaenh.dll
0x00007ff8759e0000 - 0x00007ff875a09000 	C:\WINDOWS\SYSTEM32\USERENV.dll
0x00007ff875d20000 - 0x00007ff875d47000 	C:\WINDOWS\SYSTEM32\bcrypt.dll
0x00007ff875bc0000 - 0x00007ff875bcc000 	C:\WINDOWS\SYSTEM32\CRYPTBASE.dll
0x00007ff875030000 - 0x00007ff87505d000 	C:\WINDOWS\SYSTEM32\IPHLPAPI.DLL
0x00007ff8773e0000 - 0x00007ff8773e9000 	C:\WINDOWS\System32\NSI.dll
0x00007ff86deb0000 - 0x00007ff86dec9000 	C:\WINDOWS\SYSTEM32\dhcpcsvc6.DLL
0x00007ff86e2f0000 - 0x00007ff86e30e000 	C:\WINDOWS\SYSTEM32\dhcpcsvc.DLL
0x00007ff875060000 - 0x00007ff875148000 	C:\WINDOWS\SYSTEM32\DNSAPI.dll
0x00007ff873860000 - 0x00007ff873894000 	C:\WINDOWS\SYSTEM32\ntmarta.dll
0x00007ff856870000 - 0x00007ff85688e000 	C:\Users\ASUS\AppData\Local\Temp\native-platform9147899513139949488dir\native-platform.dll
0x00007ff872cf0000 - 0x00007ff872cf8000 	C:\Program Files\Android\Android Studio\jre\bin\rmi.dll

dbghelp: loaded successfully - version: 4.0.5 - missing functions: none
symbol engine: initialized successfully - sym options: 0x614 - pdb path: .;C:\Program Files\Android\Android Studio\jre\bin;C:\WINDOWS\SYSTEM32;C:\WINDOWS\WinSxS\amd64_microsoft.windows.common-controls_6595b64144ccf1df_6.0.22000.120_none_9d947278b86cc467;C:\Program Files\Android\Android Studio\jre\bin\server;C:\Users\ASUS\.gradle\native\e1d6ef7f7dcc3fd88c89a11ec53ec762bb8ba0a96d01ffa2cd45eb1d1d8dd5c5\windows-amd64;C:\Users\ASUS\.gradle\native\5664cfc778a61ccfe75a443a1ab52a65af34e5dc3c78e0209fed803814484fcb\windows-amd64;C:\Users\ASUS\AppData\Local\Temp\native-platform9147899513139949488dir

VM Arguments:
jvm_args: --add-opens=java.base/java.util=ALL-UNNAMED --add-opens=java.base/java.lang=ALL-UNNAMED --add-opens=java.base/java.lang.invoke=ALL-UNNAMED --add-opens=java.base/java.util=ALL-UNNAMED --add-opens=java.prefs/java.util.prefs=ALL-UNNAMED --add-opens=java.prefs/java.util.prefs=ALL-UNNAMED --add-opens=java.base/java.nio.charset=ALL-UNNAMED --add-opens=java.base/java.net=ALL-UNNAMED --add-opens=java.base/java.util.concurrent.atomic=ALL-UNNAMED -Xmx2048m -Dfile.encoding=UTF-8 -Duser.country=IN -Duser.language=en -Duser.variant 
java_command: org.gradle.launcher.daemon.bootstrap.GradleDaemon 7.3.3
java_class_path (initial): C:\Users\ASUS\.gradle\wrapper\dists\gradle-7.3.3-bin\6a41zxkdtcxs8rphpq6y0069z\gradle-7.3.3\lib\gradle-launcher-7.3.3.jar
Launcher Type: SUN_STANDARD

[Global flags]
     intx CICompilerCount                          = 3                                         {product} {ergonomic}
     uint ConcGCThreads                            = 1                                         {product} {ergonomic}
     uint G1ConcRefinementThreads                  = 4                                         {product} {ergonomic}
   size_t G1HeapRegionSize                         = 1048576                                   {product} {ergonomic}
    uintx GCDrainStackTargetSize                   = 64                                        {product} {ergonomic}
   size_t InitialHeapSize                          = 130023424                                 {product} {ergonomic}
   size_t MarkStackSize                            = 4194304                                   {product} {ergonomic}
   size_t MaxHeapSize                              = 2147483648                                {product} {command line}
   size_t MaxNewSize                               = 1287651328                                {product} {ergonomic}
   size_t MinHeapDeltaBytes                        = 1048576                                   {product} {ergonomic}
    uintx NonNMethodCodeHeapSize                   = 5830732                                {pd product} {ergonomic}
    uintx NonProfiledCodeHeapSize                  = 122913754                              {pd product} {ergonomic}
    uintx ProfiledCodeHeapSize                     = 122913754                              {pd product} {ergonomic}
    uintx ReservedCodeCacheSize                    = 251658240                              {pd product} {ergonomic}
     bool SegmentedCodeCache                       = true                                      {product} {ergonomic}
     bool UseCompressedClassPointers               = true                                 {lp64_product} {ergonomic}
     bool UseCompressedOops                        = true                                 {lp64_product} {ergonomic}
     bool UseG1GC                                  = true                                      {product} {ergonomic}
     bool UseLargePagesIndividualAllocation        = false                                  {pd product} {ergonomic}

Logging:
Log output configuration:
 #0: stdout all=warning uptime,level,tags
 #1: stderr all=off uptime,level,tags

Environment Variables:
PATH=C:\Python310\Scripts\;C:\Python310\;C:\Program Files\Common Files\Oracle\Java\javapath;C:\WINDOWS\system32;C:\WINDOWS;C:\WINDOWS\System32\Wbem;C:\WINDOWS\System32\WindowsPowerShell\v1.0\;C:\WINDOWS\System32\OpenSSH\;C:\MinGW\bin;D:\flutter\bin;C:\Program Files\nodejs\;C:\ProgramData\chocolatey\bin;C:\Ruby27-x64\bin;C:\Program Files\Git\cmd;C:\Users\ASUS\Downloads\platform-tools_r33.0.0-windows\platform-tools;C:\Program Files\Android\sdk;C:\Program Files\Android\sdk\platform-tools;C:\Program Files\MongoDB\Server\5.0\bin;C:\Program Files\MATLAB\R2016a\runtime\win64;C:\Program Files\MATLAB\R2016a\bin;C:\Program Files\MATLAB\R2016a\polyspace\bin;C:\Ruby27-x64\bin;C:\Users\ASUS\AppData\Local\Programs\Python\Python39\Scripts\;C:\Users\ASUS\AppData\Local\Programs\Python\Python39\;C:\Users\ASUS\AppData\Local\Microsoft\WindowsApps;C:\Users\ASUS\AppData\Local\Programs\Microsoft VS Code\bin;C:\Users\ASUS\AppData\Local\GitHubDesktop\bin;C:\Program Files\JetBrains\IntelliJ IDEA Community Edition 2021.2\bin;;C:\Users\ASUS\AppData\Roaming\npm;C:\Users\ASUS\Downloads\platform-tools_r33.0.0-windows\platform-tools;C:\Program Files\Android\sdk;C:\Program Files\Android\sdk\platform-tools;C:\Program Files\MongoDB\Server\5.0\bin;
USERNAME=ASUS
OS=Windows_NT
PROCESSOR_IDENTIFIER=Intel64 Family 6 Model 126 Stepping 5, GenuineIntel



---------------  S Y S T E M  ---------------

OS: Windows 10 , 64 bit Build 22000 (10.0.22000.708)
OS uptime: 0 days 3:57 hours

CPU:total 4 (initial active 4) (2 cores per cpu, 2 threads per core) family 6 model 126 stepping 5 microcode 0xa0, cmov, cx8, fxsr, mmx, sse, sse2, sse3, ssse3, sse4.1, sse4.2, popcnt, avx, avx2, aes, clmul, erms, 3dnowpref, lzcnt, ht, tsc, tscinvbit, bmi1, bmi2, adx, evex, sha, fma

Memory: 4k page, system-wide physical 7930M (264M free)
TotalPageFile size 9978M (AvailPageFile size 5M)
current process WorkingSet (physical memory assigned to process): 413M, peak: 432M
current process commit charge ("private bytes"): 442M, peak: 462M

vm_info: OpenJDK 64-Bit Server VM (11.0.12+7-b1504.28-7817840) for windows-amd64 JRE (11.0.12+7-b1504.28-7817840), built on Oct 13 2021 22:12:33 by "builder" with MS VC++ 14.0 (VS2015)

END.
