#
# There is insufficient memory for the Java Runtime Environment to continue.
# Native memory allocation (malloc) failed to allocate 1184336 bytes for Chunk::new
# Possible reasons:
#   The system is out of physical RAM or swap space
#   The process is running with CompressedOops enabled, and the Java Heap may be blocking the growth of the native heap
# Possible solutions:
#   Reduce memory load on the system
#   Increase physical memory or swap space
#   Check if swap backing store is full
#   Decrease Java heap size (-Xmx/-Xms)
#   Decrease number of Java threads
#   Decrease Java thread stack sizes (-Xss)
#   Set larger code cache with -XX:ReservedCodeCacheSize=
#   JVM is running with Unscaled Compressed Oops mode in which the Java heap is
#     placed in the first 4GB address space. The Java Heap base address is the
#     maximum limit for the native heap growth. Please use -XX:HeapBaseMinAddress
#     to set the Java Heap base and to place the Java Heap above 4GB virtual address.
# This output file may be truncated or incomplete.
#
#  Out of Memory Error (./src/hotspot/share/memory/arena.cpp:197), pid=9896, tid=13172
#
# JRE version: OpenJDK Runtime Environment (11.0.12+7) (build 11.0.12+7-b1504.28-7817840)
# Java VM: OpenJDK 64-Bit Server VM (11.0.12+7-b1504.28-7817840, mixed mode, tiered, compressed oops, g1 gc, windows-amd64)
# No core dump will be written. Minidumps are not enabled by default on client versions of Windows
#

---------------  S U M M A R Y ------------

Command Line: org.jetbrains.kotlin.cli.jvm.K2JVMCompiler @D:\Android Development\LiveEdgeDetectionSDK\app\build\20220817_15444191113278064443.compiler.options

Host: Intel(R) Core(TM) i3-1005G1 CPU @ 1.20GHz, 4 cores, 7G,  Windows 10 , 64 bit Build 22000 (10.0.22000.708)
Time: Wed Aug 17 02:16:46 2022 India Standard Time elapsed time: 8.994485 seconds (0d 0h 0m 8s)

---------------  T H R E A D  ---------------

Current thread (0x0000029cfdcea800):  JavaThread "C2 CompilerThread1" daemon [_thread_in_native, id=13172, stack(0x000000b821700000,0x000000b821800000)]


Current CompileTask:
C2:   8994 7609       4       org.jetbrains.org.objectweb.asm.ClassReader::readMethod (1061 bytes)

Stack: [0x000000b821700000,0x000000b821800000]
Native frames: (J=compiled Java code, j=interpreted, Vv=VM code, C=native code)
V  [jvm.dll+0x5fbcea]
V  [jvm.dll+0x731905]
V  [jvm.dll+0x732f1d]
V  [jvm.dll+0x7335d3]
V  [jvm.dll+0x247bf8]
V  [jvm.dll+0xc018c]
V  [jvm.dll+0xc06cc]
V  [jvm.dll+0x35b31d]
V  [jvm.dll+0x19cebc]
V  [jvm.dll+0x20070e]
V  [jvm.dll+0x1ff794]
V  [jvm.dll+0x18868c]
V  [jvm.dll+0x20e0d7]
V  [jvm.dll+0x20c901]
V  [jvm.dll+0x6f9b7f]
V  [jvm.dll+0x6f26a5]
V  [jvm.dll+0x5fabf6]
C  [ucrtbase.dll+0x26c0c]
C  [KERNEL32.DLL+0x154e0]
C  [ntdll.dll+0x485b]


---------------  P R O C E S S  ---------------

Threads class SMR info:
_java_thread_list=0x0000029cfe9c87f0, length=11, elements={
0x0000029ce1021000, 0x0000029cfc925800, 0x0000029cfc929000, 0x0000029cfc948800,
0x0000029cfc94b000, 0x0000029cfc94d000, 0x0000029cfc94e800, 0x0000029cfc953800,
0x0000029cfc95d000, 0x0000029cfd41e000, 0x0000029cfdcea800
}

Java Threads: ( => current thread )
  0x0000029ce1021000 JavaThread "main" [_thread_in_Java, id=8512, stack(0x000000b820600000,0x000000b820700000)]
  0x0000029cfc925800 JavaThread "Reference Handler" daemon [_thread_blocked, id=9552, stack(0x000000b820d00000,0x000000b820e00000)]
  0x0000029cfc929000 JavaThread "Finalizer" daemon [_thread_blocked, id=15680, stack(0x000000b820e00000,0x000000b820f00000)]
  0x0000029cfc948800 JavaThread "Signal Dispatcher" daemon [_thread_blocked, id=8936, stack(0x000000b820f00000,0x000000b821000000)]
  0x0000029cfc94b000 JavaThread "Attach Listener" daemon [_thread_blocked, id=6088, stack(0x000000b821000000,0x000000b821100000)]
  0x0000029cfc94d000 JavaThread "Service Thread" daemon [_thread_blocked, id=16164, stack(0x000000b821100000,0x000000b821200000)]
  0x0000029cfc94e800 JavaThread "C2 CompilerThread0" daemon [_thread_in_native, id=10692, stack(0x000000b821200000,0x000000b821300000)]
  0x0000029cfc953800 JavaThread "C1 CompilerThread0" daemon [_thread_in_native, id=12888, stack(0x000000b821300000,0x000000b821400000)]
  0x0000029cfc95d000 JavaThread "Sweeper thread" daemon [_thread_blocked, id=10988, stack(0x000000b821400000,0x000000b821500000)]
  0x0000029cfd41e000 JavaThread "Common-Cleaner" daemon [_thread_blocked, id=9696, stack(0x000000b821600000,0x000000b821700000)]
=>0x0000029cfdcea800 JavaThread "C2 CompilerThread1" daemon [_thread_in_native, id=13172, stack(0x000000b821700000,0x000000b821800000)]

Other Threads:
  0x0000029cfc900800 VMThread "VM Thread" [stack: 0x000000b820c00000,0x000000b820d00000] [id=10216]
  0x0000029cfd419000 WatcherThread [stack: 0x000000b821500000,0x000000b821600000] [id=8580]
  0x0000029ce1038800 GCTaskThread "GC Thread#0" [stack: 0x000000b820700000,0x000000b820800000] [id=13100]
  0x0000029cfda01800 GCTaskThread "GC Thread#1" [stack: 0x000000b821800000,0x000000b821900000] [id=1912]
  0x0000029c80ce9800 GCTaskThread "GC Thread#2" [stack: 0x000000b821900000,0x000000b821a00000] [id=9512]
  0x0000029ce1069000 ConcurrentGCThread "G1 Main Marker" [stack: 0x000000b820800000,0x000000b820900000] [id=14684]
  0x0000029ce106a800 ConcurrentGCThread "G1 Conc#0" [stack: 0x000000b820900000,0x000000b820a00000] [id=10748]
  0x0000029ce10eb000 ConcurrentGCThread "G1 Refine#0" [stack: 0x000000b820a00000,0x000000b820b00000] [id=17036]
  0x0000029ce10ec000 ConcurrentGCThread "G1 Young RemSet Sampling" [stack: 0x000000b820b00000,0x000000b820c00000] [id=4744]

Threads with active compile tasks:
C2 CompilerThread0   9010 7690       4       org.jetbrains.kotlin.protobuf.LazyStringArrayList::get (101 bytes)
C1 CompilerThread0   9010 7749       3       org.jetbrains.kotlin.backend.common.serialization.mangle.descriptor.DescriptorExportCheckerVisitor::check (10 bytes)
C2 CompilerThread1   9010 7609       4       org.jetbrains.org.objectweb.asm.ClassReader::readMethod (1061 bytes)

VM state:not at safepoint (normal execution)

VM Mutex/Monitor currently owned by a thread: None

Heap address: 0x0000000084000000, size: 1984 MB, Compressed Oops mode: 32-bit
Narrow klass base: 0x0000000000000000, Narrow klass shift: 3
Compressed class space size: 1073741824 Address: 0x0000000100000000

Heap:
 garbage-first heap   total 155648K, used 51669K [0x0000000084000000, 0x0000000100000000)
  region size 1024K, 10 young (10240K), 8 survivors (8192K)
 Metaspace       used 67943K, capacity 68784K, committed 68892K, reserved 1110016K
  class space    used 7795K, capacity 8128K, committed 8140K, reserved 1048576K
Heap Regions: E=young(eden), S=young(survivor), O=old, HS=humongous(starts), HC=humongous(continues), CS=collection set, F=free, A=archive, TAMS=top-at-mark-start (previous, next)
|   0|0x0000000084000000, 0x0000000084100000, 0x0000000084100000|100%|HS|  |TAMS 0x0000000084100000, 0x0000000084000000| Complete 
|   1|0x0000000084100000, 0x0000000084200000, 0x0000000084200000|100%|HC|  |TAMS 0x0000000084200000, 0x0000000084100000| Complete 
|   2|0x0000000084200000, 0x0000000084300000, 0x0000000084300000|100%|HC|  |TAMS 0x0000000084300000, 0x0000000084200000| Complete 
|   3|0x0000000084300000, 0x0000000084400000, 0x0000000084400000|100%| O|  |TAMS 0x0000000084400000, 0x0000000084300000| Untracked 
|   4|0x0000000084400000, 0x0000000084500000, 0x0000000084500000|100%| O|  |TAMS 0x0000000084500000, 0x0000000084400000| Untracked 
|   5|0x0000000084500000, 0x0000000084600000, 0x0000000084600000|100%|HS|  |TAMS 0x0000000084600000, 0x0000000084500000| Complete 
|   6|0x0000000084600000, 0x0000000084700000, 0x0000000084700000|100%|HC|  |TAMS 0x0000000084700000, 0x0000000084600000| Complete 
|   7|0x0000000084700000, 0x0000000084800000, 0x0000000084800000|100%|HC|  |TAMS 0x0000000084800000, 0x0000000084700000| Complete 
|   8|0x0000000084800000, 0x0000000084900000, 0x0000000084900000|100%|HS|  |TAMS 0x0000000084900000, 0x0000000084800000| Complete 
|   9|0x0000000084900000, 0x0000000084a00000, 0x0000000084a00000|100%|HC|  |TAMS 0x0000000084a00000, 0x0000000084900000| Complete 
|  10|0x0000000084a00000, 0x0000000084b00000, 0x0000000084b00000|100%| O|  |TAMS 0x0000000084b00000, 0x0000000084a00000| Untracked 
|  11|0x0000000084b00000, 0x0000000084c00000, 0x0000000084c00000|100%| O|  |TAMS 0x0000000084c00000, 0x0000000084b00000| Untracked 
|  12|0x0000000084c00000, 0x0000000084d00000, 0x0000000084d00000|100%| O|  |TAMS 0x0000000084d00000, 0x0000000084c00000| Untracked 
|  13|0x0000000084d00000, 0x0000000084e00000, 0x0000000084e00000|100%| O|  |TAMS 0x0000000084e00000, 0x0000000084d00000| Untracked 
|  14|0x0000000084e00000, 0x0000000084f00000, 0x0000000084f00000|100%| O|  |TAMS 0x0000000084f00000, 0x0000000084e00000| Untracked 
|  15|0x0000000084f00000, 0x0000000085000000, 0x0000000085000000|100%| O|  |TAMS 0x0000000085000000, 0x0000000084f00000| Untracked 
|  16|0x0000000085000000, 0x0000000085100000, 0x0000000085100000|100%| O|  |TAMS 0x0000000085100000, 0x0000000085000000| Untracked 
|  17|0x0000000085100000, 0x0000000085200000, 0x0000000085200000|100%| O|  |TAMS 0x0000000085200000, 0x0000000085100000| Untracked 
|  18|0x0000000085200000, 0x0000000085300000, 0x0000000085300000|100%| O|  |TAMS 0x0000000085300000, 0x0000000085200000| Untracked 
|  19|0x0000000085300000, 0x0000000085400000, 0x0000000085400000|100%| O|  |TAMS 0x00000000853c1c00, 0x0000000085300000| Untracked 
|  20|0x0000000085400000, 0x0000000085500000, 0x0000000085500000|100%| O|  |TAMS 0x0000000085400000, 0x0000000085400000| Untracked 
|  21|0x0000000085500000, 0x0000000085600000, 0x0000000085600000|100%| O|  |TAMS 0x0000000085500000, 0x0000000085500000| Untracked 
|  22|0x0000000085600000, 0x0000000085700000, 0x0000000085700000|100%| O|  |TAMS 0x0000000085600000, 0x0000000085600000| Untracked 
|  23|0x0000000085700000, 0x0000000085800000, 0x0000000085800000|100%| O|  |TAMS 0x0000000085700000, 0x0000000085700000| Untracked 
|  24|0x0000000085800000, 0x0000000085900000, 0x0000000085900000|100%| O|  |TAMS 0x0000000085800000, 0x0000000085800000| Untracked 
|  25|0x0000000085900000, 0x0000000085a00000, 0x0000000085a00000|100%| O|  |TAMS 0x0000000085900000, 0x0000000085900000| Untracked 
|  26|0x0000000085a00000, 0x0000000085b00000, 0x0000000085b00000|100%| O|  |TAMS 0x0000000085a00000, 0x0000000085a00000| Untracked 
|  27|0x0000000085b00000, 0x0000000085c00000, 0x0000000085c00000|100%| O|  |TAMS 0x0000000085b00000, 0x0000000085b00000| Untracked 
|  28|0x0000000085c00000, 0x0000000085d00000, 0x0000000085d00000|100%| O|  |TAMS 0x0000000085c00000, 0x0000000085c00000| Untracked 
|  29|0x0000000085d00000, 0x0000000085e00000, 0x0000000085e00000|100%| O|  |TAMS 0x0000000085d00000, 0x0000000085d00000| Untracked 
|  30|0x0000000085e00000, 0x0000000085f00000, 0x0000000085f00000|100%| O|  |TAMS 0x0000000085e00000, 0x0000000085e00000| Untracked 
|  31|0x0000000085f00000, 0x0000000086000000, 0x0000000086000000|100%| O|  |TAMS 0x0000000085f00000, 0x0000000085f00000| Untracked 
|  32|0x0000000086000000, 0x0000000086100000, 0x0000000086100000|100%| O|  |TAMS 0x0000000086000000, 0x0000000086000000| Untracked 
|  33|0x0000000086100000, 0x0000000086200000, 0x0000000086200000|100%| O|  |TAMS 0x0000000086100000, 0x0000000086100000| Untracked 
|  34|0x0000000086200000, 0x0000000086300000, 0x0000000086300000|100%| O|  |TAMS 0x0000000086200000, 0x0000000086200000| Untracked 
|  35|0x0000000086300000, 0x0000000086400000, 0x0000000086400000|100%| O|  |TAMS 0x0000000086300000, 0x0000000086300000| Untracked 
|  36|0x0000000086400000, 0x0000000086500000, 0x0000000086500000|100%| O|  |TAMS 0x0000000086400000, 0x0000000086400000| Untracked 
|  37|0x0000000086500000, 0x0000000086600000, 0x0000000086600000|100%| O|  |TAMS 0x0000000086500000, 0x0000000086500000| Untracked 
|  38|0x0000000086600000, 0x0000000086700000, 0x0000000086700000|100%| O|  |TAMS 0x0000000086600000, 0x0000000086600000| Untracked 
|  39|0x0000000086700000, 0x0000000086800000, 0x0000000086800000|100%| O|  |TAMS 0x0000000086700000, 0x0000000086700000| Untracked 
|  40|0x0000000086800000, 0x0000000086900000, 0x0000000086900000|100%| O|  |TAMS 0x0000000086800000, 0x0000000086800000| Untracked 
|  41|0x0000000086900000, 0x0000000086a00000, 0x0000000086a00000|100%| O|  |TAMS 0x0000000086900000, 0x0000000086900000| Untracked 
|  42|0x0000000086a00000, 0x0000000086a00000, 0x0000000086b00000|  0%| F|  |TAMS 0x0000000086a00000, 0x0000000086a00000| Untracked 
|  43|0x0000000086b00000, 0x0000000086b00000, 0x0000000086c00000|  0%| F|  |TAMS 0x0000000086b00000, 0x0000000086b00000| Untracked 
|  44|0x0000000086c00000, 0x0000000086c00000, 0x0000000086d00000|  0%| F|  |TAMS 0x0000000086c00000, 0x0000000086c00000| Untracked 
|  45|0x0000000086d00000, 0x0000000086d00000, 0x0000000086e00000|  0%| F|  |TAMS 0x0000000086d00000, 0x0000000086d00000| Untracked 
|  46|0x0000000086e00000, 0x0000000086e00000, 0x0000000086f00000|  0%| F|  |TAMS 0x0000000086e00000, 0x0000000086e00000| Untracked 
|  47|0x0000000086f00000, 0x0000000086f00000, 0x0000000087000000|  0%| F|  |TAMS 0x0000000086f00000, 0x0000000086f00000| Untracked 
|  48|0x0000000087000000, 0x0000000087000000, 0x0000000087100000|  0%| F|  |TAMS 0x0000000087000000, 0x0000000087000000| Untracked 
|  49|0x0000000087100000, 0x0000000087100000, 0x0000000087200000|  0%| F|  |TAMS 0x0000000087100000, 0x0000000087100000| Untracked 
|  50|0x0000000087200000, 0x0000000087200000, 0x0000000087300000|  0%| F|  |TAMS 0x0000000087200000, 0x0000000087200000| Untracked 
|  51|0x0000000087300000, 0x0000000087300000, 0x0000000087400000|  0%| F|  |TAMS 0x0000000087300000, 0x0000000087300000| Untracked 
|  52|0x0000000087400000, 0x0000000087400000, 0x0000000087500000|  0%| F|  |TAMS 0x0000000087400000, 0x0000000087400000| Untracked 
|  53|0x0000000087500000, 0x0000000087500000, 0x0000000087600000|  0%| F|  |TAMS 0x0000000087500000, 0x0000000087500000| Untracked 
|  54|0x0000000087600000, 0x0000000087600000, 0x0000000087700000|  0%| F|  |TAMS 0x0000000087600000, 0x0000000087600000| Untracked 
|  55|0x0000000087700000, 0x0000000087700000, 0x0000000087800000|  0%| F|  |TAMS 0x0000000087700000, 0x0000000087700000| Untracked 
|  56|0x0000000087800000, 0x0000000087800000, 0x0000000087900000|  0%| F|  |TAMS 0x0000000087800000, 0x0000000087800000| Untracked 
|  57|0x0000000087900000, 0x0000000087900000, 0x0000000087a00000|  0%| F|  |TAMS 0x0000000087900000, 0x0000000087900000| Untracked 
|  58|0x0000000087a00000, 0x0000000087a00000, 0x0000000087b00000|  0%| F|  |TAMS 0x0000000087a00000, 0x0000000087a00000| Untracked 
|  59|0x0000000087b00000, 0x0000000087b00000, 0x0000000087c00000|  0%| F|  |TAMS 0x0000000087b00000, 0x0000000087b00000| Untracked 
|  60|0x0000000087c00000, 0x0000000087c00000, 0x0000000087d00000|  0%| F|  |TAMS 0x0000000087c00000, 0x0000000087c00000| Untracked 
|  61|0x0000000087d00000, 0x0000000087d00000, 0x0000000087e00000|  0%| F|  |TAMS 0x0000000087d00000, 0x0000000087d00000| Untracked 
|  62|0x0000000087e00000, 0x0000000087e00000, 0x0000000087f00000|  0%| F|  |TAMS 0x0000000087e00000, 0x0000000087e00000| Untracked 
|  63|0x0000000087f00000, 0x0000000087f00000, 0x0000000088000000|  0%| F|  |TAMS 0x0000000087f00000, 0x0000000087f00000| Untracked 
|  64|0x0000000088000000, 0x0000000088000000, 0x0000000088100000|  0%| F|  |TAMS 0x0000000088000000, 0x0000000088000000| Untracked 
|  65|0x0000000088100000, 0x0000000088100000, 0x0000000088200000|  0%| F|  |TAMS 0x0000000088100000, 0x0000000088100000| Untracked 
|  66|0x0000000088200000, 0x0000000088200000, 0x0000000088300000|  0%| F|  |TAMS 0x0000000088200000, 0x0000000088200000| Untracked 
|  67|0x0000000088300000, 0x0000000088300000, 0x0000000088400000|  0%| F|  |TAMS 0x0000000088300000, 0x0000000088300000| Untracked 
|  68|0x0000000088400000, 0x0000000088400000, 0x0000000088500000|  0%| F|  |TAMS 0x0000000088400000, 0x0000000088400000| Untracked 
|  69|0x0000000088500000, 0x0000000088500000, 0x0000000088600000|  0%| F|  |TAMS 0x0000000088500000, 0x0000000088500000| Untracked 
|  70|0x0000000088600000, 0x0000000088600000, 0x0000000088700000|  0%| F|  |TAMS 0x0000000088600000, 0x0000000088600000| Untracked 
|  71|0x0000000088700000, 0x0000000088700000, 0x0000000088800000|  0%| F|  |TAMS 0x0000000088700000, 0x0000000088700000| Untracked 
|  72|0x0000000088800000, 0x0000000088800000, 0x0000000088900000|  0%| F|  |TAMS 0x0000000088800000, 0x0000000088800000| Untracked 
|  73|0x0000000088900000, 0x0000000088900000, 0x0000000088a00000|  0%| F|  |TAMS 0x0000000088900000, 0x0000000088900000| Untracked 
|  74|0x0000000088a00000, 0x0000000088a00000, 0x0000000088b00000|  0%| F|  |TAMS 0x0000000088a00000, 0x0000000088a00000| Untracked 
|  75|0x0000000088b00000, 0x0000000088b00000, 0x0000000088c00000|  0%| F|  |TAMS 0x0000000088b00000, 0x0000000088b00000| Untracked 
|  76|0x0000000088c00000, 0x0000000088c00000, 0x0000000088d00000|  0%| F|  |TAMS 0x0000000088c00000, 0x0000000088c00000| Untracked 
|  77|0x0000000088d00000, 0x0000000088d00000, 0x0000000088e00000|  0%| F|  |TAMS 0x0000000088d00000, 0x0000000088d00000| Untracked 
|  78|0x0000000088e00000, 0x0000000088e00000, 0x0000000088f00000|  0%| F|  |TAMS 0x0000000088e00000, 0x0000000088e00000| Untracked 
|  79|0x0000000088f00000, 0x0000000088f00000, 0x0000000089000000|  0%| F|  |TAMS 0x0000000088f00000, 0x0000000088f00000| Untracked 
|  80|0x0000000089000000, 0x0000000089075590, 0x0000000089100000| 45%| S|CS|TAMS 0x0000000089000000, 0x0000000089000000| Complete 
|  81|0x0000000089100000, 0x0000000089200000, 0x0000000089200000|100%| S|CS|TAMS 0x0000000089100000, 0x0000000089100000| Complete 
|  82|0x0000000089200000, 0x0000000089300000, 0x0000000089300000|100%| S|CS|TAMS 0x0000000089200000, 0x0000000089200000| Complete 
|  83|0x0000000089300000, 0x0000000089400000, 0x0000000089400000|100%| S|CS|TAMS 0x0000000089300000, 0x0000000089300000| Complete 
|  84|0x0000000089400000, 0x0000000089500000, 0x0000000089500000|100%| S|CS|TAMS 0x0000000089400000, 0x0000000089400000| Complete 
|  85|0x0000000089500000, 0x0000000089600000, 0x0000000089600000|100%| S|CS|TAMS 0x0000000089500000, 0x0000000089500000| Complete 
|  86|0x0000000089600000, 0x0000000089700000, 0x0000000089700000|100%| S|CS|TAMS 0x0000000089600000, 0x0000000089600000| Complete 
|  87|0x0000000089700000, 0x0000000089800000, 0x0000000089800000|100%| S|CS|TAMS 0x0000000089700000, 0x0000000089700000| Complete 
|  88|0x0000000089800000, 0x0000000089800000, 0x0000000089900000|  0%| F|  |TAMS 0x0000000089800000, 0x0000000089800000| Untracked 
|  89|0x0000000089900000, 0x0000000089900000, 0x0000000089a00000|  0%| F|  |TAMS 0x0000000089900000, 0x0000000089900000| Untracked 
|  90|0x0000000089a00000, 0x0000000089a00000, 0x0000000089b00000|  0%| F|  |TAMS 0x0000000089a00000, 0x0000000089a00000| Untracked 
|  91|0x0000000089b00000, 0x0000000089b00000, 0x0000000089c00000|  0%| F|  |TAMS 0x0000000089b00000, 0x0000000089b00000| Untracked 
|  92|0x0000000089c00000, 0x0000000089c00000, 0x0000000089d00000|  0%| F|  |TAMS 0x0000000089c00000, 0x0000000089c00000| Untracked 
|  93|0x0000000089d00000, 0x0000000089d00000, 0x0000000089e00000|  0%| F|  |TAMS 0x0000000089d00000, 0x0000000089d00000| Untracked 
|  94|0x0000000089e00000, 0x0000000089e00000, 0x0000000089f00000|  0%| F|  |TAMS 0x0000000089e00000, 0x0000000089e00000| Untracked 
|  95|0x0000000089f00000, 0x0000000089f00000, 0x000000008a000000|  0%| F|  |TAMS 0x0000000089f00000, 0x0000000089f00000| Untracked 
|  96|0x000000008a000000, 0x000000008a000000, 0x000000008a100000|  0%| F|  |TAMS 0x000000008a000000, 0x000000008a000000| Untracked 
|  97|0x000000008a100000, 0x000000008a100000, 0x000000008a200000|  0%| F|  |TAMS 0x000000008a100000, 0x000000008a100000| Untracked 
|  98|0x000000008a200000, 0x000000008a200000, 0x000000008a300000|  0%| F|  |TAMS 0x000000008a200000, 0x000000008a200000| Untracked 
|  99|0x000000008a300000, 0x000000008a300000, 0x000000008a400000|  0%| F|  |TAMS 0x000000008a300000, 0x000000008a300000| Untracked 
| 100|0x000000008a400000, 0x000000008a400000, 0x000000008a500000|  0%| F|  |TAMS 0x000000008a400000, 0x000000008a400000| Untracked 
| 101|0x000000008a500000, 0x000000008a500000, 0x000000008a600000|  0%| F|  |TAMS 0x000000008a500000, 0x000000008a500000| Untracked 
| 102|0x000000008a600000, 0x000000008a600000, 0x000000008a700000|  0%| F|  |TAMS 0x000000008a600000, 0x000000008a600000| Untracked 
| 103|0x000000008a700000, 0x000000008a700000, 0x000000008a800000|  0%| F|  |TAMS 0x000000008a700000, 0x000000008a700000| Untracked 
| 104|0x000000008a800000, 0x000000008a800000, 0x000000008a900000|  0%| F|  |TAMS 0x000000008a800000, 0x000000008a800000| Untracked 
| 105|0x000000008a900000, 0x000000008a900000, 0x000000008aa00000|  0%| F|  |TAMS 0x000000008a900000, 0x000000008a900000| Untracked 
| 106|0x000000008aa00000, 0x000000008aa00000, 0x000000008ab00000|  0%| F|  |TAMS 0x000000008aa00000, 0x000000008aa00000| Untracked 
| 107|0x000000008ab00000, 0x000000008ab00000, 0x000000008ac00000|  0%| F|  |TAMS 0x000000008ab00000, 0x000000008ab00000| Untracked 
| 108|0x000000008ac00000, 0x000000008ac00000, 0x000000008ad00000|  0%| F|  |TAMS 0x000000008ac00000, 0x000000008ac00000| Untracked 
| 109|0x000000008ad00000, 0x000000008ad00000, 0x000000008ae00000|  0%| F|  |TAMS 0x000000008ad00000, 0x000000008ad00000| Untracked 
| 110|0x000000008ae00000, 0x000000008ae00000, 0x000000008af00000|  0%| F|  |TAMS 0x000000008ae00000, 0x000000008ae00000| Untracked 
| 111|0x000000008af00000, 0x000000008af00000, 0x000000008b000000|  0%| F|  |TAMS 0x000000008af00000, 0x000000008af00000| Untracked 
| 112|0x000000008b000000, 0x000000008b000000, 0x000000008b100000|  0%| F|  |TAMS 0x000000008b000000, 0x000000008b000000| Untracked 
| 113|0x000000008b100000, 0x000000008b100000, 0x000000008b200000|  0%| F|  |TAMS 0x000000008b100000, 0x000000008b100000| Untracked 
| 114|0x000000008b200000, 0x000000008b200000, 0x000000008b300000|  0%| F|  |TAMS 0x000000008b200000, 0x000000008b200000| Untracked 
| 115|0x000000008b300000, 0x000000008b300000, 0x000000008b400000|  0%| F|  |TAMS 0x000000008b300000, 0x000000008b300000| Untracked 
| 116|0x000000008b400000, 0x000000008b400000, 0x000000008b500000|  0%| F|  |TAMS 0x000000008b400000, 0x000000008b400000| Untracked 
| 117|0x000000008b500000, 0x000000008b500000, 0x000000008b600000|  0%| F|  |TAMS 0x000000008b500000, 0x000000008b500000| Untracked 
| 118|0x000000008b600000, 0x000000008b600000, 0x000000008b700000|  0%| F|  |TAMS 0x000000008b600000, 0x000000008b600000| Untracked 
| 119|0x000000008b700000, 0x000000008b700000, 0x000000008b800000|  0%| F|  |TAMS 0x000000008b700000, 0x000000008b700000| Untracked 
| 120|0x000000008b800000, 0x000000008b800000, 0x000000008b900000|  0%| F|  |TAMS 0x000000008b800000, 0x000000008b800000| Untracked 
| 121|0x000000008b900000, 0x000000008b900000, 0x000000008ba00000|  0%| F|  |TAMS 0x000000008b900000, 0x000000008b900000| Untracked 
| 122|0x000000008ba00000, 0x000000008ba00000, 0x000000008bb00000|  0%| F|  |TAMS 0x000000008ba00000, 0x000000008ba00000| Untracked 
| 123|0x000000008bb00000, 0x000000008bb00000, 0x000000008bc00000|  0%| F|  |TAMS 0x000000008bb00000, 0x000000008bb00000| Untracked 
| 124|0x000000008bc00000, 0x000000008bc00000, 0x000000008bd00000|  0%| F|  |TAMS 0x000000008bc00000, 0x000000008bc00000| Untracked 
| 125|0x000000008bd00000, 0x000000008bd00000, 0x000000008be00000|  0%| F|  |TAMS 0x000000008bd00000, 0x000000008bd00000| Untracked 
| 126|0x000000008be00000, 0x000000008be00000, 0x000000008bf00000|  0%| F|  |TAMS 0x000000008be00000, 0x000000008be00000| Untracked 
| 127|0x000000008bf00000, 0x000000008bf00000, 0x000000008c000000|  0%| F|  |TAMS 0x000000008bf00000, 0x000000008bf00000| Untracked 
| 128|0x000000008c000000, 0x000000008c000000, 0x000000008c100000|  0%| F|  |TAMS 0x000000008c000000, 0x000000008c000000| Untracked 
| 129|0x000000008c100000, 0x000000008c100000, 0x000000008c200000|  0%| F|  |TAMS 0x000000008c100000, 0x000000008c100000| Untracked 
| 130|0x000000008c200000, 0x000000008c200000, 0x000000008c300000|  0%| F|  |TAMS 0x000000008c200000, 0x000000008c200000| Untracked 
| 131|0x000000008c300000, 0x000000008c300000, 0x000000008c400000|  0%| F|  |TAMS 0x000000008c300000, 0x000000008c300000| Untracked 
| 132|0x000000008c400000, 0x000000008c400000, 0x000000008c500000|  0%| F|  |TAMS 0x000000008c400000, 0x000000008c400000| Untracked 
| 133|0x000000008c500000, 0x000000008c500000, 0x000000008c600000|  0%| F|  |TAMS 0x000000008c500000, 0x000000008c500000| Untracked 
| 134|0x000000008c600000, 0x000000008c600000, 0x000000008c700000|  0%| F|  |TAMS 0x000000008c600000, 0x000000008c600000| Untracked 
| 135|0x000000008c700000, 0x000000008c700000, 0x000000008c800000|  0%| F|  |TAMS 0x000000008c700000, 0x000000008c700000| Untracked 
| 136|0x000000008c800000, 0x000000008c800000, 0x000000008c900000|  0%| F|  |TAMS 0x000000008c800000, 0x000000008c800000| Untracked 
| 137|0x000000008c900000, 0x000000008c900000, 0x000000008ca00000|  0%| F|  |TAMS 0x000000008c900000, 0x000000008c900000| Untracked 
| 138|0x000000008ca00000, 0x000000008ca00000, 0x000000008cb00000|  0%| F|  |TAMS 0x000000008ca00000, 0x000000008ca00000| Untracked 
| 139|0x000000008cb00000, 0x000000008cb00000, 0x000000008cc00000|  0%| F|  |TAMS 0x000000008cb00000, 0x000000008cb00000| Untracked 
| 140|0x000000008cc00000, 0x000000008cc00000, 0x000000008cd00000|  0%| F|  |TAMS 0x000000008cc00000, 0x000000008cc00000| Untracked 
| 141|0x000000008cd00000, 0x000000008cd00000, 0x000000008ce00000|  0%| F|  |TAMS 0x000000008cd00000, 0x000000008cd00000| Untracked 
| 142|0x000000008ce00000, 0x000000008ce00000, 0x000000008cf00000|  0%| F|  |TAMS 0x000000008ce00000, 0x000000008ce00000| Untracked 
| 143|0x000000008cf00000, 0x000000008cf00000, 0x000000008d000000|  0%| F|  |TAMS 0x000000008cf00000, 0x000000008cf00000| Untracked 
| 144|0x000000008d000000, 0x000000008d000000, 0x000000008d100000|  0%| F|  |TAMS 0x000000008d000000, 0x000000008d000000| Untracked 
| 145|0x000000008d100000, 0x000000008d100000, 0x000000008d200000|  0%| F|  |TAMS 0x000000008d100000, 0x000000008d100000| Untracked 
| 146|0x000000008d200000, 0x000000008d200000, 0x000000008d300000|  0%| F|  |TAMS 0x000000008d200000, 0x000000008d200000| Untracked 
| 147|0x000000008d300000, 0x000000008d300000, 0x000000008d400000|  0%| F|  |TAMS 0x000000008d300000, 0x000000008d300000| Untracked 
| 148|0x000000008d400000, 0x000000008d400000, 0x000000008d500000|  0%| F|  |TAMS 0x000000008d400000, 0x000000008d400000| Untracked 
| 149|0x000000008d500000, 0x000000008d500800, 0x000000008d600000|  0%| E|  |TAMS 0x000000008d500000, 0x000000008d500000| Complete 
| 150|0x000000008d600000, 0x000000008d700000, 0x000000008d700000|100%| E|CS|TAMS 0x000000008d600000, 0x000000008d600000| Complete 
| 151|0x000000008d700000, 0x000000008d800000, 0x000000008d800000|100%| E|CS|TAMS 0x000000008d700000, 0x000000008d700000| Complete 

Card table byte_map: [0x0000029cf5d20000,0x0000029cf6100000] _byte_map_base: 0x0000029cf5900000

Marking Bits (Prev, Next): (CMBitMap*) 0x0000029ce1060930, (CMBitMap*) 0x0000029ce10608f8
 Prev Bits: [0x0000029cf83e0000, 0x0000029cfa2e0000)
 Next Bits: [0x0000029cf64e0000, 0x0000029cf83e0000)

Polling page: 0x0000029ce28b0000

Metaspace:

Usage:
  Non-class:     59.23 MB capacity,    58.74 MB (>99%) used,   388.00 KB ( <1%) free+waste,   115.31 KB ( <1%) overhead. 
      Class:      7.94 MB capacity,     7.61 MB ( 96%) used,   281.55 KB (  3%) free+waste,    51.25 KB ( <1%) overhead. 
       Both:     67.17 MB capacity,    66.36 MB ( 99%) used,   669.55 KB ( <1%) free+waste,   166.56 KB ( <1%) overhead. 

Virtual space:
  Non-class space:       60.00 MB reserved,      59.33 MB ( 99%) committed 
      Class space:        1.00 GB reserved,       7.95 MB ( <1%) committed 
             Both:        1.06 GB reserved,      67.28 MB (  6%) committed 

Chunk freelists:
   Non-Class:  32.00 KB
       Class:  0 bytes
        Both:  32.00 KB

MaxMetaspaceSize: 17179869184.00 GB
CompressedClassSpaceSize: 1.00 GB
Initial GC threshold: 20.80 MB
Current GC threshold: 77.13 MB
CDS: off

CodeHeap 'non-profiled nmethods': size=120064Kb used=3545Kb max_used=3545Kb free=116518Kb
 bounds [0x0000029ceddc0000, 0x0000029cee140000, 0x0000029cf5300000]
CodeHeap 'profiled nmethods': size=120000Kb used=18989Kb max_used=18989Kb free=101011Kb
 bounds [0x0000029ce6890000, 0x0000029ce7b20000, 0x0000029ceddc0000]
CodeHeap 'non-nmethods': size=5696Kb used=1367Kb max_used=1380Kb free=4328Kb
 bounds [0x0000029ce6300000, 0x0000029ce6570000, 0x0000029ce6890000]
 total_blobs=8367 nmethods=7718 adapters=558
 compilation: enabled
              stopped_count=0, restarted_count=0
 full_count=0

Compilation events (20 events):
Event: 8.972 Thread 0x0000029cfc953800 nmethod 7689 0x0000029ce7af4110 code [0x0000029ce7af42c0, 0x0000029ce7af4458]
Event: 8.973 Thread 0x0000029cfc94e800 7690       4       org.jetbrains.kotlin.protobuf.LazyStringArrayList::get (101 bytes)
Event: 8.973 Thread 0x0000029cfc953800 7691       1       org.jetbrains.kotlin.serialization.SerializerExtensionProtocol::getTypeAnnotation (5 bytes)
Event: 8.974 Thread 0x0000029cfc953800 nmethod 7691 0x0000029cee131710 code [0x0000029cee1318c0, 0x0000029cee131978]
Event: 8.975 Thread 0x0000029cfc953800 7692       3       org.jetbrains.kotlin.load.kotlin.MethodSignatureBuildingUtilsKt::signature (28 bytes)
Event: 8.977 Thread 0x0000029cfc953800 nmethod 7692 0x0000029ce7af4510 code [0x0000029ce7af4840, 0x0000029ce7af5718]
Event: 8.977 Thread 0x0000029cfc953800 7694       3       org.jetbrains.kotlin.resolve.OverridingUtilTypeSystemContext::isStubType (6 bytes)
Event: 8.978 Thread 0x0000029cfc953800 nmethod 7694 0x0000029ce7af5c90 code [0x0000029ce7af5e40, 0x0000029ce7af5f68]
Event: 8.978 Thread 0x0000029cfc953800 7695       3       org.jetbrains.kotlin.descriptors.impl.FunctionDescriptorImpl$CopyConfiguration::setPreserveSourceElement (5 bytes)
Event: 8.978 Thread 0x0000029cfc953800 nmethod 7695 0x0000029ce7af6010 code [0x0000029ce7af61c0, 0x0000029ce7af6338]
Event: 8.978 Thread 0x0000029cfc953800 7696       3       java.util.LinkedHashMap$LinkedHashIterator::remove (75 bytes)
Event: 8.979 Thread 0x0000029cfc953800 nmethod 7696 0x0000029ce7af6410 code [0x0000029ce7af6600, 0x0000029ce7af69c8]
Event: 8.984 Thread 0x0000029cfc953800 7697       3       org.jetbrains.kotlin.backend.common.serialization.signature.IdSignatureBuilder::setExpected (17 bytes)
Event: 8.984 Thread 0x0000029cfc953800 nmethod 7697 0x0000029ce7af6b90 code [0x0000029ce7af6d40, 0x0000029ce7af6f38]
Event: 8.984 Thread 0x0000029cfc953800 7698       3       org.jetbrains.kotlin.types.AbstractTypeApproximator::approximateLocalTypes (131 bytes)
Event: 8.987 Thread 0x0000029cfc953800 nmethod 7698 0x0000029ce7af7090 code [0x0000029ce7af7780, 0x0000029ce7afb588]
Event: 8.987 Thread 0x0000029cfc953800 7699       1       org.jetbrains.kotlin.psi2ir.generators.BodyGenerator::getContext (5 bytes)
Event: 8.988 Thread 0x0000029cfc953800 nmethod 7699 0x0000029cee131a10 code [0x0000029cee131bc0, 0x0000029cee131c78]
Event: 8.988 Thread 0x0000029cfc953800 7700       3       org.jetbrains.kotlin.backend.common.serialization.signature.IdSignatureDescriptor$DescriptorBasedSignatureBuilder::collectParents (43 bytes)
Event: 8.988 Thread 0x0000029cfc953800 nmethod 7700 0x0000029ce7afc890 code [0x0000029ce7afcaa0, 0x0000029ce7afcff8]

GC Heap History (16 events):
Event: 0.439 GC heap before
{Heap before GC invocations=0 (full 0):
 garbage-first heap   total 126976K, used 17408K [0x0000000084000000, 0x0000000100000000)
  region size 1024K, 14 young (14336K), 0 survivors (0K)
 Metaspace       used 9831K, capacity 9938K, committed 10112K, reserved 1058816K
  class space    used 842K, capacity 885K, committed 896K, reserved 1048576K
}
Event: 0.443 GC heap after
{Heap after GC invocations=1 (full 0):
 garbage-first heap   total 126976K, used 5240K [0x0000000084000000, 0x0000000100000000)
  region size 1024K, 2 young (2048K), 2 survivors (2048K)
 Metaspace       used 9831K, capacity 9938K, committed 10112K, reserved 1058816K
  class space    used 842K, capacity 885K, committed 896K, reserved 1048576K
}
Event: 1.271 GC heap before
{Heap before GC invocations=1 (full 0):
 garbage-first heap   total 126976K, used 50296K [0x0000000084000000, 0x0000000100000000)
  region size 1024K, 47 young (48128K), 2 survivors (2048K)
 Metaspace       used 20928K, capacity 21086K, committed 21296K, reserved 1069056K
  class space    used 2229K, capacity 2312K, committed 2432K, reserved 1048576K
}
Event: 1.285 GC heap after
{Heap after GC invocations=2 (full 0):
 garbage-first heap   total 126976K, used 9229K [0x0000000084000000, 0x0000000100000000)
  region size 1024K, 6 young (6144K), 6 survivors (6144K)
 Metaspace       used 20928K, capacity 21086K, committed 21296K, reserved 1069056K
  class space    used 2229K, capacity 2312K, committed 2432K, reserved 1048576K
}
Event: 2.548 GC heap before
{Heap before GC invocations=3 (full 0):
 garbage-first heap   total 126976K, used 61453K [0x0000000084000000, 0x0000000100000000)
  region size 1024K, 52 young (53248K), 6 survivors (6144K)
 Metaspace       used 31679K, capacity 32149K, committed 32304K, reserved 1077248K
  class space    used 3980K, capacity 4180K, committed 4224K, reserved 1048576K
}
Event: 2.570 GC heap after
{Heap after GC invocations=4 (full 0):
 garbage-first heap   total 126976K, used 21092K [0x0000000084000000, 0x0000000100000000)
  region size 1024K, 7 young (7168K), 7 survivors (7168K)
 Metaspace       used 31679K, capacity 32149K, committed 32304K, reserved 1077248K
  class space    used 3980K, capacity 4180K, committed 4224K, reserved 1048576K
}
Event: 2.878 GC heap before
{Heap before GC invocations=4 (full 0):
 garbage-first heap   total 126976K, used 38500K [0x0000000084000000, 0x0000000100000000)
  region size 1024K, 25 young (25600K), 7 survivors (7168K)
 Metaspace       used 35381K, capacity 35846K, committed 35920K, reserved 1081344K
  class space    used 4395K, capacity 4602K, committed 4608K, reserved 1048576K
}
Event: 2.889 GC heap after
{Heap after GC invocations=5 (full 0):
 garbage-first heap   total 126976K, used 20231K [0x0000000084000000, 0x0000000100000000)
  region size 1024K, 2 young (2048K), 2 survivors (2048K)
 Metaspace       used 35381K, capacity 35846K, committed 35920K, reserved 1081344K
  class space    used 4395K, capacity 4602K, committed 4608K, reserved 1048576K
}
Event: 4.032 GC heap before
{Heap before GC invocations=6 (full 0):
 garbage-first heap   total 126976K, used 76551K [0x0000000084000000, 0x0000000100000000)
  region size 1024K, 55 young (56320K), 2 survivors (2048K)
 Metaspace       used 46625K, capacity 47162K, committed 47388K, reserved 1091584K
  class space    used 5541K, capacity 5746K, committed 5836K, reserved 1048576K
}
Event: 4.051 GC heap after
{Heap after GC invocations=7 (full 0):
 garbage-first heap   total 155648K, used 27399K [0x0000000084000000, 0x0000000100000000)
  region size 1024K, 7 young (7168K), 7 survivors (7168K)
 Metaspace       used 46625K, capacity 47162K, committed 47388K, reserved 1091584K
  class space    used 5541K, capacity 5746K, committed 5836K, reserved 1048576K
}
Event: 5.511 GC heap before
{Heap before GC invocations=8 (full 0):
 garbage-first heap   total 155648K, used 92935K [0x0000000084000000, 0x0000000100000000)
  region size 1024K, 70 young (71680K), 7 survivors (7168K)
 Metaspace       used 52492K, capacity 53082K, committed 53276K, reserved 1095680K
  class space    used 6072K, capacity 6326K, committed 6348K, reserved 1048576K
}
Event: 5.540 GC heap after
{Heap after GC invocations=9 (full 0):
 garbage-first heap   total 155648K, used 35344K [0x0000000084000000, 0x0000000100000000)
  region size 1024K, 8 young (8192K), 8 survivors (8192K)
 Metaspace       used 52492K, capacity 53082K, committed 53276K, reserved 1095680K
  class space    used 6072K, capacity 6326K, committed 6348K, reserved 1048576K
}
Event: 6.723 GC heap before
{Heap before GC invocations=9 (full 0):
 garbage-first heap   total 155648K, used 101904K [0x0000000084000000, 0x0000000100000000)
  region size 1024K, 73 young (74752K), 8 survivors (8192K)
 Metaspace       used 56029K, capacity 56694K, committed 56988K, reserved 1099776K
  class space    used 6413K, capacity 6678K, committed 6732K, reserved 1048576K
}
Event: 6.752 GC heap after
{Heap after GC invocations=10 (full 0):
 garbage-first heap   total 155648K, used 42789K [0x0000000084000000, 0x0000000100000000)
  region size 1024K, 8 young (8192K), 8 survivors (8192K)
 Metaspace       used 56029K, capacity 56694K, committed 56988K, reserved 1099776K
  class space    used 6413K, capacity 6678K, committed 6732K, reserved 1048576K
}
Event: 8.931 GC heap before
{Heap before GC invocations=10 (full 0):
 garbage-first heap   total 155648K, used 108325K [0x0000000084000000, 0x0000000100000000)
  region size 1024K, 72 young (73728K), 8 survivors (8192K)
 Metaspace       used 67648K, capacity 68496K, committed 68636K, reserved 1110016K
  class space    used 7762K, capacity 8096K, committed 8140K, reserved 1048576K
}
Event: 8.956 GC heap after
{Heap after GC invocations=11 (full 0):
 garbage-first heap   total 155648K, used 50645K [0x0000000084000000, 0x0000000100000000)
  region size 1024K, 8 young (8192K), 8 survivors (8192K)
 Metaspace       used 67648K, capacity 68496K, committed 68636K, reserved 1110016K
  class space    used 7762K, capacity 8096K, committed 8140K, reserved 1048576K
}

Deoptimization events (20 events):
Event: 8.784 Thread 0x0000029ce1021000 Uncommon trap: trap_request=0xffffff4d fr.pc=0x0000029ceddd6f80 relative=0x0000000000000160
Event: 8.784 Thread 0x0000029ce1021000 Uncommon trap: reason=unstable_if action=reinterpret pc=0x0000029ceddd6f80 method=java.lang.StringCoding.hasNegatives([BII)Z @ 12 c2
Event: 8.784 Thread 0x0000029ce1021000 DEOPT PACKING pc=0x0000029ceddd6f80 sp=0x000000b8206fdfa0
Event: 8.784 Thread 0x0000029ce1021000 DEOPT UNPACKING pc=0x0000029ce63085af sp=0x000000b8206fdf30 mode 2
Event: 8.785 Thread 0x0000029ce1021000 Uncommon trap: trap_request=0xffffff4d fr.pc=0x0000029ceddd46cc relative=0x00000000000001ac
Event: 8.785 Thread 0x0000029ce1021000 Uncommon trap: reason=unstable_if action=reinterpret pc=0x0000029ceddd46cc method=java.lang.StringCoding.hasNegatives([BII)Z @ 12 c2
Event: 8.785 Thread 0x0000029ce1021000 DEOPT PACKING pc=0x0000029ceddd46cc sp=0x000000b8206fdb90
Event: 8.785 Thread 0x0000029ce1021000 DEOPT UNPACKING pc=0x0000029ce63085af sp=0x000000b8206fdb40 mode 2
Event: 8.806 Thread 0x0000029ce1021000 Uncommon trap: trap_request=0xffffff4d fr.pc=0x0000029cee0e47e0 relative=0x00000000000003a0
Event: 8.806 Thread 0x0000029ce1021000 Uncommon trap: reason=unstable_if action=reinterpret pc=0x0000029cee0e47e0 method=org.jetbrains.kotlin.load.java.structure.JavaLoadingKt.isObjectMethodInInterface(Lorg/jetbrains/kotlin/load/java/structure/JavaMember;)Z @ 34 c2
Event: 8.806 Thread 0x0000029ce1021000 DEOPT PACKING pc=0x0000029cee0e47e0 sp=0x000000b8206fd850
Event: 8.806 Thread 0x0000029ce1021000 DEOPT UNPACKING pc=0x0000029ce63085af sp=0x000000b8206fd718 mode 2
Event: 8.977 Thread 0x0000029ce1021000 Uncommon trap: trap_request=0xffffffde fr.pc=0x0000029cee0274e0 relative=0x00000000000009a0
Event: 8.977 Thread 0x0000029ce1021000 Uncommon trap: reason=class_check action=maybe_recompile pc=0x0000029cee0274e0 method=org.jetbrains.kotlin.resolve.OverridingUtil.filterOutOverridden(Ljava/util/Set;)Ljava/util/Set; @ 10 c2
Event: 8.977 Thread 0x0000029ce1021000 DEOPT PACKING pc=0x0000029cee0274e0 sp=0x000000b8206fc620
Event: 8.977 Thread 0x0000029ce1021000 DEOPT UNPACKING pc=0x0000029ce63085af sp=0x000000b8206fc5f0 mode 2
Event: 8.977 Thread 0x0000029ce1021000 Uncommon trap: trap_request=0xffffffde fr.pc=0x0000029cee024e7c relative=0x000000000000005c
Event: 8.977 Thread 0x0000029ce1021000 Uncommon trap: reason=class_check action=maybe_recompile pc=0x0000029cee024e7c method=org.jetbrains.kotlin.resolve.OverridingUtil.filterOverrides(Ljava/util/Set;ZLkotlin/jvm/functions/Function0;Lkotlin/jvm/functions/Function2;)Ljava/util/Set; @ 19 c2
Event: 8.977 Thread 0x0000029ce1021000 DEOPT PACKING pc=0x0000029cee024e7c sp=0x000000b8206fc5c0
Event: 8.977 Thread 0x0000029ce1021000 DEOPT UNPACKING pc=0x0000029ce63085af sp=0x000000b8206fc530 mode 2

Classes redefined (0 events):
No events

Internal exceptions (20 events):
Event: 6.096 Thread 0x0000029ce1021000 Exception <a 'java/lang/NoSuchMethodError'{0x000000008bf359e8}: 'int java.lang.invoke.DirectMethodHandle$Holder.invokeInterface(java.lang.Object, java.lang.Object)'> (0x000000008bf359e8) thrown at [./src/hotspot/share/interpreter/linkResolver.cpp, line 773]
Event: 6.496 Thread 0x0000029ce1021000 Implicit null exception at 0x0000029cede1c8de to 0x0000029cede1d04a
Event: 6.496 Thread 0x0000029ce1021000 Implicit null exception at 0x0000029cedeca72f to 0x0000029cedeca79d
Event: 6.511 Thread 0x0000029ce1021000 Exception <a 'java/lang/NoSuchMethodError'{0x000000008a3dda80}: 'java.lang.Object java.lang.invoke.Invokers$Holder.linkToTargetMethod(java.lang.Object, java.lang.Object, java.lang.Object, java.lang.Object, java.lang.Object, java.lang.Object)'> (0x000000008a3dda80) thrown at [./src/hotspot/share/interpreter/linkResolver.cpp, line 773]
Event: 6.535 Thread 0x0000029ce1021000 Implicit null exception at 0x0000029cedf9b531 to 0x0000029cedf9b8d8
Event: 6.560 Thread 0x0000029ce1021000 Implicit null exception at 0x0000029cede5bbf5 to 0x0000029cede5bdcc
Event: 6.802 Thread 0x0000029ce1021000 Implicit null exception at 0x0000029cedefcf4c to 0x0000029cedefd028
Event: 6.848 Thread 0x0000029ce1021000 Exception <a 'java/lang/NoSuchMethodError'{0x000000008d3559a0}: 'int java.lang.invoke.DirectMethodHandle$Holder.invokeVirtual(java.lang.Object, java.lang.Object, java.lang.Object)'> (0x000000008d3559a0) thrown at [./src/hotspot/share/interpreter/linkResolver.cpp, line 773]
Event: 7.013 Thread 0x0000029ce1021000 Exception <a 'java/lang/NoSuchMethodError'{0x000000008cf40938}: 'java.lang.Object java.lang.invoke.DirectMethodHandle$Holder.invokeSpecial(java.lang.Object, java.lang.Object, java.lang.Object, java.lang.Object, java.lang.Object, int)'> (0x000000008cf40938) thrown at [./src/hotspot/share/interpreter/linkResolver.cpp, line 773]
Event: 7.013 Thread 0x0000029ce1021000 Exception <a 'java/lang/NoSuchMethodError'{0x000000008cf44780}: 'java.lang.Object java.lang.invoke.Invokers$Holder.linkToTargetMethod(java.lang.Object, java.lang.Object, java.lang.Object, int, java.lang.Object)'> (0x000000008cf44780) thrown at [./src/hotspot/share/interpreter/linkResolver.cpp, line 773]
Event: 7.070 Thread 0x0000029ce1021000 Exception <a 'java/lang/NoSuchMethodError'{0x000000008cefded8}: 'void java.lang.invoke.DirectMethodHandle$Holder.invokeInterface(java.lang.Object, java.lang.Object)'> (0x000000008cefded8) thrown at [./src/hotspot/share/interpreter/linkResolver.cpp, line 773]
Event: 7.145 Thread 0x0000029ce1021000 Exception <a 'java/lang/IncompatibleClassChangeError'{0x000000008ccedc40}: Found class java.lang.Object, but interface was expected> (0x000000008ccedc40) thrown at [./src/hotspot/share/interpreter/linkResolver.cpp, line 839]
Event: 7.356 Thread 0x0000029ce1021000 Exception <a 'java/lang/NoSuchMethodError'{0x000000008c661208}: 'java.lang.Object java.lang.invoke.Invokers$Holder.linkToTargetMethod(java.lang.Object, java.lang.Object, java.lang.Object, java.lang.Object, java.lang.Object, java.lang.Object, java.lang.Object)'> (0x000000008c661208) thrown at [./src/hotspot/share/interpreter/linkResolver.cpp, line 773]
Event: 7.403 Thread 0x0000029ce1021000 Exception <a 'java/lang/NoSuchMethodError'{0x000000008c57b2d8}: 'int java.lang.invoke.DirectMethodHandle$Holder.invokeStaticInit(java.lang.Object, int)'> (0x000000008c57b2d8) thrown at [./src/hotspot/share/interpreter/linkResolver.cpp, line 773]
Event: 7.680 Thread 0x0000029ce1021000 Implicit null exception at 0x0000029cedfdae5c to 0x0000029cedfdb7a0
Event: 7.930 Thread 0x0000029ce1021000 Exception <a 'java/lang/NoSuchMethodError'{0x000000008b83f760}: 'java.lang.Object java.lang.invoke.DirectMethodHandle$Holder.invokeInterface(java.lang.Object, java.lang.Object, java.lang.Object)'> (0x000000008b83f760) thrown at [./src/hotspot/share/interpreter/linkResolver.cpp, line 773]
Event: 7.930 Thread 0x0000029ce1021000 Exception <a 'java/lang/IncompatibleClassChangeError'{0x000000008b842990}: Found class java.lang.Object, but interface was expected> (0x000000008b842990) thrown at [./src/hotspot/share/interpreter/linkResolver.cpp, line 839]
Event: 8.418 Thread 0x0000029ce1021000 Implicit null exception at 0x0000029cede17575 to 0x0000029cede1773c
Event: 8.653 Thread 0x0000029ce1021000 Exception <a 'java/lang/NoSuchMethodError'{0x000000008a68e8c0}: 'java.lang.Object java.lang.invoke.DirectMethodHandle$Holder.invokeStaticInit(java.lang.Object, java.lang.Object, java.lang.Object, java.lang.Object)'> (0x000000008a68e8c0) thrown at [./src/hotspot/share/interpreter/linkResolver.cpp, line 773]
Event: 8.851 Thread 0x0000029ce1021000 Exception <a 'java/lang/NoSuchMethodError'{0x0000000089ce92d8}: 'int java.lang.invoke.DirectMethodHandle$Holder.invokeStaticInit(java.lang.Object, java.lang.Object, java.lang.Object, java.lang.Object)'> (0x0000000089ce92d8) thrown at [./src/hotspot/share/interpreter/linkResolver.cpp, line 773]

Events (20 events):
Event: 8.985 loading class org/jetbrains/kotlin/ir/expressions/impl/IrConstImpl
Event: 8.985 loading class org/jetbrains/kotlin/ir/expressions/impl/IrConstImpl done
Event: 8.985 loading class org/jetbrains/kotlin/ir/expressions/IrConst
Event: 8.985 loading class org/jetbrains/kotlin/ir/expressions/IrConst done
Event: 8.985 loading class org/jetbrains/kotlin/ir/expressions/impl/IrConstImpl$Companion
Event: 8.985 loading class org/jetbrains/kotlin/ir/expressions/impl/IrConstImpl$Companion done
Event: 8.986 loading class org/jetbrains/kotlin/ir/expressions/IrConstKind$Int
Event: 8.986 loading class org/jetbrains/kotlin/ir/expressions/IrConstKind$Int done
Event: 8.986 loading class org/jetbrains/kotlin/ir/expressions/IrConstKind
Event: 8.986 loading class org/jetbrains/kotlin/ir/expressions/IrConstKind done
Event: 8.987 loading class org/jetbrains/kotlin/ir/builders/IrSingleStatementBuilder
Event: 8.987 loading class org/jetbrains/kotlin/ir/builders/IrSingleStatementBuilder done
Event: 8.987 loading class org/jetbrains/kotlin/ir/builders/IrBuilderWithScope
Event: 8.987 loading class org/jetbrains/kotlin/ir/builders/IrBuilderWithScope done
Event: 8.988 loading class org/jetbrains/kotlin/ir/builders/IrBuilder
Event: 8.988 loading class org/jetbrains/kotlin/ir/builders/IrBuilder done
Event: 8.988 loading class org/jetbrains/kotlin/ir/expressions/IrStatementOrigin$IF
Event: 8.988 loading class org/jetbrains/kotlin/ir/expressions/IrStatementOrigin$IF done
Event: 8.988 loading class org/jetbrains/kotlin/ir/builders/ExpressionHelpersKt
Event: 8.988 loading class org/jetbrains/kotlin/ir/builders/ExpressionHelpersKt done


Dynamic libraries:
0x00007ff64cac0000 - 0x00007ff64caca000 	C:\Program Files\Android\Android Studio\jre\bin\java.exe
0x00007ffa143c0000 - 0x00007ffa145c9000 	C:\WINDOWS\SYSTEM32\ntdll.dll
0x00007ffa136f0000 - 0x00007ffa137ad000 	C:\WINDOWS\System32\KERNEL32.DLL
0x00007ffa118a0000 - 0x00007ffa11c19000 	C:\WINDOWS\System32\KERNELBASE.dll
0x00007ffa12060000 - 0x00007ffa12171000 	C:\WINDOWS\System32\ucrtbase.dll
0x00007ffa03e10000 - 0x00007ffa03e29000 	C:\Program Files\Android\Android Studio\jre\bin\jli.dll
0x00007ffa0db30000 - 0x00007ffa0db47000 	C:\Program Files\Android\Android Studio\jre\bin\VCRUNTIME140.dll
0x00007ffa13940000 - 0x00007ffa13aec000 	C:\WINDOWS\System32\USER32.dll
0x00007ff9f7140000 - 0x00007ff9f73e5000 	C:\WINDOWS\WinSxS\amd64_microsoft.windows.common-controls_6595b64144ccf1df_6.0.22000.120_none_9d947278b86cc467\COMCTL32.dll
0x00007ffa12220000 - 0x00007ffa12246000 	C:\WINDOWS\System32\win32u.dll
0x00007ffa13c20000 - 0x00007ffa13cc3000 	C:\WINDOWS\System32\msvcrt.dll
0x00007ffa142d0000 - 0x00007ffa142f9000 	C:\WINDOWS\System32\GDI32.dll
0x00007ffa11f40000 - 0x00007ffa12052000 	C:\WINDOWS\System32\gdi32full.dll
0x00007ffa12180000 - 0x00007ffa1221d000 	C:\WINDOWS\System32\msvcp_win.dll
0x00007ffa12370000 - 0x00007ffa123a1000 	C:\WINDOWS\System32\IMM32.DLL
0x00007ff9f3510000 - 0x00007ff9f35ad000 	C:\Program Files\Android\Android Studio\jre\bin\msvcp140.dll
0x00007ff9ada90000 - 0x00007ff9ae575000 	C:\Program Files\Android\Android Studio\jre\bin\server\jvm.dll
0x00007ffa14000000 - 0x00007ffa140ae000 	C:\WINDOWS\System32\ADVAPI32.dll
0x00007ffa141d0000 - 0x00007ffa1426e000 	C:\WINDOWS\System32\sechost.dll
0x00007ffa13ee0000 - 0x00007ffa14000000 	C:\WINDOWS\System32\RPCRT4.dll
0x00007ffa12fe0000 - 0x00007ffa12fe8000 	C:\WINDOWS\System32\PSAPI.DLL
0x00007ffa08dd0000 - 0x00007ffa08dda000 	C:\WINDOWS\SYSTEM32\VERSION.dll
0x00007ffa03e30000 - 0x00007ffa03e63000 	C:\WINDOWS\SYSTEM32\WINMM.dll
0x00007ff9ee6b0000 - 0x00007ff9ee6b9000 	C:\WINDOWS\SYSTEM32\WSOCK32.dll
0x00007ffa14300000 - 0x00007ffa1436f000 	C:\WINDOWS\System32\WS2_32.dll
0x00007ffa109a0000 - 0x00007ffa109b8000 	C:\WINDOWS\SYSTEM32\kernel.appcore.dll
0x00007ff9ada70000 - 0x00007ff9ada81000 	C:\Program Files\Android\Android Studio\jre\bin\verify.dll
0x00007ffa0f090000 - 0x00007ffa0f2b1000 	C:\WINDOWS\SYSTEM32\DBGHELP.DLL
0x00007ff9eeed0000 - 0x00007ff9eef01000 	C:\WINDOWS\SYSTEM32\dbgcore.DLL
0x00007ffa11ec0000 - 0x00007ffa11f3f000 	C:\WINDOWS\System32\bcryptPrimitives.dll
0x00007ff9ada40000 - 0x00007ff9ada69000 	C:\Program Files\Android\Android Studio\jre\bin\java.dll
0x00007ff9d2d70000 - 0x00007ff9d2d7b000 	C:\Program Files\Android\Android Studio\jre\bin\jimage.dll
0x00007ff9ada20000 - 0x00007ff9ada38000 	C:\Program Files\Android\Android Studio\jre\bin\zip.dll
0x00007ffa12820000 - 0x00007ffa12fd8000 	C:\WINDOWS\System32\SHELL32.dll
0x00007ffa0fa10000 - 0x00007ffa10277000 	C:\WINDOWS\SYSTEM32\windows.storage.dll
0x00007ffa130d0000 - 0x00007ffa13449000 	C:\WINDOWS\System32\combase.dll
0x00007ffa0f8a0000 - 0x00007ffa0fa06000 	C:\WINDOWS\SYSTEM32\wintypes.dll
0x00007ffa13840000 - 0x00007ffa1392a000 	C:\WINDOWS\System32\SHCORE.dll
0x00007ffa14270000 - 0x00007ffa142cd000 	C:\WINDOWS\System32\shlwapi.dll
0x00007ffa117d0000 - 0x00007ffa117f1000 	C:\WINDOWS\SYSTEM32\profapi.dll
0x00007ff9ada00000 - 0x00007ff9ada1a000 	C:\Program Files\Android\Android Studio\jre\bin\net.dll
0x00007ffa09720000 - 0x00007ffa0982c000 	C:\WINDOWS\SYSTEM32\WINHTTP.dll
0x00007ffa10dd0000 - 0x00007ffa10e37000 	C:\WINDOWS\system32\mswsock.dll
0x00007ff9ad9e0000 - 0x00007ff9ad9f4000 	C:\Program Files\Android\Android Studio\jre\bin\nio.dll

dbghelp: loaded successfully - version: 4.0.5 - missing functions: none
symbol engine: initialized successfully - sym options: 0x614 - pdb path: .;C:\Program Files\Android\Android Studio\jre\bin;C:\WINDOWS\SYSTEM32;C:\WINDOWS\WinSxS\amd64_microsoft.windows.common-controls_6595b64144ccf1df_6.0.22000.120_none_9d947278b86cc467;C:\Program Files\Android\Android Studio\jre\bin\server

VM Arguments:
java_command: org.jetbrains.kotlin.cli.jvm.K2JVMCompiler @D:\Android Development\LiveEdgeDetectionSDK\app\build\20220817_15444191113278064443.compiler.options
java_class_path (initial): C:\Users\ASUS\.gradle\caches\modules-2\files-2.1\org.jetbrains.kotlin\kotlin-compiler-embeddable\1.6.21\97bdd5a752ce73b58ef16c17bc7f0ea2faff7a2e\kotlin-compiler-embeddable-1.6.21.jar;C:\Users\ASUS\.gradle\caches\modules-2\files-2.1\org.jetbrains.kotlin\kotlin-reflect\1.6.21\5dc3574d9b7bebfcb4ec6b10ada4aaa9e140bd0b\kotlin-reflect-1.6.21.jar;C:\Users\ASUS\.gradle\caches\modules-2\files-2.1\org.jetbrains.kotlin\kotlin-stdlib\1.6.21\11ef67f1900634fd951bad28c53ec957fabbe5b8\kotlin-stdlib-1.6.21.jar;C:\Users\ASUS\.gradle\caches\modules-2\files-2.1\org.jetbrains.kotlin\kotlin-script-runtime\1.6.21\99c6675100da5d6d5b1c5a1032f27f28008d101b\kotlin-script-runtime-1.6.21.jar;C:\Users\ASUS\.gradle\caches\modules-2\files-2.1\org.jetbrains.kotlin\kotlin-daemon-embeddable\1.6.21\46b78cf392e1c4f10854c3cadba44abb7b82250f\kotlin-daemon-embeddable-1.6.21.jar;C:\Users\ASUS\.gradle\caches\modules-2\files-2.1\org.jetbrains.intellij.deps\trove4j\1.0.20200330\3afb14d5f9ceb459d724e907a21145e8ff394f02\trove4j-1.0.20200330.jar;C:\Users\ASUS\.gradle\caches\modules-2\files-2.1\net.java.dev.jna\jna\5.6.0\330f2244e9030119ab3030fc3fededc86713d9cc\jna-5.6.0.jar;C:\Users\ASUS\.gradle\caches\modules-2\files-2.1\org.jetbrains.kotlin\kotlin-stdlib-common\1.6.21\5e5b55c26dbc80372a920aef60eb774b714559b8\kotlin-stdlib-common-1.6.21.jar;C:\Users\ASUS\.gradle\caches\modules-2\files-2.1\org.jetbrains\annotations\13.0\919f0dfe192fb4e063e7dacadee7f8bb9a2672a9\annotations-13.0.jar
Launcher Type: SUN_STANDARD

[Global flags]
     intx CICompilerCount                          = 3                                         {product} {ergonomic}
     uint ConcGCThreads                            = 1                                         {product} {ergonomic}
     uint G1ConcRefinementThreads                  = 4                                         {product} {ergonomic}
   size_t G1HeapRegionSize                         = 1048576                                   {product} {ergonomic}
    uintx GCDrainStackTargetSize                   = 64                                        {product} {ergonomic}
   size_t InitialHeapSize                          = 130023424                                 {product} {ergonomic}
   size_t MarkStackSize                            = 4194304                                   {product} {ergonomic}
   size_t MaxHeapSize                              = 2080374784                                {product} {ergonomic}
   size_t MaxNewSize                               = 1247805440                                {product} {ergonomic}
   size_t MinHeapDeltaBytes                        = 1048576                                   {product} {ergonomic}
    uintx NonNMethodCodeHeapSize                   = 5830732                                {pd product} {ergonomic}
    uintx NonProfiledCodeHeapSize                  = 122913754                              {pd product} {ergonomic}
    uintx ProfiledCodeHeapSize                     = 122913754                              {pd product} {ergonomic}
    uintx ReservedCodeCacheSize                    = 251658240                              {pd product} {ergonomic}
     bool SegmentedCodeCache                       = true                                      {product} {ergonomic}
     bool UseCompressedClassPointers               = true                                 {lp64_product} {ergonomic}
     bool UseCompressedOops                        = true                                 {lp64_product} {ergonomic}
     bool UseG1GC                                  = true                                      {product} {ergonomic}
     bool UseLargePagesIndividualAllocation        = false                                  {pd product} {ergonomic}

Logging:
Log output configuration:
 #0: stdout all=warning uptime,level,tags
 #1: stderr all=off uptime,level,tags

Environment Variables:
PATH=C:\Python310\Scripts\;C:\Python310\;C:\Program Files\Common Files\Oracle\Java\javapath;C:\WINDOWS\system32;C:\WINDOWS;C:\WINDOWS\System32\Wbem;C:\WINDOWS\System32\WindowsPowerShell\v1.0\;C:\WINDOWS\System32\OpenSSH\;C:\MinGW\bin;D:\flutter\bin;C:\Program Files\nodejs\;C:\ProgramData\chocolatey\bin;C:\Ruby27-x64\bin;C:\Program Files\Git\cmd;C:\Users\ASUS\Downloads\platform-tools_r33.0.0-windows\platform-tools;C:\Program Files\Android\sdk;C:\Program Files\Android\sdk\platform-tools;C:\Program Files\MongoDB\Server\5.0\bin;C:\Program Files\MATLAB\R2016a\runtime\win64;C:\Program Files\MATLAB\R2016a\bin;C:\Program Files\MATLAB\R2016a\polyspace\bin;C:\Ruby27-x64\bin;C:\Users\ASUS\AppData\Local\Programs\Python\Python39\Scripts\;C:\Users\ASUS\AppData\Local\Programs\Python\Python39\;C:\Users\ASUS\AppData\Local\Microsoft\WindowsApps;C:\Users\ASUS\AppData\Local\Programs\Microsoft VS Code\bin;C:\Users\ASUS\AppData\Local\GitHubDesktop\bin;C:\Program Files\JetBrains\IntelliJ IDEA Community Edition 2021.2\bin;;C:\Users\ASUS\AppData\Roaming\npm;C:\Users\ASUS\Downloads\platform-tools_r33.0.0-windows\platform-tools;C:\Program Files\Android\sdk;C:\Program Files\Android\sdk\platform-tools;C:\Program Files\MongoDB\Server\5.0\bin;
USERNAME=ASUS
OS=Windows_NT
PROCESSOR_IDENTIFIER=Intel64 Family 6 Model 126 Stepping 5, GenuineIntel



---------------  S Y S T E M  ---------------

OS: Windows 10 , 64 bit Build 22000 (10.0.22000.708)
OS uptime: 0 days 0:47 hours

CPU:total 4 (initial active 4) (2 cores per cpu, 2 threads per core) family 6 model 126 stepping 5 microcode 0xa0, cmov, cx8, fxsr, mmx, sse, sse2, sse3, ssse3, sse4.1, sse4.2, popcnt, avx, avx2, aes, clmul, erms, 3dnowpref, lzcnt, ht, tsc, tscinvbit, bmi1, bmi2, adx, evex, sha, fma

Memory: 4k page, system-wide physical 7930M (846M free)
TotalPageFile size 9978M (AvailPageFile size 6M)
current process WorkingSet (physical memory assigned to process): 320M, peak: 320M
current process commit charge ("private bytes"): 369M, peak: 370M

vm_info: OpenJDK 64-Bit Server VM (11.0.12+7-b1504.28-7817840) for windows-amd64 JRE (11.0.12+7-b1504.28-7817840), built on Oct 13 2021 22:12:33 by "builder" with MS VC++ 14.0 (VS2015)

END.
