#
# There is insufficient memory for the Java Runtime Environment to continue.
# Native memory allocation (mmap) failed to map 304087040 bytes for Failed to commit area from 0x0000000093600000 to 0x00000000a5800000 of length 304087040.
# Possible reasons:
#   The system is out of physical RAM or swap space
#   The process is running with CompressedOops enabled, and the Java Heap may be blocking the growth of the native heap
# Possible solutions:
#   Reduce memory load on the system
#   Increase physical memory or swap space
#   Check if swap backing store is full
#   Decrease Java heap size (-Xmx/-Xms)
#   Decrease number of Java threads
#   Decrease Java thread stack sizes (-Xss)
#   Set larger code cache with -XX:ReservedCodeCacheSize=
#   JVM is running with Unscaled Compressed Oops mode in which the Java heap is
#     placed in the first 4GB address space. The Java Heap base address is the
#     maximum limit for the native heap growth. Please use -XX:HeapBaseMinAddress
#     to set the Java Heap base and to place the Java Heap above 4GB virtual address.
# This output file may be truncated or incomplete.
#
#  Out of Memory Error (./src/hotspot/os/windows/os_windows.cpp:3521), pid=5676, tid=13888
#
# JRE version: OpenJDK Runtime Environment (11.0.12+7) (build 11.0.12+7-b1504.28-7817840)
# Java VM: OpenJDK 64-Bit Server VM (11.0.12+7-b1504.28-7817840, mixed mode, tiered, compressed oops, g1 gc, windows-amd64)
# No core dump will be written. Minidumps are not enabled by default on client versions of Windows
#

---------------  S U M M A R Y ------------

Command Line: --add-opens=java.base/java.util=ALL-UNNAMED --add-opens=java.base/java.lang=ALL-UNNAMED --add-opens=java.base/java.lang.invoke=ALL-UNNAMED --add-opens=java.base/java.util=ALL-UNNAMED --add-opens=java.prefs/java.util.prefs=ALL-UNNAMED --add-opens=java.prefs/java.util.prefs=ALL-UNNAMED --add-opens=java.base/java.nio.charset=ALL-UNNAMED --add-opens=java.base/java.net=ALL-UNNAMED --add-opens=java.base/java.util.concurrent.atomic=ALL-UNNAMED -Xmx2048m -Dfile.encoding=UTF-8 -Duser.country=IN -Duser.language=en -Duser.variant org.gradle.launcher.daemon.bootstrap.GradleDaemon 7.3.3

Host: Intel(R) Core(TM) i3-1005G1 CPU @ 1.20GHz, 4 cores, 7G,  Windows 10 , 64 bit Build 22000 (10.0.22000.708)
Time: Sat Aug 13 18:38:36 2022 India Standard Time elapsed time: 2028.058913 seconds (0d 0h 33m 48s)

---------------  T H R E A D  ---------------

Current thread (0x0000018070afc000):  VMThread "VM Thread" [stack: 0x0000001955200000,0x0000001955300000] [id=13888]

Stack: [0x0000001955200000,0x0000001955300000]
[error occurred during error reporting (printing stack bounds), id 0xc0000005, EXCEPTION_ACCESS_VIOLATION (0xc0000005) at pc=0x000001805a2f12e7]

Native frames: (J=compiled Java code, j=interpreted, Vv=VM code, C=native code)
V  [jvm.dll+0x5fbcea]
V  [jvm.dll+0x731905]
V  [jvm.dll+0x732f1d]
V  [jvm.dll+0x733535]
V  [jvm.dll+0x7334eb]
V  [jvm.dll+0x5fb080]
V  [jvm.dll+0x5fb818]
C  [ntdll.dll+0xa8eaf]
C  [ntdll.dll+0x35e9a]
C  [ntdll.dll+0xa7ebe]
C  0x000001805a2f12e7

VM_Operation (0x000000195a0f8e90): G1CollectForAllocation, mode: safepoint, requested by thread 0x000001807408d800


---------------  P R O C E S S  ---------------

Threads class SMR info:
_java_thread_list=0x000001807f200980, length=98, elements={
0x00000180567dc000, 0x0000018070b00800, 0x0000018070b04800, 0x00000180714a2800,
0x0000018070b1f000, 0x0000018070b20000, 0x0000018070b24000, 0x0000018070b26000,
0x0000018070b28000, 0x00000180715d9800, 0x0000018073a06800, 0x0000018072bce800,
0x00000180734f9000, 0x0000018071f29800, 0x0000018071f2b000, 0x0000018071f27000,
0x0000018071f27800, 0x0000018071f26000, 0x0000018071f2c000, 0x0000018071f28800,
0x00000180723f9000, 0x00000180723fa000, 0x00000180723f4800, 0x00000180723f5000,
0x0000018074093800, 0x0000018074098000, 0x000001807ee49000, 0x00000180723fc800,
0x000001807408f000, 0x00000180723f8800, 0x0000018074095000, 0x0000018072403000,
0x0000018074097800, 0x00000180752b4000, 0x00000180752b0800, 0x00000180752b4800,
0x00000180752b3000, 0x00000180752b2800, 0x00000180752b0000, 0x00000180752b6800,
0x00000180752b7000, 0x00000180752bb800, 0x00000180752b9000, 0x00000180752bc000,
0x00000180752b9800, 0x00000180752bd000, 0x00000180752ba800, 0x00000180752bd800,
0x00000180752b8000, 0x00000180752be800, 0x000001807bb34000, 0x000001807bb35000,
0x000001807bb36000, 0x000001807bb30000, 0x000001807bb36800, 0x000001807bb32000,
0x000001807bb31000, 0x000001807bb37800, 0x000001807bb38800, 0x000001807bb32800,
0x000001807bb3e000, 0x000001807bb39000, 0x000001807bb3a000, 0x000001807bb3b800,
0x000001807bb3c800, 0x000001807bb3b000, 0x000001807bb3d000, 0x000001807bb3f000,
0x000001807ee41000, 0x000001807ee42800, 0x000001807ee44000, 0x000001807ee43800,
0x000001807ee45000, 0x000001807ee46000, 0x000001807ee40000, 0x000001807ee47800,
0x000001807ee4a000, 0x000001807ee48000, 0x000001807ee4c800, 0x000001807ee4a800,
0x000001807ee4b800, 0x000001807ee46800, 0x000001807ee4d000, 0x000001807ee4e000,
0x000001807ee4e800, 0x000001807408d800, 0x000001807408e800, 0x000001807408d000,
0x000001807408c000, 0x0000018074095800, 0x0000018074090000, 0x0000018074096800,
0x0000018074091800, 0x0000018074092800, 0x0000018074094000, 0x0000018074091000,
0x0000018074099000, 0x000001807409a800
}

Java Threads: ( => current thread )
  0x00000180567dc000 JavaThread "main" [_thread_blocked, id=7864, stack(0x0000001954c00000,0x0000001954d00000)]
  0x0000018070b00800 JavaThread "Reference Handler" daemon [_thread_blocked, id=16764, stack(0x0000001955300000,0x0000001955400000)]
  0x0000018070b04800 JavaThread "Finalizer" daemon [_thread_blocked, id=2068, stack(0x0000001955400000,0x0000001955500000)]
  0x00000180714a2800 JavaThread "Signal Dispatcher" daemon [_thread_blocked, id=11268, stack(0x0000001955500000,0x0000001955600000)]
  0x0000018070b1f000 JavaThread "Attach Listener" daemon [_thread_blocked, id=6556, stack(0x0000001955600000,0x0000001955700000)]
  0x0000018070b20000 JavaThread "Service Thread" daemon [_thread_blocked, id=11512, stack(0x0000001955700000,0x0000001955800000)]
  0x0000018070b24000 JavaThread "C2 CompilerThread0" daemon [_thread_blocked, id=4248, stack(0x0000001955800000,0x0000001955900000)]
  0x0000018070b26000 JavaThread "C1 CompilerThread0" daemon [_thread_blocked, id=11972, stack(0x0000001955900000,0x0000001955a00000)]
  0x0000018070b28000 JavaThread "Sweeper thread" daemon [_thread_blocked, id=13076, stack(0x0000001955a00000,0x0000001955b00000)]
  0x00000180715d9800 JavaThread "Common-Cleaner" daemon [_thread_blocked, id=4244, stack(0x0000001955b00000,0x0000001955c00000)]
  0x0000018073a06800 JavaThread "Daemon health stats" [_thread_blocked, id=6240, stack(0x0000001955f00000,0x0000001956000000)]
  0x0000018072bce800 JavaThread "Incoming local TCP Connector on port 51439" [_thread_in_native, id=14980, stack(0x0000001955d00000,0x0000001955e00000)]
  0x00000180734f9000 JavaThread "Daemon periodic checks" [_thread_blocked, id=18932, stack(0x0000001956000000,0x0000001956100000)]
  0x0000018071f29800 JavaThread "Cache worker for journal cache (C:\Users\ASUS\.gradle\caches\journal-1)" [_thread_blocked, id=13200, stack(0x0000001956a00000,0x0000001956b00000)]
  0x0000018071f2b000 JavaThread "File lock request listener" [_thread_in_native, id=10964, stack(0x0000001956b00000,0x0000001956c00000)]
  0x0000018071f27000 JavaThread "Cache worker for file hash cache (C:\Users\ASUS\.gradle\caches\7.3.3\fileHashes)" [_thread_blocked, id=17264, stack(0x0000001956c00000,0x0000001956d00000)]
  0x0000018071f27800 JavaThread "File watcher server" daemon [_thread_blocked, id=6140, stack(0x0000001956f00000,0x0000001957000000)]
  0x0000018071f26000 JavaThread "File watcher consumer" daemon [_thread_blocked, id=2288, stack(0x0000001957000000,0x0000001957100000)]
  0x0000018071f2c000 JavaThread "jar transforms" [_thread_blocked, id=10344, stack(0x0000001957100000,0x0000001957200000)]
  0x0000018071f28800 JavaThread "jar transforms Thread 2" [_thread_blocked, id=12020, stack(0x0000001957200000,0x0000001957300000)]
  0x00000180723f9000 JavaThread "jar transforms Thread 3" [_thread_blocked, id=10496, stack(0x0000001957300000,0x0000001957400000)]
  0x00000180723fa000 JavaThread "jar transforms Thread 4" [_thread_blocked, id=9652, stack(0x0000001957400000,0x0000001957500000)]
  0x00000180723f4800 JavaThread "Cache worker for execution history cache (C:\Users\ASUS\.gradle\caches\7.3.3\executionHistory)" [_thread_blocked, id=1916, stack(0x0000001957800000,0x0000001957900000)]
  0x00000180723f5000 JavaThread "Cache worker for file content cache (C:\Users\ASUS\.gradle\caches\7.3.3\fileContent)" [_thread_blocked, id=16976, stack(0x0000001956e00000,0x0000001956f00000)]
  0x0000018074093800 JavaThread "Memory manager" [_thread_blocked, id=11628, stack(0x000000195a300000,0x000000195a400000)]
  0x0000018074098000 JavaThread "pool-3-thread-1" [_thread_blocked, id=1364, stack(0x000000195a500000,0x000000195a600000)]
  0x000001807ee49000 JavaThread "pool-6-thread-1" [_thread_blocked, id=2992, stack(0x000000195a200000,0x000000195a300000)]
  0x00000180723fc800 JavaThread "pool-9-thread-1" [_thread_blocked, id=8584, stack(0x000000195a100000,0x000000195a200000)]
  0x000001807408f000 JavaThread "pool-12-thread-1" [_thread_blocked, id=18992, stack(0x000000195a600000,0x000000195a700000)]
  0x00000180723f8800 JavaThread "pool-15-thread-1" [_thread_blocked, id=17776, stack(0x000000195a700000,0x000000195a800000)]
  0x0000018074095000 JavaThread "pool-18-thread-1" [_thread_blocked, id=3192, stack(0x000000195a400000,0x000000195a500000)]
  0x0000018072403000 JavaThread "pool-21-thread-1" [_thread_blocked, id=19432, stack(0x000000195a800000,0x000000195a900000)]
  0x0000018074097800 JavaThread "pool-24-thread-1" [_thread_blocked, id=5656, stack(0x000000195aa00000,0x000000195ab00000)]
  0x00000180752b4000 JavaThread "Daemon Thread 7" [_thread_blocked, id=16508, stack(0x0000001954900000,0x0000001954a00000)]
  0x00000180752b0800 JavaThread "Handler for socket connection from /127.0.0.1:51439 to /127.0.0.1:52189" [_thread_in_native, id=17012, stack(0x0000001954a00000,0x0000001954b00000)]
  0x00000180752b4800 JavaThread "Cancel handler" [_thread_blocked, id=18064, stack(0x0000001954b00000,0x0000001954c00000)]
  0x00000180752b3000 JavaThread "Daemon worker Thread 7" [_thread_blocked, id=7076, stack(0x0000001956100000,0x0000001956200000)]
  0x00000180752b2800 JavaThread "Asynchronous log dispatcher for DefaultDaemonConnection: socket connection from /127.0.0.1:51439 to /127.0.0.1:52189" [_thread_blocked, id=17452, stack(0x0000001956200000,0x0000001956300000)]
  0x00000180752b0000 JavaThread "Stdin handler" [_thread_blocked, id=280, stack(0x0000001956300000,0x0000001956400000)]
  0x00000180752b6800 JavaThread "Daemon client event forwarder" [_thread_blocked, id=19356, stack(0x0000001956400000,0x0000001956500000)]
  0x00000180752b7000 JavaThread "Cache worker for file hash cache (D:\Android Development\LiveEdgeDetectionSDK\.gradle\7.3.3\fileHashes)" [_thread_blocked, id=1608, stack(0x0000001956500000,0x0000001956600000)]
  0x00000180752bb800 JavaThread "Cache worker for checksums cache (D:\Android Development\LiveEdgeDetectionSDK\.gradle\7.3.3\checksums)" [_thread_blocked, id=476, stack(0x0000001956900000,0x0000001956a00000)]
  0x00000180752b9000 JavaThread "Cache worker for cache directory md-supplier (C:\Users\ASUS\.gradle\caches\7.3.3\md-supplier)" [_thread_blocked, id=11008, stack(0x0000001956d00000,0x0000001956e00000)]
  0x00000180752bc000 JavaThread "Cache worker for cache directory md-rule (C:\Users\ASUS\.gradle\caches\7.3.3\md-rule)" [_thread_blocked, id=4844, stack(0x0000001957500000,0x0000001957600000)]
  0x00000180752b9800 JavaThread "Cache worker for dependencies-accessors (D:\Android Development\LiveEdgeDetectionSDK\.gradle\7.3.3\dependencies-accessors)" [_thread_blocked, id=16940, stack(0x0000001957600000,0x0000001957700000)]
  0x00000180752bd000 JavaThread "Cache worker for Build Output Cleanup Cache (D:\Android Development\LiveEdgeDetectionSDK\.gradle\buildOutputCleanup)" [_thread_blocked, id=14292, stack(0x0000001957700000,0x0000001957800000)]
  0x00000180752ba800 JavaThread "Unconstrained build operations" [_thread_blocked, id=12412, stack(0x0000001957900000,0x0000001957a00000)]
  0x00000180752bd800 JavaThread "Unconstrained build operations Thread 2" [_thread_blocked, id=4932, stack(0x0000001957a00000,0x0000001957b00000)]
  0x00000180752b8000 JavaThread "Unconstrained build operations Thread 3" [_thread_blocked, id=13044, stack(0x0000001957b00000,0x0000001957c00000)]
  0x00000180752be800 JavaThread "Unconstrained build operations Thread 4" [_thread_blocked, id=5088, stack(0x0000001957c00000,0x0000001957d00000)]
  0x000001807bb34000 JavaThread "Unconstrained build operations Thread 5" [_thread_blocked, id=8364, stack(0x0000001957d00000,0x0000001957e00000)]
  0x000001807bb35000 JavaThread "Unconstrained build operations Thread 6" [_thread_blocked, id=6080, stack(0x0000001957e00000,0x0000001957f00000)]
  0x000001807bb36000 JavaThread "Unconstrained build operations Thread 7" [_thread_blocked, id=7220, stack(0x0000001957f00000,0x0000001958000000)]
  0x000001807bb30000 JavaThread "Unconstrained build operations Thread 8" [_thread_blocked, id=13872, stack(0x0000001958000000,0x0000001958100000)]
  0x000001807bb36800 JavaThread "Unconstrained build operations Thread 9" [_thread_blocked, id=12756, stack(0x0000001958100000,0x0000001958200000)]
  0x000001807bb32000 JavaThread "Unconstrained build operations Thread 10" [_thread_blocked, id=18648, stack(0x0000001958200000,0x0000001958300000)]
  0x000001807bb31000 JavaThread "Unconstrained build operations Thread 11" [_thread_blocked, id=6372, stack(0x0000001958300000,0x0000001958400000)]
  0x000001807bb37800 JavaThread "Unconstrained build operations Thread 12" [_thread_blocked, id=8604, stack(0x0000001958400000,0x0000001958500000)]
  0x000001807bb38800 JavaThread "Unconstrained build operations Thread 13" [_thread_blocked, id=10928, stack(0x0000001958500000,0x0000001958600000)]
  0x000001807bb32800 JavaThread "Unconstrained build operations Thread 14" [_thread_blocked, id=12680, stack(0x0000001958600000,0x0000001958700000)]
  0x000001807bb3e000 JavaThread "Unconstrained build operations Thread 15" [_thread_blocked, id=18436, stack(0x0000001958700000,0x0000001958800000)]
  0x000001807bb39000 JavaThread "Unconstrained build operations Thread 16" [_thread_blocked, id=4228, stack(0x0000001958800000,0x0000001958900000)]
  0x000001807bb3a000 JavaThread "Unconstrained build operations Thread 17" [_thread_blocked, id=6504, stack(0x0000001958900000,0x0000001958a00000)]
  0x000001807bb3b800 JavaThread "Unconstrained build operations Thread 18" [_thread_blocked, id=15708, stack(0x0000001958a00000,0x0000001958b00000)]
  0x000001807bb3c800 JavaThread "Unconstrained build operations Thread 19" [_thread_blocked, id=3660, stack(0x0000001958b00000,0x0000001958c00000)]
  0x000001807bb3b000 JavaThread "Unconstrained build operations Thread 20" [_thread_blocked, id=18360, stack(0x0000001958c00000,0x0000001958d00000)]
  0x000001807bb3d000 JavaThread "Unconstrained build operations Thread 21" [_thread_blocked, id=13780, stack(0x0000001958d00000,0x0000001958e00000)]
  0x000001807bb3f000 JavaThread "Unconstrained build operations Thread 22" [_thread_blocked, id=16716, stack(0x0000001958e00000,0x0000001958f00000)]
  0x000001807ee41000 JavaThread "Unconstrained build operations Thread 23" [_thread_blocked, id=9264, stack(0x0000001958f00000,0x0000001959000000)]
  0x000001807ee42800 JavaThread "Unconstrained build operations Thread 24" [_thread_blocked, id=16688, stack(0x0000001959000000,0x0000001959100000)]
  0x000001807ee44000 JavaThread "Unconstrained build operations Thread 25" [_thread_blocked, id=12360, stack(0x0000001959100000,0x0000001959200000)]
  0x000001807ee43800 JavaThread "Unconstrained build operations Thread 26" [_thread_blocked, id=17412, stack(0x0000001959200000,0x0000001959300000)]
  0x000001807ee45000 JavaThread "Unconstrained build operations Thread 27" [_thread_blocked, id=14188, stack(0x0000001959300000,0x0000001959400000)]
  0x000001807ee46000 JavaThread "Unconstrained build operations Thread 28" [_thread_blocked, id=12420, stack(0x0000001959400000,0x0000001959500000)]
  0x000001807ee40000 JavaThread "Unconstrained build operations Thread 29" [_thread_blocked, id=17152, stack(0x0000001959500000,0x0000001959600000)]
  0x000001807ee47800 JavaThread "Unconstrained build operations Thread 30" [_thread_blocked, id=16036, stack(0x0000001959600000,0x0000001959700000)]
  0x000001807ee4a000 JavaThread "Unconstrained build operations Thread 31" [_thread_blocked, id=13032, stack(0x0000001959700000,0x0000001959800000)]
  0x000001807ee48000 JavaThread "Unconstrained build operations Thread 32" [_thread_blocked, id=4416, stack(0x0000001959800000,0x0000001959900000)]
  0x000001807ee4c800 JavaThread "Unconstrained build operations Thread 33" [_thread_blocked, id=8388, stack(0x0000001959900000,0x0000001959a00000)]
  0x000001807ee4a800 JavaThread "Unconstrained build operations Thread 34" [_thread_blocked, id=18404, stack(0x0000001959a00000,0x0000001959b00000)]
  0x000001807ee4b800 JavaThread "Unconstrained build operations Thread 35" [_thread_blocked, id=15240, stack(0x0000001959b00000,0x0000001959c00000)]
  0x000001807ee46800 JavaThread "Unconstrained build operations Thread 36" [_thread_blocked, id=7048, stack(0x0000001959c00000,0x0000001959d00000)]
  0x000001807ee4d000 JavaThread "Unconstrained build operations Thread 37" [_thread_blocked, id=17344, stack(0x0000001959d00000,0x0000001959e00000)]
  0x000001807ee4e000 JavaThread "Unconstrained build operations Thread 38" [_thread_blocked, id=18576, stack(0x0000001959e00000,0x0000001959f00000)]
  0x000001807ee4e800 JavaThread "Unconstrained build operations Thread 39" [_thread_blocked, id=18188, stack(0x0000001959f00000,0x000000195a000000)]
  0x000001807408d800 JavaThread "Unconstrained build operations Thread 40" [_thread_blocked, id=14600, stack(0x000000195a000000,0x000000195a100000)]
  0x000001807408e800 JavaThread "build event listener" [_thread_blocked, id=19100, stack(0x000000195a900000,0x000000195aa00000)]
  0x000001807408d000 JavaThread "pool-28-thread-1" [_thread_blocked, id=12900, stack(0x000000195ab00000,0x000000195ac00000)]
  0x000001807408c000 JavaThread "build event listener" [_thread_blocked, id=12940, stack(0x000000195ac00000,0x000000195ad00000)]
  0x0000018074095800 JavaThread "Execution worker for ':'" [_thread_blocked, id=4032, stack(0x000000195ad00000,0x000000195ae00000)]
  0x0000018074090000 JavaThread "Execution worker for ':' Thread 2" [_thread_blocked, id=12492, stack(0x000000195ae00000,0x000000195af00000)]
  0x0000018074096800 JavaThread "Execution worker for ':' Thread 3" [_thread_blocked, id=18096, stack(0x000000195af00000,0x000000195b000000)]
  0x0000018074091800 JavaThread "Cache worker for execution history cache (D:\Android Development\LiveEdgeDetectionSDK\.gradle\7.3.3\executionHistory)" [_thread_blocked, id=18252, stack(0x000000195b000000,0x000000195b100000)]
  0x0000018074092800 JavaThread "C2 CompilerThread1" daemon [_thread_blocked, id=16876, stack(0x0000001956600000,0x0000001956700000)]
  0x0000018074094000 JavaThread "WorkerExecutor Queue" [_thread_blocked, id=18764, stack(0x000000195b100000,0x000000195b200000)]
  0x0000018074091000 JavaThread "pool-29-thread-1" [_thread_blocked, id=14972, stack(0x000000195b200000,0x000000195b300000)]
  0x0000018074099000 JavaThread "stderr" [_thread_in_native, id=11776, stack(0x000000195b300000,0x000000195b400000)]
  0x000001807409a800 JavaThread "stdout" [_thread_in_native, id=7992, stack(0x000000195b400000,0x000000195b500000)]

Other Threads:
=>0x0000018070afc000 VMThread "VM Thread" [stack: 0x0000001955200000,0x0000001955300000] [id=13888]
  0x0000018071650800 WatcherThread [stack: 0x0000001955c00000,0x0000001955d00000] [id=16680]
  0x00000180567f5800 GCTaskThread "GC Thread#0" [stack: 0x0000001954d00000,0x0000001954e00000] [id=19408]
  0x00000180719f7800 GCTaskThread "GC Thread#1" [stack: 0x0000001955e00000,0x0000001955f00000] [id=6884]
  0x0000018072609800 GCTaskThread "GC Thread#2" [stack: 0x0000001956700000,0x0000001956800000] [id=16892]
  0x0000018071ed7800 GCTaskThread "GC Thread#3" [stack: 0x0000001956800000,0x0000001956900000] [id=7352]
  0x0000018056825800 ConcurrentGCThread "G1 Main Marker" [stack: 0x0000001954e00000,0x0000001954f00000] [id=4472]
  0x0000018056827000 ConcurrentGCThread "G1 Conc#0" [stack: 0x0000001954f00000,0x0000001955000000] [id=12528]
  0x00000180568b7000 ConcurrentGCThread "G1 Refine#0" [stack: 0x0000001955000000,0x0000001955100000] [id=18816]
  0x00000180568b8000 ConcurrentGCThread "G1 Young RemSet Sampling" [stack: 0x0000001955100000,0x0000001955200000] [id=1232]

Threads with active compile tasks:
C2 CompilerThread02028185 28554 %     4       com.android.tools.r8.ir.regalloc.b::a @ 420 (1832 bytes)
C1 CompilerThread02028186 28807   !   2       com.android.tools.r8.internal.bd::a (1150 bytes)
C2 CompilerThread12028186 28756       4       com.android.tools.r8.internal.Pl::a (1123 bytes)

VM state:at safepoint (normal execution)

VM Mutex/Monitor currently owned by a thread:  ([mutex/lock_event])
[0x00000180567d8a10] Threads_lock - owner thread: 0x0000018070afc000
[0x00000180567d78a0] Heap_lock - owner thread: 0x000001807408d800

Heap address: 0x0000000080000000, size: 2048 MB, Compressed Oops mode: 32-bit
Narrow klass base: 0x0000000000000000, Narrow klass shift: 3
Compressed class space size: 1073741824 Address: 0x0000000100000000

Heap:
 garbage-first heap   total 614400K, used 219419K [0x0000000080000000, 0x0000000100000000)
  region size 1024K, 1 young (1024K), 1 survivors (1024K)
 Metaspace       used 163937K, capacity 168766K, committed 169036K, reserved 1196032K
  class space    used 20005K, capacity 21767K, committed 21836K, reserved 1048576K
Heap Regions: E=young(eden), S=young(survivor), O=old, HS=humongous(starts), HC=humongous(continues), CS=collection set, F=free, A=archive, TAMS=top-at-mark-start (previous, next)
|   0|0x0000000080000000, 0x0000000080100000, 0x0000000080100000|100%| O|  |TAMS 0x0000000080100000, 0x0000000080100000| Untracked 
|   1|0x0000000080100000, 0x0000000080200000, 0x0000000080200000|100%| O|  |TAMS 0x0000000080200000, 0x0000000080200000| Untracked 
|   2|0x0000000080200000, 0x0000000080300000, 0x0000000080300000|100%| O|  |TAMS 0x0000000080300000, 0x0000000080300000| Untracked 
|   3|0x0000000080300000, 0x0000000080400000, 0x0000000080400000|100%|HS|  |TAMS 0x0000000080400000, 0x0000000080400000| Complete 
|   4|0x0000000080400000, 0x0000000080500000, 0x0000000080500000|100%|HC|  |TAMS 0x0000000080500000, 0x0000000080500000| Complete 
|   5|0x0000000080500000, 0x0000000080600000, 0x0000000080600000|100%|HC|  |TAMS 0x0000000080600000, 0x0000000080600000| Complete 
|   6|0x0000000080600000, 0x0000000080700000, 0x0000000080700000|100%| O|  |TAMS 0x0000000080700000, 0x0000000080700000| Untracked 
|   7|0x0000000080700000, 0x0000000080800000, 0x0000000080800000|100%| O|  |TAMS 0x0000000080800000, 0x0000000080800000| Untracked 
|   8|0x0000000080800000, 0x0000000080900000, 0x0000000080900000|100%| O|  |TAMS 0x0000000080900000, 0x0000000080900000| Untracked 
|   9|0x0000000080900000, 0x0000000080a00000, 0x0000000080a00000|100%| O|  |TAMS 0x0000000080a00000, 0x0000000080a00000| Untracked 
|  10|0x0000000080a00000, 0x0000000080b00000, 0x0000000080b00000|100%| O|  |TAMS 0x0000000080b00000, 0x0000000080b00000| Untracked 
|  11|0x0000000080b00000, 0x0000000080c00000, 0x0000000080c00000|100%| O|  |TAMS 0x0000000080c00000, 0x0000000080c00000| Untracked 
|  12|0x0000000080c00000, 0x0000000080d00000, 0x0000000080d00000|100%| O|  |TAMS 0x0000000080d00000, 0x0000000080d00000| Untracked 
|  13|0x0000000080d00000, 0x0000000080e00000, 0x0000000080e00000|100%| O|  |TAMS 0x0000000080e00000, 0x0000000080e00000| Untracked 
|  14|0x0000000080e00000, 0x0000000080f00000, 0x0000000080f00000|100%| O|  |TAMS 0x0000000080f00000, 0x0000000080f00000| Untracked 
|  15|0x0000000080f00000, 0x0000000081000000, 0x0000000081000000|100%| O|  |TAMS 0x0000000081000000, 0x0000000081000000| Untracked 
|  16|0x0000000081000000, 0x0000000081100000, 0x0000000081100000|100%|HS|  |TAMS 0x0000000081100000, 0x0000000081100000| Complete 
|  17|0x0000000081100000, 0x0000000081200000, 0x0000000081200000|100%|HC|  |TAMS 0x0000000081200000, 0x0000000081200000| Complete 
|  18|0x0000000081200000, 0x0000000081300000, 0x0000000081300000|100%|HS|  |TAMS 0x0000000081300000, 0x0000000081300000| Complete 
|  19|0x0000000081300000, 0x0000000081400000, 0x0000000081400000|100%|HC|  |TAMS 0x0000000081400000, 0x0000000081400000| Complete 
|  20|0x0000000081400000, 0x0000000081500000, 0x0000000081500000|100%|HC|  |TAMS 0x0000000081500000, 0x0000000081500000| Complete 
|  21|0x0000000081500000, 0x0000000081600000, 0x0000000081600000|100%|HS|  |TAMS 0x0000000081600000, 0x0000000081600000| Complete 
|  22|0x0000000081600000, 0x0000000081700000, 0x0000000081700000|100%|HS|  |TAMS 0x0000000081700000, 0x0000000081700000| Complete 
|  23|0x0000000081700000, 0x0000000081800000, 0x0000000081800000|100%|HC|  |TAMS 0x0000000081800000, 0x0000000081800000| Complete 
|  24|0x0000000081800000, 0x0000000081900000, 0x0000000081900000|100%|HC|  |TAMS 0x0000000081900000, 0x0000000081900000| Complete 
|  25|0x0000000081900000, 0x0000000081a00000, 0x0000000081a00000|100%|HC|  |TAMS 0x0000000081a00000, 0x0000000081a00000| Complete 
|  26|0x0000000081a00000, 0x0000000081b00000, 0x0000000081b00000|100%| O|  |TAMS 0x0000000081b00000, 0x0000000081b00000| Untracked 
|  27|0x0000000081b00000, 0x0000000081c00000, 0x0000000081c00000|100%| O|  |TAMS 0x0000000081c00000, 0x0000000081c00000| Untracked 
|  28|0x0000000081c00000, 0x0000000081d00000, 0x0000000081d00000|100%| O|  |TAMS 0x0000000081d00000, 0x0000000081d00000| Untracked 
|  29|0x0000000081d00000, 0x0000000081e00000, 0x0000000081e00000|100%| O|  |TAMS 0x0000000081e00000, 0x0000000081e00000| Untracked 
|  30|0x0000000081e00000, 0x0000000081f00000, 0x0000000081f00000|100%| O|  |TAMS 0x0000000081f00000, 0x0000000081f00000| Untracked 
|  31|0x0000000081f00000, 0x0000000082000000, 0x0000000082000000|100%| O|  |TAMS 0x0000000082000000, 0x0000000082000000| Untracked 
|  32|0x0000000082000000, 0x0000000082100000, 0x0000000082100000|100%| O|  |TAMS 0x0000000082100000, 0x0000000082100000| Untracked 
|  33|0x0000000082100000, 0x0000000082200000, 0x0000000082200000|100%| O|  |TAMS 0x0000000082200000, 0x0000000082200000| Untracked 
|  34|0x0000000082200000, 0x0000000082300000, 0x0000000082300000|100%| O|  |TAMS 0x0000000082300000, 0x0000000082300000| Untracked 
|  35|0x0000000082300000, 0x0000000082400000, 0x0000000082400000|100%|HS|  |TAMS 0x0000000082400000, 0x0000000082400000| Complete 
|  36|0x0000000082400000, 0x0000000082500000, 0x0000000082500000|100%|HS|  |TAMS 0x0000000082500000, 0x0000000082500000| Complete 
|  37|0x0000000082500000, 0x0000000082600000, 0x0000000082600000|100%|HC|  |TAMS 0x0000000082600000, 0x0000000082600000| Complete 
|  38|0x0000000082600000, 0x0000000082700000, 0x0000000082700000|100%|HC|  |TAMS 0x0000000082700000, 0x0000000082700000| Complete 
|  39|0x0000000082700000, 0x0000000082800000, 0x0000000082800000|100%| O|  |TAMS 0x0000000082800000, 0x0000000082800000| Untracked 
|  40|0x0000000082800000, 0x0000000082900000, 0x0000000082900000|100%| O|  |TAMS 0x0000000082900000, 0x0000000082900000| Untracked 
|  41|0x0000000082900000, 0x0000000082a00000, 0x0000000082a00000|100%| O|  |TAMS 0x0000000082a00000, 0x0000000082a00000| Untracked 
|  42|0x0000000082a00000, 0x0000000082b00000, 0x0000000082b00000|100%| O|  |TAMS 0x0000000082b00000, 0x0000000082b00000| Untracked 
|  43|0x0000000082b00000, 0x0000000082c00000, 0x0000000082c00000|100%| O|  |TAMS 0x0000000082c00000, 0x0000000082c00000| Untracked 
|  44|0x0000000082c00000, 0x0000000082d00000, 0x0000000082d00000|100%| O|  |TAMS 0x0000000082d00000, 0x0000000082d00000| Untracked 
|  45|0x0000000082d00000, 0x0000000082e00000, 0x0000000082e00000|100%| O|  |TAMS 0x0000000082e00000, 0x0000000082e00000| Untracked 
|  46|0x0000000082e00000, 0x0000000082f00000, 0x0000000082f00000|100%| O|  |TAMS 0x0000000082f00000, 0x0000000082f00000| Untracked 
|  47|0x0000000082f00000, 0x0000000083000000, 0x0000000083000000|100%| O|  |TAMS 0x0000000083000000, 0x0000000083000000| Untracked 
|  48|0x0000000083000000, 0x0000000083100000, 0x0000000083100000|100%| O|  |TAMS 0x0000000083000000, 0x0000000083100000| Untracked 
|  49|0x0000000083100000, 0x0000000083200000, 0x0000000083200000|100%|HS|  |TAMS 0x0000000083200000, 0x0000000083200000| Complete 
|  50|0x0000000083200000, 0x0000000083300000, 0x0000000083300000|100%|HC|  |TAMS 0x0000000083300000, 0x0000000083300000| Complete 
|  51|0x0000000083300000, 0x0000000083400000, 0x0000000083400000|100%|HC|  |TAMS 0x0000000083400000, 0x0000000083400000| Complete 
|  52|0x0000000083400000, 0x0000000083500000, 0x0000000083500000|100%|HC|  |TAMS 0x0000000083500000, 0x0000000083500000| Complete 
|  53|0x0000000083500000, 0x0000000083600000, 0x0000000083600000|100%| O|  |TAMS 0x0000000083600000, 0x0000000083600000| Untracked 
|  54|0x0000000083600000, 0x0000000083700000, 0x0000000083700000|100%| O|  |TAMS 0x0000000083700000, 0x0000000083700000| Untracked 
|  55|0x0000000083700000, 0x0000000083800000, 0x0000000083800000|100%| O|  |TAMS 0x0000000083800000, 0x0000000083800000| Untracked 
|  56|0x0000000083800000, 0x0000000083900000, 0x0000000083900000|100%|HS|  |TAMS 0x0000000083900000, 0x0000000083900000| Complete 
|  57|0x0000000083900000, 0x0000000083a00000, 0x0000000083a00000|100%|HS|  |TAMS 0x0000000083a00000, 0x0000000083a00000| Complete 
|  58|0x0000000083a00000, 0x0000000083b00000, 0x0000000083b00000|100%|HS|  |TAMS 0x0000000083b00000, 0x0000000083b00000| Complete 
|  59|0x0000000083b00000, 0x0000000083c00000, 0x0000000083c00000|100%|HS|  |TAMS 0x0000000083c00000, 0x0000000083c00000| Complete 
|  60|0x0000000083c00000, 0x0000000083d00000, 0x0000000083d00000|100%|HC|  |TAMS 0x0000000083d00000, 0x0000000083d00000| Complete 
|  61|0x0000000083d00000, 0x0000000083e00000, 0x0000000083e00000|100%|HC|  |TAMS 0x0000000083e00000, 0x0000000083e00000| Complete 
|  62|0x0000000083e00000, 0x0000000083f00000, 0x0000000083f00000|100%|HS|  |TAMS 0x0000000083f00000, 0x0000000083f00000| Complete 
|  63|0x0000000083f00000, 0x0000000084000000, 0x0000000084000000|100%|HC|  |TAMS 0x0000000084000000, 0x0000000084000000| Complete 
|  64|0x0000000084000000, 0x0000000084100000, 0x0000000084100000|100%| O|  |TAMS 0x0000000084100000, 0x0000000084100000| Untracked 
|  65|0x0000000084100000, 0x0000000084200000, 0x0000000084200000|100%| O|  |TAMS 0x0000000084200000, 0x0000000084200000| Untracked 
|  66|0x0000000084200000, 0x0000000084300000, 0x0000000084300000|100%| O|  |TAMS 0x0000000084300000, 0x0000000084300000| Untracked 
|  67|0x0000000084300000, 0x0000000084400000, 0x0000000084400000|100%| O|  |TAMS 0x0000000084400000, 0x0000000084400000| Untracked 
|  68|0x0000000084400000, 0x0000000084500000, 0x0000000084500000|100%| O|  |TAMS 0x0000000084500000, 0x0000000084500000| Untracked 
|  69|0x0000000084500000, 0x0000000084600000, 0x0000000084600000|100%| O|  |TAMS 0x0000000084600000, 0x0000000084600000| Untracked 
|  70|0x0000000084600000, 0x0000000084700000, 0x0000000084700000|100%| O|  |TAMS 0x0000000084700000, 0x0000000084700000| Untracked 
|  71|0x0000000084700000, 0x0000000084800000, 0x0000000084800000|100%| O|  |TAMS 0x0000000084800000, 0x0000000084800000| Untracked 
|  72|0x0000000084800000, 0x0000000084900000, 0x0000000084900000|100%| O|  |TAMS 0x0000000084900000, 0x0000000084900000| Untracked 
|  73|0x0000000084900000, 0x0000000084a00000, 0x0000000084a00000|100%| O|  |TAMS 0x0000000084a00000, 0x0000000084a00000| Untracked 
|  74|0x0000000084a00000, 0x0000000084b00000, 0x0000000084b00000|100%| O|  |TAMS 0x0000000084b00000, 0x0000000084b00000| Untracked 
|  75|0x0000000084b00000, 0x0000000084c00000, 0x0000000084c00000|100%| O|  |TAMS 0x0000000084c00000, 0x0000000084c00000| Untracked 
|  76|0x0000000084c00000, 0x0000000084d00000, 0x0000000084d00000|100%| O|  |TAMS 0x0000000084d00000, 0x0000000084d00000| Untracked 
|  77|0x0000000084d00000, 0x0000000084e00000, 0x0000000084e00000|100%| O|  |TAMS 0x0000000084e00000, 0x0000000084e00000| Untracked 
|  78|0x0000000084e00000, 0x0000000084f00000, 0x0000000084f00000|100%| O|  |TAMS 0x0000000084f00000, 0x0000000084f00000| Untracked 
|  79|0x0000000084f00000, 0x0000000085000000, 0x0000000085000000|100%| O|  |TAMS 0x0000000085000000, 0x0000000085000000| Untracked 
|  80|0x0000000085000000, 0x0000000085100000, 0x0000000085100000|100%| O|  |TAMS 0x0000000085100000, 0x0000000085100000| Untracked 
|  81|0x0000000085100000, 0x0000000085200000, 0x0000000085200000|100%| O|  |TAMS 0x0000000085200000, 0x0000000085200000| Untracked 
|  82|0x0000000085200000, 0x0000000085300000, 0x0000000085300000|100%| O|  |TAMS 0x0000000085300000, 0x0000000085300000| Untracked 
|  83|0x0000000085300000, 0x0000000085400000, 0x0000000085400000|100%| O|  |TAMS 0x0000000085400000, 0x0000000085400000| Untracked 
|  84|0x0000000085400000, 0x0000000085500000, 0x0000000085500000|100%| O|  |TAMS 0x0000000085500000, 0x0000000085500000| Untracked 
|  85|0x0000000085500000, 0x0000000085600000, 0x0000000085600000|100%| O|  |TAMS 0x0000000085600000, 0x0000000085600000| Untracked 
|  86|0x0000000085600000, 0x0000000085700000, 0x0000000085700000|100%| O|  |TAMS 0x0000000085700000, 0x0000000085700000| Untracked 
|  87|0x0000000085700000, 0x0000000085800000, 0x0000000085800000|100%| O|  |TAMS 0x0000000085800000, 0x0000000085800000| Untracked 
|  88|0x0000000085800000, 0x0000000085900000, 0x0000000085900000|100%| O|  |TAMS 0x0000000085900000, 0x0000000085900000| Untracked 
|  89|0x0000000085900000, 0x0000000085a00000, 0x0000000085a00000|100%| O|  |TAMS 0x0000000085a00000, 0x0000000085a00000| Untracked 
|  90|0x0000000085a00000, 0x0000000085b00000, 0x0000000085b00000|100%|HS|  |TAMS 0x0000000085b00000, 0x0000000085b00000| Complete 
|  91|0x0000000085b00000, 0x0000000085c00000, 0x0000000085c00000|100%|HC|  |TAMS 0x0000000085c00000, 0x0000000085c00000| Complete 
|  92|0x0000000085c00000, 0x0000000085d00000, 0x0000000085d00000|100%|HS|  |TAMS 0x0000000085d00000, 0x0000000085d00000| Complete 
|  93|0x0000000085d00000, 0x0000000085e00000, 0x0000000085e00000|100%|HC|  |TAMS 0x0000000085e00000, 0x0000000085e00000| Complete 
|  94|0x0000000085e00000, 0x0000000085f00000, 0x0000000085f00000|100%|HC|  |TAMS 0x0000000085f00000, 0x0000000085f00000| Complete 
|  95|0x0000000085f00000, 0x0000000086000000, 0x0000000086000000|100%|HS|  |TAMS 0x0000000086000000, 0x0000000086000000| Complete 
|  96|0x0000000086000000, 0x0000000086100000, 0x0000000086100000|100%|HS|  |TAMS 0x0000000086100000, 0x0000000086100000| Complete 
|  97|0x0000000086100000, 0x0000000086200000, 0x0000000086200000|100%|HC|  |TAMS 0x0000000086200000, 0x0000000086200000| Complete 
|  98|0x0000000086200000, 0x0000000086300000, 0x0000000086300000|100%|HC|  |TAMS 0x0000000086300000, 0x0000000086300000| Complete 
|  99|0x0000000086300000, 0x0000000086400000, 0x0000000086400000|100%|HC|  |TAMS 0x0000000086400000, 0x0000000086400000| Complete 
| 100|0x0000000086400000, 0x0000000086500000, 0x0000000086500000|100%| O|  |TAMS 0x0000000086500000, 0x0000000086500000| Untracked 
| 101|0x0000000086500000, 0x0000000086600000, 0x0000000086600000|100%| O|  |TAMS 0x0000000086600000, 0x0000000086600000| Untracked 
| 102|0x0000000086600000, 0x0000000086700000, 0x0000000086700000|100%| O|  |TAMS 0x0000000086700000, 0x0000000086700000| Untracked 
| 103|0x0000000086700000, 0x0000000086800000, 0x0000000086800000|100%| O|  |TAMS 0x0000000086800000, 0x0000000086800000| Untracked 
| 104|0x0000000086800000, 0x0000000086900000, 0x0000000086900000|100%| O|  |TAMS 0x0000000086900000, 0x0000000086900000| Untracked 
| 105|0x0000000086900000, 0x0000000086a00000, 0x0000000086a00000|100%| O|  |TAMS 0x0000000086a00000, 0x0000000086a00000| Untracked 
| 106|0x0000000086a00000, 0x0000000086b00000, 0x0000000086b00000|100%| O|  |TAMS 0x0000000086b00000, 0x0000000086b00000| Untracked 
| 107|0x0000000086b00000, 0x0000000086c00000, 0x0000000086c00000|100%| O|  |TAMS 0x0000000086c00000, 0x0000000086c00000| Untracked 
| 108|0x0000000086c00000, 0x0000000086d00000, 0x0000000086d00000|100%| O|  |TAMS 0x0000000086d00000, 0x0000000086d00000| Untracked 
| 109|0x0000000086d00000, 0x0000000086e00000, 0x0000000086e00000|100%| O|  |TAMS 0x0000000086e00000, 0x0000000086e00000| Untracked 
| 110|0x0000000086e00000, 0x0000000086f00000, 0x0000000086f00000|100%| O|  |TAMS 0x0000000086f00000, 0x0000000086f00000| Untracked 
| 111|0x0000000086f00000, 0x0000000087000000, 0x0000000087000000|100%| O|  |TAMS 0x0000000087000000, 0x0000000087000000| Untracked 
| 112|0x0000000087000000, 0x0000000087000000, 0x0000000087100000|  0%| F|  |TAMS 0x0000000087000000, 0x0000000087000000| Untracked 
| 113|0x0000000087100000, 0x0000000087200000, 0x0000000087200000|100%| O|  |TAMS 0x0000000087200000, 0x0000000087200000| Untracked 
| 114|0x0000000087200000, 0x0000000087300000, 0x0000000087300000|100%| O|  |TAMS 0x0000000087300000, 0x0000000087300000| Untracked 
| 115|0x0000000087300000, 0x0000000087400000, 0x0000000087400000|100%| O|  |TAMS 0x0000000087400000, 0x0000000087400000| Untracked 
| 116|0x0000000087400000, 0x0000000087500000, 0x0000000087500000|100%| O|  |TAMS 0x0000000087500000, 0x0000000087500000| Untracked 
| 117|0x0000000087500000, 0x0000000087600000, 0x0000000087600000|100%| O|  |TAMS 0x0000000087600000, 0x0000000087600000| Untracked 
| 118|0x0000000087600000, 0x0000000087600000, 0x0000000087700000|  0%| F|  |TAMS 0x0000000087600000, 0x0000000087600000| Untracked 
| 119|0x0000000087700000, 0x0000000087800000, 0x0000000087800000|100%| O|  |TAMS 0x0000000087800000, 0x0000000087800000| Untracked 
| 120|0x0000000087800000, 0x0000000087900000, 0x0000000087900000|100%| O|  |TAMS 0x0000000087900000, 0x0000000087900000| Untracked 
| 121|0x0000000087900000, 0x0000000087a00000, 0x0000000087a00000|100%| O|  |TAMS 0x0000000087a00000, 0x0000000087a00000| Untracked 
| 122|0x0000000087a00000, 0x0000000087b00000, 0x0000000087b00000|100%| O|  |TAMS 0x0000000087b00000, 0x0000000087b00000| Untracked 
| 123|0x0000000087b00000, 0x0000000087c00000, 0x0000000087c00000|100%| O|  |TAMS 0x0000000087c00000, 0x0000000087c00000| Untracked 
| 124|0x0000000087c00000, 0x0000000087d00000, 0x0000000087d00000|100%| O|  |TAMS 0x0000000087d00000, 0x0000000087d00000| Untracked 
| 125|0x0000000087d00000, 0x0000000087e00000, 0x0000000087e00000|100%| O|  |TAMS 0x0000000087e00000, 0x0000000087e00000| Untracked 
| 126|0x0000000087e00000, 0x0000000087f00000, 0x0000000087f00000|100%| O|  |TAMS 0x0000000087f00000, 0x0000000087f00000| Untracked 
| 127|0x0000000087f00000, 0x0000000088000000, 0x0000000088000000|100%| O|  |TAMS 0x0000000088000000, 0x0000000088000000| Untracked 
| 128|0x0000000088000000, 0x0000000088100000, 0x0000000088100000|100%| O|  |TAMS 0x0000000088100000, 0x0000000088100000| Untracked 
| 129|0x0000000088100000, 0x0000000088200000, 0x0000000088200000|100%| O|  |TAMS 0x0000000088200000, 0x0000000088200000| Untracked 
| 130|0x0000000088200000, 0x0000000088300000, 0x0000000088300000|100%| O|  |TAMS 0x0000000088300000, 0x0000000088300000| Untracked 
| 131|0x0000000088300000, 0x0000000088400000, 0x0000000088400000|100%| O|  |TAMS 0x0000000088400000, 0x0000000088400000| Untracked 
| 132|0x0000000088400000, 0x0000000088500000, 0x0000000088500000|100%| O|  |TAMS 0x0000000088500000, 0x0000000088500000| Untracked 
| 133|0x0000000088500000, 0x0000000088600000, 0x0000000088600000|100%| O|  |TAMS 0x0000000088600000, 0x0000000088600000| Untracked 
| 134|0x0000000088600000, 0x0000000088700000, 0x0000000088700000|100%| O|  |TAMS 0x0000000088700000, 0x0000000088700000| Untracked 
| 135|0x0000000088700000, 0x0000000088800000, 0x0000000088800000|100%| O|  |TAMS 0x0000000088800000, 0x0000000088800000| Untracked 
| 136|0x0000000088800000, 0x0000000088900000, 0x0000000088900000|100%| O|  |TAMS 0x0000000088900000, 0x0000000088900000| Untracked 
| 137|0x0000000088900000, 0x0000000088a00000, 0x0000000088a00000|100%| O|  |TAMS 0x0000000088a00000, 0x0000000088a00000| Untracked 
| 138|0x0000000088a00000, 0x0000000088b00000, 0x0000000088b00000|100%| O|  |TAMS 0x0000000088b00000, 0x0000000088b00000| Untracked 
| 139|0x0000000088b00000, 0x0000000088c00000, 0x0000000088c00000|100%| O|  |TAMS 0x0000000088c00000, 0x0000000088c00000| Untracked 
| 140|0x0000000088c00000, 0x0000000088d00000, 0x0000000088d00000|100%| O|  |TAMS 0x0000000088d00000, 0x0000000088d00000| Untracked 
| 141|0x0000000088d00000, 0x0000000088e00000, 0x0000000088e00000|100%| O|  |TAMS 0x0000000088e00000, 0x0000000088e00000| Untracked 
| 142|0x0000000088e00000, 0x0000000088f00000, 0x0000000088f00000|100%| O|  |TAMS 0x0000000088f00000, 0x0000000088f00000| Untracked 
| 143|0x0000000088f00000, 0x0000000089000000, 0x0000000089000000|100%| O|  |TAMS 0x0000000089000000, 0x0000000089000000| Untracked 
| 144|0x0000000089000000, 0x0000000089100000, 0x0000000089100000|100%| O|  |TAMS 0x0000000089100000, 0x0000000089100000| Untracked 
| 145|0x0000000089100000, 0x0000000089200000, 0x0000000089200000|100%| O|  |TAMS 0x0000000089200000, 0x0000000089200000| Untracked 
| 146|0x0000000089200000, 0x0000000089300000, 0x0000000089300000|100%| O|  |TAMS 0x0000000089300000, 0x0000000089300000| Untracked 
| 147|0x0000000089300000, 0x0000000089400000, 0x0000000089400000|100%| O|  |TAMS 0x0000000089400000, 0x0000000089400000| Untracked 
| 148|0x0000000089400000, 0x0000000089500000, 0x0000000089500000|100%| O|  |TAMS 0x0000000089500000, 0x0000000089500000| Untracked 
| 149|0x0000000089500000, 0x0000000089600000, 0x0000000089600000|100%| O|  |TAMS 0x0000000089600000, 0x0000000089600000| Untracked 
| 150|0x0000000089600000, 0x0000000089700000, 0x0000000089700000|100%| O|  |TAMS 0x0000000089700000, 0x0000000089700000| Untracked 
| 151|0x0000000089700000, 0x0000000089800000, 0x0000000089800000|100%| O|  |TAMS 0x0000000089800000, 0x0000000089800000| Untracked 
| 152|0x0000000089800000, 0x0000000089900000, 0x0000000089900000|100%| O|  |TAMS 0x0000000089900000, 0x0000000089900000| Untracked 
| 153|0x0000000089900000, 0x0000000089a00000, 0x0000000089a00000|100%| O|  |TAMS 0x0000000089a00000, 0x0000000089a00000| Untracked 
| 154|0x0000000089a00000, 0x0000000089b00000, 0x0000000089b00000|100%| O|  |TAMS 0x0000000089b00000, 0x0000000089b00000| Untracked 
| 155|0x0000000089b00000, 0x0000000089c00000, 0x0000000089c00000|100%| O|  |TAMS 0x0000000089c00000, 0x0000000089c00000| Untracked 
| 156|0x0000000089c00000, 0x0000000089d00000, 0x0000000089d00000|100%| O|  |TAMS 0x0000000089d00000, 0x0000000089d00000| Untracked 
| 157|0x0000000089d00000, 0x0000000089e00000, 0x0000000089e00000|100%| O|  |TAMS 0x0000000089e00000, 0x0000000089e00000| Untracked 
| 158|0x0000000089e00000, 0x0000000089f00000, 0x0000000089f00000|100%| O|  |TAMS 0x0000000089f00000, 0x0000000089f00000| Untracked 
| 159|0x0000000089f00000, 0x000000008a000000, 0x000000008a000000|100%| O|  |TAMS 0x000000008a000000, 0x000000008a000000| Untracked 
| 160|0x000000008a000000, 0x000000008a100000, 0x000000008a100000|100%| O|  |TAMS 0x000000008a100000, 0x000000008a100000| Untracked 
| 161|0x000000008a100000, 0x000000008a200000, 0x000000008a200000|100%| O|  |TAMS 0x000000008a200000, 0x000000008a200000| Untracked 
| 162|0x000000008a200000, 0x000000008a300000, 0x000000008a300000|100%| O|  |TAMS 0x000000008a300000, 0x000000008a300000| Untracked 
| 163|0x000000008a300000, 0x000000008a400000, 0x000000008a400000|100%| O|  |TAMS 0x000000008a400000, 0x000000008a400000| Untracked 
| 164|0x000000008a400000, 0x000000008a500000, 0x000000008a500000|100%| O|  |TAMS 0x000000008a500000, 0x000000008a500000| Untracked 
| 165|0x000000008a500000, 0x000000008a600000, 0x000000008a600000|100%| O|  |TAMS 0x000000008a600000, 0x000000008a600000| Untracked 
| 166|0x000000008a600000, 0x000000008a700000, 0x000000008a700000|100%| O|  |TAMS 0x000000008a700000, 0x000000008a700000| Untracked 
| 167|0x000000008a700000, 0x000000008a800000, 0x000000008a800000|100%| O|  |TAMS 0x000000008a800000, 0x000000008a800000| Untracked 
| 168|0x000000008a800000, 0x000000008a900000, 0x000000008a900000|100%| O|  |TAMS 0x000000008a900000, 0x000000008a900000| Untracked 
| 169|0x000000008a900000, 0x000000008aa00000, 0x000000008aa00000|100%| O|  |TAMS 0x000000008aa00000, 0x000000008aa00000| Untracked 
| 170|0x000000008aa00000, 0x000000008ab00000, 0x000000008ab00000|100%| O|  |TAMS 0x000000008ab00000, 0x000000008ab00000| Untracked 
| 171|0x000000008ab00000, 0x000000008ac00000, 0x000000008ac00000|100%| O|  |TAMS 0x000000008ac00000, 0x000000008ac00000| Untracked 
| 172|0x000000008ac00000, 0x000000008ad00000, 0x000000008ad00000|100%| O|  |TAMS 0x000000008ad00000, 0x000000008ad00000| Untracked 
| 173|0x000000008ad00000, 0x000000008ae00000, 0x000000008ae00000|100%| O|  |TAMS 0x000000008ae00000, 0x000000008ae00000| Untracked 
| 174|0x000000008ae00000, 0x000000008af00000, 0x000000008af00000|100%| O|  |TAMS 0x000000008af00000, 0x000000008af00000| Untracked 
| 175|0x000000008af00000, 0x000000008b000000, 0x000000008b000000|100%| O|  |TAMS 0x000000008b000000, 0x000000008b000000| Untracked 
| 176|0x000000008b000000, 0x000000008b100000, 0x000000008b100000|100%| O|  |TAMS 0x000000008b100000, 0x000000008b100000| Untracked 
| 177|0x000000008b100000, 0x000000008b200000, 0x000000008b200000|100%| O|  |TAMS 0x000000008b200000, 0x000000008b200000| Untracked 
| 178|0x000000008b200000, 0x000000008b300000, 0x000000008b300000|100%| O|  |TAMS 0x000000008b300000, 0x000000008b300000| Untracked 
| 179|0x000000008b300000, 0x000000008b400000, 0x000000008b400000|100%| O|  |TAMS 0x000000008b400000, 0x000000008b400000| Untracked 
| 180|0x000000008b400000, 0x000000008b500000, 0x000000008b500000|100%| O|  |TAMS 0x000000008b500000, 0x000000008b500000| Untracked 
| 181|0x000000008b500000, 0x000000008b600000, 0x000000008b600000|100%| O|  |TAMS 0x000000008b600000, 0x000000008b600000| Untracked 
| 182|0x000000008b600000, 0x000000008b700000, 0x000000008b700000|100%| O|  |TAMS 0x000000008b700000, 0x000000008b700000| Untracked 
| 183|0x000000008b700000, 0x000000008b800000, 0x000000008b800000|100%| O|  |TAMS 0x000000008b800000, 0x000000008b800000| Untracked 
| 184|0x000000008b800000, 0x000000008b900000, 0x000000008b900000|100%| O|  |TAMS 0x000000008b900000, 0x000000008b900000| Untracked 
| 185|0x000000008b900000, 0x000000008ba00000, 0x000000008ba00000|100%| O|  |TAMS 0x000000008ba00000, 0x000000008ba00000| Untracked 
| 186|0x000000008ba00000, 0x000000008bb00000, 0x000000008bb00000|100%| O|  |TAMS 0x000000008bb00000, 0x000000008bb00000| Untracked 
| 187|0x000000008bb00000, 0x000000008bc00000, 0x000000008bc00000|100%| O|  |TAMS 0x000000008bb00000, 0x000000008bc00000| Untracked 
| 188|0x000000008bc00000, 0x000000008bd00000, 0x000000008bd00000|100%| O|  |TAMS 0x000000008bd00000, 0x000000008bd00000| Untracked 
| 189|0x000000008bd00000, 0x000000008be00000, 0x000000008be00000|100%| O|  |TAMS 0x000000008be00000, 0x000000008be00000| Untracked 
| 190|0x000000008be00000, 0x000000008bf00000, 0x000000008bf00000|100%| O|  |TAMS 0x000000008bf00000, 0x000000008bf00000| Untracked 
| 191|0x000000008bf00000, 0x000000008c000000, 0x000000008c000000|100%| O|  |TAMS 0x000000008c000000, 0x000000008c000000| Untracked 
| 192|0x000000008c000000, 0x000000008c100000, 0x000000008c100000|100%| O|  |TAMS 0x000000008c100000, 0x000000008c100000| Untracked 
| 193|0x000000008c100000, 0x000000008c200000, 0x000000008c200000|100%| O|  |TAMS 0x000000008c200000, 0x000000008c200000| Untracked 
| 194|0x000000008c200000, 0x000000008c300000, 0x000000008c300000|100%| O|  |TAMS 0x000000008c300000, 0x000000008c300000| Untracked 
| 195|0x000000008c300000, 0x000000008c400000, 0x000000008c400000|100%| O|  |TAMS 0x000000008c400000, 0x000000008c400000| Untracked 
| 196|0x000000008c400000, 0x000000008c500000, 0x000000008c500000|100%| O|  |TAMS 0x000000008c500000, 0x000000008c500000| Untracked 
| 197|0x000000008c500000, 0x000000008c600000, 0x000000008c600000|100%| O|  |TAMS 0x000000008c600000, 0x000000008c600000| Untracked 
| 198|0x000000008c600000, 0x000000008c700000, 0x000000008c700000|100%| O|  |TAMS 0x000000008c700000, 0x000000008c700000| Untracked 
| 199|0x000000008c700000, 0x000000008c800000, 0x000000008c800000|100%| O|  |TAMS 0x000000008c800000, 0x000000008c800000| Untracked 
| 200|0x000000008c800000, 0x000000008c800000, 0x000000008c900000|  0%| F|  |TAMS 0x000000008c800000, 0x000000008c800000| Untracked 
| 201|0x000000008c900000, 0x000000008ca00000, 0x000000008ca00000|100%| O|  |TAMS 0x000000008ca00000, 0x000000008ca00000| Untracked 
| 202|0x000000008ca00000, 0x000000008cb00000, 0x000000008cb00000|100%| O|  |TAMS 0x000000008cb00000, 0x000000008cb00000| Untracked 
| 203|0x000000008cb00000, 0x000000008cc00000, 0x000000008cc00000|100%| O|  |TAMS 0x000000008cc00000, 0x000000008cc00000| Untracked 
| 204|0x000000008cc00000, 0x000000008cd00000, 0x000000008cd00000|100%| O|  |TAMS 0x000000008cd00000, 0x000000008cd00000| Untracked 
| 205|0x000000008cd00000, 0x000000008ce00000, 0x000000008ce00000|100%| O|  |TAMS 0x000000008ce00000, 0x000000008ce00000| Untracked 
| 206|0x000000008ce00000, 0x000000008cf00000, 0x000000008cf00000|100%| O|  |TAMS 0x000000008cf00000, 0x000000008cf00000| Untracked 
| 207|0x000000008cf00000, 0x000000008d000000, 0x000000008d000000|100%| O|  |TAMS 0x000000008d000000, 0x000000008d000000| Untracked 
| 208|0x000000008d000000, 0x000000008d100000, 0x000000008d100000|100%| O|  |TAMS 0x000000008d100000, 0x000000008d100000| Untracked 
| 209|0x000000008d100000, 0x000000008d200000, 0x000000008d200000|100%| O|  |TAMS 0x000000008d200000, 0x000000008d200000| Untracked 
| 210|0x000000008d200000, 0x000000008d300000, 0x000000008d300000|100%| O|  |TAMS 0x000000008d234200, 0x000000008d300000| Untracked 
| 211|0x000000008d300000, 0x000000008d400000, 0x000000008d400000|100%| O|  |TAMS 0x000000008d300000, 0x000000008d400000| Untracked 
| 212|0x000000008d400000, 0x000000008d500000, 0x000000008d500000|100%| O|  |TAMS 0x000000008d400000, 0x000000008d500000| Untracked 
| 213|0x000000008d500000, 0x000000008d600000, 0x000000008d600000|100%| O|  |TAMS 0x000000008d500000, 0x000000008d600000| Untracked 
| 214|0x000000008d600000, 0x000000008d700000, 0x000000008d700000|100%| O|  |TAMS 0x000000008d600000, 0x000000008d700000| Untracked 
| 215|0x000000008d700000, 0x000000008d800000, 0x000000008d800000|100%| O|  |TAMS 0x000000008d700000, 0x000000008d800000| Untracked 
| 216|0x000000008d800000, 0x000000008d896600, 0x000000008d900000| 58%| O|  |TAMS 0x000000008d800000, 0x000000008d896600| Untracked 
| 217|0x000000008d900000, 0x000000008d900000, 0x000000008da00000|  0%| F|  |TAMS 0x000000008d900000, 0x000000008d900000| Untracked 
| 218|0x000000008da00000, 0x000000008da00000, 0x000000008db00000|  0%| F|  |TAMS 0x000000008da00000, 0x000000008da00000| Untracked 
| 219|0x000000008db00000, 0x000000008db00000, 0x000000008dc00000|  0%| F|  |TAMS 0x000000008db00000, 0x000000008db00000| Untracked 
| 220|0x000000008dc00000, 0x000000008dc00000, 0x000000008dd00000|  0%| F|  |TAMS 0x000000008dc00000, 0x000000008dc00000| Untracked 
| 221|0x000000008dd00000, 0x000000008dd00000, 0x000000008de00000|  0%| F|  |TAMS 0x000000008dd00000, 0x000000008dd00000| Untracked 
| 222|0x000000008de00000, 0x000000008de00000, 0x000000008df00000|  0%| F|  |TAMS 0x000000008de00000, 0x000000008de00000| Untracked 
| 223|0x000000008df00000, 0x000000008df00000, 0x000000008e000000|  0%| F|  |TAMS 0x000000008df00000, 0x000000008df00000| Untracked 
| 224|0x000000008e000000, 0x000000008e000000, 0x000000008e100000|  0%| F|  |TAMS 0x000000008e000000, 0x000000008e000000| Untracked 
| 225|0x000000008e100000, 0x000000008e100000, 0x000000008e200000|  0%| F|  |TAMS 0x000000008e100000, 0x000000008e100000| Untracked 
| 226|0x000000008e200000, 0x000000008e200000, 0x000000008e300000|  0%| F|  |TAMS 0x000000008e200000, 0x000000008e200000| Untracked 
| 227|0x000000008e300000, 0x000000008e300000, 0x000000008e400000|  0%| F|  |TAMS 0x000000008e300000, 0x000000008e300000| Untracked 
| 228|0x000000008e400000, 0x000000008e400000, 0x000000008e500000|  0%| F|  |TAMS 0x000000008e400000, 0x000000008e400000| Untracked 
| 229|0x000000008e500000, 0x000000008e500000, 0x000000008e600000|  0%| F|  |TAMS 0x000000008e500000, 0x000000008e500000| Untracked 
| 230|0x000000008e600000, 0x000000008e600000, 0x000000008e700000|  0%| F|  |TAMS 0x000000008e600000, 0x000000008e600000| Untracked 
| 231|0x000000008e700000, 0x000000008e700000, 0x000000008e800000|  0%| F|  |TAMS 0x000000008e700000, 0x000000008e700000| Untracked 
| 232|0x000000008e800000, 0x000000008e800000, 0x000000008e900000|  0%| F|  |TAMS 0x000000008e800000, 0x000000008e800000| Untracked 
| 233|0x000000008e900000, 0x000000008e900000, 0x000000008ea00000|  0%| F|  |TAMS 0x000000008e900000, 0x000000008e900000| Untracked 
| 234|0x000000008ea00000, 0x000000008ea00000, 0x000000008eb00000|  0%| F|  |TAMS 0x000000008ea00000, 0x000000008ea00000| Untracked 
| 235|0x000000008eb00000, 0x000000008eb00000, 0x000000008ec00000|  0%| F|  |TAMS 0x000000008eb00000, 0x000000008eb00000| Untracked 
| 236|0x000000008ec00000, 0x000000008ec00000, 0x000000008ed00000|  0%| F|  |TAMS 0x000000008ec00000, 0x000000008ec00000| Untracked 
| 237|0x000000008ed00000, 0x000000008ed00000, 0x000000008ee00000|  0%| F|  |TAMS 0x000000008ed00000, 0x000000008ed00000| Untracked 
| 238|0x000000008ee00000, 0x000000008ee00000, 0x000000008ef00000|  0%| F|  |TAMS 0x000000008ee00000, 0x000000008ee00000| Untracked 
| 239|0x000000008ef00000, 0x000000008ef00000, 0x000000008f000000|  0%| F|  |TAMS 0x000000008ef00000, 0x000000008ef00000| Untracked 
| 240|0x000000008f000000, 0x000000008f000000, 0x000000008f100000|  0%| F|  |TAMS 0x000000008f000000, 0x000000008f000000| Untracked 
| 241|0x000000008f100000, 0x000000008f100000, 0x000000008f200000|  0%| F|  |TAMS 0x000000008f100000, 0x000000008f100000| Untracked 
| 242|0x000000008f200000, 0x000000008f200000, 0x000000008f300000|  0%| F|  |TAMS 0x000000008f200000, 0x000000008f200000| Untracked 
| 243|0x000000008f300000, 0x000000008f300000, 0x000000008f400000|  0%| F|  |TAMS 0x000000008f300000, 0x000000008f300000| Untracked 
| 244|0x000000008f400000, 0x000000008f400000, 0x000000008f500000|  0%| F|  |TAMS 0x000000008f400000, 0x000000008f400000| Untracked 
| 245|0x000000008f500000, 0x000000008f500000, 0x000000008f600000|  0%| F|  |TAMS 0x000000008f500000, 0x000000008f500000| Untracked 
| 246|0x000000008f600000, 0x000000008f600000, 0x000000008f700000|  0%| F|  |TAMS 0x000000008f600000, 0x000000008f600000| Untracked 
| 247|0x000000008f700000, 0x000000008f700000, 0x000000008f800000|  0%| F|  |TAMS 0x000000008f700000, 0x000000008f700000| Untracked 
| 248|0x000000008f800000, 0x000000008f800000, 0x000000008f900000|  0%| F|  |TAMS 0x000000008f800000, 0x000000008f800000| Untracked 
| 249|0x000000008f900000, 0x000000008f900000, 0x000000008fa00000|  0%| F|  |TAMS 0x000000008f900000, 0x000000008f900000| Untracked 
| 250|0x000000008fa00000, 0x000000008fa00000, 0x000000008fb00000|  0%| F|  |TAMS 0x000000008fa00000, 0x000000008fa00000| Untracked 
| 251|0x000000008fb00000, 0x000000008fb00000, 0x000000008fc00000|  0%| F|  |TAMS 0x000000008fb00000, 0x000000008fb00000| Untracked 
| 252|0x000000008fc00000, 0x000000008fc00000, 0x000000008fd00000|  0%| F|  |TAMS 0x000000008fc00000, 0x000000008fc00000| Untracked 
| 253|0x000000008fd00000, 0x000000008fd00000, 0x000000008fe00000|  0%| F|  |TAMS 0x000000008fd00000, 0x000000008fd00000| Untracked 
| 254|0x000000008fe00000, 0x000000008fe00000, 0x000000008ff00000|  0%| F|  |TAMS 0x000000008fe00000, 0x000000008fe00000| Untracked 
| 255|0x000000008ff00000, 0x000000008ff00000, 0x0000000090000000|  0%| F|  |TAMS 0x000000008ff00000, 0x000000008ff00000| Untracked 
| 256|0x0000000090000000, 0x0000000090000000, 0x0000000090100000|  0%| F|  |TAMS 0x0000000090000000, 0x0000000090000000| Untracked 
| 257|0x0000000090100000, 0x00000000901b0838, 0x0000000090200000| 68%| S|CS|TAMS 0x0000000090100000, 0x0000000090100000| Complete 
| 258|0x0000000090200000, 0x0000000090200000, 0x0000000090300000|  0%| F|  |TAMS 0x0000000090200000, 0x0000000090200000| Untracked 
| 259|0x0000000090300000, 0x0000000090300000, 0x0000000090400000|  0%| F|  |TAMS 0x0000000090300000, 0x0000000090300000| Untracked 
| 260|0x0000000090400000, 0x0000000090400000, 0x0000000090500000|  0%| F|  |TAMS 0x0000000090400000, 0x0000000090400000| Untracked 
| 261|0x0000000090500000, 0x0000000090500000, 0x0000000090600000|  0%| F|  |TAMS 0x0000000090500000, 0x0000000090500000| Untracked 
| 262|0x0000000090600000, 0x0000000090600000, 0x0000000090700000|  0%| F|  |TAMS 0x0000000090600000, 0x0000000090600000| Untracked 
| 263|0x0000000090700000, 0x0000000090700000, 0x0000000090800000|  0%| F|  |TAMS 0x0000000090700000, 0x0000000090700000| Untracked 
| 264|0x0000000090800000, 0x0000000090800000, 0x0000000090900000|  0%| F|  |TAMS 0x0000000090800000, 0x0000000090800000| Untracked 
| 265|0x0000000090900000, 0x0000000090900000, 0x0000000090a00000|  0%| F|  |TAMS 0x0000000090900000, 0x0000000090900000| Untracked 
| 266|0x0000000090a00000, 0x0000000090a00000, 0x0000000090b00000|  0%| F|  |TAMS 0x0000000090a00000, 0x0000000090a00000| Untracked 
| 267|0x0000000090b00000, 0x0000000090b00000, 0x0000000090c00000|  0%| F|  |TAMS 0x0000000090b00000, 0x0000000090b00000| Untracked 
| 268|0x0000000090c00000, 0x0000000090c00000, 0x0000000090d00000|  0%| F|  |TAMS 0x0000000090c00000, 0x0000000090c00000| Untracked 
| 269|0x0000000090d00000, 0x0000000090d00000, 0x0000000090e00000|  0%| F|  |TAMS 0x0000000090d00000, 0x0000000090d00000| Untracked 
| 270|0x0000000090e00000, 0x0000000090e00000, 0x0000000090f00000|  0%| F|  |TAMS 0x0000000090e00000, 0x0000000090e00000| Untracked 
| 271|0x0000000090f00000, 0x0000000090f00000, 0x0000000091000000|  0%| F|  |TAMS 0x0000000090f00000, 0x0000000090f00000| Untracked 
| 272|0x0000000091000000, 0x0000000091000000, 0x0000000091100000|  0%| F|  |TAMS 0x0000000091000000, 0x0000000091000000| Untracked 
| 273|0x0000000091100000, 0x0000000091100000, 0x0000000091200000|  0%| F|  |TAMS 0x0000000091100000, 0x0000000091100000| Untracked 
| 274|0x0000000091200000, 0x0000000091200000, 0x0000000091300000|  0%| F|  |TAMS 0x0000000091200000, 0x0000000091200000| Untracked 
| 275|0x0000000091300000, 0x0000000091300000, 0x0000000091400000|  0%| F|  |TAMS 0x0000000091300000, 0x0000000091300000| Untracked 
| 276|0x0000000091400000, 0x0000000091400000, 0x0000000091500000|  0%| F|  |TAMS 0x0000000091400000, 0x0000000091400000| Untracked 
| 277|0x0000000091500000, 0x0000000091500000, 0x0000000091600000|  0%| F|  |TAMS 0x0000000091500000, 0x0000000091500000| Untracked 
| 278|0x0000000091600000, 0x0000000091600000, 0x0000000091700000|  0%| F|  |TAMS 0x0000000091600000, 0x0000000091600000| Untracked 
| 279|0x0000000091700000, 0x0000000091700000, 0x0000000091800000|  0%| F|  |TAMS 0x0000000091700000, 0x0000000091700000| Untracked 
| 280|0x0000000091800000, 0x0000000091800000, 0x0000000091900000|  0%| F|  |TAMS 0x0000000091800000, 0x0000000091800000| Untracked 
| 281|0x0000000091900000, 0x0000000091900000, 0x0000000091a00000|  0%| F|  |TAMS 0x0000000091900000, 0x0000000091900000| Untracked 
| 282|0x0000000091a00000, 0x0000000091a00000, 0x0000000091b00000|  0%| F|  |TAMS 0x0000000091a00000, 0x0000000091a00000| Untracked 
| 283|0x0000000091b00000, 0x0000000091b00000, 0x0000000091c00000|  0%| F|  |TAMS 0x0000000091b00000, 0x0000000091b00000| Untracked 
| 284|0x0000000091c00000, 0x0000000091c00000, 0x0000000091d00000|  0%| F|  |TAMS 0x0000000091c00000, 0x0000000091c00000| Untracked 
| 285|0x0000000091d00000, 0x0000000091d00000, 0x0000000091e00000|  0%| F|  |TAMS 0x0000000091d00000, 0x0000000091d00000| Untracked 
| 286|0x0000000091e00000, 0x0000000091e00000, 0x0000000091f00000|  0%| F|  |TAMS 0x0000000091e00000, 0x0000000091e00000| Untracked 
| 287|0x0000000091f00000, 0x0000000091f00000, 0x0000000092000000|  0%| F|  |TAMS 0x0000000091f00000, 0x0000000091f00000| Untracked 
| 288|0x0000000092000000, 0x0000000092000000, 0x0000000092100000|  0%| F|  |TAMS 0x0000000092000000, 0x0000000092000000| Untracked 
| 289|0x0000000092100000, 0x0000000092100000, 0x0000000092200000|  0%| F|  |TAMS 0x0000000092100000, 0x0000000092100000| Untracked 
| 290|0x0000000092200000, 0x0000000092200000, 0x0000000092300000|  0%| F|  |TAMS 0x0000000092200000, 0x0000000092200000| Untracked 
| 291|0x0000000092300000, 0x0000000092300000, 0x0000000092400000|  0%| F|  |TAMS 0x0000000092300000, 0x0000000092300000| Untracked 
| 292|0x0000000092400000, 0x0000000092400000, 0x0000000092500000|  0%| F|  |TAMS 0x0000000092400000, 0x0000000092400000| Untracked 
| 293|0x0000000092500000, 0x0000000092500000, 0x0000000092600000|  0%| F|  |TAMS 0x0000000092500000, 0x0000000092500000| Untracked 
| 294|0x0000000092600000, 0x0000000092600000, 0x0000000092700000|  0%| F|  |TAMS 0x0000000092600000, 0x0000000092600000| Untracked 
| 295|0x0000000092700000, 0x0000000092700000, 0x0000000092800000|  0%| F|  |TAMS 0x0000000092700000, 0x0000000092700000| Untracked 
| 296|0x0000000092800000, 0x0000000092800000, 0x0000000092900000|  0%| F|  |TAMS 0x0000000092800000, 0x0000000092800000| Untracked 
| 297|0x0000000092900000, 0x0000000092900000, 0x0000000092a00000|  0%| F|  |TAMS 0x0000000092900000, 0x0000000092900000| Untracked 
| 298|0x0000000092a00000, 0x0000000092a00000, 0x0000000092b00000|  0%| F|  |TAMS 0x0000000092a00000, 0x0000000092a00000| Untracked 
| 299|0x0000000092b00000, 0x0000000092b00000, 0x0000000092c00000|  0%| F|  |TAMS 0x0000000092b00000, 0x0000000092b00000| Untracked 
| 300|0x0000000092c00000, 0x0000000092c00000, 0x0000000092d00000|  0%| F|  |TAMS 0x0000000092c00000, 0x0000000092c00000| Untracked 
| 301|0x0000000092d00000, 0x0000000092d00000, 0x0000000092e00000|  0%| F|  |TAMS 0x0000000092d00000, 0x0000000092d00000| Untracked 
| 302|0x0000000092e00000, 0x0000000092e00000, 0x0000000092f00000|  0%| F|  |TAMS 0x0000000092e00000, 0x0000000092e00000| Untracked 
| 303|0x0000000092f00000, 0x0000000092f00000, 0x0000000093000000|  0%| F|  |TAMS 0x0000000092f00000, 0x0000000092f00000| Untracked 
| 304|0x0000000093000000, 0x0000000093000000, 0x0000000093100000|  0%| F|  |TAMS 0x0000000093000000, 0x0000000093000000| Untracked 
| 305|0x0000000093100000, 0x0000000093100000, 0x0000000093200000|  0%| F|  |TAMS 0x0000000093100000, 0x0000000093100000| Untracked 
| 306|0x0000000093200000, 0x0000000093200000, 0x0000000093300000|  0%| F|  |TAMS 0x0000000093200000, 0x0000000093200000| Untracked 
| 307|0x0000000093300000, 0x0000000093300000, 0x0000000093400000|  0%| F|  |TAMS 0x0000000093300000, 0x0000000093300000| Untracked 
| 308|0x0000000093400000, 0x0000000093400000, 0x0000000093500000|  0%| F|  |TAMS 0x0000000093400000, 0x0000000093400000| Untracked 
| 309|0x0000000093500000, 0x0000000093500000, 0x0000000093600000|  0%| F|  |TAMS 0x0000000093500000, 0x0000000093500000| Untracked 

Card table byte_map: [0x0000018069d10000,0x000001806a110000] _byte_map_base: 0x0000018069910000

Marking Bits (Prev, Next): (CMBitMap*) 0x000001805681ce30, (CMBitMap*) 0x000001805681cdf8
 Prev Bits: [0x000001806c510000, 0x000001806e510000)
 Next Bits: [0x000001806a510000, 0x000001806c510000)

Polling page: 0x0000018054f90000

Metaspace:

Usage:
  Non-class:    143.55 MB capacity,   140.56 MB ( 98%) used,     2.48 MB (  2%) free+waste,   529.31 KB ( <1%) overhead. 
      Class:     21.26 MB capacity,    19.54 MB ( 92%) used,     1.50 MB (  7%) free+waste,   230.19 KB (  1%) overhead. 
       Both:    164.81 MB capacity,   160.09 MB ( 97%) used,     3.97 MB (  2%) free+waste,   759.50 KB ( <1%) overhead. 

Virtual space:
  Non-class space:      144.00 MB reserved,     143.75 MB (>99%) committed 
      Class space:        1.00 GB reserved,      21.32 MB (  2%) committed 
             Both:        1.14 GB reserved,     165.07 MB ( 14%) committed 

Chunk freelists:
   Non-Class:  73.00 KB
       Class:  25.00 KB
        Both:  98.00 KB

MaxMetaspaceSize: 17179869184.00 GB
CompressedClassSpaceSize: 1.00 GB
Initial GC threshold: 20.80 MB
Current GC threshold: 275.13 MB
CDS: off

CodeHeap 'non-profiled nmethods': size=120064Kb used=19023Kb max_used=20026Kb free=101040Kb
 bounds [0x0000018061db0000, 0x0000018063140000, 0x00000180692f0000]
CodeHeap 'profiled nmethods': size=120000Kb used=55037Kb max_used=56970Kb free=64962Kb
 bounds [0x000001805a880000, 0x000001805e030000, 0x0000018061db0000]
CodeHeap 'non-nmethods': size=5696Kb used=2508Kb max_used=2609Kb free=3187Kb
 bounds [0x000001805a2f0000, 0x000001805a590000, 0x000001805a880000]
 total_blobs=25332 nmethods=24299 adapters=943
 compilation: enabled
              stopped_count=0, restarted_count=0
 full_count=0

Compilation events (20 events):
Event: 2027.926 Thread 0x0000018070b26000 nmethod 28793 0x0000018062bdff10 code [0x0000018062be00c0, 0x0000018062be0178]
Event: 2027.926 Thread 0x0000018070b26000 28794       1       com.android.tools.r8.internal.RX::h2 (3 bytes)
Event: 2027.926 Thread 0x0000018070b26000 nmethod 28794 0x0000018062a81090 code [0x0000018062a81240, 0x0000018062a812f8]
Event: 2027.927 Thread 0x0000018070b26000 28795       1       com.android.tools.r8.internal.S2::h2 (4 bytes)
Event: 2027.927 Thread 0x0000018070b26000 nmethod 28795 0x0000018062ac8710 code [0x0000018062ac88c0, 0x0000018062ac8978]
Event: 2027.929 Thread 0x0000018070b26000 28796       2       com.android.tools.r8.internal.sY::b (23 bytes)
Event: 2027.929 Thread 0x0000018070b26000 nmethod 28796 0x000001805ac55090 code [0x000001805ac55240, 0x000001805ac55378]
Event: 2027.931 Thread 0x0000018070b26000 28798       1       com.android.tools.r8.internal.XD::b (5 bytes)
Event: 2027.931 Thread 0x0000018070b26000 nmethod 28798 0x0000018062afc290 code [0x0000018062afc440, 0x0000018062afc4f8]
Event: 2027.936 Thread 0x0000018070b26000 28802       2       com.android.tools.r8.ir.regalloc.i$$Lambda$1790/0x00000001014f8c40::apply (8 bytes)
Event: 2027.936 Thread 0x0000018070b26000 nmethod 28802 0x000001805adb3a90 code [0x000001805adb3c80, 0x000001805adb3f08]
Event: 2027.936 Thread 0x0000018070b26000 28803       2       com.android.tools.r8.ir.regalloc.i::a (8 bytes)
Event: 2027.937 Thread 0x0000018070b26000 nmethod 28803 0x000001805a8b5010 code [0x000001805a8b5200, 0x000001805a8b5448]
Event: 2027.937 Thread 0x0000018070b26000 28804       2       com.android.tools.r8.ir.regalloc.i$$Lambda$1717/0x00000001014bc440::apply (8 bytes)
Event: 2027.937 Thread 0x0000018070b26000 nmethod 28804 0x000001805b3aee90 code [0x000001805b3af080, 0x000001805b3af308]
Event: 2027.937 Thread 0x0000018070b26000 28805       2       com.android.tools.r8.ir.regalloc.i::f (8 bytes)
Event: 2027.937 Thread 0x0000018070b26000 nmethod 28805 0x000001805a999090 code [0x000001805a999280, 0x000001805a9994c8]
Event: 2027.938 Thread 0x0000018070b26000 28806       1       com.android.tools.r8.internal.yo::j2 (3 bytes)
Event: 2027.938 Thread 0x0000018070b26000 nmethod 28806 0x0000018062bbc710 code [0x0000018062bbc8c0, 0x0000018062bbc978]
Event: 2027.938 Thread 0x0000018070b26000 28807   !   2       com.android.tools.r8.internal.bd::a (1150 bytes)

GC Heap History (20 events):
Event: 2016.588 GC heap after
{Heap after GC invocations=144 (full 0):
 garbage-first heap   total 317440K, used 198163K [0x0000000080000000, 0x0000000100000000)
  region size 1024K, 2 young (2048K), 2 survivors (2048K)
 Metaspace       used 157477K, capacity 161964K, committed 162508K, reserved 1191936K
  class space    used 19215K, capacity 20803K, committed 20940K, reserved 1048576K
}
Event: 2017.902 GC heap before
{Heap before GC invocations=144 (full 0):
 garbage-first heap   total 317440K, used 253459K [0x0000000080000000, 0x0000000100000000)
  region size 1024K, 57 young (58368K), 2 survivors (2048K)
 Metaspace       used 161225K, capacity 165986K, committed 166220K, reserved 1193984K
  class space    used 19799K, capacity 21532K, committed 21580K, reserved 1048576K
}
Event: 2017.923 GC heap after
{Heap after GC invocations=145 (full 0):
 garbage-first heap   total 317440K, used 202873K [0x0000000080000000, 0x0000000100000000)
  region size 1024K, 7 young (7168K), 7 survivors (7168K)
 Metaspace       used 161225K, capacity 165986K, committed 166220K, reserved 1193984K
  class space    used 19799K, capacity 21532K, committed 21580K, reserved 1048576K
}
Event: 2020.219 GC heap before
{Heap before GC invocations=146 (full 0):
 garbage-first heap   total 317440K, used 257145K [0x0000000080000000, 0x0000000100000000)
  region size 1024K, 61 young (62464K), 7 survivors (7168K)
 Metaspace       used 163407K, capacity 168335K, committed 168524K, reserved 1196032K
  class space    used 20012K, capacity 21788K, committed 21836K, reserved 1048576K
}
Event: 2020.407 GC heap after
{Heap after GC invocations=147 (full 0):
 garbage-first heap   total 317440K, used 204043K [0x0000000080000000, 0x0000000100000000)
  region size 1024K, 2 young (2048K), 2 survivors (2048K)
 Metaspace       used 163407K, capacity 168335K, committed 168524K, reserved 1196032K
  class space    used 20012K, capacity 21788K, committed 21836K, reserved 1048576K
}
Event: 2020.846 GC heap before
{Heap before GC invocations=147 (full 0):
 garbage-first heap   total 317440K, used 216331K [0x0000000080000000, 0x0000000100000000)
  region size 1024K, 15 young (15360K), 2 survivors (2048K)
 Metaspace       used 163521K, capacity 168408K, committed 168524K, reserved 1196032K
  class space    used 20012K, capacity 21788K, committed 21836K, reserved 1048576K
}
Event: 2020.873 GC heap after
{Heap after GC invocations=148 (full 0):
 garbage-first heap   total 317440K, used 204039K [0x0000000080000000, 0x0000000100000000)
  region size 1024K, 2 young (2048K), 2 survivors (2048K)
 Metaspace       used 163521K, capacity 168408K, committed 168524K, reserved 1196032K
  class space    used 20012K, capacity 21788K, committed 21836K, reserved 1048576K
}
Event: 2021.776 GC heap before
{Heap before GC invocations=148 (full 0):
 garbage-first heap   total 317440K, used 260359K [0x0000000080000000, 0x0000000100000000)
  region size 1024K, 58 young (59392K), 2 survivors (2048K)
 Metaspace       used 163746K, capacity 168612K, committed 168780K, reserved 1196032K
  class space    used 20012K, capacity 21789K, committed 21836K, reserved 1048576K
}
Event: 2021.789 GC heap after
{Heap after GC invocations=149 (full 0):
 garbage-first heap   total 317440K, used 210314K [0x0000000080000000, 0x0000000100000000)
  region size 1024K, 8 young (8192K), 8 survivors (8192K)
 Metaspace       used 163746K, capacity 168612K, committed 168780K, reserved 1196032K
  class space    used 20012K, capacity 21789K, committed 21836K, reserved 1048576K
}
Event: 2022.981 GC heap before
{Heap before GC invocations=150 (full 0):
 garbage-first heap   total 317440K, used 264586K [0x0000000080000000, 0x0000000100000000)
  region size 1024K, 61 young (62464K), 8 survivors (8192K)
 Metaspace       used 163801K, capacity 168664K, committed 169036K, reserved 1196032K
  class space    used 20000K, capacity 21757K, committed 21836K, reserved 1048576K
}
Event: 2023.092 GC heap after
{Heap after GC invocations=151 (full 0):
 garbage-first heap   total 317440K, used 214408K [0x0000000080000000, 0x0000000100000000)
  region size 1024K, 6 young (6144K), 6 survivors (6144K)
 Metaspace       used 163801K, capacity 168664K, committed 169036K, reserved 1196032K
  class space    used 20000K, capacity 21757K, committed 21836K, reserved 1048576K
}
Event: 2023.196 GC heap before
{Heap before GC invocations=151 (full 0):
 garbage-first heap   total 317440K, used 223624K [0x0000000080000000, 0x0000000100000000)
  region size 1024K, 15 young (15360K), 6 survivors (6144K)
 Metaspace       used 163803K, capacity 168664K, committed 169036K, reserved 1196032K
  class space    used 20000K, capacity 21757K, committed 21836K, reserved 1048576K
}
Event: 2023.216 GC heap after
{Heap after GC invocations=152 (full 0):
 garbage-first heap   total 317440K, used 214796K [0x0000000080000000, 0x0000000100000000)
  region size 1024K, 2 young (2048K), 2 survivors (2048K)
 Metaspace       used 163803K, capacity 168664K, committed 169036K, reserved 1196032K
  class space    used 20000K, capacity 21757K, committed 21836K, reserved 1048576K
}
Event: 2024.786 GC heap before
{Heap before GC invocations=152 (full 0):
 garbage-first heap   total 317440K, used 265996K [0x0000000080000000, 0x0000000100000000)
  region size 1024K, 52 young (53248K), 2 survivors (2048K)
 Metaspace       used 163840K, capacity 168692K, committed 169036K, reserved 1196032K
  class space    used 20004K, capacity 21765K, committed 21836K, reserved 1048576K
}
Event: 2024.811 GC heap after
{Heap after GC invocations=153 (full 0):
 garbage-first heap   total 317440K, used 218435K [0x0000000080000000, 0x0000000100000000)
  region size 1024K, 6 young (6144K), 6 survivors (6144K)
 Metaspace       used 163840K, capacity 168692K, committed 169036K, reserved 1196032K
  class space    used 20004K, capacity 21765K, committed 21836K, reserved 1048576K
}
Event: 2026.127 GC heap before
{Heap before GC invocations=154 (full 0):
 garbage-first heap   total 317440K, used 267587K [0x0000000080000000, 0x0000000100000000)
  region size 1024K, 54 young (55296K), 6 survivors (6144K)
 Metaspace       used 163885K, capacity 168764K, committed 169036K, reserved 1196032K
  class space    used 20005K, capacity 21767K, committed 21836K, reserved 1048576K
}
Event: 2026.145 GC heap after
{Heap after GC invocations=155 (full 0):
 garbage-first heap   total 317440K, used 219850K [0x0000000080000000, 0x0000000100000000)
  region size 1024K, 2 young (2048K), 2 survivors (2048K)
 Metaspace       used 163885K, capacity 168764K, committed 169036K, reserved 1196032K
  class space    used 20005K, capacity 21767K, committed 21836K, reserved 1048576K
}
Event: 2026.418 GC heap before
{Heap before GC invocations=155 (full 0):
 garbage-first heap   total 317440K, used 233162K [0x0000000080000000, 0x0000000100000000)
  region size 1024K, 15 young (15360K), 2 survivors (2048K)
 Metaspace       used 163892K, capacity 168764K, committed 169036K, reserved 1196032K
  class space    used 20005K, capacity 21767K, committed 21836K, reserved 1048576K
}
Event: 2026.456 GC heap after
{Heap after GC invocations=156 (full 0):
 garbage-first heap   total 317440K, used 219099K [0x0000000080000000, 0x0000000100000000)
  region size 1024K, 1 young (1024K), 1 survivors (1024K)
 Metaspace       used 163892K, capacity 168764K, committed 169036K, reserved 1196032K
  class space    used 20005K, capacity 21767K, committed 21836K, reserved 1048576K
}
Event: 2027.982 GC heap before
{Heap before GC invocations=156 (full 0):
 garbage-first heap   total 317440K, used 271323K [0x0000000080000000, 0x0000000100000000)
  region size 1024K, 52 young (53248K), 1 survivors (1024K)
 Metaspace       used 163937K, capacity 168766K, committed 169036K, reserved 1196032K
  class space    used 20005K, capacity 21767K, committed 21836K, reserved 1048576K
}

Deoptimization events (20 events):
Event: 2027.238 Thread 0x000001807408d800 Uncommon trap: trap_request=0xffffff76 fr.pc=0x0000018063132140 relative=0x0000000000005480
Event: 2027.238 Thread 0x000001807408d800 Uncommon trap: reason=loop_limit_check action=maybe_recompile pc=0x0000018063132140 method=com.android.tools.r8.graph.c0.a(IILcom/android/tools/r8/internal/Jo;)V @ 308 c2
Event: 2027.238 Thread 0x000001807408d800 DEOPT PACKING pc=0x0000018063132140 sp=0x000000195a0f9720
Event: 2027.238 Thread 0x000001807408d800 DEOPT UNPACKING pc=0x000001805a2f85af sp=0x000000195a0f9740 mode 2
Event: 2027.905 Thread 0x000001807408d800 DEOPT PACKING pc=0x000001805dc3e0bf sp=0x000000195a0f93a0
Event: 2027.905 Thread 0x000001807408d800 DEOPT UNPACKING pc=0x000001805a339d0e sp=0x000000195a0f8c30 mode 0
Event: 2027.928 Thread 0x00000180752b3000 DEOPT PACKING pc=0x000001805dc3e0bf sp=0x00000019561f27c0
Event: 2027.928 Thread 0x00000180752b3000 DEOPT UNPACKING pc=0x000001805a339d0e sp=0x00000019561f2050 mode 0
Event: 2027.931 Thread 0x00000180752b3000 Uncommon trap: trap_request=0xffffffde fr.pc=0x0000018062f94194 relative=0x00000000000001b4
Event: 2027.931 Thread 0x00000180752b3000 Uncommon trap: reason=class_check action=maybe_recompile pc=0x0000018062f94194 method=com.android.tools.r8.internal.sY.a(Lcom/android/tools/r8/internal/lX;)Lcom/android/tools/r8/internal/sY; @ 34 c2
Event: 2027.931 Thread 0x00000180752b3000 DEOPT PACKING pc=0x0000018062f94194 sp=0x00000019561f2b30
Event: 2027.931 Thread 0x00000180752b3000 DEOPT UNPACKING pc=0x000001805a2f85af sp=0x00000019561f29f8 mode 2
Event: 2027.931 Thread 0x00000180752b3000 Uncommon trap: trap_request=0xffffff4d fr.pc=0x000001806311ea6c relative=0x00000000000060ac
Event: 2027.931 Thread 0x00000180752b3000 Uncommon trap: reason=unstable_if action=reinterpret pc=0x000001806311ea6c method=com.android.tools.r8.ir.regalloc.b.c(IZ)I @ 2875 c2
Event: 2027.931 Thread 0x00000180752b3000 DEOPT PACKING pc=0x000001806311ea6c sp=0x00000019561f2b50
Event: 2027.931 Thread 0x00000180752b3000 DEOPT UNPACKING pc=0x000001805a2f85af sp=0x00000019561f2b50 mode 2
Event: 2027.935 Thread 0x000001807408d800 Uncommon trap: trap_request=0xffffff7e fr.pc=0x000001806310f458 relative=0x0000000000004bf8
Event: 2027.935 Thread 0x000001807408d800 Uncommon trap: reason=predicate action=maybe_recompile pc=0x000001806310f458 method=com.android.tools.r8.internal.bd.a(Lcom/android/tools/r8/graph/i;Lcom/android/tools/r8/internal/Sl;)V @ 274 c2
Event: 2027.935 Thread 0x000001807408d800 DEOPT PACKING pc=0x000001806310f458 sp=0x000000195a0f9cb0
Event: 2027.935 Thread 0x000001807408d800 DEOPT UNPACKING pc=0x000001805a2f85af sp=0x000000195a0f9ca8 mode 2

Classes redefined (0 events):
No events

Internal exceptions (20 events):
Event: 2016.976 Thread 0x000001807ee4a800 Exception <a 'java/lang/NoSuchMethodError'{0x00000000914936a8}: 'void java.lang.invoke.DirectMethodHandle$Holder.invokeSpecial(java.lang.Object, java.lang.Object, int, java.lang.Object)'> (0x00000000914936a8) thrown at [./src/hotspot/share/interpreter/linkResolver.cpp, line 773]
Event: 2017.248 Thread 0x000001807ee4a800 Exception <a 'java/lang/NoSuchMethodError'{0x0000000090fe8848}: 'java.lang.Object java.lang.invoke.DirectMethodHandle$Holder.newInvokeSpecial(java.lang.Object, int)'> (0x0000000090fe8848) thrown at [./src/hotspot/share/interpreter/linkResolver.cpp, line 773]
Event: 2017.248 Thread 0x00000180752b3000 Exception <a 'java/lang/NoSuchMethodError'{0x0000000090ebb1d0}: 'java.lang.Object java.lang.invoke.DirectMethodHandle$Holder.newInvokeSpecial(java.lang.Object, int)'> (0x0000000090ebb1d0) thrown at [./src/hotspot/share/interpreter/linkResolver.cpp, line 773]
Event: 2017.248 Thread 0x000001807408d800 Exception <a 'java/lang/NoSuchMethodError'{0x0000000090f6ead8}: 'java.lang.Object java.lang.invoke.DirectMethodHandle$Holder.newInvokeSpecial(java.lang.Object, int)'> (0x0000000090f6ead8) thrown at [./src/hotspot/share/interpreter/linkResolver.cpp, line 773]
Event: 2017.786 Thread 0x00000180752b3000 Exception <a 'java/lang/NoSuchMethodError'{0x0000000090103948}: 'java.lang.Object java.lang.invoke.Invokers$Holder.linkToTargetMethod(java.lang.Object, int, java.lang.Object, java.lang.Object, java.lang.Object, java.lang.Object)'> (0x0000000090103948) thrown at [./src/hotspot/share/interpreter/linkResolver.cpp, line 773]
Event: 2017.787 Thread 0x00000180752b3000 Exception <a 'java/lang/NoSuchMethodError'{0x0000000090111958}: 'java.lang.Object java.lang.invoke.DirectMethodHandle$Holder.invokeStatic(java.lang.Object, java.lang.Object, java.lang.Object, java.lang.Object, int, java.lang.Object, java.lang.Object)'> (0x0000000090111958) thrown at [./src/hotspot/share/interpreter/linkResolver.cpp, line 773]
Event: 2017.788 Thread 0x00000180752b3000 Exception <a 'java/lang/NoSuchMethodError'{0x000000009011a980}: 'java.lang.Object java.lang.invoke.Invokers$Holder.linkToTargetMethod(java.lang.Object, java.lang.Object, java.lang.Object, int, java.lang.Object, java.lang.Object, java.lang.Object)'> (0x000000009011a980) thrown at [./src/hotspot/share/interpreter/linkResolver.cpp, line 773]
Event: 2017.791 Thread 0x00000180752b3000 Exception <a 'java/lang/NoSuchMethodError'{0x0000000090134190}: 'void java.lang.invoke.DirectMethodHandle$Holder.invokeStatic(java.lang.Object, java.lang.Object, java.lang.Object, java.lang.Object, java.lang.Object, java.lang.Object, java.lang.Object, java.lang.Object)'> (0x0000000090134190) thrown at [./src/hotspot/share/interpreter/linkResolver.cpp, line 773]
Event: 2017.965 Thread 0x00000180752b3000 Exception <a 'java/lang/IncompatibleClassChangeError'{0x0000000093302300}: Found class java.lang.Object, but interface was expected> (0x0000000093302300) thrown at [./src/hotspot/share/interpreter/linkResolver.cpp, line 839]
Event: 2018.236 Thread 0x00000180752b3000 Exception <a 'java/lang/NoSuchMethodError'{0x0000000092d14c90}: 'void java.lang.invoke.DirectMethodHandle$Holder.invokeSpecial(java.lang.Object, java.lang.Object, int)'> (0x0000000092d14c90) thrown at [./src/hotspot/share/interpreter/linkResolver.cpp, line 773]
Event: 2018.714 Thread 0x00000180752b3000 Exception <a 'sun/nio/fs/WindowsException'{0x00000000928953f8}> (0x00000000928953f8) thrown at [./src/hotspot/share/prims/jni.cpp, line 615]
Event: 2018.745 Thread 0x000001807ee4a800 Implicit null exception at 0x000001806242ea6b to 0x000001806242ea8c
Event: 2019.343 Thread 0x000001807ee4a800 Exception <a 'java/lang/NoSuchMethodError'{0x0000000091dc7ad0}: 'int java.lang.invoke.DirectMethodHandle$Holder.invokeInterface(java.lang.Object, java.lang.Object, int)'> (0x0000000091dc7ad0) thrown at [./src/hotspot/share/interpreter/linkResolver.cpp, line 773]
Event: 2019.370 Thread 0x000001807ee4a800 Exception <a 'java/lang/NoSuchMethodError'{0x0000000091c79400}: 'java.lang.Object java.lang.invoke.DirectMethodHandle$Holder.invokeSpecial(java.lang.Object, java.lang.Object, java.lang.Object, java.lang.Object, java.lang.Object, java.lang.Object, java.lang.Object, java.lang.Object, java.lang.Object, java.lang.Object, java.lang.Object)'> (0x0000000091c79400) thrown at [./src/hotspot/share/interpreter/linkResolver.cpp, line 773]
Event: 2019.370 Thread 0x000001807ee4a800 Exception <a 'java/lang/NoSuchMethodError'{0x0000000091c84da0}: 'java.lang.Object java.lang.invoke.Invokers$Holder.linkToTargetMethod(java.lang.Object, java.lang.Object, java.lang.Object, java.lang.Object, java.lang.Object, java.lang.Object, java.lang.Object, java.lang.Object, java.lang.Object, java.lang.Object)'> (0x0000000091c84da0) thrown at [./src/hotspot/share/interpreter/linkResolver.cpp, line 773]
Event: 2019.381 Thread 0x000001807ee4a800 Implicit null exception at 0x0000018062e78066 to 0x0000018062e78a9c
Event: 2019.384 Thread 0x000001807ee4a800 Exception <a 'java/lang/IncompatibleClassChangeError'{0x0000000091cfaee8}: Found class java.lang.Object, but interface was expected> (0x0000000091cfaee8) thrown at [./src/hotspot/share/interpreter/linkResolver.cpp, line 839]
Event: 2019.389 Thread 0x000001807ee4a800 Exception <a 'java/lang/NoSuchMethodError'{0x0000000091b18c08}: 'void java.lang.invoke.DirectMethodHandle$Holder.invokeSpecialIFC(java.lang.Object, java.lang.Object, java.lang.Object, java.lang.Object)'> (0x0000000091b18c08) thrown at [./src/hotspot/share/interpreter/linkResolver.cpp, line 773]
Event: 2019.936 Thread 0x000001807408d800 Implicit null exception at 0x0000018062fff377 to 0x0000018063004a00
Event: 2021.452 Thread 0x00000180752b3000 Exception <a 'sun/nio/fs/WindowsException'{0x000000009199d870}> (0x000000009199d870) thrown at [./src/hotspot/share/prims/jni.cpp, line 615]

Events (20 events):
Event: 2027.463 Thread 0x0000018070b28000 flushing nmethod 0x000001805d4d5290
Event: 2027.463 Thread 0x0000018070b28000 flushing nmethod 0x000001805d4d8510
Event: 2027.463 Thread 0x0000018070b28000 flushing nmethod 0x000001805d4de290
Event: 2027.463 Thread 0x0000018070b28000 flushing nmethod 0x000001805d4dfd90
Event: 2027.463 Thread 0x0000018070b28000 flushing nmethod 0x000001805d4e1590
Event: 2027.463 Thread 0x0000018070b28000 flushing nmethod 0x000001805d4e1c10
Event: 2027.463 Thread 0x0000018070b28000 flushing nmethod 0x000001805d4e2110
Event: 2027.463 Thread 0x0000018070b28000 flushing nmethod 0x000001805d4e2690
Event: 2027.463 Thread 0x0000018070b28000 flushing nmethod 0x000001805d500190
Event: 2027.463 Thread 0x0000018070b28000 flushing nmethod 0x000001805d50f990
Event: 2027.463 Thread 0x0000018070b28000 flushing nmethod 0x000001805d511390
Event: 2027.463 Thread 0x0000018070b28000 flushing nmethod 0x000001805d511990
Event: 2027.463 Thread 0x0000018070b28000 flushing nmethod 0x000001805d511e10
Event: 2027.463 Thread 0x0000018070b28000 flushing nmethod 0x000001805d51c190
Event: 2027.463 Thread 0x0000018070b28000 flushing nmethod 0x000001805d51c790
Event: 2027.463 Thread 0x0000018070b28000 flushing nmethod 0x000001805d520310
Event: 2027.463 Thread 0x0000018070b28000 flushing nmethod 0x000001805d520910
Event: 2027.463 Thread 0x0000018070b28000 flushing nmethod 0x000001805d520e90
Event: 2027.463 Thread 0x0000018070b28000 flushing nmethod 0x000001805d522b90
Event: 2027.943 Executing VM operation: G1CollectForAllocation


Dynamic libraries:
0x00007ff62dd30000 - 0x00007ff62dd3a000 	C:\Program Files\Android\Android Studio\jre\bin\java.exe
0x00007ffdd7d40000 - 0x00007ffdd7f49000 	C:\WINDOWS\SYSTEM32\ntdll.dll
0x00007ffdd5ca0000 - 0x00007ffdd5d5d000 	C:\WINDOWS\System32\KERNEL32.DLL
0x00007ffdd5220000 - 0x00007ffdd5599000 	C:\WINDOWS\System32\KERNELBASE.dll
0x00007ffdd5ab0000 - 0x00007ffdd5bc1000 	C:\WINDOWS\System32\ucrtbase.dll
0x00007ffdc24d0000 - 0x00007ffdc24e9000 	C:\Program Files\Android\Android Studio\jre\bin\jli.dll
0x00007ffdd7210000 - 0x00007ffdd73bc000 	C:\WINDOWS\System32\USER32.dll
0x00007ffdc24b0000 - 0x00007ffdc24c7000 	C:\Program Files\Android\Android Studio\jre\bin\VCRUNTIME140.dll
0x00007ffdd5a80000 - 0x00007ffdd5aa6000 	C:\WINDOWS\System32\win32u.dll
0x00007ffdd5d60000 - 0x00007ffdd5d89000 	C:\WINDOWS\System32\GDI32.dll
0x00007ffdd58c0000 - 0x00007ffdd59d2000 	C:\WINDOWS\System32\gdi32full.dll
0x00007ffdd59e0000 - 0x00007ffdd5a7d000 	C:\WINDOWS\System32\msvcp_win.dll
0x00007ffdb5fe0000 - 0x00007ffdb6285000 	C:\WINDOWS\WinSxS\amd64_microsoft.windows.common-controls_6595b64144ccf1df_6.0.22000.120_none_9d947278b86cc467\COMCTL32.dll
0x00007ffdd6da0000 - 0x00007ffdd6e43000 	C:\WINDOWS\System32\msvcrt.dll
0x00007ffdd71d0000 - 0x00007ffdd7201000 	C:\WINDOWS\System32\IMM32.DLL
0x00007ffd9e5f0000 - 0x00007ffd9e68d000 	C:\Program Files\Android\Android Studio\jre\bin\msvcp140.dll
0x00007ffd45090000 - 0x00007ffd45b75000 	C:\Program Files\Android\Android Studio\jre\bin\server\jvm.dll
0x00007ffdd5bf0000 - 0x00007ffdd5c9e000 	C:\WINDOWS\System32\ADVAPI32.dll
0x00007ffdd6c10000 - 0x00007ffdd6cae000 	C:\WINDOWS\System32\sechost.dll
0x00007ffdd7700000 - 0x00007ffdd7820000 	C:\WINDOWS\System32\RPCRT4.dll
0x00007ffdd6290000 - 0x00007ffdd6298000 	C:\WINDOWS\System32\PSAPI.DLL
0x00007ffdcf3f0000 - 0x00007ffdcf423000 	C:\WINDOWS\SYSTEM32\WINMM.dll
0x00007ffdcf470000 - 0x00007ffdcf47a000 	C:\WINDOWS\SYSTEM32\VERSION.dll
0x00007ffdb0610000 - 0x00007ffdb0619000 	C:\WINDOWS\SYSTEM32\WSOCK32.dll
0x00007ffdd6330000 - 0x00007ffdd639f000 	C:\WINDOWS\System32\WS2_32.dll
0x00007ffdd4320000 - 0x00007ffdd4338000 	C:\WINDOWS\SYSTEM32\kernel.appcore.dll
0x00007ffdc2510000 - 0x00007ffdc2521000 	C:\Program Files\Android\Android Studio\jre\bin\verify.dll
0x00007ffdd27e0000 - 0x00007ffdd2a01000 	C:\WINDOWS\SYSTEM32\DBGHELP.DLL
0x00007ffdb3d10000 - 0x00007ffdb3d41000 	C:\WINDOWS\SYSTEM32\dbgcore.DLL
0x00007ffdd57d0000 - 0x00007ffdd584f000 	C:\WINDOWS\System32\bcryptPrimitives.dll
0x00007ffdc1640000 - 0x00007ffdc1669000 	C:\Program Files\Android\Android Studio\jre\bin\java.dll
0x00007ffdc2ff0000 - 0x00007ffdc2ffb000 	C:\Program Files\Android\Android Studio\jre\bin\jimage.dll
0x00007ffdc24f0000 - 0x00007ffdc2508000 	C:\Program Files\Android\Android Studio\jre\bin\zip.dll
0x00007ffdd63a0000 - 0x00007ffdd6b58000 	C:\WINDOWS\System32\SHELL32.dll
0x00007ffdd3390000 - 0x00007ffdd3bf7000 	C:\WINDOWS\SYSTEM32\windows.storage.dll
0x00007ffdd6e50000 - 0x00007ffdd71c9000 	C:\WINDOWS\System32\combase.dll
0x00007ffdd3220000 - 0x00007ffdd3386000 	C:\WINDOWS\SYSTEM32\wintypes.dll
0x00007ffdd6cb0000 - 0x00007ffdd6d9a000 	C:\WINDOWS\System32\SHCORE.dll
0x00007ffdd73c0000 - 0x00007ffdd741d000 	C:\WINDOWS\System32\shlwapi.dll
0x00007ffdd5150000 - 0x00007ffdd5171000 	C:\WINDOWS\SYSTEM32\profapi.dll
0x00007ffdc1620000 - 0x00007ffdc163a000 	C:\Program Files\Android\Android Studio\jre\bin\net.dll
0x00007ffdcfb70000 - 0x00007ffdcfc7c000 	C:\WINDOWS\SYSTEM32\WINHTTP.dll
0x00007ffdd4750000 - 0x00007ffdd47b7000 	C:\WINDOWS\system32\mswsock.dll
0x00007ffdc1600000 - 0x00007ffdc1614000 	C:\Program Files\Android\Android Studio\jre\bin\nio.dll
0x00007ffdc2990000 - 0x00007ffdc29b7000 	C:\Users\ASUS\.gradle\native\e1d6ef7f7dcc3fd88c89a11ec53ec762bb8ba0a96d01ffa2cd45eb1d1d8dd5c5\windows-amd64\native-platform.dll
0x00007ffd8c360000 - 0x00007ffd8c4a4000 	C:\Users\ASUS\.gradle\native\5664cfc778a61ccfe75a443a1ab52a65af34e5dc3c78e0209fed803814484fcb\windows-amd64\native-platform-file-events.dll
0x00007ffdc28f0000 - 0x00007ffdc28fa000 	C:\Program Files\Android\Android Studio\jre\bin\management.dll
0x00007ffdc2870000 - 0x00007ffdc287d000 	C:\Program Files\Android\Android Studio\jre\bin\management_ext.dll
0x00007ffdd4990000 - 0x00007ffdd49a8000 	C:\WINDOWS\SYSTEM32\CRYPTSP.dll
0x00007ffdd4280000 - 0x00007ffdd42b5000 	C:\WINDOWS\system32\rsaenh.dll
0x00007ffdd4840000 - 0x00007ffdd4869000 	C:\WINDOWS\SYSTEM32\USERENV.dll
0x00007ffdd4b80000 - 0x00007ffdd4ba7000 	C:\WINDOWS\SYSTEM32\bcrypt.dll
0x00007ffdd49b0000 - 0x00007ffdd49bc000 	C:\WINDOWS\SYSTEM32\CRYPTBASE.dll
0x00007ffdd3e50000 - 0x00007ffdd3e7d000 	C:\WINDOWS\SYSTEM32\IPHLPAPI.DLL
0x00007ffdd6b80000 - 0x00007ffdd6b89000 	C:\WINDOWS\System32\NSI.dll
0x00007ffdcf9d0000 - 0x00007ffdcf9e9000 	C:\WINDOWS\SYSTEM32\dhcpcsvc6.DLL
0x00007ffdcfe70000 - 0x00007ffdcfe8e000 	C:\WINDOWS\SYSTEM32\dhcpcsvc.DLL
0x00007ffdd3ec0000 - 0x00007ffdd3fa8000 	C:\WINDOWS\SYSTEM32\DNSAPI.dll
0x00007ffdd27a0000 - 0x00007ffdd27d4000 	C:\WINDOWS\SYSTEM32\ntmarta.dll

dbghelp: loaded successfully - version: 4.0.5 - missing functions: none
symbol engine: initialized successfully - sym options: 0x614 - pdb path: .;C:\Program Files\Android\Android Studio\jre\bin;C:\WINDOWS\SYSTEM32;C:\WINDOWS\WinSxS\amd64_microsoft.windows.common-controls_6595b64144ccf1df_6.0.22000.120_none_9d947278b86cc467;C:\Program Files\Android\Android Studio\jre\bin\server;C:\Users\ASUS\.gradle\native\e1d6ef7f7dcc3fd88c89a11ec53ec762bb8ba0a96d01ffa2cd45eb1d1d8dd5c5\windows-amd64;C:\Users\ASUS\.gradle\native\5664cfc778a61ccfe75a443a1ab52a65af34e5dc3c78e0209fed803814484fcb\windows-amd64

VM Arguments:
jvm_args: --add-opens=java.base/java.util=ALL-UNNAMED --add-opens=java.base/java.lang=ALL-UNNAMED --add-opens=java.base/java.lang.invoke=ALL-UNNAMED --add-opens=java.base/java.util=ALL-UNNAMED --add-opens=java.prefs/java.util.prefs=ALL-UNNAMED --add-opens=java.prefs/java.util.prefs=ALL-UNNAMED --add-opens=java.base/java.nio.charset=ALL-UNNAMED --add-opens=java.base/java.net=ALL-UNNAMED --add-opens=java.base/java.util.concurrent.atomic=ALL-UNNAMED -Xmx2048m -Dfile.encoding=UTF-8 -Duser.country=IN -Duser.language=en -Duser.variant 
java_command: org.gradle.launcher.daemon.bootstrap.GradleDaemon 7.3.3
java_class_path (initial): C:\Users\ASUS\.gradle\wrapper\dists\gradle-7.3.3-bin\6a41zxkdtcxs8rphpq6y0069z\gradle-7.3.3\lib\gradle-launcher-7.3.3.jar
Launcher Type: SUN_STANDARD

[Global flags]
     intx CICompilerCount                          = 3                                         {product} {ergonomic}
     uint ConcGCThreads                            = 1                                         {product} {ergonomic}
     uint G1ConcRefinementThreads                  = 4                                         {product} {ergonomic}
   size_t G1HeapRegionSize                         = 1048576                                   {product} {ergonomic}
    uintx GCDrainStackTargetSize                   = 64                                        {product} {ergonomic}
   size_t InitialHeapSize                          = 130023424                                 {product} {ergonomic}
   size_t MarkStackSize                            = 4194304                                   {product} {ergonomic}
   size_t MaxHeapSize                              = 2147483648                                {product} {command line}
   size_t MaxNewSize                               = 1287651328                                {product} {ergonomic}
   size_t MinHeapDeltaBytes                        = 1048576                                   {product} {ergonomic}
    uintx NonNMethodCodeHeapSize                   = 5830732                                {pd product} {ergonomic}
    uintx NonProfiledCodeHeapSize                  = 122913754                              {pd product} {ergonomic}
    uintx ProfiledCodeHeapSize                     = 122913754                              {pd product} {ergonomic}
    uintx ReservedCodeCacheSize                    = 251658240                              {pd product} {ergonomic}
     bool SegmentedCodeCache                       = true                                      {product} {ergonomic}
     bool UseCompressedClassPointers               = true                                 {lp64_product} {ergonomic}
     bool UseCompressedOops                        = true                                 {lp64_product} {ergonomic}
     bool UseG1GC                                  = true                                      {product} {ergonomic}
     bool UseLargePagesIndividualAllocation        = false                                  {pd product} {ergonomic}

Logging:
Log output configuration:
 #0: stdout all=warning uptime,level,tags
 #1: stderr all=off uptime,level,tags

Environment Variables:
PATH=C:\Python310\Scripts\;C:\Python310\;C:\Program Files\Common Files\Oracle\Java\javapath;C:\WINDOWS\system32;C:\WINDOWS;C:\WINDOWS\System32\Wbem;C:\WINDOWS\System32\WindowsPowerShell\v1.0\;C:\WINDOWS\System32\OpenSSH\;C:\MinGW\bin;D:\flutter\bin;C:\Program Files\nodejs\;C:\ProgramData\chocolatey\bin;C:\Ruby27-x64\bin;C:\Program Files\Git\cmd;C:\Users\ASUS\Downloads\platform-tools_r33.0.0-windows\platform-tools;C:\Program Files\Android\sdk;C:\Program Files\Android\sdk\platform-tools;C:\Program Files\MongoDB\Server\5.0\bin;C:\Program Files\MATLAB\R2016a\runtime\win64;C:\Program Files\MATLAB\R2016a\bin;C:\Program Files\MATLAB\R2016a\polyspace\bin;C:\Ruby27-x64\bin;C:\Users\ASUS\AppData\Local\Programs\Python\Python39\Scripts\;C:\Users\ASUS\AppData\Local\Programs\Python\Python39\;C:\Users\ASUS\AppData\Local\Microsoft\WindowsApps;C:\Users\ASUS\AppData\Local\Programs\Microsoft VS Code\bin;C:\Users\ASUS\AppData\Local\GitHubDesktop\bin;C:\Program Files\JetBrains\IntelliJ IDEA Community Edition 2021.2\bin;;C:\Users\ASUS\AppData\Roaming\npm;C:\Users\ASUS\Downloads\platform-tools_r33.0.0-windows\platform-tools;C:\Program Files\Android\sdk;C:\Program Files\Android\sdk\platform-tools;C:\Program Files\MongoDB\Server\5.0\bin;
USERNAME=ASUS
OS=Windows_NT
PROCESSOR_IDENTIFIER=Intel64 Family 6 Model 126 Stepping 5, GenuineIntel



---------------  S Y S T E M  ---------------

OS: Windows 10 , 64 bit Build 22000 (10.0.22000.708)
OS uptime: 0 days 21:01 hours

CPU:total 4 (initial active 4) (2 cores per cpu, 2 threads per core) family 6 model 126 stepping 5 microcode 0xa0, cmov, cx8, fxsr, mmx, sse, sse2, sse3, ssse3, sse4.1, sse4.2, popcnt, avx, avx2, aes, clmul, erms, 3dnowpref, lzcnt, ht, tsc, tscinvbit, bmi1, bmi2, adx, evex, sha, fma

Memory: 4k page, system-wide physical 7930M (408M free)
TotalPageFile size 9978M (AvailPageFile size 189M)
current process WorkingSet (physical memory assigned to process): 703M, peak: 709M
current process commit charge ("private bytes"): 858M, peak: 1155M

vm_info: OpenJDK 64-Bit Server VM (11.0.12+7-b1504.28-7817840) for windows-amd64 JRE (11.0.12+7-b1504.28-7817840), built on Oct 13 2021 22:12:33 by "builder" with MS VC++ 14.0 (VS2015)

END.
