#
# There is insufficient memory for the Java Runtime Environment to continue.
# Native memory allocation (malloc) failed to allocate 1550416 bytes for Chunk::new
# Possible reasons:
#   The system is out of physical RAM or swap space
#   The process is running with CompressedOops enabled, and the Java Heap may be blocking the growth of the native heap
# Possible solutions:
#   Reduce memory load on the system
#   Increase physical memory or swap space
#   Check if swap backing store is full
#   Decrease Java heap size (-Xmx/-Xms)
#   Decrease number of Java threads
#   Decrease Java thread stack sizes (-Xss)
#   Set larger code cache with -XX:ReservedCodeCacheSize=
#   JVM is running with Unscaled Compressed Oops mode in which the Java heap is
#     placed in the first 4GB address space. The Java Heap base address is the
#     maximum limit for the native heap growth. Please use -XX:HeapBaseMinAddress
#     to set the Java Heap base and to place the Java Heap above 4GB virtual address.
# This output file may be truncated or incomplete.
#
#  Out of Memory Error (./src/hotspot/share/memory/arena.cpp:197), pid=17992, tid=9856
#
# JRE version: OpenJDK Runtime Environment (11.0.12+7) (build 11.0.12+7-b1504.28-7817840)
# Java VM: OpenJDK 64-Bit Server VM (11.0.12+7-b1504.28-7817840, mixed mode, tiered, compressed oops, g1 gc, windows-amd64)
# No core dump will be written. Minidumps are not enabled by default on client versions of Windows
#

---------------  S U M M A R Y ------------

Command Line: --add-opens=java.base/java.util=ALL-UNNAMED --add-opens=java.base/java.lang=ALL-UNNAMED --add-opens=java.base/java.lang.invoke=ALL-UNNAMED --add-opens=java.base/java.util=ALL-UNNAMED --add-opens=java.prefs/java.util.prefs=ALL-UNNAMED --add-opens=java.prefs/java.util.prefs=ALL-UNNAMED --add-opens=java.base/java.nio.charset=ALL-UNNAMED --add-opens=java.base/java.net=ALL-UNNAMED --add-opens=java.base/java.util.concurrent.atomic=ALL-UNNAMED -Xmx2048m -Dfile.encoding=UTF-8 -Duser.country=IN -Duser.language=en -Duser.variant org.gradle.launcher.daemon.bootstrap.GradleDaemon 7.3.3

Host: Intel(R) Core(TM) i3-1005G1 CPU @ 1.20GHz, 4 cores, 7G,  Windows 10 , 64 bit Build 22000 (10.0.22000.708)
Time: Fri Aug 19 02:31:54 2022 India Standard Time elapsed time: 14.531513 seconds (0d 0h 0m 14s)

---------------  T H R E A D  ---------------

Current thread (0x000001d9f9c7b800):  JavaThread "C2 CompilerThread1" daemon [_thread_in_native, id=9856, stack(0x00000019d2b00000,0x00000019d2c00000)]


Current CompileTask:
C2:  14531 4217   !   4       java.net.URLClassLoader$1::run (63 bytes)

Stack: [0x00000019d2b00000,0x00000019d2c00000]
Native frames: (J=compiled Java code, j=interpreted, Vv=VM code, C=native code)
V  [jvm.dll+0x5fbcea]
V  [jvm.dll+0x731905]
V  [jvm.dll+0x732f1d]
V  [jvm.dll+0x7335d3]
V  [jvm.dll+0x247bf8]
V  [jvm.dll+0xc018c]
V  [jvm.dll+0xc06cc]
V  [jvm.dll+0x35b2db]
V  [jvm.dll+0x19cebc]
V  [jvm.dll+0x20070e]
V  [jvm.dll+0x1ff794]
V  [jvm.dll+0x18868c]
V  [jvm.dll+0x20e0d7]
V  [jvm.dll+0x20c901]
V  [jvm.dll+0x6f9b7f]
V  [jvm.dll+0x6f26a5]
V  [jvm.dll+0x5fabf6]
C  [ucrtbase.dll+0x26c0c]
C  [KERNEL32.DLL+0x154e0]
C  [ntdll.dll+0x485b]


---------------  P R O C E S S  ---------------

Threads class SMR info:
_java_thread_list=0x000001d9f9a91d00, length=36, elements={
0x000001d9db61f800, 0x000001d9f5217800, 0x000001d9f5218800, 0x000001d9f5ba2800,
0x000001d9f5236000, 0x000001d9f5237000, 0x000001d9f523a000, 0x000001d9f523e800,
0x000001d9f5240000, 0x000001d9f5cec000, 0x000001d9f76a1000, 0x000001d9f7dce000,
0x000001d9f752a800, 0x000001d9f7dca800, 0x000001d9f9339800, 0x000001d9f76c6000,
0x000001d9f6d93800, 0x000001d9f8858000, 0x000001d9f8065800, 0x000001d9f6b9a000,
0x000001d9f6b9a800, 0x000001d9f6b9b800, 0x000001d9f6b96800, 0x000001d9f6b99000,
0x000001d9f6b96000, 0x000001d9f6b97800, 0x000001d9f6b98000, 0x000001d9f6b9c800,
0x000001d9f5e76000, 0x000001d9f5e78800, 0x000001d9f5e77000, 0x000001d9f5e75000,
0x000001d9f5e79800, 0x000001d9f5e77800, 0x000001d9f5e7e000, 0x000001d9f9c7b800
}

Java Threads: ( => current thread )
  0x000001d9db61f800 JavaThread "main" [_thread_blocked, id=8964, stack(0x00000019cff00000,0x00000019d0000000)]
  0x000001d9f5217800 JavaThread "Reference Handler" daemon [_thread_blocked, id=4200, stack(0x00000019d0600000,0x00000019d0700000)]
  0x000001d9f5218800 JavaThread "Finalizer" daemon [_thread_blocked, id=19728, stack(0x00000019d0700000,0x00000019d0800000)]
  0x000001d9f5ba2800 JavaThread "Signal Dispatcher" daemon [_thread_blocked, id=13468, stack(0x00000019d0800000,0x00000019d0900000)]
  0x000001d9f5236000 JavaThread "Attach Listener" daemon [_thread_blocked, id=6268, stack(0x00000019d0900000,0x00000019d0a00000)]
  0x000001d9f5237000 JavaThread "Service Thread" daemon [_thread_blocked, id=11800, stack(0x00000019d0a00000,0x00000019d0b00000)]
  0x000001d9f523a000 JavaThread "C2 CompilerThread0" daemon [_thread_in_native, id=15388, stack(0x00000019d0b00000,0x00000019d0c00000)]
  0x000001d9f523e800 JavaThread "C1 CompilerThread0" daemon [_thread_in_native, id=2708, stack(0x00000019d0c00000,0x00000019d0d00000)]
  0x000001d9f5240000 JavaThread "Sweeper thread" daemon [_thread_blocked, id=16788, stack(0x00000019d0d00000,0x00000019d0e00000)]
  0x000001d9f5cec000 JavaThread "Common-Cleaner" daemon [_thread_blocked, id=11812, stack(0x00000019d0e00000,0x00000019d0f00000)]
  0x000001d9f76a1000 JavaThread "Daemon health stats" [_thread_blocked, id=2456, stack(0x00000019d1200000,0x00000019d1300000)]
  0x000001d9f7dce000 JavaThread "Incoming local TCP Connector on port 61282" [_thread_in_native, id=11504, stack(0x00000019d1000000,0x00000019d1100000)]
  0x000001d9f752a800 JavaThread "Daemon periodic checks" [_thread_blocked, id=7532, stack(0x00000019d1300000,0x00000019d1400000)]
  0x000001d9f7dca800 JavaThread "Daemon" [_thread_blocked, id=20028, stack(0x00000019d1400000,0x00000019d1500000)]
  0x000001d9f9339800 JavaThread "Handler for socket connection from /127.0.0.1:61282 to /127.0.0.1:61283" [_thread_in_native, id=15940, stack(0x00000019d1500000,0x00000019d1600000)]
  0x000001d9f76c6000 JavaThread "Cancel handler" [_thread_blocked, id=8852, stack(0x00000019d1600000,0x00000019d1700000)]
  0x000001d9f6d93800 JavaThread "Daemon worker" [_thread_in_Java, id=17680, stack(0x00000019d1700000,0x00000019d1800000)]
  0x000001d9f8858000 JavaThread "Asynchronous log dispatcher for DefaultDaemonConnection: socket connection from /127.0.0.1:61282 to /127.0.0.1:61283" [_thread_blocked, id=18808, stack(0x00000019d1900000,0x00000019d1a00000)]
  0x000001d9f8065800 JavaThread "Stdin handler" [_thread_blocked, id=1692, stack(0x00000019d1a00000,0x00000019d1b00000)]
  0x000001d9f6b9a000 JavaThread "Daemon client event forwarder" [_thread_blocked, id=2052, stack(0x00000019d1b00000,0x00000019d1c00000)]
  0x000001d9f6b9a800 JavaThread "Cache worker for journal cache (C:\Users\ASUS\.gradle\caches\journal-1)" [_thread_blocked, id=19744, stack(0x00000019d1e00000,0x00000019d1f00000)]
  0x000001d9f6b9b800 JavaThread "File lock request listener" [_thread_in_native, id=20220, stack(0x00000019d1f00000,0x00000019d2000000)]
  0x000001d9f6b96800 JavaThread "Cache worker for file hash cache (C:\Users\ASUS\.gradle\caches\7.3.3\fileHashes)" [_thread_blocked, id=11088, stack(0x00000019d2000000,0x00000019d2100000)]
  0x000001d9f6b99000 JavaThread "Cache worker for file hash cache (D:\Android Development\LiveEdgeDetectionSDK\.gradle\7.3.3\fileHashes)" [_thread_blocked, id=1484, stack(0x00000019d2100000,0x00000019d2200000)]
  0x000001d9f6b96000 JavaThread "File watcher server" daemon [_thread_in_native, id=17576, stack(0x00000019d2200000,0x00000019d2300000)]
  0x000001d9f6b97800 JavaThread "File watcher consumer" daemon [_thread_blocked, id=8448, stack(0x00000019d2300000,0x00000019d2400000)]
  0x000001d9f6b98000 JavaThread "jar transforms" [_thread_blocked, id=19388, stack(0x00000019d2400000,0x00000019d2500000)]
  0x000001d9f6b9c800 JavaThread "jar transforms Thread 2" [_thread_blocked, id=2744, stack(0x00000019d2500000,0x00000019d2600000)]
  0x000001d9f5e76000 JavaThread "jar transforms Thread 3" [_thread_blocked, id=19644, stack(0x00000019d2600000,0x00000019d2700000)]
  0x000001d9f5e78800 JavaThread "jar transforms Thread 4" [_thread_blocked, id=6408, stack(0x00000019d2700000,0x00000019d2800000)]
  0x000001d9f5e77000 JavaThread "Cache worker for checksums cache (D:\Android Development\LiveEdgeDetectionSDK\.gradle\7.3.3\checksums)" [_thread_blocked, id=20280, stack(0x00000019d2800000,0x00000019d2900000)]
  0x000001d9f5e75000 JavaThread "Cache worker for cache directory md-supplier (C:\Users\ASUS\.gradle\caches\7.3.3\md-supplier)" [_thread_blocked, id=8256, stack(0x00000019d2900000,0x00000019d2a00000)]
  0x000001d9f5e79800 JavaThread "Cache worker for cache directory md-rule (C:\Users\ASUS\.gradle\caches\7.3.3\md-rule)" [_thread_blocked, id=15812, stack(0x00000019d1800000,0x00000019d1900000)]
  0x000001d9f5e77800 JavaThread "Cache worker for execution history cache (C:\Users\ASUS\.gradle\caches\7.3.3\executionHistory)" [_thread_blocked, id=8716, stack(0x00000019d2a00000,0x00000019d2b00000)]
  0x000001d9f5e7e000 JavaThread "Cache worker for file content cache (C:\Users\ASUS\.gradle\caches\7.3.3\fileContent)" [_thread_blocked, id=1780, stack(0x00000019d2c00000,0x00000019d2d00000)]
=>0x000001d9f9c7b800 JavaThread "C2 CompilerThread1" daemon [_thread_in_native, id=9856, stack(0x00000019d2b00000,0x00000019d2c00000)]

Other Threads:
  0x000001d9f5215800 VMThread "VM Thread" [stack: 0x00000019d0500000,0x00000019d0600000] [id=10704]
  0x000001d9f5d1b800 WatcherThread [stack: 0x00000019d0f00000,0x00000019d1000000] [id=9168]
  0x000001d9db638800 GCTaskThread "GC Thread#0" [stack: 0x00000019d0000000,0x00000019d0100000] [id=9012]
  0x000001d9f6983000 GCTaskThread "GC Thread#1" [stack: 0x00000019d1100000,0x00000019d1200000] [id=17968]
  0x000001d9f6d74800 GCTaskThread "GC Thread#2" [stack: 0x00000019d1c00000,0x00000019d1d00000] [id=11780]
  0x000001d9f6249800 GCTaskThread "GC Thread#3" [stack: 0x00000019d1d00000,0x00000019d1e00000] [id=6984]
  0x000001d9db66a800 ConcurrentGCThread "G1 Main Marker" [stack: 0x00000019d0100000,0x00000019d0200000] [id=20252]
  0x000001d9db66b800 ConcurrentGCThread "G1 Conc#0" [stack: 0x00000019d0200000,0x00000019d0300000] [id=11280]
  0x000001d9db6fb000 ConcurrentGCThread "G1 Refine#0" [stack: 0x00000019d0300000,0x00000019d0400000] [id=20156]
  0x000001d9db6fc000 ConcurrentGCThread "G1 Young RemSet Sampling" [stack: 0x00000019d0400000,0x00000019d0500000] [id=14908]

Threads with active compile tasks:
C2 CompilerThread0  14572 4216       4       java.net.URLClassLoader$1::run (5 bytes)
C1 CompilerThread0  14572 4361       2       groovyjarjarantlr4.v4.runtime.atn.ArrayPredictionContext::getParent (7 bytes)
C2 CompilerThread1  14572 4217   !   4       java.net.URLClassLoader$1::run (63 bytes)

VM state:not at safepoint (normal execution)

VM Mutex/Monitor currently owned by a thread:  ([mutex/lock_event])
[0x000001d9db61b360] CodeCache_lock - owner thread: 0x0000000000000000

Heap address: 0x0000000080000000, size: 2048 MB, Compressed Oops mode: 32-bit
Narrow klass base: 0x0000000000000000, Narrow klass shift: 3
Compressed class space size: 1073741824 Address: 0x0000000100000000

Heap:
 garbage-first heap   total 152576K, used 76496K [0x0000000080000000, 0x0000000100000000)
  region size 1024K, 32 young (32768K), 5 survivors (5120K)
 Metaspace       used 48927K, capacity 50152K, committed 50380K, reserved 1093632K
  class space    used 6313K, capacity 6762K, committed 6860K, reserved 1048576K
Heap Regions: E=young(eden), S=young(survivor), O=old, HS=humongous(starts), HC=humongous(continues), CS=collection set, F=free, A=archive, TAMS=top-at-mark-start (previous, next)
|   0|0x0000000080000000, 0x0000000080100000, 0x0000000080100000|100%| O|  |TAMS 0x0000000080100000, 0x0000000080000000| Untracked 
|   1|0x0000000080100000, 0x0000000080200000, 0x0000000080200000|100%| O|  |TAMS 0x0000000080200000, 0x0000000080100000| Untracked 
|   2|0x0000000080200000, 0x0000000080300000, 0x0000000080300000|100%| O|  |TAMS 0x0000000080300000, 0x0000000080200000| Untracked 
|   3|0x0000000080300000, 0x0000000080400000, 0x0000000080400000|100%|HS|  |TAMS 0x0000000080400000, 0x0000000080300000| Complete 
|   4|0x0000000080400000, 0x0000000080500000, 0x0000000080500000|100%|HC|  |TAMS 0x0000000080500000, 0x0000000080400000| Complete 
|   5|0x0000000080500000, 0x0000000080600000, 0x0000000080600000|100%|HC|  |TAMS 0x0000000080600000, 0x0000000080500000| Complete 
|   6|0x0000000080600000, 0x0000000080700000, 0x0000000080700000|100%| O|  |TAMS 0x0000000080700000, 0x0000000080600000| Untracked 
|   7|0x0000000080700000, 0x0000000080800000, 0x0000000080800000|100%| O|  |TAMS 0x0000000080800000, 0x0000000080700000| Untracked 
|   8|0x0000000080800000, 0x0000000080900000, 0x0000000080900000|100%| O|  |TAMS 0x0000000080900000, 0x0000000080800000| Untracked 
|   9|0x0000000080900000, 0x0000000080a00000, 0x0000000080a00000|100%| O|  |TAMS 0x0000000080a00000, 0x0000000080900000| Untracked 
|  10|0x0000000080a00000, 0x0000000080b00000, 0x0000000080b00000|100%| O|  |TAMS 0x0000000080b00000, 0x0000000080a00000| Untracked 
|  11|0x0000000080b00000, 0x0000000080c00000, 0x0000000080c00000|100%| O|  |TAMS 0x0000000080c00000, 0x0000000080b00000| Untracked 
|  12|0x0000000080c00000, 0x0000000080d00000, 0x0000000080d00000|100%| O|  |TAMS 0x0000000080d00000, 0x0000000080c00000| Untracked 
|  13|0x0000000080d00000, 0x0000000080e00000, 0x0000000080e00000|100%| O|  |TAMS 0x0000000080e00000, 0x0000000080d00000| Untracked 
|  14|0x0000000080e00000, 0x0000000080f00000, 0x0000000080f00000|100%| O|  |TAMS 0x0000000080f00000, 0x0000000080e00000| Untracked 
|  15|0x0000000080f00000, 0x0000000081000000, 0x0000000081000000|100%|HS|  |TAMS 0x0000000081000000, 0x0000000080f00000| Complete 
|  16|0x0000000081000000, 0x0000000081100000, 0x0000000081100000|100%|HC|  |TAMS 0x0000000081100000, 0x0000000081000000| Complete 
|  17|0x0000000081100000, 0x0000000081200000, 0x0000000081200000|100%|HS|  |TAMS 0x0000000081200000, 0x0000000081100000| Complete 
|  18|0x0000000081200000, 0x0000000081300000, 0x0000000081300000|100%|HC|  |TAMS 0x0000000081300000, 0x0000000081200000| Complete 
|  19|0x0000000081300000, 0x0000000081400000, 0x0000000081400000|100%|HC|  |TAMS 0x0000000081400000, 0x0000000081300000| Complete 
|  20|0x0000000081400000, 0x0000000081500000, 0x0000000081500000|100%|HS|  |TAMS 0x0000000081500000, 0x0000000081400000| Complete 
|  21|0x0000000081500000, 0x0000000081600000, 0x0000000081600000|100%|HS|  |TAMS 0x0000000081600000, 0x0000000081500000| Complete 
|  22|0x0000000081600000, 0x0000000081700000, 0x0000000081700000|100%|HC|  |TAMS 0x0000000081700000, 0x0000000081600000| Complete 
|  23|0x0000000081700000, 0x0000000081800000, 0x0000000081800000|100%|HC|  |TAMS 0x0000000081800000, 0x0000000081700000| Complete 
|  24|0x0000000081800000, 0x0000000081900000, 0x0000000081900000|100%|HC|  |TAMS 0x0000000081900000, 0x0000000081800000| Complete 
|  25|0x0000000081900000, 0x0000000081a00000, 0x0000000081a00000|100%| O|  |TAMS 0x0000000081a00000, 0x0000000081900000| Untracked 
|  26|0x0000000081a00000, 0x0000000081b00000, 0x0000000081b00000|100%| O|  |TAMS 0x0000000081b00000, 0x0000000081a00000| Untracked 
|  27|0x0000000081b00000, 0x0000000081c00000, 0x0000000081c00000|100%| O|  |TAMS 0x0000000081c00000, 0x0000000081b00000| Untracked 
|  28|0x0000000081c00000, 0x0000000081d00000, 0x0000000081d00000|100%| O|  |TAMS 0x0000000081d00000, 0x0000000081c00000| Untracked 
|  29|0x0000000081d00000, 0x0000000081e00000, 0x0000000081e00000|100%| O|  |TAMS 0x0000000081e00000, 0x0000000081d00000| Untracked 
|  30|0x0000000081e00000, 0x0000000081f00000, 0x0000000081f00000|100%| O|  |TAMS 0x0000000081f00000, 0x0000000081e00000| Untracked 
|  31|0x0000000081f00000, 0x0000000082000000, 0x0000000082000000|100%| O|  |TAMS 0x0000000082000000, 0x0000000081f00000| Untracked 
|  32|0x0000000082000000, 0x0000000082100000, 0x0000000082100000|100%| O|  |TAMS 0x0000000082100000, 0x0000000082000000| Untracked 
|  33|0x0000000082100000, 0x0000000082200000, 0x0000000082200000|100%| O|  |TAMS 0x0000000082171c00, 0x0000000082100000| Untracked 
|  34|0x0000000082200000, 0x0000000082300000, 0x0000000082300000|100%|HS|  |TAMS 0x0000000082200000, 0x0000000082200000| Complete 
|  35|0x0000000082300000, 0x0000000082400000, 0x0000000082400000|100%|HS|  |TAMS 0x0000000082300000, 0x0000000082300000| Complete 
|  36|0x0000000082400000, 0x0000000082500000, 0x0000000082500000|100%|HC|  |TAMS 0x0000000082400000, 0x0000000082400000| Complete 
|  37|0x0000000082500000, 0x0000000082600000, 0x0000000082600000|100%|HC|  |TAMS 0x0000000082500000, 0x0000000082500000| Complete 
|  38|0x0000000082600000, 0x0000000082700000, 0x0000000082700000|100%| O|  |TAMS 0x0000000082600000, 0x0000000082600000| Untracked 
|  39|0x0000000082700000, 0x0000000082800000, 0x0000000082800000|100%| O|  |TAMS 0x0000000082700000, 0x0000000082700000| Untracked 
|  40|0x0000000082800000, 0x0000000082900000, 0x0000000082900000|100%| O|  |TAMS 0x0000000082800000, 0x0000000082800000| Untracked 
|  41|0x0000000082900000, 0x0000000082a00000, 0x0000000082a00000|100%| O|  |TAMS 0x0000000082900000, 0x0000000082900000| Untracked 
|  42|0x0000000082a00000, 0x0000000082accc00, 0x0000000082b00000| 79%| O|  |TAMS 0x0000000082a00000, 0x0000000082a00000| Untracked 
|  43|0x0000000082b00000, 0x0000000082c00000, 0x0000000082c00000|100%|HS|  |TAMS 0x0000000082b00000, 0x0000000082b00000| Complete 
|  44|0x0000000082c00000, 0x0000000082c00000, 0x0000000082d00000|  0%| F|  |TAMS 0x0000000082c00000, 0x0000000082c00000| Untracked 
|  45|0x0000000082d00000, 0x0000000082d00000, 0x0000000082e00000|  0%| F|  |TAMS 0x0000000082d00000, 0x0000000082d00000| Untracked 
|  46|0x0000000082e00000, 0x0000000082e00000, 0x0000000082f00000|  0%| F|  |TAMS 0x0000000082e00000, 0x0000000082e00000| Untracked 
|  47|0x0000000082f00000, 0x0000000082f00000, 0x0000000083000000|  0%| F|  |TAMS 0x0000000082f00000, 0x0000000082f00000| Untracked 
|  48|0x0000000083000000, 0x0000000083000000, 0x0000000083100000|  0%| F|  |TAMS 0x0000000083000000, 0x0000000083000000| Untracked 
|  49|0x0000000083100000, 0x0000000083100000, 0x0000000083200000|  0%| F|  |TAMS 0x0000000083100000, 0x0000000083100000| Untracked 
|  50|0x0000000083200000, 0x0000000083200000, 0x0000000083300000|  0%| F|  |TAMS 0x0000000083200000, 0x0000000083200000| Untracked 
|  51|0x0000000083300000, 0x0000000083300000, 0x0000000083400000|  0%| F|  |TAMS 0x0000000083300000, 0x0000000083300000| Untracked 
|  52|0x0000000083400000, 0x0000000083400000, 0x0000000083500000|  0%| F|  |TAMS 0x0000000083400000, 0x0000000083400000| Untracked 
|  53|0x0000000083500000, 0x0000000083500000, 0x0000000083600000|  0%| F|  |TAMS 0x0000000083500000, 0x0000000083500000| Untracked 
|  54|0x0000000083600000, 0x0000000083600000, 0x0000000083700000|  0%| F|  |TAMS 0x0000000083600000, 0x0000000083600000| Untracked 
|  55|0x0000000083700000, 0x0000000083700000, 0x0000000083800000|  0%| F|  |TAMS 0x0000000083700000, 0x0000000083700000| Untracked 
|  56|0x0000000083800000, 0x0000000083800000, 0x0000000083900000|  0%| F|  |TAMS 0x0000000083800000, 0x0000000083800000| Untracked 
|  57|0x0000000083900000, 0x0000000083900000, 0x0000000083a00000|  0%| F|  |TAMS 0x0000000083900000, 0x0000000083900000| Untracked 
|  58|0x0000000083a00000, 0x0000000083a00000, 0x0000000083b00000|  0%| F|  |TAMS 0x0000000083a00000, 0x0000000083a00000| Untracked 
|  59|0x0000000083b00000, 0x0000000083b00000, 0x0000000083c00000|  0%| F|  |TAMS 0x0000000083b00000, 0x0000000083b00000| Untracked 
|  60|0x0000000083c00000, 0x0000000083c00000, 0x0000000083d00000|  0%| F|  |TAMS 0x0000000083c00000, 0x0000000083c00000| Untracked 
|  61|0x0000000083d00000, 0x0000000083d00000, 0x0000000083e00000|  0%| F|  |TAMS 0x0000000083d00000, 0x0000000083d00000| Untracked 
|  62|0x0000000083e00000, 0x0000000083e00000, 0x0000000083f00000|  0%| F|  |TAMS 0x0000000083e00000, 0x0000000083e00000| Untracked 
|  63|0x0000000083f00000, 0x0000000083f00000, 0x0000000084000000|  0%| F|  |TAMS 0x0000000083f00000, 0x0000000083f00000| Untracked 
|  64|0x0000000084000000, 0x0000000084000000, 0x0000000084100000|  0%| F|  |TAMS 0x0000000084000000, 0x0000000084000000| Untracked 
|  65|0x0000000084100000, 0x0000000084100000, 0x0000000084200000|  0%| F|  |TAMS 0x0000000084100000, 0x0000000084100000| Untracked 
|  66|0x0000000084200000, 0x0000000084200000, 0x0000000084300000|  0%| F|  |TAMS 0x0000000084200000, 0x0000000084200000| Untracked 
|  67|0x0000000084300000, 0x0000000084300000, 0x0000000084400000|  0%| F|  |TAMS 0x0000000084300000, 0x0000000084300000| Untracked 
|  68|0x0000000084400000, 0x0000000084400000, 0x0000000084500000|  0%| F|  |TAMS 0x0000000084400000, 0x0000000084400000| Untracked 
|  69|0x0000000084500000, 0x0000000084500000, 0x0000000084600000|  0%| F|  |TAMS 0x0000000084500000, 0x0000000084500000| Untracked 
|  70|0x0000000084600000, 0x0000000084600000, 0x0000000084700000|  0%| F|  |TAMS 0x0000000084600000, 0x0000000084600000| Untracked 
|  71|0x0000000084700000, 0x0000000084700000, 0x0000000084800000|  0%| F|  |TAMS 0x0000000084700000, 0x0000000084700000| Untracked 
|  72|0x0000000084800000, 0x0000000084800000, 0x0000000084900000|  0%| F|  |TAMS 0x0000000084800000, 0x0000000084800000| Untracked 
|  73|0x0000000084900000, 0x0000000084900000, 0x0000000084a00000|  0%| F|  |TAMS 0x0000000084900000, 0x0000000084900000| Untracked 
|  74|0x0000000084a00000, 0x0000000084a00000, 0x0000000084b00000|  0%| F|  |TAMS 0x0000000084a00000, 0x0000000084a00000| Untracked 
|  75|0x0000000084b00000, 0x0000000084b00000, 0x0000000084c00000|  0%| F|  |TAMS 0x0000000084b00000, 0x0000000084b00000| Untracked 
|  76|0x0000000084c00000, 0x0000000084c00000, 0x0000000084d00000|  0%| F|  |TAMS 0x0000000084c00000, 0x0000000084c00000| Untracked 
|  77|0x0000000084d00000, 0x0000000084d00000, 0x0000000084e00000|  0%| F|  |TAMS 0x0000000084d00000, 0x0000000084d00000| Untracked 
|  78|0x0000000084e00000, 0x0000000084e00000, 0x0000000084f00000|  0%| F|  |TAMS 0x0000000084e00000, 0x0000000084e00000| Untracked 
|  79|0x0000000084f00000, 0x0000000084f00000, 0x0000000085000000|  0%| F|  |TAMS 0x0000000084f00000, 0x0000000084f00000| Untracked 
|  80|0x0000000085000000, 0x0000000085000000, 0x0000000085100000|  0%| F|  |TAMS 0x0000000085000000, 0x0000000085000000| Untracked 
|  81|0x0000000085100000, 0x0000000085100000, 0x0000000085200000|  0%| F|  |TAMS 0x0000000085100000, 0x0000000085100000| Untracked 
|  82|0x0000000085200000, 0x0000000085200000, 0x0000000085300000|  0%| F|  |TAMS 0x0000000085200000, 0x0000000085200000| Untracked 
|  83|0x0000000085300000, 0x0000000085300000, 0x0000000085400000|  0%| F|  |TAMS 0x0000000085300000, 0x0000000085300000| Untracked 
|  84|0x0000000085400000, 0x0000000085400000, 0x0000000085500000|  0%| F|  |TAMS 0x0000000085400000, 0x0000000085400000| Untracked 
|  85|0x0000000085500000, 0x0000000085500000, 0x0000000085600000|  0%| F|  |TAMS 0x0000000085500000, 0x0000000085500000| Untracked 
|  86|0x0000000085600000, 0x0000000085600000, 0x0000000085700000|  0%| F|  |TAMS 0x0000000085600000, 0x0000000085600000| Untracked 
|  87|0x0000000085700000, 0x0000000085700000, 0x0000000085800000|  0%| F|  |TAMS 0x0000000085700000, 0x0000000085700000| Untracked 
|  88|0x0000000085800000, 0x0000000085800000, 0x0000000085900000|  0%| F|  |TAMS 0x0000000085800000, 0x0000000085800000| Untracked 
|  89|0x0000000085900000, 0x00000000859e74e0, 0x0000000085a00000| 90%| S|CS|TAMS 0x0000000085900000, 0x0000000085900000| Complete 
|  90|0x0000000085a00000, 0x0000000085b00000, 0x0000000085b00000|100%| S|CS|TAMS 0x0000000085a00000, 0x0000000085a00000| Complete 
|  91|0x0000000085b00000, 0x0000000085c00000, 0x0000000085c00000|100%| S|CS|TAMS 0x0000000085b00000, 0x0000000085b00000| Complete 
|  92|0x0000000085c00000, 0x0000000085d00000, 0x0000000085d00000|100%| S|CS|TAMS 0x0000000085c00000, 0x0000000085c00000| Complete 
|  93|0x0000000085d00000, 0x0000000085e00000, 0x0000000085e00000|100%| S|CS|TAMS 0x0000000085d00000, 0x0000000085d00000| Complete 
|  94|0x0000000085e00000, 0x0000000085e00000, 0x0000000085f00000|  0%| F|  |TAMS 0x0000000085e00000, 0x0000000085e00000| Untracked 
|  95|0x0000000085f00000, 0x0000000085f00000, 0x0000000086000000|  0%| F|  |TAMS 0x0000000085f00000, 0x0000000085f00000| Untracked 
|  96|0x0000000086000000, 0x0000000086000000, 0x0000000086100000|  0%| F|  |TAMS 0x0000000086000000, 0x0000000086000000| Untracked 
|  97|0x0000000086100000, 0x0000000086100000, 0x0000000086200000|  0%| F|  |TAMS 0x0000000086100000, 0x0000000086100000| Untracked 
|  98|0x0000000086200000, 0x0000000086200000, 0x0000000086300000|  0%| F|  |TAMS 0x0000000086200000, 0x0000000086200000| Untracked 
|  99|0x0000000086300000, 0x0000000086300000, 0x0000000086400000|  0%| F|  |TAMS 0x0000000086300000, 0x0000000086300000| Untracked 
| 100|0x0000000086400000, 0x0000000086400000, 0x0000000086500000|  0%| F|  |TAMS 0x0000000086400000, 0x0000000086400000| Untracked 
| 101|0x0000000086500000, 0x0000000086500000, 0x0000000086600000|  0%| F|  |TAMS 0x0000000086500000, 0x0000000086500000| Untracked 
| 102|0x0000000086600000, 0x0000000086600000, 0x0000000086700000|  0%| F|  |TAMS 0x0000000086600000, 0x0000000086600000| Untracked 
| 103|0x0000000086700000, 0x0000000086700000, 0x0000000086800000|  0%| F|  |TAMS 0x0000000086700000, 0x0000000086700000| Untracked 
| 104|0x0000000086800000, 0x0000000086800000, 0x0000000086900000|  0%| F|  |TAMS 0x0000000086800000, 0x0000000086800000| Untracked 
| 105|0x0000000086900000, 0x0000000086900000, 0x0000000086a00000|  0%| F|  |TAMS 0x0000000086900000, 0x0000000086900000| Untracked 
| 106|0x0000000086a00000, 0x0000000086a00000, 0x0000000086b00000|  0%| F|  |TAMS 0x0000000086a00000, 0x0000000086a00000| Untracked 
| 107|0x0000000086b00000, 0x0000000086b00000, 0x0000000086c00000|  0%| F|  |TAMS 0x0000000086b00000, 0x0000000086b00000| Untracked 
| 108|0x0000000086c00000, 0x0000000086c00000, 0x0000000086d00000|  0%| F|  |TAMS 0x0000000086c00000, 0x0000000086c00000| Untracked 
| 109|0x0000000086d00000, 0x0000000086d00000, 0x0000000086e00000|  0%| F|  |TAMS 0x0000000086d00000, 0x0000000086d00000| Untracked 
| 110|0x0000000086e00000, 0x0000000086e00000, 0x0000000086f00000|  0%| F|  |TAMS 0x0000000086e00000, 0x0000000086e00000| Untracked 
| 111|0x0000000086f00000, 0x0000000086f00000, 0x0000000087000000|  0%| F|  |TAMS 0x0000000086f00000, 0x0000000086f00000| Untracked 
| 112|0x0000000087000000, 0x0000000087000000, 0x0000000087100000|  0%| F|  |TAMS 0x0000000087000000, 0x0000000087000000| Untracked 
| 113|0x0000000087100000, 0x0000000087100000, 0x0000000087200000|  0%| F|  |TAMS 0x0000000087100000, 0x0000000087100000| Untracked 
| 114|0x0000000087200000, 0x0000000087200000, 0x0000000087300000|  0%| F|  |TAMS 0x0000000087200000, 0x0000000087200000| Untracked 
| 115|0x0000000087300000, 0x0000000087300000, 0x0000000087400000|  0%| F|  |TAMS 0x0000000087300000, 0x0000000087300000| Untracked 
| 116|0x0000000087400000, 0x0000000087400000, 0x0000000087500000|  0%| F|  |TAMS 0x0000000087400000, 0x0000000087400000| Untracked 
| 117|0x0000000087500000, 0x0000000087500000, 0x0000000087600000|  0%| F|  |TAMS 0x0000000087500000, 0x0000000087500000| Untracked 
| 118|0x0000000087600000, 0x0000000087600000, 0x0000000087700000|  0%| F|  |TAMS 0x0000000087600000, 0x0000000087600000| Untracked 
| 119|0x0000000087700000, 0x0000000087700000, 0x0000000087800000|  0%| F|  |TAMS 0x0000000087700000, 0x0000000087700000| Untracked 
| 120|0x0000000087800000, 0x0000000087800000, 0x0000000087900000|  0%| F|  |TAMS 0x0000000087800000, 0x0000000087800000| Untracked 
| 121|0x0000000087900000, 0x0000000087900000, 0x0000000087a00000|  0%| F|  |TAMS 0x0000000087900000, 0x0000000087900000| Untracked 
| 122|0x0000000087a00000, 0x0000000087b00000, 0x0000000087b00000|100%| E|  |TAMS 0x0000000087a00000, 0x0000000087a00000| Complete 
| 123|0x0000000087b00000, 0x0000000087c00000, 0x0000000087c00000|100%| E|CS|TAMS 0x0000000087b00000, 0x0000000087b00000| Complete 
| 124|0x0000000087c00000, 0x0000000087d00000, 0x0000000087d00000|100%| E|CS|TAMS 0x0000000087c00000, 0x0000000087c00000| Complete 
| 125|0x0000000087d00000, 0x0000000087e00000, 0x0000000087e00000|100%| E|CS|TAMS 0x0000000087d00000, 0x0000000087d00000| Complete 
| 126|0x0000000087e00000, 0x0000000087f00000, 0x0000000087f00000|100%| E|CS|TAMS 0x0000000087e00000, 0x0000000087e00000| Complete 
| 127|0x0000000087f00000, 0x0000000088000000, 0x0000000088000000|100%| E|CS|TAMS 0x0000000087f00000, 0x0000000087f00000| Complete 
| 128|0x0000000088000000, 0x0000000088100000, 0x0000000088100000|100%| E|CS|TAMS 0x0000000088000000, 0x0000000088000000| Complete 
| 129|0x0000000088100000, 0x0000000088200000, 0x0000000088200000|100%| E|CS|TAMS 0x0000000088100000, 0x0000000088100000| Complete 
| 130|0x0000000088200000, 0x0000000088300000, 0x0000000088300000|100%| E|CS|TAMS 0x0000000088200000, 0x0000000088200000| Complete 
| 131|0x0000000088300000, 0x0000000088400000, 0x0000000088400000|100%| E|CS|TAMS 0x0000000088300000, 0x0000000088300000| Complete 
| 132|0x0000000088400000, 0x0000000088500000, 0x0000000088500000|100%| E|CS|TAMS 0x0000000088400000, 0x0000000088400000| Complete 
| 133|0x0000000088500000, 0x0000000088600000, 0x0000000088600000|100%| E|CS|TAMS 0x0000000088500000, 0x0000000088500000| Complete 
| 134|0x0000000088600000, 0x0000000088700000, 0x0000000088700000|100%| E|CS|TAMS 0x0000000088600000, 0x0000000088600000| Complete 
| 135|0x0000000088700000, 0x0000000088800000, 0x0000000088800000|100%| E|CS|TAMS 0x0000000088700000, 0x0000000088700000| Complete 
| 136|0x0000000088800000, 0x0000000088900000, 0x0000000088900000|100%| E|CS|TAMS 0x0000000088800000, 0x0000000088800000| Complete 
| 137|0x0000000088900000, 0x0000000088a00000, 0x0000000088a00000|100%| E|CS|TAMS 0x0000000088900000, 0x0000000088900000| Complete 
| 138|0x0000000088a00000, 0x0000000088b00000, 0x0000000088b00000|100%| E|CS|TAMS 0x0000000088a00000, 0x0000000088a00000| Complete 
| 139|0x0000000088b00000, 0x0000000088c00000, 0x0000000088c00000|100%| E|CS|TAMS 0x0000000088b00000, 0x0000000088b00000| Complete 
| 140|0x0000000088c00000, 0x0000000088d00000, 0x0000000088d00000|100%| E|CS|TAMS 0x0000000088c00000, 0x0000000088c00000| Complete 
| 141|0x0000000088d00000, 0x0000000088e00000, 0x0000000088e00000|100%| E|CS|TAMS 0x0000000088d00000, 0x0000000088d00000| Complete 
| 142|0x0000000088e00000, 0x0000000088f00000, 0x0000000088f00000|100%| E|CS|TAMS 0x0000000088e00000, 0x0000000088e00000| Complete 
| 143|0x0000000088f00000, 0x0000000089000000, 0x0000000089000000|100%| E|CS|TAMS 0x0000000088f00000, 0x0000000088f00000| Complete 
| 144|0x0000000089000000, 0x0000000089100000, 0x0000000089100000|100%| E|CS|TAMS 0x0000000089000000, 0x0000000089000000| Complete 
| 145|0x0000000089100000, 0x0000000089200000, 0x0000000089200000|100%| E|CS|TAMS 0x0000000089100000, 0x0000000089100000| Complete 
| 146|0x0000000089200000, 0x0000000089300000, 0x0000000089300000|100%| E|CS|TAMS 0x0000000089200000, 0x0000000089200000| Complete 
| 147|0x0000000089300000, 0x0000000089400000, 0x0000000089400000|100%| E|CS|TAMS 0x0000000089300000, 0x0000000089300000| Complete 
| 148|0x0000000089400000, 0x0000000089500000, 0x0000000089500000|100%| E|CS|TAMS 0x0000000089400000, 0x0000000089400000| Complete 

Card table byte_map: [0x000001d9ee530000,0x000001d9ee930000] _byte_map_base: 0x000001d9ee130000

Marking Bits (Prev, Next): (CMBitMap*) 0x000001d9db661c90, (CMBitMap*) 0x000001d9db661c58
 Prev Bits: [0x000001d9f0d30000, 0x000001d9f2d30000)
 Next Bits: [0x000001d9eed30000, 0x000001d9f0d30000)

Polling page: 0x000001d9dae00000

Metaspace:

Usage:
  Non-class:     42.37 MB capacity,    41.62 MB ( 98%) used,   646.18 KB (  1%) free+waste,   120.06 KB ( <1%) overhead. 
      Class:      6.60 MB capacity,     6.17 MB ( 93%) used,   390.31 KB (  6%) free+waste,    58.06 KB ( <1%) overhead. 
       Both:     48.98 MB capacity,    47.79 MB ( 98%) used,     1.01 MB (  2%) free+waste,   178.13 KB ( <1%) overhead. 

Virtual space:
  Non-class space:       44.00 MB reserved,      42.50 MB ( 97%) committed 
      Class space:        1.00 GB reserved,       6.70 MB ( <1%) committed 
             Both:        1.04 GB reserved,      49.20 MB (  5%) committed 

Chunk freelists:
   Non-Class:  2.00 KB
       Class:  22.00 KB
        Both:  24.00 KB

MaxMetaspaceSize: 17179869184.00 GB
CompressedClassSpaceSize: 1.00 GB
Initial GC threshold: 20.80 MB
Current GC threshold: 68.88 MB
CDS: off

CodeHeap 'non-profiled nmethods': size=120064Kb used=2501Kb max_used=2501Kb free=117562Kb
 bounds [0x000001d9e6bf0000, 0x000001d9e6e70000, 0x000001d9ee130000]
CodeHeap 'profiled nmethods': size=120000Kb used=9390Kb max_used=9390Kb free=110610Kb
 bounds [0x000001d9df6c0000, 0x000001d9dfff0000, 0x000001d9e6bf0000]
CodeHeap 'non-nmethods': size=5696Kb used=2308Kb max_used=2345Kb free=3387Kb
 bounds [0x000001d9df130000, 0x000001d9df3a0000, 0x000001d9df6c0000]
 total_blobs=5151 nmethods=4359 adapters=704
 compilation: enabled
              stopped_count=0, restarted_count=0
 full_count=0

Compilation events (20 events):
Event: 14.493 Thread 0x000001d9f523e800 4304       3       groovyjarjarantlr4.v4.runtime.misc.IntervalSet::<init> (69 bytes)
Event: 14.494 Thread 0x000001d9f523e800 nmethod 4304 0x000001d9dffcc710 code [0x000001d9dffcc940, 0x000001d9dffcd028]
Event: 14.494 Thread 0x000001d9f523e800 4305       3       groovyjarjarantlr4.v4.runtime.misc.IntervalSet::size (89 bytes)
Event: 14.495 Thread 0x000001d9f523e800 nmethod 4305 0x000001d9dffcd310 code [0x000001d9dffcd520, 0x000001d9dffcdb88]
Event: 14.495 Thread 0x000001d9f523e800 4306       3       java.util.ArrayList::listIterator (10 bytes)
Event: 14.495 Thread 0x000001d9f523e800 nmethod 4306 0x000001d9dffcdd90 code [0x000001d9dffcdf60, 0x000001d9dffce298]
Event: 14.495 Thread 0x000001d9f523e800 4307       3       groovyjarjarantlr4.v4.runtime.misc.Interval::of (54 bytes)
Event: 14.495 Thread 0x000001d9f523e800 nmethod 4307 0x000001d9dffce410 code [0x000001d9dffce600, 0x000001d9dffcebf8]
Event: 14.497 Thread 0x000001d9f523e800 4308       1       groovyjarjarantlr4.v4.runtime.atn.StarLoopbackState::getStateType (3 bytes)
Event: 14.497 Thread 0x000001d9f523e800 nmethod 4308 0x000001d9e6e5df90 code [0x000001d9e6e5e140, 0x000001d9e6e5e1f8]
Event: 14.497 Thread 0x000001d9f523e800 4309       1       groovyjarjarantlr4.v4.runtime.atn.StarBlockStartState::getStateType (2 bytes)
Event: 14.498 Thread 0x000001d9f523e800 nmethod 4309 0x000001d9e6e5e290 code [0x000001d9e6e5e440, 0x000001d9e6e5e4f8]
Event: 14.498 Thread 0x000001d9f523e800 4311       3       groovyjarjarantlr4.v4.runtime.misc.IntervalSet::add (216 bytes)
Event: 14.502 Thread 0x000001d9f523e800 nmethod 4311 0x000001d9dffcee10 code [0x000001d9dffcf1e0, 0x000001d9dffd0fa8]
Event: 14.502 Thread 0x000001d9f523e800 4310       3       groovyjarjarantlr4.v4.runtime.misc.IntervalSet::add (10 bytes)
Event: 14.502 Thread 0x000001d9f523e800 nmethod 4310 0x000001d9dffd1690 code [0x000001d9dffd1860, 0x000001d9dffd19d8]
Event: 14.502 Thread 0x000001d9f523e800 4313       1       groovyjarjarantlr4.v4.runtime.atn.PrecedencePredicateTransition::getSerializationType (3 bytes)
Event: 14.502 Thread 0x000001d9f523e800 nmethod 4313 0x000001d9e6e5e590 code [0x000001d9e6e5e740, 0x000001d9e6e5e7f8]
Event: 14.506 Thread 0x000001d9f523e800 4314   !   3       java.lang.Class::desiredAssertionStatus (54 bytes)
Event: 14.507 Thread 0x000001d9f523e800 nmethod 4314 0x000001d9dffd1a90 code [0x000001d9dffd1ca0, 0x000001d9dffd2258]

GC Heap History (20 events):
Event: 1.168 GC heap before
{Heap before GC invocations=1 (full 0):
 garbage-first heap   total 126976K, used 12659K [0x0000000080000000, 0x0000000100000000)
  region size 1024K, 7 young (7168K), 2 survivors (2048K)
 Metaspace       used 7969K, capacity 8139K, committed 8320K, reserved 1056768K
  class space    used 757K, capacity 823K, committed 896K, reserved 1048576K
}
Event: 1.171 GC heap after
{Heap after GC invocations=2 (full 0):
 garbage-first heap   total 126976K, used 9123K [0x0000000080000000, 0x0000000100000000)
  region size 1024K, 1 young (1024K), 1 survivors (1024K)
 Metaspace       used 7969K, capacity 8139K, committed 8320K, reserved 1056768K
  class space    used 757K, capacity 823K, committed 896K, reserved 1048576K
}
Event: 2.617 GC heap before
{Heap before GC invocations=2 (full 0):
 garbage-first heap   total 126976K, used 29603K [0x0000000080000000, 0x0000000100000000)
  region size 1024K, 21 young (21504K), 1 survivors (1024K)
 Metaspace       used 11201K, capacity 11386K, committed 11520K, reserved 1058816K
  class space    used 1174K, capacity 1246K, committed 1280K, reserved 1048576K
}
Event: 2.622 GC heap after
{Heap after GC invocations=3 (full 0):
 garbage-first heap   total 126976K, used 10080K [0x0000000080000000, 0x0000000100000000)
  region size 1024K, 2 young (2048K), 2 survivors (2048K)
 Metaspace       used 11201K, capacity 11386K, committed 11520K, reserved 1058816K
  class space    used 1174K, capacity 1246K, committed 1280K, reserved 1048576K
}
Event: 3.316 GC heap before
{Heap before GC invocations=3 (full 0):
 garbage-first heap   total 126976K, used 40800K [0x0000000080000000, 0x0000000100000000)
  region size 1024K, 32 young (32768K), 2 survivors (2048K)
 Metaspace       used 11532K, capacity 11730K, committed 11904K, reserved 1060864K
  class space    used 1236K, capacity 1318K, committed 1408K, reserved 1048576K
}
Event: 3.324 GC heap after
{Heap after GC invocations=4 (full 0):
 garbage-first heap   total 126976K, used 14602K [0x0000000080000000, 0x0000000100000000)
  region size 1024K, 4 young (4096K), 4 survivors (4096K)
 Metaspace       used 11532K, capacity 11730K, committed 11904K, reserved 1060864K
  class space    used 1236K, capacity 1318K, committed 1408K, reserved 1048576K
}
Event: 5.859 GC heap before
{Heap before GC invocations=4 (full 0):
 garbage-first heap   total 126976K, used 59658K [0x0000000080000000, 0x0000000100000000)
  region size 1024K, 48 young (49152K), 4 survivors (4096K)
 Metaspace       used 19793K, capacity 20190K, committed 20224K, reserved 1067008K
  class space    used 2415K, capacity 2555K, committed 2560K, reserved 1048576K
}
Event: 5.866 GC heap after
{Heap after GC invocations=5 (full 0):
 garbage-first heap   total 126976K, used 17482K [0x0000000080000000, 0x0000000100000000)
  region size 1024K, 6 young (6144K), 6 survivors (6144K)
 Metaspace       used 19793K, capacity 20190K, committed 20224K, reserved 1067008K
  class space    used 2415K, capacity 2555K, committed 2560K, reserved 1048576K
}
Event: 6.021 GC heap before
{Heap before GC invocations=5 (full 0):
 garbage-first heap   total 126976K, used 26698K [0x0000000080000000, 0x0000000100000000)
  region size 1024K, 16 young (16384K), 6 survivors (6144K)
 Metaspace       used 20684K, capacity 21155K, committed 21248K, reserved 1067008K
  class space    used 2540K, capacity 2728K, committed 2816K, reserved 1048576K
}
Event: 6.028 GC heap after
{Heap after GC invocations=6 (full 0):
 garbage-first heap   total 126976K, used 17796K [0x0000000080000000, 0x0000000100000000)
  region size 1024K, 4 young (4096K), 4 survivors (4096K)
 Metaspace       used 20684K, capacity 21155K, committed 21248K, reserved 1067008K
  class space    used 2540K, capacity 2728K, committed 2816K, reserved 1048576K
}
Event: 6.910 GC heap before
{Heap before GC invocations=7 (full 0):
 garbage-first heap   total 126976K, used 63876K [0x0000000080000000, 0x0000000100000000)
  region size 1024K, 50 young (51200K), 4 survivors (4096K)
 Metaspace       used 25602K, capacity 26148K, committed 26368K, reserved 1073152K
  class space    used 3288K, capacity 3503K, committed 3584K, reserved 1048576K
}
Event: 6.917 GC heap after
{Heap after GC invocations=8 (full 0):
 garbage-first heap   total 126976K, used 19404K [0x0000000080000000, 0x0000000100000000)
  region size 1024K, 5 young (5120K), 5 survivors (5120K)
 Metaspace       used 25602K, capacity 26148K, committed 26368K, reserved 1073152K
  class space    used 3288K, capacity 3503K, committed 3584K, reserved 1048576K
}
Event: 8.609 GC heap before
{Heap before GC invocations=8 (full 0):
 garbage-first heap   total 126976K, used 88012K [0x0000000080000000, 0x0000000100000000)
  region size 1024K, 63 young (64512K), 5 survivors (5120K)
 Metaspace       used 30961K, capacity 31822K, committed 31872K, reserved 1077248K
  class space    used 4138K, capacity 4458K, committed 4480K, reserved 1048576K
}
Event: 8.625 GC heap after
{Heap after GC invocations=9 (full 0):
 garbage-first heap   total 126976K, used 34230K [0x0000000080000000, 0x0000000100000000)
  region size 1024K, 7 young (7168K), 7 survivors (7168K)
 Metaspace       used 30961K, capacity 31822K, committed 31872K, reserved 1077248K
  class space    used 4138K, capacity 4458K, committed 4480K, reserved 1048576K
}
Event: 9.677 GC heap before
{Heap before GC invocations=9 (full 0):
 garbage-first heap   total 126976K, used 59830K [0x0000000080000000, 0x0000000100000000)
  region size 1024K, 33 young (33792K), 7 survivors (7168K)
 Metaspace       used 34898K, capacity 35779K, committed 35840K, reserved 1081344K
  class space    used 4649K, capacity 4988K, committed 4992K, reserved 1048576K
}
Event: 9.693 GC heap after
{Heap after GC invocations=10 (full 0):
 garbage-first heap   total 126976K, used 36218K [0x0000000080000000, 0x0000000100000000)
  region size 1024K, 2 young (2048K), 2 survivors (2048K)
 Metaspace       used 34898K, capacity 35779K, committed 35840K, reserved 1081344K
  class space    used 4649K, capacity 4988K, committed 4992K, reserved 1048576K
}
Event: 11.046 GC heap before
{Heap before GC invocations=11 (full 0):
 garbage-first heap   total 126976K, used 83322K [0x0000000080000000, 0x0000000100000000)
  region size 1024K, 46 young (47104K), 2 survivors (2048K)
 Metaspace       used 40826K, capacity 41904K, committed 41932K, reserved 1085440K
  class space    used 5201K, capacity 5577K, committed 5580K, reserved 1048576K
}
Event: 11.065 GC heap after
{Heap after GC invocations=12 (full 0):
 garbage-first heap   total 152576K, used 40303K [0x0000000080000000, 0x0000000100000000)
  region size 1024K, 6 young (6144K), 6 survivors (6144K)
 Metaspace       used 40826K, capacity 41904K, committed 41932K, reserved 1085440K
  class space    used 5201K, capacity 5577K, committed 5580K, reserved 1048576K
}
Event: 13.428 GC heap before
{Heap before GC invocations=13 (full 0):
 garbage-first heap   total 152576K, used 100719K [0x0000000080000000, 0x0000000100000000)
  region size 1024K, 61 young (62464K), 6 survivors (6144K)
 Metaspace       used 44720K, capacity 45984K, committed 46284K, reserved 1089536K
  class space    used 5768K, capacity 6223K, committed 6348K, reserved 1048576K
}
Event: 13.447 GC heap after
{Heap after GC invocations=14 (full 0):
 garbage-first heap   total 152576K, used 48848K [0x0000000080000000, 0x0000000100000000)
  region size 1024K, 5 young (5120K), 5 survivors (5120K)
 Metaspace       used 44720K, capacity 45984K, committed 46284K, reserved 1089536K
  class space    used 5768K, capacity 6223K, committed 6348K, reserved 1048576K
}

Deoptimization events (20 events):
Event: 13.224 Thread 0x000001d9f6d93800 Uncommon trap: trap_request=0xffffff4d fr.pc=0x000001d9e6de8d80 relative=0x0000000000000c40
Event: 13.224 Thread 0x000001d9f6d93800 Uncommon trap: reason=unstable_if action=reinterpret pc=0x000001d9e6de8d80 method=java.lang.ClassLoader.checkCerts(Ljava/lang/String;Ljava/security/CodeSource;)V @ 29 c2
Event: 13.224 Thread 0x000001d9f6d93800 DEOPT PACKING pc=0x000001d9e6de8d80 sp=0x00000019d17f71a0
Event: 13.224 Thread 0x000001d9f6d93800 DEOPT UNPACKING pc=0x000001d9df1385af sp=0x00000019d17f70f8 mode 2
Event: 13.224 Thread 0x000001d9f6d93800 Uncommon trap: trap_request=0xffffff4d fr.pc=0x000001d9e6deaf2c relative=0x000000000000144c
Event: 13.224 Thread 0x000001d9f6d93800 Uncommon trap: reason=unstable_if action=reinterpret pc=0x000001d9e6deaf2c method=java.lang.ClassLoader.postDefineClass(Ljava/lang/Class;Ljava/security/ProtectionDomain;)V @ 17 c2
Event: 13.224 Thread 0x000001d9f6d93800 DEOPT PACKING pc=0x000001d9e6deaf2c sp=0x00000019d17f71a0
Event: 13.224 Thread 0x000001d9f6d93800 DEOPT UNPACKING pc=0x000001d9df1385af sp=0x00000019d17f7190 mode 2
Event: 13.366 Thread 0x000001d9f6d93800 Uncommon trap: trap_request=0xffffffde fr.pc=0x000001d9e6dcd71c relative=0x00000000000013dc
Event: 13.367 Thread 0x000001d9f6d93800 Uncommon trap: reason=class_check action=maybe_recompile pc=0x000001d9e6dcd71c method=org.codehaus.groovy.reflection.ParameterTypes.getParametersTypes0()V @ 16 c2
Event: 13.367 Thread 0x000001d9f6d93800 DEOPT PACKING pc=0x000001d9e6dcd71c sp=0x00000019d17f8ce0
Event: 13.367 Thread 0x000001d9f6d93800 DEOPT UNPACKING pc=0x000001d9df1385af sp=0x00000019d17f8ca8 mode 2
Event: 13.992 Thread 0x000001d9f6d93800 Uncommon trap: trap_request=0xffffff4d fr.pc=0x000001d9e6ccbecc relative=0x000000000000024c
Event: 13.992 Thread 0x000001d9f6d93800 Uncommon trap: reason=unstable_if action=reinterpret pc=0x000001d9e6ccbecc method=java.util.HashMap.putVal(ILjava/lang/Object;Ljava/lang/Object;ZZ)Ljava/lang/Object; @ 162 c2
Event: 13.992 Thread 0x000001d9f6d93800 DEOPT PACKING pc=0x000001d9e6ccbecc sp=0x00000019d17f9ff0
Event: 13.992 Thread 0x000001d9f6d93800 DEOPT UNPACKING pc=0x000001d9df1385af sp=0x00000019d17f9f10 mode 2
Event: 14.480 Thread 0x000001d9f6d93800 Uncommon trap: trap_request=0xffffffc6 fr.pc=0x000001d9e6c3c340 relative=0x00000000000028e0
Event: 14.480 Thread 0x000001d9f6d93800 Uncommon trap: reason=bimorphic_or_optimized_type_check action=maybe_recompile pc=0x000001d9e6c3c340 method=java.util.HashMap.putVal(ILjava/lang/Object;Ljava/lang/Object;ZZ)Ljava/lang/Object; @ 203 c2
Event: 14.480 Thread 0x000001d9f6d93800 DEOPT PACKING pc=0x000001d9e6c3c340 sp=0x00000019d17f7ef0
Event: 14.480 Thread 0x000001d9f6d93800 DEOPT UNPACKING pc=0x000001d9df1385af sp=0x00000019d17f7dc8 mode 2

Classes redefined (0 events):
No events

Internal exceptions (20 events):
Event: 13.456 Thread 0x000001d9f6d93800 Exception <a 'java/lang/ClassNotFoundException'{0x0000000089462048}: org/jetbrains/plugins/gradle/tooling/builder/WarModelBuilderImplCustomizer> (0x0000000089462048) thrown at [./src/hotspot/share/classfile/systemDictionary.cpp, line 231]
Event: 13.474 Thread 0x000001d9f6d93800 Exception <a 'java/lang/ClassNotFoundException'{0x00000000894d4b10}: org/jetbrains/plugins/gradle/tooling/builder/EarModelBuilderImplBeanInfo> (0x00000000894d4b10) thrown at [./src/hotspot/share/classfile/systemDictionary.cpp, line 231]
Event: 13.475 Thread 0x000001d9f6d93800 Exception <a 'java/lang/ClassNotFoundException'{0x00000000894e21b8}: org/jetbrains/plugins/gradle/tooling/builder/EarModelBuilderImplCustomizer> (0x00000000894e21b8) thrown at [./src/hotspot/share/classfile/systemDictionary.cpp, line 231]
Event: 13.502 Thread 0x000001d9f6d93800 Exception <a 'java/lang/ClassNotFoundException'{0x00000000893e4a78}: org/jetbrains/plugins/gradle/tooling/builder/ScalaModelBuilderImplBeanInfo> (0x00000000893e4a78) thrown at [./src/hotspot/share/classfile/systemDictionary.cpp, line 231]
Event: 13.504 Thread 0x000001d9f6d93800 Exception <a 'java/lang/ClassNotFoundException'{0x00000000893f2208}: org/jetbrains/plugins/gradle/tooling/builder/ScalaModelBuilderImplCustomizer> (0x00000000893f2208) thrown at [./src/hotspot/share/classfile/systemDictionary.cpp, line 231]
Event: 13.521 Thread 0x000001d9f6d93800 Exception <a 'java/lang/ClassNotFoundException'{0x00000000892657a8}: org/jetbrains/plugins/gradle/tooling/builder/ExternalProjectBuilderImpl$1BeanInfo> (0x00000000892657a8) thrown at [./src/hotspot/share/classfile/systemDictionary.cpp, line 231]
Event: 13.521 Thread 0x000001d9f6d93800 Exception <a 'java/lang/ClassNotFoundException'{0x0000000089273200}: org/jetbrains/plugins/gradle/tooling/builder/ExternalProjectBuilderImpl$1Customizer> (0x0000000089273200) thrown at [./src/hotspot/share/classfile/systemDictionary.cpp, line 231]
Event: 13.549 Thread 0x000001d9f6d93800 Exception <a 'java/lang/ClassNotFoundException'{0x00000000892e7120}: org/jetbrains/plugins/gradle/tooling/builder/ExternalProjectBuilderImplBeanInfo> (0x00000000892e7120) thrown at [./src/hotspot/share/classfile/systemDictionary.cpp, line 231]
Event: 13.549 Thread 0x000001d9f6d93800 Exception <a 'java/lang/ClassNotFoundException'{0x00000000892f49d0}: org/jetbrains/plugins/gradle/tooling/builder/ExternalProjectBuilderImplCustomizer> (0x00000000892f49d0) thrown at [./src/hotspot/share/classfile/systemDictionary.cpp, line 231]
Event: 13.561 Thread 0x000001d9f6d93800 Exception <a 'java/lang/ClassNotFoundException'{0x0000000089150f20}: org/jetbrains/plugins/gradle/tooling/builder/DependencyGraphModelBuilderImplBeanInfo> (0x0000000089150f20) thrown at [./src/hotspot/share/classfile/systemDictionary.cpp, line 231]
Event: 13.561 Thread 0x000001d9f6d93800 Exception <a 'java/lang/ClassNotFoundException'{0x000000008915e9f8}: org/jetbrains/plugins/gradle/tooling/builder/DependencyGraphModelBuilderImplCustomizer> (0x000000008915e9f8) thrown at [./src/hotspot/share/classfile/systemDictionary.cpp, line 231]
Event: 13.610 Thread 0x000001d9f6d93800 Exception <a 'java/lang/ClassNotFoundException'{0x000000008901a980}: org/jetbrains/plugins/gradle/tooling/builder/ExternalTestsModelBuilderImplBeanInfo> (0x000000008901a980) thrown at [./src/hotspot/share/classfile/systemDictionary.cpp, line 231]
Event: 13.611 Thread 0x000001d9f6d93800 Exception <a 'java/lang/ClassNotFoundException'{0x00000000890283e0}: org/jetbrains/plugins/gradle/tooling/builder/ExternalTestsModelBuilderImplCustomizer> (0x00000000890283e0) thrown at [./src/hotspot/share/classfile/systemDictionary.cpp, line 231]
Event: 13.749 Thread 0x000001d9f6d93800 Exception <a 'java/lang/ClassNotFoundException'{0x0000000088ec11b0}: org/jetbrains/plugins/gradle/tooling/builder/ProjectExtensionsDataBuilderImplBeanInfo> (0x0000000088ec11b0) thrown at [./src/hotspot/share/classfile/systemDictionary.cpp, line 231]
Event: 13.750 Thread 0x000001d9f6d93800 Exception <a 'java/lang/ClassNotFoundException'{0x0000000088ececa8}: org/jetbrains/plugins/gradle/tooling/builder/ProjectExtensionsDataBuilderImplCustomizer> (0x0000000088ececa8) thrown at [./src/hotspot/share/classfile/systemDictionary.cpp, line 231]
Event: 13.762 Thread 0x000001d9f6d93800 Exception <a 'java/lang/ClassNotFoundException'{0x0000000088d08e10}: org/jetbrains/plugins/gradle/tooling/builder/IntelliJSettingsBuilderBeanInfo> (0x0000000088d08e10) thrown at [./src/hotspot/share/classfile/systemDictionary.cpp, line 231]
Event: 13.764 Thread 0x000001d9f6d93800 Exception <a 'java/lang/ClassNotFoundException'{0x0000000088d16618}: org/jetbrains/plugins/gradle/tooling/builder/IntelliJSettingsBuilderCustomizer> (0x0000000088d16618) thrown at [./src/hotspot/share/classfile/systemDictionary.cpp, line 231]
Event: 13.816 Thread 0x000001d9f6d93800 Exception <a 'java/lang/ClassNotFoundException'{0x0000000088d50ff8}: org/jetbrains/plugins/gradle/tooling/builder/IntelliJProjectSettingsBuilderBeanInfo> (0x0000000088d50ff8) thrown at [./src/hotspot/share/classfile/systemDictionary.cpp, line 231]
Event: 13.816 Thread 0x000001d9f6d93800 Exception <a 'java/lang/ClassNotFoundException'{0x0000000088d5ea78}: org/jetbrains/plugins/gradle/tooling/builder/IntelliJProjectSettingsBuilderCustomizer> (0x0000000088d5ea78) thrown at [./src/hotspot/share/classfile/systemDictionary.cpp, line 231]
Event: 14.059 Thread 0x000001d9f6d93800 Exception <a 'java/lang/NoSuchMethodError'{0x00000000888afe70}: 'void java.lang.invoke.DirectMethodHandle$Holder.invokeVirtual(java.lang.Object, java.lang.Object)'> (0x00000000888afe70) thrown at [./src/hotspot/share/interpreter/linkResolver.cpp, line 773]

Events (20 events):
Event: 14.523 loading class groovyjarjarantlr4/v4/runtime/atn/SingletonPredictionContext
Event: 14.523 loading class groovyjarjarantlr4/v4/runtime/atn/SingletonPredictionContext done
Event: 14.523 loading class groovyjarjarantlr4/v4/runtime/atn/ArrayPredictionContext
Event: 14.523 loading class groovyjarjarantlr4/v4/runtime/atn/ArrayPredictionContext done
Event: 14.524 loading class groovyjarjarantlr4/v4/runtime/misc/MurmurHash
Event: 14.524 loading class groovyjarjarantlr4/v4/runtime/misc/MurmurHash done
Event: 14.525 loading class groovyjarjarantlr4/v4/runtime/atn/ATNConfig
Event: 14.525 loading class groovyjarjarantlr4/v4/runtime/atn/ATNConfig done
Event: 14.526 loading class groovyjarjarantlr4/v4/runtime/atn/ATNConfig$ActionSemanticContextATNConfig
Event: 14.526 loading class groovyjarjarantlr4/v4/runtime/atn/ATNConfig$ActionSemanticContextATNConfig done
Event: 14.526 loading class groovyjarjarantlr4/v4/runtime/atn/ATNConfig$SemanticContextATNConfig
Event: 14.526 loading class groovyjarjarantlr4/v4/runtime/atn/ATNConfig$SemanticContextATNConfig done
Event: 14.527 loading class groovyjarjarantlr4/v4/runtime/atn/ATNConfig$ActionATNConfig
Event: 14.527 loading class groovyjarjarantlr4/v4/runtime/atn/ATNConfig$ActionATNConfig done
Event: 14.527 loading class groovyjarjarantlr4/v4/runtime/atn/SemanticContext$OR
Event: 14.527 loading class groovyjarjarantlr4/v4/runtime/atn/SemanticContext$OR done
Event: 14.528 loading class groovyjarjarantlr4/v4/runtime/atn/SemanticContext$Operator
Event: 14.528 loading class groovyjarjarantlr4/v4/runtime/atn/SemanticContext$Operator done
Event: 14.528 loading class groovyjarjarantlr4/v4/runtime/atn/SemanticContext$AND
Event: 14.528 loading class groovyjarjarantlr4/v4/runtime/atn/SemanticContext$AND done


Dynamic libraries:
0x00007ff79a530000 - 0x00007ff79a53a000 	C:\Program Files\Android\Android Studio\jre\bin\java.exe
0x00007ff878ee0000 - 0x00007ff8790e9000 	C:\WINDOWS\SYSTEM32\ntdll.dll
0x00007ff877fa0000 - 0x00007ff87805d000 	C:\WINDOWS\System32\KERNEL32.DLL
0x00007ff8769f0000 - 0x00007ff876d69000 	C:\WINDOWS\System32\KERNELBASE.dll
0x00007ff876680000 - 0x00007ff876791000 	C:\WINDOWS\System32\ucrtbase.dll
0x00007ff84e0a0000 - 0x00007ff84e0b7000 	C:\Program Files\Android\Android Studio\jre\bin\VCRUNTIME140.dll
0x00007ff8568e0000 - 0x00007ff8568f9000 	C:\Program Files\Android\Android Studio\jre\bin\jli.dll
0x00007ff877d40000 - 0x00007ff877eec000 	C:\WINDOWS\System32\USER32.dll
0x00007ff85bce0000 - 0x00007ff85bf85000 	C:\WINDOWS\WinSxS\amd64_microsoft.windows.common-controls_6595b64144ccf1df_6.0.22000.120_none_9d947278b86cc467\COMCTL32.dll
0x00007ff878c60000 - 0x00007ff878d03000 	C:\WINDOWS\System32\msvcrt.dll
0x00007ff876460000 - 0x00007ff876486000 	C:\WINDOWS\System32\win32u.dll
0x00007ff878200000 - 0x00007ff878229000 	C:\WINDOWS\System32\GDI32.dll
0x00007ff8768d0000 - 0x00007ff8769e2000 	C:\WINDOWS\System32\gdi32full.dll
0x00007ff8763c0000 - 0x00007ff87645d000 	C:\WINDOWS\System32\msvcp_win.dll
0x00007ff8773f0000 - 0x00007ff877421000 	C:\WINDOWS\System32\IMM32.DLL
0x00007ff82c870000 - 0x00007ff82c90d000 	C:\Program Files\Android\Android Studio\jre\bin\msvcp140.dll
0x00007ffffe1f0000 - 0x00007ffffecd5000 	C:\Program Files\Android\Android Studio\jre\bin\server\jvm.dll
0x00007ff877720000 - 0x00007ff8777ce000 	C:\WINDOWS\System32\ADVAPI32.dll
0x00007ff876f60000 - 0x00007ff876ffe000 	C:\WINDOWS\System32\sechost.dll
0x00007ff878d80000 - 0x00007ff878ea0000 	C:\WINDOWS\System32\RPCRT4.dll
0x00007ff877590000 - 0x00007ff877598000 	C:\WINDOWS\System32\PSAPI.DLL
0x00007ff852d40000 - 0x00007ff852d49000 	C:\WINDOWS\SYSTEM32\WSOCK32.dll
0x00007ff86dea0000 - 0x00007ff86deaa000 	C:\WINDOWS\SYSTEM32\VERSION.dll
0x00007ff877430000 - 0x00007ff87749f000 	C:\WINDOWS\System32\WS2_32.dll
0x00007ff868890000 - 0x00007ff8688c3000 	C:\WINDOWS\SYSTEM32\WINMM.dll
0x00007ff8754c0000 - 0x00007ff8754d8000 	C:\WINDOWS\SYSTEM32\kernel.appcore.dll
0x00007ff871170000 - 0x00007ff871181000 	C:\Program Files\Android\Android Studio\jre\bin\verify.dll
0x00007ff873cf0000 - 0x00007ff873f11000 	C:\WINDOWS\SYSTEM32\DBGHELP.DLL
0x00007ff850cc0000 - 0x00007ff850cf1000 	C:\WINDOWS\SYSTEM32\dbgcore.DLL
0x00007ff876600000 - 0x00007ff87667f000 	C:\WINDOWS\System32\bcryptPrimitives.dll
0x00007ff871040000 - 0x00007ff871069000 	C:\Program Files\Android\Android Studio\jre\bin\java.dll
0x00007ff86f480000 - 0x00007ff86f48b000 	C:\Program Files\Android\Android Studio\jre\bin\jimage.dll
0x00007ff86f460000 - 0x00007ff86f478000 	C:\Program Files\Android\Android Studio\jre\bin\zip.dll
0x00007ff878310000 - 0x00007ff878ac8000 	C:\WINDOWS\System32\SHELL32.dll
0x00007ff874530000 - 0x00007ff874d97000 	C:\WINDOWS\SYSTEM32\windows.storage.dll
0x00007ff877060000 - 0x00007ff8773d9000 	C:\WINDOWS\System32\combase.dll
0x00007ff8743c0000 - 0x00007ff874526000 	C:\WINDOWS\SYSTEM32\wintypes.dll
0x00007ff8774a0000 - 0x00007ff87758a000 	C:\WINDOWS\System32\SHCORE.dll
0x00007ff8775a0000 - 0x00007ff8775fd000 	C:\WINDOWS\System32\shlwapi.dll
0x00007ff8762f0000 - 0x00007ff876311000 	C:\WINDOWS\SYSTEM32\profapi.dll
0x00007ff85f520000 - 0x00007ff85f53a000 	C:\Program Files\Android\Android Studio\jre\bin\net.dll
0x00007ff86e090000 - 0x00007ff86e19c000 	C:\WINDOWS\SYSTEM32\WINHTTP.dll
0x00007ff8758f0000 - 0x00007ff875957000 	C:\WINDOWS\system32\mswsock.dll
0x00007ff858540000 - 0x00007ff858554000 	C:\Program Files\Android\Android Studio\jre\bin\nio.dll
0x00007ff858680000 - 0x00007ff8586a7000 	C:\Users\ASUS\.gradle\native\e1d6ef7f7dcc3fd88c89a11ec53ec762bb8ba0a96d01ffa2cd45eb1d1d8dd5c5\windows-amd64\native-platform.dll
0x00007ffffd970000 - 0x00007ffffdab4000 	C:\Users\ASUS\.gradle\native\5664cfc778a61ccfe75a443a1ab52a65af34e5dc3c78e0209fed803814484fcb\windows-amd64\native-platform-file-events.dll
0x00007ff86f430000 - 0x00007ff86f43a000 	C:\Program Files\Android\Android Studio\jre\bin\management.dll
0x00007ff86f400000 - 0x00007ff86f40d000 	C:\Program Files\Android\Android Studio\jre\bin\management_ext.dll
0x00007ff875ba0000 - 0x00007ff875bb8000 	C:\WINDOWS\SYSTEM32\CRYPTSP.dll
0x00007ff875420000 - 0x00007ff875455000 	C:\WINDOWS\system32\rsaenh.dll
0x00007ff8759e0000 - 0x00007ff875a09000 	C:\WINDOWS\SYSTEM32\USERENV.dll
0x00007ff875d20000 - 0x00007ff875d47000 	C:\WINDOWS\SYSTEM32\bcrypt.dll
0x00007ff875bc0000 - 0x00007ff875bcc000 	C:\WINDOWS\SYSTEM32\CRYPTBASE.dll
0x00007ff875030000 - 0x00007ff87505d000 	C:\WINDOWS\SYSTEM32\IPHLPAPI.DLL
0x00007ff8773e0000 - 0x00007ff8773e9000 	C:\WINDOWS\System32\NSI.dll
0x00007ff86deb0000 - 0x00007ff86dec9000 	C:\WINDOWS\SYSTEM32\dhcpcsvc6.DLL
0x00007ff86e2f0000 - 0x00007ff86e30e000 	C:\WINDOWS\SYSTEM32\dhcpcsvc.DLL
0x00007ff875060000 - 0x00007ff875148000 	C:\WINDOWS\SYSTEM32\DNSAPI.dll

dbghelp: loaded successfully - version: 4.0.5 - missing functions: none
symbol engine: initialized successfully - sym options: 0x614 - pdb path: .;C:\Program Files\Android\Android Studio\jre\bin;C:\WINDOWS\SYSTEM32;C:\WINDOWS\WinSxS\amd64_microsoft.windows.common-controls_6595b64144ccf1df_6.0.22000.120_none_9d947278b86cc467;C:\Program Files\Android\Android Studio\jre\bin\server;C:\Users\ASUS\.gradle\native\e1d6ef7f7dcc3fd88c89a11ec53ec762bb8ba0a96d01ffa2cd45eb1d1d8dd5c5\windows-amd64;C:\Users\ASUS\.gradle\native\5664cfc778a61ccfe75a443a1ab52a65af34e5dc3c78e0209fed803814484fcb\windows-amd64

VM Arguments:
jvm_args: --add-opens=java.base/java.util=ALL-UNNAMED --add-opens=java.base/java.lang=ALL-UNNAMED --add-opens=java.base/java.lang.invoke=ALL-UNNAMED --add-opens=java.base/java.util=ALL-UNNAMED --add-opens=java.prefs/java.util.prefs=ALL-UNNAMED --add-opens=java.prefs/java.util.prefs=ALL-UNNAMED --add-opens=java.base/java.nio.charset=ALL-UNNAMED --add-opens=java.base/java.net=ALL-UNNAMED --add-opens=java.base/java.util.concurrent.atomic=ALL-UNNAMED -Xmx2048m -Dfile.encoding=UTF-8 -Duser.country=IN -Duser.language=en -Duser.variant 
java_command: org.gradle.launcher.daemon.bootstrap.GradleDaemon 7.3.3
java_class_path (initial): C:\Users\ASUS\.gradle\wrapper\dists\gradle-7.3.3-bin\6a41zxkdtcxs8rphpq6y0069z\gradle-7.3.3\lib\gradle-launcher-7.3.3.jar
Launcher Type: SUN_STANDARD

[Global flags]
     intx CICompilerCount                          = 3                                         {product} {ergonomic}
     uint ConcGCThreads                            = 1                                         {product} {ergonomic}
     uint G1ConcRefinementThreads                  = 4                                         {product} {ergonomic}
   size_t G1HeapRegionSize                         = 1048576                                   {product} {ergonomic}
    uintx GCDrainStackTargetSize                   = 64                                        {product} {ergonomic}
   size_t InitialHeapSize                          = 130023424                                 {product} {ergonomic}
   size_t MarkStackSize                            = 4194304                                   {product} {ergonomic}
   size_t MaxHeapSize                              = 2147483648                                {product} {command line}
   size_t MaxNewSize                               = 1287651328                                {product} {ergonomic}
   size_t MinHeapDeltaBytes                        = 1048576                                   {product} {ergonomic}
    uintx NonNMethodCodeHeapSize                   = 5830732                                {pd product} {ergonomic}
    uintx NonProfiledCodeHeapSize                  = 122913754                              {pd product} {ergonomic}
    uintx ProfiledCodeHeapSize                     = 122913754                              {pd product} {ergonomic}
    uintx ReservedCodeCacheSize                    = 251658240                              {pd product} {ergonomic}
     bool SegmentedCodeCache                       = true                                      {product} {ergonomic}
     bool UseCompressedClassPointers               = true                                 {lp64_product} {ergonomic}
     bool UseCompressedOops                        = true                                 {lp64_product} {ergonomic}
     bool UseG1GC                                  = true                                      {product} {ergonomic}
     bool UseLargePagesIndividualAllocation        = false                                  {pd product} {ergonomic}

Logging:
Log output configuration:
 #0: stdout all=warning uptime,level,tags
 #1: stderr all=off uptime,level,tags

Environment Variables:
PATH=C:\Python310\Scripts\;C:\Python310\;C:\Program Files\Common Files\Oracle\Java\javapath;C:\WINDOWS\system32;C:\WINDOWS;C:\WINDOWS\System32\Wbem;C:\WINDOWS\System32\WindowsPowerShell\v1.0\;C:\WINDOWS\System32\OpenSSH\;C:\MinGW\bin;D:\flutter\bin;C:\Program Files\nodejs\;C:\ProgramData\chocolatey\bin;C:\Ruby27-x64\bin;C:\Program Files\Git\cmd;C:\Users\ASUS\Downloads\platform-tools_r33.0.0-windows\platform-tools;C:\Program Files\Android\sdk;C:\Program Files\Android\sdk\platform-tools;C:\Program Files\MongoDB\Server\5.0\bin;C:\Program Files\MATLAB\R2016a\runtime\win64;C:\Program Files\MATLAB\R2016a\bin;C:\Program Files\MATLAB\R2016a\polyspace\bin;C:\Ruby27-x64\bin;C:\Users\ASUS\AppData\Local\Programs\Python\Python39\Scripts\;C:\Users\ASUS\AppData\Local\Programs\Python\Python39\;C:\Users\ASUS\AppData\Local\Microsoft\WindowsApps;C:\Users\ASUS\AppData\Local\Programs\Microsoft VS Code\bin;C:\Users\ASUS\AppData\Local\GitHubDesktop\bin;C:\Program Files\JetBrains\IntelliJ IDEA Community Edition 2021.2\bin;;C:\Users\ASUS\AppData\Roaming\npm;C:\Users\ASUS\Downloads\platform-tools_r33.0.0-windows\platform-tools;C:\Program Files\Android\sdk;C:\Program Files\Android\sdk\platform-tools;C:\Program Files\MongoDB\Server\5.0\bin;
USERNAME=ASUS
OS=Windows_NT
PROCESSOR_IDENTIFIER=Intel64 Family 6 Model 126 Stepping 5, GenuineIntel



---------------  S Y S T E M  ---------------

OS: Windows 10 , 64 bit Build 22000 (10.0.22000.708)
OS uptime: 0 days 8:02 hours

CPU:total 4 (initial active 4) (2 cores per cpu, 2 threads per core) family 6 model 126 stepping 5 microcode 0xa0, cmov, cx8, fxsr, mmx, sse, sse2, sse3, ssse3, sse4.1, sse4.2, popcnt, avx, avx2, aes, clmul, erms, 3dnowpref, lzcnt, ht, tsc, tscinvbit, bmi1, bmi2, adx, evex, sha, fma

Memory: 4k page, system-wide physical 7930M (548M free)
TotalPageFile size 9978M (AvailPageFile size 5M)
current process WorkingSet (physical memory assigned to process): 308M, peak: 311M
current process commit charge ("private bytes"): 349M, peak: 351M

vm_info: OpenJDK 64-Bit Server VM (11.0.12+7-b1504.28-7817840) for windows-amd64 JRE (11.0.12+7-b1504.28-7817840), built on Oct 13 2021 22:12:33 by "builder" with MS VC++ 14.0 (VS2015)

END.
