#
# There is insufficient memory for the Java Runtime Environment to continue.
# Native memory allocation (malloc) failed to allocate 1842416 bytes for Chunk::new
# Possible reasons:
#   The system is out of physical RAM or swap space
#   The process is running with CompressedOops enabled, and the Java Heap may be blocking the growth of the native heap
# Possible solutions:
#   Reduce memory load on the system
#   Increase physical memory or swap space
#   Check if swap backing store is full
#   Decrease Java heap size (-Xmx/-Xms)
#   Decrease number of Java threads
#   Decrease Java thread stack sizes (-Xss)
#   Set larger code cache with -XX:ReservedCodeCacheSize=
#   JVM is running with Unscaled Compressed Oops mode in which the Java heap is
#     placed in the first 4GB address space. The Java Heap base address is the
#     maximum limit for the native heap growth. Please use -XX:HeapBaseMinAddress
#     to set the Java Heap base and to place the Java Heap above 4GB virtual address.
# This output file may be truncated or incomplete.
#
#  Out of Memory Error (./src/hotspot/share/memory/arena.cpp:197), pid=2096, tid=18020
#
# JRE version: OpenJDK Runtime Environment (11.0.12+7) (build 11.0.12+7-b1504.28-7817840)
# Java VM: OpenJDK 64-Bit Server VM (11.0.12+7-b1504.28-7817840, mixed mode, tiered, compressed oops, g1 gc, windows-amd64)
# No core dump will be written. Minidumps are not enabled by default on client versions of Windows
#

---------------  S U M M A R Y ------------

Command Line: --add-opens=java.base/java.util=ALL-UNNAMED --add-opens=java.base/java.lang=ALL-UNNAMED --add-opens=java.base/java.lang.invoke=ALL-UNNAMED --add-opens=java.base/java.util=ALL-UNNAMED --add-opens=java.prefs/java.util.prefs=ALL-UNNAMED --add-opens=java.prefs/java.util.prefs=ALL-UNNAMED --add-opens=java.base/java.nio.charset=ALL-UNNAMED --add-opens=java.base/java.net=ALL-UNNAMED --add-opens=java.base/java.util.concurrent.atomic=ALL-UNNAMED -Xmx2048m -Dfile.encoding=UTF-8 -Duser.country=IN -Duser.language=en -Duser.variant org.gradle.launcher.daemon.bootstrap.GradleDaemon 7.3.3

Host: Intel(R) Core(TM) i3-1005G1 CPU @ 1.20GHz, 4 cores, 7G,  Windows 10 , 64 bit Build 22000 (10.0.22000.708)
Time: Fri Aug 19 02:31:17 2022 India Standard Time elapsed time: 9.839622 seconds (0d 0h 0m 9s)

---------------  T H R E A D  ---------------

Current thread (0x0000023b7c815800):  JavaThread "C2 CompilerThread0" daemon [_thread_in_native, id=18020, stack(0x000000d001d00000,0x000000d001e00000)]


Current CompileTask:
C2:   9839 3109       4       java.lang.invoke.MethodType::makeImpl (108 bytes)

Stack: [0x000000d001d00000,0x000000d001e00000]
Native frames: (J=compiled Java code, j=interpreted, Vv=VM code, C=native code)
V  [jvm.dll+0x5fbcea]
V  [jvm.dll+0x731905]
V  [jvm.dll+0x732f1d]
V  [jvm.dll+0x7335d3]
V  [jvm.dll+0x247bf8]
V  [jvm.dll+0xc018c]
V  [jvm.dll+0xc06cc]
V  [jvm.dll+0x35b31d]
V  [jvm.dll+0x328803]
V  [jvm.dll+0x327cfa]
V  [jvm.dll+0x200602]
V  [jvm.dll+0x1ff794]
V  [jvm.dll+0x18868c]
V  [jvm.dll+0x20e0d7]
V  [jvm.dll+0x20c901]
V  [jvm.dll+0x6f9b7f]
V  [jvm.dll+0x6f26a5]
V  [jvm.dll+0x5fabf6]
C  [ucrtbase.dll+0x26c0c]
C  [KERNEL32.DLL+0x154e0]
C  [ntdll.dll+0x485b]


---------------  P R O C E S S  ---------------

Threads class SMR info:
_java_thread_list=0x0000023b0f648340, length=34, elements={
0x0000023b71bfd800, 0x0000023b7c7f2000, 0x0000023b7c7f3800, 0x0000023b7d182800,
0x0000023b7c810800, 0x0000023b7c811800, 0x0000023b7c815800, 0x0000023b7c816800,
0x0000023b7d1cc800, 0x0000023b7d2cf800, 0x0000023b7eb07800, 0x0000023b7e8f3800,
0x0000023b7eb7c800, 0x0000023b0f161800, 0x0000023b0f15c800, 0x0000023b7ecb3800,
0x0000023b7ec4f000, 0x0000023b7df53800, 0x0000023b0f17c800, 0x0000023b7ec4a000,
0x0000023b7ec4a800, 0x0000023b7ec4b800, 0x0000023b7ec49000, 0x0000023b7e348000,
0x0000023b7e344000, 0x0000023b7e343000, 0x0000023b7e345000, 0x0000023b7e349000,
0x0000023b7e34b800, 0x0000023b7e345800, 0x0000023b7e346800, 0x0000023b7e34d000,
0x0000023b7e34a000, 0x0000023b7e34a800
}

Java Threads: ( => current thread )
  0x0000023b71bfd800 JavaThread "main" [_thread_blocked, id=18640, stack(0x000000d001100000,0x000000d001200000)]
  0x0000023b7c7f2000 JavaThread "Reference Handler" daemon [_thread_blocked, id=19184, stack(0x000000d001800000,0x000000d001900000)]
  0x0000023b7c7f3800 JavaThread "Finalizer" daemon [_thread_blocked, id=14216, stack(0x000000d001900000,0x000000d001a00000)]
  0x0000023b7d182800 JavaThread "Signal Dispatcher" daemon [_thread_blocked, id=16184, stack(0x000000d001a00000,0x000000d001b00000)]
  0x0000023b7c810800 JavaThread "Attach Listener" daemon [_thread_blocked, id=20004, stack(0x000000d001b00000,0x000000d001c00000)]
  0x0000023b7c811800 JavaThread "Service Thread" daemon [_thread_blocked, id=1524, stack(0x000000d001c00000,0x000000d001d00000)]
=>0x0000023b7c815800 JavaThread "C2 CompilerThread0" daemon [_thread_in_native, id=18020, stack(0x000000d001d00000,0x000000d001e00000)]
  0x0000023b7c816800 JavaThread "C1 CompilerThread0" daemon [_thread_in_vm, id=6572, stack(0x000000d001e00000,0x000000d001f00000)]
  0x0000023b7d1cc800 JavaThread "Sweeper thread" daemon [_thread_blocked, id=18072, stack(0x000000d001f00000,0x000000d002000000)]
  0x0000023b7d2cf800 JavaThread "Common-Cleaner" daemon [_thread_blocked, id=18496, stack(0x000000d002000000,0x000000d002100000)]
  0x0000023b7eb07800 JavaThread "Daemon health stats" [_thread_blocked, id=7992, stack(0x000000d002400000,0x000000d002500000)]
  0x0000023b7e8f3800 JavaThread "Incoming local TCP Connector on port 61257" [_thread_in_native, id=2160, stack(0x000000d002200000,0x000000d002300000)]
  0x0000023b7eb7c800 JavaThread "Daemon periodic checks" [_thread_blocked, id=18316, stack(0x000000d002500000,0x000000d002600000)]
  0x0000023b0f161800 JavaThread "Daemon" [_thread_blocked, id=7032, stack(0x000000d002600000,0x000000d002700000)]
  0x0000023b0f15c800 JavaThread "Handler for socket connection from /127.0.0.1:61257 to /127.0.0.1:61258" [_thread_in_native, id=2240, stack(0x000000d002700000,0x000000d002800000)]
  0x0000023b7ecb3800 JavaThread "Cancel handler" [_thread_blocked, id=15628, stack(0x000000d002800000,0x000000d002900000)]
  0x0000023b7ec4f000 JavaThread "Daemon worker" [_thread_in_Java, id=13704, stack(0x000000d002900000,0x000000d002a00000)]
  0x0000023b7df53800 JavaThread "Asynchronous log dispatcher for DefaultDaemonConnection: socket connection from /127.0.0.1:61257 to /127.0.0.1:61258" [_thread_blocked, id=6704, stack(0x000000d002a00000,0x000000d002b00000)]
  0x0000023b0f17c800 JavaThread "Stdin handler" [_thread_blocked, id=20116, stack(0x000000d002b00000,0x000000d002c00000)]
  0x0000023b7ec4a000 JavaThread "Daemon client event forwarder" [_thread_blocked, id=19596, stack(0x000000d002c00000,0x000000d002d00000)]
  0x0000023b7ec4a800 JavaThread "Cache worker for journal cache (C:\Users\ASUS\.gradle\caches\journal-1)" [_thread_blocked, id=16620, stack(0x000000d002f00000,0x000000d003000000)]
  0x0000023b7ec4b800 JavaThread "File lock request listener" [_thread_in_native, id=17140, stack(0x000000d003000000,0x000000d003100000)]
  0x0000023b7ec49000 JavaThread "Cache worker for file hash cache (C:\Users\ASUS\.gradle\caches\7.3.3\fileHashes)" [_thread_blocked, id=18088, stack(0x000000d003100000,0x000000d003200000)]
  0x0000023b7e348000 JavaThread "Cache worker for file hash cache (D:\Android Development\LiveEdgeDetectionSDK\.gradle\7.3.3\fileHashes)" [_thread_blocked, id=18560, stack(0x000000d003200000,0x000000d003300000)]
  0x0000023b7e344000 JavaThread "File watcher server" daemon [_thread_in_native, id=17928, stack(0x000000d003400000,0x000000d003500000)]
  0x0000023b7e343000 JavaThread "File watcher consumer" daemon [_thread_blocked, id=9732, stack(0x000000d003500000,0x000000d003600000)]
  0x0000023b7e345000 JavaThread "jar transforms" [_thread_blocked, id=5880, stack(0x000000d003600000,0x000000d003700000)]
  0x0000023b7e349000 JavaThread "jar transforms Thread 2" [_thread_blocked, id=3888, stack(0x000000d003700000,0x000000d003800000)]
  0x0000023b7e34b800 JavaThread "jar transforms Thread 3" [_thread_blocked, id=13648, stack(0x000000d003800000,0x000000d003900000)]
  0x0000023b7e345800 JavaThread "jar transforms Thread 4" [_thread_blocked, id=17624, stack(0x000000d003900000,0x000000d003a00000)]
  0x0000023b7e346800 JavaThread "Cache worker for checksums cache (D:\Android Development\LiveEdgeDetectionSDK\.gradle\7.3.3\checksums)" [_thread_blocked, id=17904, stack(0x000000d003a00000,0x000000d003b00000)]
  0x0000023b7e34d000 JavaThread "Cache worker for cache directory md-supplier (C:\Users\ASUS\.gradle\caches\7.3.3\md-supplier)" [_thread_blocked, id=15588, stack(0x000000d003b00000,0x000000d003c00000)]
  0x0000023b7e34a000 JavaThread "Cache worker for cache directory md-rule (C:\Users\ASUS\.gradle\caches\7.3.3\md-rule)" [_thread_blocked, id=3924, stack(0x000000d003c00000,0x000000d003d00000)]
  0x0000023b7e34a800 JavaThread "Cache worker for execution history cache (C:\Users\ASUS\.gradle\caches\7.3.3\executionHistory)" [_thread_blocked, id=19740, stack(0x000000d003d00000,0x000000d003e00000)]

Other Threads:
  0x0000023b7c7ef800 VMThread "VM Thread" [stack: 0x000000d001700000,0x000000d001800000] [id=12140]
  0x0000023b7d304000 WatcherThread [stack: 0x000000d002100000,0x000000d002200000] [id=2608]
  0x0000023b71c16800 GCTaskThread "GC Thread#0" [stack: 0x000000d001200000,0x000000d001300000] [id=10616]
  0x0000023b7d8c3000 GCTaskThread "GC Thread#1" [stack: 0x000000d002300000,0x000000d002400000] [id=18016]
  0x0000023b0f17d000 GCTaskThread "GC Thread#2" [stack: 0x000000d002d00000,0x000000d002e00000] [id=17252]
  0x0000023b7e840000 GCTaskThread "GC Thread#3" [stack: 0x000000d002e00000,0x000000d002f00000] [id=15620]
  0x0000023b71c48800 ConcurrentGCThread "G1 Main Marker" [stack: 0x000000d001300000,0x000000d001400000] [id=12696]
  0x0000023b71c49800 ConcurrentGCThread "G1 Conc#0" [stack: 0x000000d001400000,0x000000d001500000] [id=8700]
  0x0000023b71cd8800 ConcurrentGCThread "G1 Refine#0" [stack: 0x000000d001500000,0x000000d001600000] [id=2572]
  0x0000023b71cd9800 ConcurrentGCThread "G1 Young RemSet Sampling" [stack: 0x000000d001600000,0x000000d001700000] [id=14320]

Threads with active compile tasks:
C2 CompilerThread0   9876 3109       4       java.lang.invoke.MethodType::makeImpl (108 bytes)

VM state:not at safepoint (normal execution)

VM Mutex/Monitor currently owned by a thread: None

Heap address: 0x0000000080000000, size: 2048 MB, Compressed Oops mode: 32-bit
Narrow klass base: 0x0000000000000000, Narrow klass shift: 3
Compressed class space size: 1073741824 Address: 0x0000000100000000

Heap:
 garbage-first heap   total 126976K, used 47475K [0x0000000080000000, 0x0000000100000000)
  region size 1024K, 15 young (15360K), 2 survivors (2048K)
 Metaspace       used 38730K, capacity 39767K, committed 40140K, reserved 1083392K
  class space    used 5055K, capacity 5445K, committed 5580K, reserved 1048576K
Heap Regions: E=young(eden), S=young(survivor), O=old, HS=humongous(starts), HC=humongous(continues), CS=collection set, F=free, A=archive, TAMS=top-at-mark-start (previous, next)
|   0|0x0000000080000000, 0x0000000080100000, 0x0000000080100000|100%| O|  |TAMS 0x0000000080100000, 0x0000000080000000| Untracked 
|   1|0x0000000080100000, 0x0000000080200000, 0x0000000080200000|100%| O|  |TAMS 0x0000000080200000, 0x0000000080100000| Untracked 
|   2|0x0000000080200000, 0x0000000080300000, 0x0000000080300000|100%| O|  |TAMS 0x0000000080300000, 0x0000000080200000| Untracked 
|   3|0x0000000080300000, 0x0000000080400000, 0x0000000080400000|100%|HS|  |TAMS 0x0000000080400000, 0x0000000080300000| Complete 
|   4|0x0000000080400000, 0x0000000080500000, 0x0000000080500000|100%|HC|  |TAMS 0x0000000080500000, 0x0000000080400000| Complete 
|   5|0x0000000080500000, 0x0000000080600000, 0x0000000080600000|100%|HC|  |TAMS 0x0000000080600000, 0x0000000080500000| Complete 
|   6|0x0000000080600000, 0x0000000080700000, 0x0000000080700000|100%| O|  |TAMS 0x0000000080700000, 0x0000000080600000| Untracked 
|   7|0x0000000080700000, 0x0000000080800000, 0x0000000080800000|100%| O|  |TAMS 0x0000000080800000, 0x0000000080700000| Untracked 
|   8|0x0000000080800000, 0x0000000080900000, 0x0000000080900000|100%| O|  |TAMS 0x0000000080900000, 0x0000000080800000| Untracked 
|   9|0x0000000080900000, 0x0000000080a00000, 0x0000000080a00000|100%| O|  |TAMS 0x0000000080a00000, 0x0000000080900000| Untracked 
|  10|0x0000000080a00000, 0x0000000080b00000, 0x0000000080b00000|100%| O|  |TAMS 0x0000000080b00000, 0x0000000080a00000| Untracked 
|  11|0x0000000080b00000, 0x0000000080c00000, 0x0000000080c00000|100%| O|  |TAMS 0x0000000080c00000, 0x0000000080b00000| Untracked 
|  12|0x0000000080c00000, 0x0000000080d00000, 0x0000000080d00000|100%| O|  |TAMS 0x0000000080d00000, 0x0000000080c00000| Untracked 
|  13|0x0000000080d00000, 0x0000000080e00000, 0x0000000080e00000|100%| O|  |TAMS 0x0000000080e00000, 0x0000000080d00000| Untracked 
|  14|0x0000000080e00000, 0x0000000080f00000, 0x0000000080f00000|100%| O|  |TAMS 0x0000000080f00000, 0x0000000080e00000| Untracked 
|  15|0x0000000080f00000, 0x0000000081000000, 0x0000000081000000|100%| O|  |TAMS 0x0000000081000000, 0x0000000080f00000| Untracked 
|  16|0x0000000081000000, 0x0000000081100000, 0x0000000081100000|100%|HS|  |TAMS 0x0000000081100000, 0x0000000081000000| Complete 
|  17|0x0000000081100000, 0x0000000081200000, 0x0000000081200000|100%|HC|  |TAMS 0x0000000081200000, 0x0000000081100000| Complete 
|  18|0x0000000081200000, 0x0000000081300000, 0x0000000081300000|100%|HS|  |TAMS 0x0000000081300000, 0x0000000081200000| Complete 
|  19|0x0000000081300000, 0x0000000081400000, 0x0000000081400000|100%|HC|  |TAMS 0x0000000081400000, 0x0000000081300000| Complete 
|  20|0x0000000081400000, 0x0000000081500000, 0x0000000081500000|100%|HC|  |TAMS 0x0000000081500000, 0x0000000081400000| Complete 
|  21|0x0000000081500000, 0x0000000081600000, 0x0000000081600000|100%|HS|  |TAMS 0x0000000081600000, 0x0000000081500000| Complete 
|  22|0x0000000081600000, 0x0000000081700000, 0x0000000081700000|100%|HS|  |TAMS 0x0000000081700000, 0x0000000081600000| Complete 
|  23|0x0000000081700000, 0x0000000081800000, 0x0000000081800000|100%|HC|  |TAMS 0x0000000081800000, 0x0000000081700000| Complete 
|  24|0x0000000081800000, 0x0000000081900000, 0x0000000081900000|100%|HC|  |TAMS 0x0000000081900000, 0x0000000081800000| Complete 
|  25|0x0000000081900000, 0x0000000081a00000, 0x0000000081a00000|100%|HC|  |TAMS 0x0000000081a00000, 0x0000000081900000| Complete 
|  26|0x0000000081a00000, 0x0000000081b00000, 0x0000000081b00000|100%| O|  |TAMS 0x0000000081b00000, 0x0000000081a00000| Untracked 
|  27|0x0000000081b00000, 0x0000000081c00000, 0x0000000081c00000|100%| O|  |TAMS 0x0000000081c00000, 0x0000000081b00000| Untracked 
|  28|0x0000000081c00000, 0x0000000081d00000, 0x0000000081d00000|100%| O|  |TAMS 0x0000000081d00000, 0x0000000081c00000| Untracked 
|  29|0x0000000081d00000, 0x0000000081e00000, 0x0000000081e00000|100%| O|  |TAMS 0x0000000081e00000, 0x0000000081d00000| Untracked 
|  30|0x0000000081e00000, 0x0000000081f00000, 0x0000000081f00000|100%| O|  |TAMS 0x0000000081f00000, 0x0000000081e00000| Untracked 
|  31|0x0000000081f00000, 0x0000000082000000, 0x0000000082000000|100%| O|  |TAMS 0x0000000082000000, 0x0000000081f00000| Untracked 
|  32|0x0000000082000000, 0x0000000082100000, 0x0000000082100000|100%| O|  |TAMS 0x0000000082100000, 0x0000000082000000| Untracked 
|  33|0x0000000082100000, 0x000000008215cc00, 0x0000000082200000| 36%| O|  |TAMS 0x000000008215cc00, 0x0000000082100000| Untracked 
|  34|0x0000000082200000, 0x0000000082200000, 0x0000000082300000|  0%| F|  |TAMS 0x0000000082200000, 0x0000000082200000| Untracked 
|  35|0x0000000082300000, 0x0000000082300000, 0x0000000082400000|  0%| F|  |TAMS 0x0000000082300000, 0x0000000082300000| Untracked 
|  36|0x0000000082400000, 0x0000000082400000, 0x0000000082500000|  0%| F|  |TAMS 0x0000000082400000, 0x0000000082400000| Untracked 
|  37|0x0000000082500000, 0x0000000082500000, 0x0000000082600000|  0%| F|  |TAMS 0x0000000082500000, 0x0000000082500000| Untracked 
|  38|0x0000000082600000, 0x0000000082600000, 0x0000000082700000|  0%| F|  |TAMS 0x0000000082600000, 0x0000000082600000| Untracked 
|  39|0x0000000082700000, 0x0000000082700000, 0x0000000082800000|  0%| F|  |TAMS 0x0000000082700000, 0x0000000082700000| Untracked 
|  40|0x0000000082800000, 0x0000000082800000, 0x0000000082900000|  0%| F|  |TAMS 0x0000000082800000, 0x0000000082800000| Untracked 
|  41|0x0000000082900000, 0x0000000082900000, 0x0000000082a00000|  0%| F|  |TAMS 0x0000000082900000, 0x0000000082900000| Untracked 
|  42|0x0000000082a00000, 0x0000000082a00000, 0x0000000082b00000|  0%| F|  |TAMS 0x0000000082a00000, 0x0000000082a00000| Untracked 
|  43|0x0000000082b00000, 0x0000000082b00000, 0x0000000082c00000|  0%| F|  |TAMS 0x0000000082b00000, 0x0000000082b00000| Untracked 
|  44|0x0000000082c00000, 0x0000000082c00000, 0x0000000082d00000|  0%| F|  |TAMS 0x0000000082c00000, 0x0000000082c00000| Untracked 
|  45|0x0000000082d00000, 0x0000000082d00000, 0x0000000082e00000|  0%| F|  |TAMS 0x0000000082d00000, 0x0000000082d00000| Untracked 
|  46|0x0000000082e00000, 0x0000000082e00000, 0x0000000082f00000|  0%| F|  |TAMS 0x0000000082e00000, 0x0000000082e00000| Untracked 
|  47|0x0000000082f00000, 0x0000000082f00000, 0x0000000083000000|  0%| F|  |TAMS 0x0000000082f00000, 0x0000000082f00000| Untracked 
|  48|0x0000000083000000, 0x0000000083000000, 0x0000000083100000|  0%| F|  |TAMS 0x0000000083000000, 0x0000000083000000| Untracked 
|  49|0x0000000083100000, 0x0000000083100000, 0x0000000083200000|  0%| F|  |TAMS 0x0000000083100000, 0x0000000083100000| Untracked 
|  50|0x0000000083200000, 0x0000000083200000, 0x0000000083300000|  0%| F|  |TAMS 0x0000000083200000, 0x0000000083200000| Untracked 
|  51|0x0000000083300000, 0x0000000083300000, 0x0000000083400000|  0%| F|  |TAMS 0x0000000083300000, 0x0000000083300000| Untracked 
|  52|0x0000000083400000, 0x0000000083400000, 0x0000000083500000|  0%| F|  |TAMS 0x0000000083400000, 0x0000000083400000| Untracked 
|  53|0x0000000083500000, 0x0000000083500000, 0x0000000083600000|  0%| F|  |TAMS 0x0000000083500000, 0x0000000083500000| Untracked 
|  54|0x0000000083600000, 0x0000000083600000, 0x0000000083700000|  0%| F|  |TAMS 0x0000000083600000, 0x0000000083600000| Untracked 
|  55|0x0000000083700000, 0x0000000083700000, 0x0000000083800000|  0%| F|  |TAMS 0x0000000083700000, 0x0000000083700000| Untracked 
|  56|0x0000000083800000, 0x0000000083800000, 0x0000000083900000|  0%| F|  |TAMS 0x0000000083800000, 0x0000000083800000| Untracked 
|  57|0x0000000083900000, 0x0000000083900000, 0x0000000083a00000|  0%| F|  |TAMS 0x0000000083900000, 0x0000000083900000| Untracked 
|  58|0x0000000083a00000, 0x0000000083a00000, 0x0000000083b00000|  0%| F|  |TAMS 0x0000000083a00000, 0x0000000083a00000| Untracked 
|  59|0x0000000083b00000, 0x0000000083b00000, 0x0000000083c00000|  0%| F|  |TAMS 0x0000000083b00000, 0x0000000083b00000| Untracked 
|  60|0x0000000083c00000, 0x0000000083c00000, 0x0000000083d00000|  0%| F|  |TAMS 0x0000000083c00000, 0x0000000083c00000| Untracked 
|  61|0x0000000083d00000, 0x0000000083d00000, 0x0000000083e00000|  0%| F|  |TAMS 0x0000000083d00000, 0x0000000083d00000| Untracked 
|  62|0x0000000083e00000, 0x0000000083e00000, 0x0000000083f00000|  0%| F|  |TAMS 0x0000000083e00000, 0x0000000083e00000| Untracked 
|  63|0x0000000083f00000, 0x0000000083f00000, 0x0000000084000000|  0%| F|  |TAMS 0x0000000083f00000, 0x0000000083f00000| Untracked 
|  64|0x0000000084000000, 0x0000000084000000, 0x0000000084100000|  0%| F|  |TAMS 0x0000000084000000, 0x0000000084000000| Untracked 
|  65|0x0000000084100000, 0x0000000084100000, 0x0000000084200000|  0%| F|  |TAMS 0x0000000084100000, 0x0000000084100000| Untracked 
|  66|0x0000000084200000, 0x0000000084200000, 0x0000000084300000|  0%| F|  |TAMS 0x0000000084200000, 0x0000000084200000| Untracked 
|  67|0x0000000084300000, 0x0000000084300000, 0x0000000084400000|  0%| F|  |TAMS 0x0000000084300000, 0x0000000084300000| Untracked 
|  68|0x0000000084400000, 0x0000000084400000, 0x0000000084500000|  0%| F|  |TAMS 0x0000000084400000, 0x0000000084400000| Untracked 
|  69|0x0000000084500000, 0x0000000084500000, 0x0000000084600000|  0%| F|  |TAMS 0x0000000084500000, 0x0000000084500000| Untracked 
|  70|0x0000000084600000, 0x0000000084600000, 0x0000000084700000|  0%| F|  |TAMS 0x0000000084600000, 0x0000000084600000| Untracked 
|  71|0x0000000084700000, 0x0000000084700000, 0x0000000084800000|  0%| F|  |TAMS 0x0000000084700000, 0x0000000084700000| Untracked 
|  72|0x0000000084800000, 0x0000000084800000, 0x0000000084900000|  0%| F|  |TAMS 0x0000000084800000, 0x0000000084800000| Untracked 
|  73|0x0000000084900000, 0x0000000084900000, 0x0000000084a00000|  0%| F|  |TAMS 0x0000000084900000, 0x0000000084900000| Untracked 
|  74|0x0000000084a00000, 0x0000000084a00000, 0x0000000084b00000|  0%| F|  |TAMS 0x0000000084a00000, 0x0000000084a00000| Untracked 
|  75|0x0000000084b00000, 0x0000000084b00000, 0x0000000084c00000|  0%| F|  |TAMS 0x0000000084b00000, 0x0000000084b00000| Untracked 
|  76|0x0000000084c00000, 0x0000000084c00000, 0x0000000084d00000|  0%| F|  |TAMS 0x0000000084c00000, 0x0000000084c00000| Untracked 
|  77|0x0000000084d00000, 0x0000000084d00000, 0x0000000084e00000|  0%| F|  |TAMS 0x0000000084d00000, 0x0000000084d00000| Untracked 
|  78|0x0000000084e00000, 0x0000000084e00000, 0x0000000084f00000|  0%| F|  |TAMS 0x0000000084e00000, 0x0000000084e00000| Untracked 
|  79|0x0000000084f00000, 0x0000000084f00000, 0x0000000085000000|  0%| F|  |TAMS 0x0000000084f00000, 0x0000000084f00000| Untracked 
|  80|0x0000000085000000, 0x0000000085000000, 0x0000000085100000|  0%| F|  |TAMS 0x0000000085000000, 0x0000000085000000| Untracked 
|  81|0x0000000085100000, 0x0000000085100000, 0x0000000085200000|  0%| F|  |TAMS 0x0000000085100000, 0x0000000085100000| Untracked 
|  82|0x0000000085200000, 0x0000000085200000, 0x0000000085300000|  0%| F|  |TAMS 0x0000000085200000, 0x0000000085200000| Untracked 
|  83|0x0000000085300000, 0x0000000085300000, 0x0000000085400000|  0%| F|  |TAMS 0x0000000085300000, 0x0000000085300000| Untracked 
|  84|0x0000000085400000, 0x0000000085400000, 0x0000000085500000|  0%| F|  |TAMS 0x0000000085400000, 0x0000000085400000| Untracked 
|  85|0x0000000085500000, 0x0000000085500000, 0x0000000085600000|  0%| F|  |TAMS 0x0000000085500000, 0x0000000085500000| Untracked 
|  86|0x0000000085600000, 0x0000000085600000, 0x0000000085700000|  0%| F|  |TAMS 0x0000000085600000, 0x0000000085600000| Untracked 
|  87|0x0000000085700000, 0x0000000085700000, 0x0000000085800000|  0%| F|  |TAMS 0x0000000085700000, 0x0000000085700000| Untracked 
|  88|0x0000000085800000, 0x0000000085800000, 0x0000000085900000|  0%| F|  |TAMS 0x0000000085800000, 0x0000000085800000| Untracked 
|  89|0x0000000085900000, 0x0000000085900000, 0x0000000085a00000|  0%| F|  |TAMS 0x0000000085900000, 0x0000000085900000| Untracked 
|  90|0x0000000085a00000, 0x0000000085a00000, 0x0000000085b00000|  0%| F|  |TAMS 0x0000000085a00000, 0x0000000085a00000| Untracked 
|  91|0x0000000085b00000, 0x0000000085b00000, 0x0000000085c00000|  0%| F|  |TAMS 0x0000000085b00000, 0x0000000085b00000| Untracked 
|  92|0x0000000085c00000, 0x0000000085c00000, 0x0000000085d00000|  0%| F|  |TAMS 0x0000000085c00000, 0x0000000085c00000| Untracked 
|  93|0x0000000085d00000, 0x0000000085d00000, 0x0000000085e00000|  0%| F|  |TAMS 0x0000000085d00000, 0x0000000085d00000| Untracked 
|  94|0x0000000085e00000, 0x0000000085e00000, 0x0000000085f00000|  0%| F|  |TAMS 0x0000000085e00000, 0x0000000085e00000| Untracked 
|  95|0x0000000085f00000, 0x0000000085f00000, 0x0000000086000000|  0%| F|  |TAMS 0x0000000085f00000, 0x0000000085f00000| Untracked 
|  96|0x0000000086000000, 0x0000000086000000, 0x0000000086100000|  0%| F|  |TAMS 0x0000000086000000, 0x0000000086000000| Untracked 
|  97|0x0000000086100000, 0x0000000086100000, 0x0000000086200000|  0%| F|  |TAMS 0x0000000086100000, 0x0000000086100000| Untracked 
|  98|0x0000000086200000, 0x0000000086200000, 0x0000000086300000|  0%| F|  |TAMS 0x0000000086200000, 0x0000000086200000| Untracked 
|  99|0x0000000086300000, 0x0000000086300000, 0x0000000086400000|  0%| F|  |TAMS 0x0000000086300000, 0x0000000086300000| Untracked 
| 100|0x0000000086400000, 0x0000000086400000, 0x0000000086500000|  0%| F|  |TAMS 0x0000000086400000, 0x0000000086400000| Untracked 
| 101|0x0000000086500000, 0x0000000086500000, 0x0000000086600000|  0%| F|  |TAMS 0x0000000086500000, 0x0000000086500000| Untracked 
| 102|0x0000000086600000, 0x0000000086700000, 0x0000000086700000|100%| S|CS|TAMS 0x0000000086600000, 0x0000000086600000| Complete 
| 103|0x0000000086700000, 0x0000000086800000, 0x0000000086800000|100%| S|CS|TAMS 0x0000000086700000, 0x0000000086700000| Complete 
| 104|0x0000000086800000, 0x0000000086800000, 0x0000000086900000|  0%| F|  |TAMS 0x0000000086800000, 0x0000000086800000| Untracked 
| 105|0x0000000086900000, 0x0000000086900000, 0x0000000086a00000|  0%| F|  |TAMS 0x0000000086900000, 0x0000000086900000| Untracked 
| 106|0x0000000086a00000, 0x0000000086a00000, 0x0000000086b00000|  0%| F|  |TAMS 0x0000000086a00000, 0x0000000086a00000| Untracked 
| 107|0x0000000086b00000, 0x0000000086b00000, 0x0000000086c00000|  0%| F|  |TAMS 0x0000000086b00000, 0x0000000086b00000| Untracked 
| 108|0x0000000086c00000, 0x0000000086c00000, 0x0000000086d00000|  0%| F|  |TAMS 0x0000000086c00000, 0x0000000086c00000| Untracked 
| 109|0x0000000086d00000, 0x0000000086d00000, 0x0000000086e00000|  0%| F|  |TAMS 0x0000000086d00000, 0x0000000086d00000| Untracked 
| 110|0x0000000086e00000, 0x0000000086e00000, 0x0000000086f00000|  0%| F|  |TAMS 0x0000000086e00000, 0x0000000086e00000| Untracked 
| 111|0x0000000086f00000, 0x0000000086f75d58, 0x0000000087000000| 46%| E|  |TAMS 0x0000000086f00000, 0x0000000086f00000| Complete 
| 112|0x0000000087000000, 0x0000000087100000, 0x0000000087100000|100%| E|  |TAMS 0x0000000087000000, 0x0000000087000000| Complete 
| 113|0x0000000087100000, 0x0000000087200000, 0x0000000087200000|100%| E|CS|TAMS 0x0000000087100000, 0x0000000087100000| Complete 
| 114|0x0000000087200000, 0x0000000087300000, 0x0000000087300000|100%| E|CS|TAMS 0x0000000087200000, 0x0000000087200000| Complete 
| 115|0x0000000087300000, 0x0000000087400000, 0x0000000087400000|100%| E|CS|TAMS 0x0000000087300000, 0x0000000087300000| Complete 
| 116|0x0000000087400000, 0x0000000087500000, 0x0000000087500000|100%| E|CS|TAMS 0x0000000087400000, 0x0000000087400000| Complete 
| 117|0x0000000087500000, 0x0000000087600000, 0x0000000087600000|100%| E|CS|TAMS 0x0000000087500000, 0x0000000087500000| Complete 
| 118|0x0000000087600000, 0x0000000087700000, 0x0000000087700000|100%| E|CS|TAMS 0x0000000087600000, 0x0000000087600000| Complete 
| 119|0x0000000087700000, 0x0000000087800000, 0x0000000087800000|100%| E|CS|TAMS 0x0000000087700000, 0x0000000087700000| Complete 
| 120|0x0000000087800000, 0x0000000087900000, 0x0000000087900000|100%| E|CS|TAMS 0x0000000087800000, 0x0000000087800000| Complete 
| 121|0x0000000087900000, 0x0000000087a00000, 0x0000000087a00000|100%| E|CS|TAMS 0x0000000087900000, 0x0000000087900000| Complete 
| 122|0x0000000087a00000, 0x0000000087b00000, 0x0000000087b00000|100%| E|CS|TAMS 0x0000000087a00000, 0x0000000087a00000| Complete 
| 123|0x0000000087b00000, 0x0000000087c00000, 0x0000000087c00000|100%| E|CS|TAMS 0x0000000087b00000, 0x0000000087b00000| Complete 

Card table byte_map: [0x0000023b75b10000,0x0000023b75f10000] _byte_map_base: 0x0000023b75710000

Marking Bits (Prev, Next): (CMBitMap*) 0x0000023b71c3f7f8, (CMBitMap*) 0x0000023b71c3f830
 Prev Bits: [0x0000023b76310000, 0x0000023b78310000)
 Next Bits: [0x0000023b78310000, 0x0000023b7a310000)

Polling page: 0x0000023b6fc00000

Metaspace:

Usage:
  Non-class:     33.52 MB capacity,    32.89 MB ( 98%) used,   554.48 KB (  2%) free+waste,    92.19 KB ( <1%) overhead. 
      Class:      5.32 MB capacity,     4.94 MB ( 93%) used,   344.50 KB (  6%) free+waste,    45.25 KB ( <1%) overhead. 
       Both:     38.83 MB capacity,    37.82 MB ( 97%) used,   898.98 KB (  2%) free+waste,   137.44 KB ( <1%) overhead. 

Virtual space:
  Non-class space:       34.00 MB reserved,      33.75 MB (>99%) committed 
      Class space:        1.00 GB reserved,       5.45 MB ( <1%) committed 
             Both:        1.03 GB reserved,      39.20 MB (  4%) committed 

Chunk freelists:
   Non-Class:  46.00 KB
       Class:  27.00 KB
        Both:  73.00 KB

MaxMetaspaceSize: 17179869184.00 GB
CompressedClassSpaceSize: 1.00 GB
Initial GC threshold: 20.80 MB
Current GC threshold: 58.88 MB
CDS: off

CodeHeap 'non-profiled nmethods': size=120064Kb used=1636Kb max_used=1636Kb free=118427Kb
 bounds [0x0000023b07ac0000, 0x0000023b07d30000, 0x0000023b0f000000]
CodeHeap 'profiled nmethods': size=120000Kb used=6663Kb max_used=6663Kb free=113336Kb
 bounds [0x0000023b00590000, 0x0000023b00c20000, 0x0000023b07ac0000]
CodeHeap 'non-nmethods': size=5696Kb used=1591Kb max_used=1591Kb free=4105Kb
 bounds [0x0000023b00000000, 0x0000023b00270000, 0x0000023b00590000]
 total_blobs=3797 nmethods=3179 adapters=529
 compilation: enabled
              stopped_count=0, restarted_count=0
 full_count=0

Compilation events (20 events):
Event: 9.741 Thread 0x0000023b7c816800 3152       3       org.codehaus.groovy.reflection.CachedMethod::getReturnType (8 bytes)
Event: 9.741 Thread 0x0000023b7c816800 nmethod 3152 0x0000023b00c03a10 code [0x0000023b00c03bc0, 0x0000023b00c03cd8]
Event: 9.741 Thread 0x0000023b7c816800 3153       3       java.lang.CharacterDataLatin1::isUpperCase (20 bytes)
Event: 9.742 Thread 0x0000023b7c816800 nmethod 3153 0x0000023b00c03d90 code [0x0000023b00c03f60, 0x0000023b00c04158]
Event: 9.742 Thread 0x0000023b7c816800 3154       3       java.lang.CharacterDataLatin1::isOtherUppercase (18 bytes)
Event: 9.742 Thread 0x0000023b7c816800 nmethod 3154 0x0000023b00c04290 code [0x0000023b00c04460, 0x0000023b00c04658]
Event: 9.742 Thread 0x0000023b7c816800 3155       3       java.lang.CharacterDataLatin1::getPropertiesEx (11 bytes)
Event: 9.742 Thread 0x0000023b7c816800 nmethod 3155 0x0000023b00c04790 code [0x0000023b00c04940, 0x0000023b00c04a78]
Event: 9.742 Thread 0x0000023b7c816800 3156       3       org.codehaus.groovy.util.SingleKeyHashMap::getOrPut (137 bytes)
Event: 9.743 Thread 0x0000023b7c816800 nmethod 3156 0x0000023b00c04b90 code [0x0000023b00c04de0, 0x0000023b00c05928]
Event: 9.745 Thread 0x0000023b7c816800 3157       1       java.util.logging.Logger::getName (5 bytes)
Event: 9.745 Thread 0x0000023b7c816800 nmethod 3157 0x0000023b07c58210 code [0x0000023b07c583c0, 0x0000023b07c58478]
Event: 9.792 Thread 0x0000023b7c816800 3158   !   3       java.util.concurrent.LinkedBlockingQueue::poll (128 bytes)
Event: 9.795 Thread 0x0000023b7c816800 nmethod 3158 0x0000023b00c05c90 code [0x0000023b00c06040, 0x0000023b00c078a8]
Event: 9.807 Thread 0x0000023b7c816800 3159       3       org.gradle.launcher.daemon.server.exec.DaemonConnectionBackedEventConsumer$ForwardEvents::moreMessagesToSend (35 bytes)
Event: 9.807 Thread 0x0000023b7c816800 nmethod 3159 0x0000023b00c08510 code [0x0000023b00c086e0, 0x0000023b00c08988]
Event: 9.807 Thread 0x0000023b7c816800 3160   !   3       org.gradle.launcher.daemon.server.exec.DaemonConnectionBackedEventConsumer$ForwardEvents::getNextEvent (27 bytes)
Event: 9.808 Thread 0x0000023b7c816800 nmethod 3160 0x0000023b00c08a90 code [0x0000023b00c08c60, 0x0000023b00c08ea8]
Event: 9.832 Thread 0x0000023b7c816800 3162       3       sun.nio.fs.WindowsPathParser::isSlash (18 bytes)
Event: 9.832 Thread 0x0000023b7c816800 nmethod 3162 0x0000023b00c09010 code [0x0000023b00c091c0, 0x0000023b00c09338]

GC Heap History (16 events):
Event: 1.057 GC heap before
{Heap before GC invocations=0 (full 0):
 garbage-first heap   total 126976K, used 20480K [0x0000000080000000, 0x0000000100000000)
  region size 1024K, 14 young (14336K), 0 survivors (0K)
 Metaspace       used 6738K, capacity 6925K, committed 7168K, reserved 1056768K
  class space    used 582K, capacity 650K, committed 768K, reserved 1048576K
}
Event: 1.082 GC heap after
{Heap after GC invocations=1 (full 0):
 garbage-first heap   total 126976K, used 7874K [0x0000000080000000, 0x0000000100000000)
  region size 1024K, 2 young (2048K), 2 survivors (2048K)
 Metaspace       used 6738K, capacity 6925K, committed 7168K, reserved 1056768K
  class space    used 582K, capacity 650K, committed 768K, reserved 1048576K
}
Event: 1.873 GC heap before
{Heap before GC invocations=1 (full 0):
 garbage-first heap   total 126976K, used 19138K [0x0000000080000000, 0x0000000100000000)
  region size 1024K, 13 young (13312K), 2 survivors (2048K)
 Metaspace       used 10301K, capacity 10495K, committed 10624K, reserved 1058816K
  class space    used 1072K, capacity 1141K, committed 1152K, reserved 1048576K
}
Event: 1.879 GC heap after
{Heap after GC invocations=2 (full 0):
 garbage-first heap   total 126976K, used 9658K [0x0000000080000000, 0x0000000100000000)
  region size 1024K, 2 young (2048K), 2 survivors (2048K)
 Metaspace       used 10301K, capacity 10495K, committed 10624K, reserved 1058816K
  class space    used 1072K, capacity 1141K, committed 1152K, reserved 1048576K
}
Event: 2.848 GC heap before
{Heap before GC invocations=2 (full 0):
 garbage-first heap   total 126976K, used 36282K [0x0000000080000000, 0x0000000100000000)
  region size 1024K, 28 young (28672K), 2 survivors (2048K)
 Metaspace       used 11242K, capacity 11450K, committed 11520K, reserved 1058816K
  class space    used 1175K, capacity 1246K, committed 1280K, reserved 1048576K
}
Event: 2.855 GC heap after
{Heap after GC invocations=3 (full 0):
 garbage-first heap   total 126976K, used 11197K [0x0000000080000000, 0x0000000100000000)
  region size 1024K, 4 young (4096K), 4 survivors (4096K)
 Metaspace       used 11242K, capacity 11450K, committed 11520K, reserved 1058816K
  class space    used 1175K, capacity 1246K, committed 1280K, reserved 1048576K
}
Event: 5.783 GC heap before
{Heap before GC invocations=3 (full 0):
 garbage-first heap   total 126976K, used 51133K [0x0000000080000000, 0x0000000100000000)
  region size 1024K, 43 young (44032K), 4 survivors (4096K)
 Metaspace       used 17430K, capacity 17830K, committed 18048K, reserved 1064960K
  class space    used 2014K, capacity 2150K, committed 2176K, reserved 1048576K
}
Event: 5.789 GC heap after
{Heap after GC invocations=4 (full 0):
 garbage-first heap   total 126976K, used 16342K [0x0000000080000000, 0x0000000100000000)
  region size 1024K, 6 young (6144K), 6 survivors (6144K)
 Metaspace       used 17430K, capacity 17830K, committed 18048K, reserved 1064960K
  class space    used 2014K, capacity 2150K, committed 2176K, reserved 1048576K
}
Event: 6.351 GC heap before
{Heap before GC invocations=4 (full 0):
 garbage-first heap   total 126976K, used 47062K [0x0000000080000000, 0x0000000100000000)
  region size 1024K, 37 young (37888K), 6 survivors (6144K)
 Metaspace       used 20693K, capacity 21158K, committed 21248K, reserved 1067008K
  class space    used 2539K, capacity 2729K, committed 2816K, reserved 1048576K
}
Event: 6.365 GC heap after
{Heap after GC invocations=5 (full 0):
 garbage-first heap   total 126976K, used 17465K [0x0000000080000000, 0x0000000100000000)
  region size 1024K, 2 young (2048K), 2 survivors (2048K)
 Metaspace       used 20693K, capacity 21158K, committed 21248K, reserved 1067008K
  class space    used 2539K, capacity 2729K, committed 2816K, reserved 1048576K
}
Event: 7.321 GC heap before
{Heap before GC invocations=6 (full 0):
 garbage-first heap   total 126976K, used 64569K [0x0000000080000000, 0x0000000100000000)
  region size 1024K, 49 young (50176K), 2 survivors (2048K)
 Metaspace       used 25781K, capacity 26378K, committed 26624K, reserved 1073152K
  class space    used 3315K, capacity 3538K, committed 3584K, reserved 1048576K
}
Event: 7.327 GC heap after
{Heap after GC invocations=7 (full 0):
 garbage-first heap   total 126976K, used 19129K [0x0000000080000000, 0x0000000100000000)
  region size 1024K, 3 young (3072K), 3 survivors (3072K)
 Metaspace       used 25781K, capacity 26378K, committed 26624K, reserved 1073152K
  class space    used 3315K, capacity 3538K, committed 3584K, reserved 1048576K
}
Event: 8.763 GC heap before
{Heap before GC invocations=7 (full 0):
 garbage-first heap   total 126976K, used 92857K [0x0000000080000000, 0x0000000100000000)
  region size 1024K, 65 young (66560K), 3 survivors (3072K)
 Metaspace       used 31537K, capacity 32369K, committed 32512K, reserved 1077248K
  class space    used 4221K, capacity 4533K, committed 4608K, reserved 1048576K
}
Event: 8.773 GC heap after
{Heap after GC invocations=8 (full 0):
 garbage-first heap   total 126976K, used 34488K [0x0000000080000000, 0x0000000100000000)
  region size 1024K, 8 young (8192K), 8 survivors (8192K)
 Metaspace       used 31537K, capacity 32369K, committed 32512K, reserved 1077248K
  class space    used 4221K, capacity 4533K, committed 4608K, reserved 1048576K
}
Event: 9.386 GC heap before
{Heap before GC invocations=8 (full 0):
 garbage-first heap   total 126976K, used 53944K [0x0000000080000000, 0x0000000100000000)
  region size 1024K, 28 young (28672K), 8 survivors (8192K)
 Metaspace       used 34878K, capacity 35779K, committed 35840K, reserved 1081344K
  class space    used 4644K, capacity 4988K, committed 4992K, reserved 1048576K
}
Event: 9.404 GC heap after
{Heap after GC invocations=9 (full 0):
 garbage-first heap   total 126976K, used 36211K [0x0000000080000000, 0x0000000100000000)
  region size 1024K, 2 young (2048K), 2 survivors (2048K)
 Metaspace       used 34878K, capacity 35779K, committed 35840K, reserved 1081344K
  class space    used 4644K, capacity 4988K, committed 4992K, reserved 1048576K
}

Deoptimization events (20 events):
Event: 9.690 Thread 0x0000023b7ec4f000 Uncommon trap: trap_request=0xffffff4d fr.pc=0x0000023b07c1b530 relative=0x0000000000000290
Event: 9.690 Thread 0x0000023b7ec4f000 Uncommon trap: reason=unstable_if action=reinterpret pc=0x0000023b07c1b530 method=jdk.internal.org.objectweb.asm.Type.getArgumentsAndReturnSizes(Ljava/lang/String;)I @ 136 c2
Event: 9.690 Thread 0x0000023b7ec4f000 DEOPT PACKING pc=0x0000023b07c1b530 sp=0x000000d0029f45e0
Event: 9.690 Thread 0x0000023b7ec4f000 DEOPT UNPACKING pc=0x0000023b000085af sp=0x000000d0029f4578 mode 2
Event: 9.693 Thread 0x0000023b7ec4f000 Uncommon trap: trap_request=0xffffffcc fr.pc=0x0000023b07c54ef8 relative=0x00000000000002b8
Event: 9.693 Thread 0x0000023b7ec4f000 Uncommon trap: reason=intrinsic_or_type_checked_inlining action=make_not_entrant pc=0x0000023b07c54ef8 method=java.util.Arrays.copyOf([Ljava/lang/Object;ILjava/lang/Class;)[Ljava/lang/Object; @ 35 c2
Event: 9.693 Thread 0x0000023b7ec4f000 DEOPT PACKING pc=0x0000023b07c54ef8 sp=0x000000d0029f45d0
Event: 9.693 Thread 0x0000023b7ec4f000 DEOPT UNPACKING pc=0x0000023b000085af sp=0x000000d0029f4560 mode 2
Event: 9.704 Thread 0x0000023b7ec4f000 Uncommon trap: trap_request=0xffffff5c fr.pc=0x0000023b07b61720 relative=0x0000000000000e60
Event: 9.704 Thread 0x0000023b7ec4f000 Uncommon trap: reason=speculate_null_assert action=make_not_entrant pc=0x0000023b07b61720 method=jdk.internal.loader.URLClassPath$JarLoader.getResource(Ljava/lang/String;ZLjava/util/Set;)Ljdk/internal/loader/Resource; @ 17 c2
Event: 9.704 Thread 0x0000023b7ec4f000 DEOPT PACKING pc=0x0000023b07b61720 sp=0x000000d0029f3520
Event: 9.704 Thread 0x0000023b7ec4f000 DEOPT UNPACKING pc=0x0000023b000085af sp=0x000000d0029f34c8 mode 2
Event: 9.832 Thread 0x0000023b7ec4f000 Uncommon trap: trap_request=0xffffff4d fr.pc=0x0000023b07b50b3c relative=0x000000000000149c
Event: 9.832 Thread 0x0000023b7ec4f000 Uncommon trap: reason=unstable_if action=reinterpret pc=0x0000023b07b50b3c method=sun.nio.fs.WindowsPathParser.isSlash(C)Z @ 9 c2
Event: 9.832 Thread 0x0000023b7ec4f000 DEOPT PACKING pc=0x0000023b07b50b3c sp=0x000000d0029f74c0
Event: 9.832 Thread 0x0000023b7ec4f000 DEOPT UNPACKING pc=0x0000023b000085af sp=0x000000d0029f7450 mode 2
Event: 9.832 Thread 0x0000023b7ec4f000 Uncommon trap: trap_request=0xffffff4d fr.pc=0x0000023b07adad5c relative=0x000000000000003c
Event: 9.832 Thread 0x0000023b7ec4f000 Uncommon trap: reason=unstable_if action=reinterpret pc=0x0000023b07adad5c method=sun.nio.fs.WindowsPathParser.isSlash(C)Z @ 9 c2
Event: 9.832 Thread 0x0000023b7ec4f000 DEOPT PACKING pc=0x0000023b07adad5c sp=0x000000d0029f74c0
Event: 9.832 Thread 0x0000023b7ec4f000 DEOPT UNPACKING pc=0x0000023b000085af sp=0x000000d0029f7448 mode 2

Classes redefined (0 events):
No events

Internal exceptions (20 events):
Event: 8.445 Thread 0x0000023b7ec4f000 Implicit null exception at 0x0000023b07ba34f5 to 0x0000023b07ba36bc
Event: 8.445 Thread 0x0000023b7ec4f000 Implicit null exception at 0x0000023b07b70faf to 0x0000023b07b7101d
Event: 8.654 Thread 0x0000023b7ec4f000 Exception <a 'java/lang/NoSuchMethodError'{0x00000000840547b0}: 'java.lang.Object java.lang.invoke.Invokers$Holder.linkToTargetMethod(java.lang.Object, java.lang.Object, java.lang.Object, java.lang.Object, java.lang.Object, java.lang.Object, java.lang.Object, java.lang.Object)'> (0x00000000840547b0) thrown at [./src/hotspot/share/interpreter/linkResolver.cpp, line 773]
Event: 8.659 Thread 0x0000023b7ec4f000 Exception <a 'java/lang/NoSuchMethodError'{0x00000000840a1350}: 'java.lang.Object java.lang.invoke.Invokers$Holder.linkToTargetMethod(java.lang.Object, java.lang.Object, java.lang.Object, java.lang.Object, java.lang.Object, java.lang.Object, java.lang.Object)'> (0x00000000840a1350) thrown at [./src/hotspot/share/interpreter/linkResolver.cpp, line 773]
Event: 8.665 Thread 0x0000023b7ec4f000 Exception <a 'java/lang/IncompatibleClassChangeError'{0x00000000840dfa10}: Found class java.lang.Object, but interface was expected> (0x00000000840dfa10) thrown at [./src/hotspot/share/interpreter/linkResolver.cpp, line 839]
Event: 9.018 Thread 0x0000023b7ec4f000 Exception <a 'java/lang/NoSuchMethodError'{0x00000000872d2730}: 'int java.lang.invoke.DirectMethodHandle$Holder.invokeStatic(java.lang.Object, java.lang.Object, java.lang.Object, java.lang.Object, java.lang.Object)'> (0x00000000872d2730) thrown at [./src/hotspot/share/interpreter/linkResolver.cpp, line 773]
Event: 9.084 Thread 0x0000023b7ec4f000 Exception <a 'java/lang/NoSuchMethodError'{0x00000000870e3378}: 'void java.lang.invoke.DirectMethodHandle$Holder.invokeStaticInit(java.lang.Object, java.lang.Object, java.lang.Object, java.lang.Object)'> (0x00000000870e3378) thrown at [./src/hotspot/share/interpreter/linkResolver.cpp, line 773]
Event: 9.211 Thread 0x0000023b7ec4f000 Exception <a 'java/lang/NoSuchMethodError'{0x0000000086b33118}: 'void java.lang.invoke.DirectMethodHandle$Holder.invokeStaticInit(java.lang.Object, java.lang.Object, java.lang.Object)'> (0x0000000086b33118) thrown at [./src/hotspot/share/interpreter/linkResolver.cpp, line 773]
Event: 9.217 Thread 0x0000023b7ec4f000 Exception <a 'java/lang/NoSuchMethodError'{0x0000000086b58d20}: 'void java.lang.invoke.DirectMethodHandle$Holder.invokeStaticInit(java.lang.Object, java.lang.Object, java.lang.Object, java.lang.Object, java.lang.Object)'> (0x0000000086b58d20) thrown at [./src/hotspot/share/interpreter/linkResolver.cpp, line 773]
Event: 9.285 Thread 0x0000023b7ec4f000 Exception <a 'java/lang/NoSuchMethodError'{0x0000000086bd1110}: 'int java.lang.invoke.DirectMethodHandle$Holder.invokeStaticInit(java.lang.Object, java.lang.Object, java.lang.Object, java.lang.Object)'> (0x0000000086bd1110) thrown at [./src/hotspot/share/interpreter/linkResolver.cpp, line 773]
Event: 9.691 Thread 0x0000023b7ec4f000 Exception <a 'java/lang/NoSuchMethodError'{0x000000008751c7f0}: 'java.lang.Object java.lang.invoke.DirectMethodHandle$Holder.invokeStatic(java.lang.Object, java.lang.Object, java.lang.Object, java.lang.Object, java.lang.Object, java.lang.Object, java.lang.Object, java.lang.Object, java.lang.Object, java.lang.Object, java.lang.Object, int)'> (0x000000008751c7f0) thrown at [./src/hotspot/share/interpreter/linkResolver.cpp, line 773]
Event: 9.695 Thread 0x0000023b7ec4f000 Exception <a 'java/lang/NoSuchMethodError'{0x000000008753b6e0}: 'java.lang.Object java.lang.invoke.DirectMethodHandle$Holder.invokeStatic(java.lang.Object, java.lang.Object, java.lang.Object, java.lang.Object, java.lang.Object, java.lang.Object, java.lang.Object, java.lang.Object, java.lang.Object, java.lang.Object, java.lang.Object, int, int)'> (0x000000008753b6e0) thrown at [./src/hotspot/share/interpreter/linkResolver.cpp, line 773]
Event: 9.700 Thread 0x0000023b7ec4f000 Exception <a 'java/lang/NoSuchMethodError'{0x000000008755b460}: 'java.lang.Object java.lang.invoke.DirectMethodHandle$Holder.invokeStatic(java.lang.Object, java.lang.Object, java.lang.Object, java.lang.Object, java.lang.Object, java.lang.Object, java.lang.Object, java.lang.Object, java.lang.Object, java.lang.Object, java.lang.Object, int, int, java.lang.Object)'> (0x000000008755b460) thrown at [./src/hotspot/share/interpreter/linkResolver.cpp, line 773]
Event: 9.703 Thread 0x0000023b7ec4f000 Exception <a 'java/lang/NoSuchMethodError'{0x000000008757caa8}: 'java.lang.Object java.lang.invoke.DirectMethodHandle$Holder.invokeStatic(java.lang.Object, java.lang.Object, java.lang.Object, java.lang.Object, java.lang.Object, java.lang.Object, java.lang.Object, java.lang.Object, java.lang.Object, java.lang.Object, java.lang.Object, int, int, java.lang.Object, java.lang.Object)'> (0x000000008757caa8) thrown at [./src/hotspot/share/interpreter/linkResolver.cpp, line 773]
Event: 9.707 Thread 0x0000023b7ec4f000 Exception <a 'java/lang/ClassNotFoundException'{0x00000000875ae3c8}: groovy/lang/ExpandoMetaClassBeanInfo> (0x00000000875ae3c8) thrown at [./src/hotspot/share/classfile/systemDictionary.cpp, line 231]
Event: 9.708 Thread 0x0000023b7ec4f000 Exception <a 'java/lang/ClassNotFoundException'{0x00000000875cf938}: groovy/lang/MetaClassImplBeanInfo> (0x00000000875cf938) thrown at [./src/hotspot/share/classfile/systemDictionary.cpp, line 231]
Event: 9.709 Thread 0x0000023b7ec4f000 Exception <a 'java/lang/ClassNotFoundException'{0x00000000875d9690}: java/lang/ObjectBeanInfo> (0x00000000875d9690) thrown at [./src/hotspot/share/classfile/systemDictionary.cpp, line 231]
Event: 9.710 Thread 0x0000023b7ec4f000 Exception <a 'java/lang/ClassNotFoundException'{0x00000000875e5828}: java/lang/ObjectCustomizer> (0x00000000875e5828) thrown at [./src/hotspot/share/classfile/systemDictionary.cpp, line 231]
Event: 9.721 Thread 0x0000023b7ec4f000 Exception <a 'java/lang/ClassNotFoundException'{0x000000008740df78}: groovy/lang/MetaClassImplCustomizer> (0x000000008740df78) thrown at [./src/hotspot/share/classfile/systemDictionary.cpp, line 231]
Event: 9.726 Thread 0x0000023b7ec4f000 Exception <a 'java/lang/ClassNotFoundException'{0x000000008744ef10}: groovy/lang/ExpandoMetaClassCustomizer> (0x000000008744ef10) thrown at [./src/hotspot/share/classfile/systemDictionary.cpp, line 231]

Events (20 events):
Event: 9.831 loading class org/codehaus/groovy/vmplugin/v9/ClassFindFailedException
Event: 9.831 loading class org/codehaus/groovy/vmplugin/v9/ClassFindFailedException done
Event: 9.831 loading class java/nio/file/FileSystemAlreadyExistsException
Event: 9.831 loading class java/nio/file/FileSystemAlreadyExistsException done
Event: 9.831 loading class sun/nio/fs/WindowsUriSupport
Event: 9.832 loading class sun/nio/fs/WindowsUriSupport done
Event: 9.832 loading class java/nio/file/AccessMode
Event: 9.832 loading class java/nio/file/AccessMode done
Event: 9.832 loading class sun/nio/fs/WindowsChannelFactory
Event: 9.833 loading class sun/nio/fs/WindowsChannelFactory done
Event: 9.833 loading class sun/nio/fs/WindowsChannelFactory$1
Event: 9.833 loading class sun/nio/fs/WindowsChannelFactory$1 done
Event: 9.833 loading class sun/nio/fs/WindowsChannelFactory$Flags
Event: 9.833 loading class sun/nio/fs/WindowsChannelFactory$Flags done
Event: 9.834 loading class sun/nio/ch/FileChannelImpl$Closer
Event: 9.834 loading class sun/nio/ch/FileChannelImpl$Closer done
Event: 9.834 loading class java/nio/file/spi/FileSystemProvider$1
Event: 9.835 loading class java/nio/file/spi/FileSystemProvider$1 done
Event: 9.836 loading class java/nio/file/ProviderMismatchException
Event: 9.836 loading class java/nio/file/ProviderMismatchException done


Dynamic libraries:
0x00007ff79a530000 - 0x00007ff79a53a000 	C:\Program Files\Android\Android Studio\jre\bin\java.exe
0x00007ff878ee0000 - 0x00007ff8790e9000 	C:\WINDOWS\SYSTEM32\ntdll.dll
0x00007ff877fa0000 - 0x00007ff87805d000 	C:\WINDOWS\System32\KERNEL32.DLL
0x00007ff8769f0000 - 0x00007ff876d69000 	C:\WINDOWS\System32\KERNELBASE.dll
0x00007ff876680000 - 0x00007ff876791000 	C:\WINDOWS\System32\ucrtbase.dll
0x00007ff8568e0000 - 0x00007ff8568f9000 	C:\Program Files\Android\Android Studio\jre\bin\jli.dll
0x00007ff84e0a0000 - 0x00007ff84e0b7000 	C:\Program Files\Android\Android Studio\jre\bin\VCRUNTIME140.dll
0x00007ff877d40000 - 0x00007ff877eec000 	C:\WINDOWS\System32\USER32.dll
0x00007ff876460000 - 0x00007ff876486000 	C:\WINDOWS\System32\win32u.dll
0x00007ff85bce0000 - 0x00007ff85bf85000 	C:\WINDOWS\WinSxS\amd64_microsoft.windows.common-controls_6595b64144ccf1df_6.0.22000.120_none_9d947278b86cc467\COMCTL32.dll
0x00007ff878c60000 - 0x00007ff878d03000 	C:\WINDOWS\System32\msvcrt.dll
0x00007ff878200000 - 0x00007ff878229000 	C:\WINDOWS\System32\GDI32.dll
0x00007ff8768d0000 - 0x00007ff8769e2000 	C:\WINDOWS\System32\gdi32full.dll
0x00007ff8763c0000 - 0x00007ff87645d000 	C:\WINDOWS\System32\msvcp_win.dll
0x00007ff8773f0000 - 0x00007ff877421000 	C:\WINDOWS\System32\IMM32.DLL
0x00007ff82c8f0000 - 0x00007ff82c98d000 	C:\Program Files\Android\Android Studio\jre\bin\msvcp140.dll
0x00007ffffe1f0000 - 0x00007ffffecd5000 	C:\Program Files\Android\Android Studio\jre\bin\server\jvm.dll
0x00007ff877720000 - 0x00007ff8777ce000 	C:\WINDOWS\System32\ADVAPI32.dll
0x00007ff876f60000 - 0x00007ff876ffe000 	C:\WINDOWS\System32\sechost.dll
0x00007ff878d80000 - 0x00007ff878ea0000 	C:\WINDOWS\System32\RPCRT4.dll
0x00007ff877590000 - 0x00007ff877598000 	C:\WINDOWS\System32\PSAPI.DLL
0x00007ff852d40000 - 0x00007ff852d49000 	C:\WINDOWS\SYSTEM32\WSOCK32.dll
0x00007ff877430000 - 0x00007ff87749f000 	C:\WINDOWS\System32\WS2_32.dll
0x00007ff868890000 - 0x00007ff8688c3000 	C:\WINDOWS\SYSTEM32\WINMM.dll
0x00007ff86dea0000 - 0x00007ff86deaa000 	C:\WINDOWS\SYSTEM32\VERSION.dll
0x00007ff8754c0000 - 0x00007ff8754d8000 	C:\WINDOWS\SYSTEM32\kernel.appcore.dll
0x00007ff871170000 - 0x00007ff871181000 	C:\Program Files\Android\Android Studio\jre\bin\verify.dll
0x00007ff873cf0000 - 0x00007ff873f11000 	C:\WINDOWS\SYSTEM32\DBGHELP.DLL
0x00007ff850cc0000 - 0x00007ff850cf1000 	C:\WINDOWS\SYSTEM32\dbgcore.DLL
0x00007ff876600000 - 0x00007ff87667f000 	C:\WINDOWS\System32\bcryptPrimitives.dll
0x00007ff871040000 - 0x00007ff871069000 	C:\Program Files\Android\Android Studio\jre\bin\java.dll
0x00007ff86f480000 - 0x00007ff86f48b000 	C:\Program Files\Android\Android Studio\jre\bin\jimage.dll
0x00007ff86f460000 - 0x00007ff86f478000 	C:\Program Files\Android\Android Studio\jre\bin\zip.dll
0x00007ff878310000 - 0x00007ff878ac8000 	C:\WINDOWS\System32\SHELL32.dll
0x00007ff874530000 - 0x00007ff874d97000 	C:\WINDOWS\SYSTEM32\windows.storage.dll
0x00007ff877060000 - 0x00007ff8773d9000 	C:\WINDOWS\System32\combase.dll
0x00007ff8743c0000 - 0x00007ff874526000 	C:\WINDOWS\SYSTEM32\wintypes.dll
0x00007ff8774a0000 - 0x00007ff87758a000 	C:\WINDOWS\System32\SHCORE.dll
0x00007ff8775a0000 - 0x00007ff8775fd000 	C:\WINDOWS\System32\shlwapi.dll
0x00007ff8762f0000 - 0x00007ff876311000 	C:\WINDOWS\SYSTEM32\profapi.dll
0x00007ff85f520000 - 0x00007ff85f53a000 	C:\Program Files\Android\Android Studio\jre\bin\net.dll
0x00007ff86e090000 - 0x00007ff86e19c000 	C:\WINDOWS\SYSTEM32\WINHTTP.dll
0x00007ff8758f0000 - 0x00007ff875957000 	C:\WINDOWS\system32\mswsock.dll
0x00007ff858540000 - 0x00007ff858554000 	C:\Program Files\Android\Android Studio\jre\bin\nio.dll
0x00007ff858680000 - 0x00007ff8586a7000 	C:\Users\ASUS\.gradle\native\e1d6ef7f7dcc3fd88c89a11ec53ec762bb8ba0a96d01ffa2cd45eb1d1d8dd5c5\windows-amd64\native-platform.dll
0x00007ffffd970000 - 0x00007ffffdab4000 	C:\Users\ASUS\.gradle\native\5664cfc778a61ccfe75a443a1ab52a65af34e5dc3c78e0209fed803814484fcb\windows-amd64\native-platform-file-events.dll
0x00007ff86f430000 - 0x00007ff86f43a000 	C:\Program Files\Android\Android Studio\jre\bin\management.dll
0x00007ff86f400000 - 0x00007ff86f40d000 	C:\Program Files\Android\Android Studio\jre\bin\management_ext.dll
0x00007ff875ba0000 - 0x00007ff875bb8000 	C:\WINDOWS\SYSTEM32\CRYPTSP.dll
0x00007ff875420000 - 0x00007ff875455000 	C:\WINDOWS\system32\rsaenh.dll
0x00007ff8759e0000 - 0x00007ff875a09000 	C:\WINDOWS\SYSTEM32\USERENV.dll
0x00007ff875d20000 - 0x00007ff875d47000 	C:\WINDOWS\SYSTEM32\bcrypt.dll
0x00007ff875bc0000 - 0x00007ff875bcc000 	C:\WINDOWS\SYSTEM32\CRYPTBASE.dll
0x00007ff875030000 - 0x00007ff87505d000 	C:\WINDOWS\SYSTEM32\IPHLPAPI.DLL
0x00007ff8773e0000 - 0x00007ff8773e9000 	C:\WINDOWS\System32\NSI.dll
0x00007ff86deb0000 - 0x00007ff86dec9000 	C:\WINDOWS\SYSTEM32\dhcpcsvc6.DLL
0x00007ff86e2f0000 - 0x00007ff86e30e000 	C:\WINDOWS\SYSTEM32\dhcpcsvc.DLL
0x00007ff875060000 - 0x00007ff875148000 	C:\WINDOWS\SYSTEM32\DNSAPI.dll

dbghelp: loaded successfully - version: 4.0.5 - missing functions: none
symbol engine: initialized successfully - sym options: 0x614 - pdb path: .;C:\Program Files\Android\Android Studio\jre\bin;C:\WINDOWS\SYSTEM32;C:\WINDOWS\WinSxS\amd64_microsoft.windows.common-controls_6595b64144ccf1df_6.0.22000.120_none_9d947278b86cc467;C:\Program Files\Android\Android Studio\jre\bin\server;C:\Users\ASUS\.gradle\native\e1d6ef7f7dcc3fd88c89a11ec53ec762bb8ba0a96d01ffa2cd45eb1d1d8dd5c5\windows-amd64;C:\Users\ASUS\.gradle\native\5664cfc778a61ccfe75a443a1ab52a65af34e5dc3c78e0209fed803814484fcb\windows-amd64

VM Arguments:
jvm_args: --add-opens=java.base/java.util=ALL-UNNAMED --add-opens=java.base/java.lang=ALL-UNNAMED --add-opens=java.base/java.lang.invoke=ALL-UNNAMED --add-opens=java.base/java.util=ALL-UNNAMED --add-opens=java.prefs/java.util.prefs=ALL-UNNAMED --add-opens=java.prefs/java.util.prefs=ALL-UNNAMED --add-opens=java.base/java.nio.charset=ALL-UNNAMED --add-opens=java.base/java.net=ALL-UNNAMED --add-opens=java.base/java.util.concurrent.atomic=ALL-UNNAMED -Xmx2048m -Dfile.encoding=UTF-8 -Duser.country=IN -Duser.language=en -Duser.variant 
java_command: org.gradle.launcher.daemon.bootstrap.GradleDaemon 7.3.3
java_class_path (initial): C:\Users\ASUS\.gradle\wrapper\dists\gradle-7.3.3-bin\6a41zxkdtcxs8rphpq6y0069z\gradle-7.3.3\lib\gradle-launcher-7.3.3.jar
Launcher Type: SUN_STANDARD

[Global flags]
     intx CICompilerCount                          = 3                                         {product} {ergonomic}
     uint ConcGCThreads                            = 1                                         {product} {ergonomic}
     uint G1ConcRefinementThreads                  = 4                                         {product} {ergonomic}
   size_t G1HeapRegionSize                         = 1048576                                   {product} {ergonomic}
    uintx GCDrainStackTargetSize                   = 64                                        {product} {ergonomic}
   size_t InitialHeapSize                          = 130023424                                 {product} {ergonomic}
   size_t MarkStackSize                            = 4194304                                   {product} {ergonomic}
   size_t MaxHeapSize                              = 2147483648                                {product} {command line}
   size_t MaxNewSize                               = 1287651328                                {product} {ergonomic}
   size_t MinHeapDeltaBytes                        = 1048576                                   {product} {ergonomic}
    uintx NonNMethodCodeHeapSize                   = 5830732                                {pd product} {ergonomic}
    uintx NonProfiledCodeHeapSize                  = 122913754                              {pd product} {ergonomic}
    uintx ProfiledCodeHeapSize                     = 122913754                              {pd product} {ergonomic}
    uintx ReservedCodeCacheSize                    = 251658240                              {pd product} {ergonomic}
     bool SegmentedCodeCache                       = true                                      {product} {ergonomic}
     bool UseCompressedClassPointers               = true                                 {lp64_product} {ergonomic}
     bool UseCompressedOops                        = true                                 {lp64_product} {ergonomic}
     bool UseG1GC                                  = true                                      {product} {ergonomic}
     bool UseLargePagesIndividualAllocation        = false                                  {pd product} {ergonomic}

Logging:
Log output configuration:
 #0: stdout all=warning uptime,level,tags
 #1: stderr all=off uptime,level,tags

Environment Variables:
PATH=C:\Python310\Scripts\;C:\Python310\;C:\Program Files\Common Files\Oracle\Java\javapath;C:\WINDOWS\system32;C:\WINDOWS;C:\WINDOWS\System32\Wbem;C:\WINDOWS\System32\WindowsPowerShell\v1.0\;C:\WINDOWS\System32\OpenSSH\;C:\MinGW\bin;D:\flutter\bin;C:\Program Files\nodejs\;C:\ProgramData\chocolatey\bin;C:\Ruby27-x64\bin;C:\Program Files\Git\cmd;C:\Users\ASUS\Downloads\platform-tools_r33.0.0-windows\platform-tools;C:\Program Files\Android\sdk;C:\Program Files\Android\sdk\platform-tools;C:\Program Files\MongoDB\Server\5.0\bin;C:\Program Files\MATLAB\R2016a\runtime\win64;C:\Program Files\MATLAB\R2016a\bin;C:\Program Files\MATLAB\R2016a\polyspace\bin;C:\Ruby27-x64\bin;C:\Users\ASUS\AppData\Local\Programs\Python\Python39\Scripts\;C:\Users\ASUS\AppData\Local\Programs\Python\Python39\;C:\Users\ASUS\AppData\Local\Microsoft\WindowsApps;C:\Users\ASUS\AppData\Local\Programs\Microsoft VS Code\bin;C:\Users\ASUS\AppData\Local\GitHubDesktop\bin;C:\Program Files\JetBrains\IntelliJ IDEA Community Edition 2021.2\bin;;C:\Users\ASUS\AppData\Roaming\npm;C:\Users\ASUS\Downloads\platform-tools_r33.0.0-windows\platform-tools;C:\Program Files\Android\sdk;C:\Program Files\Android\sdk\platform-tools;C:\Program Files\MongoDB\Server\5.0\bin;
USERNAME=ASUS
OS=Windows_NT
PROCESSOR_IDENTIFIER=Intel64 Family 6 Model 126 Stepping 5, GenuineIntel



---------------  S Y S T E M  ---------------

OS: Windows 10 , 64 bit Build 22000 (10.0.22000.708)
OS uptime: 0 days 8:02 hours

CPU:total 4 (initial active 4) (2 cores per cpu, 2 threads per core) family 6 model 126 stepping 5 microcode 0xa0, cmov, cx8, fxsr, mmx, sse, sse2, sse3, ssse3, sse4.1, sse4.2, popcnt, avx, avx2, aes, clmul, erms, 3dnowpref, lzcnt, ht, tsc, tscinvbit, bmi1, bmi2, adx, evex, sha, fma

Memory: 4k page, system-wide physical 7930M (577M free)
TotalPageFile size 9978M (AvailPageFile size 9M)
current process WorkingSet (physical memory assigned to process): 251M, peak: 251M
current process commit charge ("private bytes"): 299M, peak: 300M

vm_info: OpenJDK 64-Bit Server VM (11.0.12+7-b1504.28-7817840) for windows-amd64 JRE (11.0.12+7-b1504.28-7817840), built on Oct 13 2021 22:12:33 by "builder" with MS VC++ 14.0 (VS2015)

END.
