#
# There is insufficient memory for the Java Runtime Environment to continue.
# Native memory allocation (mmap) failed to map 130023424 bytes for Failed to commit area from 0x0000000084000000 to 0x000000008bc00000 of length 130023424.
# Possible reasons:
#   The system is out of physical RAM or swap space
#   The process is running with CompressedOops enabled, and the Java Heap may be blocking the growth of the native heap
# Possible solutions:
#   Reduce memory load on the system
#   Increase physical memory or swap space
#   Check if swap backing store is full
#   Decrease Java heap size (-Xmx/-Xms)
#   Decrease number of Java threads
#   Decrease Java thread stack sizes (-Xss)
#   Set larger code cache with -XX:ReservedCodeCacheSize=
# This output file may be truncated or incomplete.
#
#  Out of Memory Error (./src/hotspot/os/windows/os_windows.cpp:3521), pid=9336, tid=3784
#
# JRE version:  (11.0.12+7) (build )
# Java VM: OpenJDK 64-Bit Server VM (11.0.12+7-b1504.28-7817840, mixed mode, sharing, tiered, compressed oops, g1 gc, windows-amd64)
# No core dump will be written. Minidumps are not enabled by default on client versions of Windows
#

---------------  S U M M A R Y ------------

Command Line: org.jetbrains.kotlin.cli.jvm.K2JVMCompiler @D:\Android Development\LiveEdgeDetectionSDK\app\build\20220813_16452028101514055312.compiler.options

Host: Intel(R) Core(TM) i3-1005G1 CPU @ 1.20GHz, 4 cores, 7G,  Windows 10 , 64 bit Build 22000 (10.0.22000.708)
Time: Sat Aug 13 18:47:05 2022 India Standard Time elapsed time: 0.035777 seconds (0d 0h 0m 0s)

---------------  T H R E A D  ---------------

Current thread (0x0000025994e8e000):  JavaThread "Unknown thread" [_thread_in_vm, id=3784, stack(0x00000090b2600000,0x00000090b2700000)]

Stack: [0x00000090b2600000,0x00000090b2700000]
Native frames: (J=compiled Java code, j=interpreted, Vv=VM code, C=native code)
V  [jvm.dll+0x5fbcea]
V  [jvm.dll+0x731905]
V  [jvm.dll+0x732f1d]
V  [jvm.dll+0x7335d3]
V  [jvm.dll+0x247bf8]
V  [jvm.dll+0x5f90b4]
V  [jvm.dll+0x5edc85]
V  [jvm.dll+0x305aeb]
V  [jvm.dll+0x305a5a]
V  [jvm.dll+0x305932]
V  [jvm.dll+0x30a896]
V  [jvm.dll+0x353803]
V  [jvm.dll+0x353f06]
V  [jvm.dll+0x353903]
V  [jvm.dll+0x2e0678]
V  [jvm.dll+0x2e1827]
V  [jvm.dll+0x710037]
V  [jvm.dll+0x71182c]
V  [jvm.dll+0x360da9]
V  [jvm.dll+0x6f390e]
V  [jvm.dll+0x3c9723]
V  [jvm.dll+0x3cb9b1]
C  [jli.dll+0x536b]
C  [ucrtbase.dll+0x26c0c]
C  [KERNEL32.DLL+0x154e0]
C  [ntdll.dll+0x485b]


---------------  P R O C E S S  ---------------

Threads class SMR info:
_java_thread_list=0x0000025992c14340, length=0, elements={
}

Java Threads: ( => current thread )

Other Threads:
  0x0000025994ea7000 GCTaskThread "GC Thread#0" [stack: 0x00000090b2700000,0x00000090b2800000] [id=2516]
  0x0000025994ed6000 ConcurrentGCThread "G1 Main Marker" [stack: 0x00000090b2800000,0x00000090b2900000] [id=18836]
  0x0000025994ed7800 ConcurrentGCThread "G1 Conc#0" [stack: 0x00000090b2900000,0x00000090b2a00000] [id=12672]

[error occurred during error reporting (printing all threads), id 0xc0000005, EXCEPTION_ACCESS_VIOLATION (0xc0000005) at pc=0x00007ffd51070be7]

VM state:not at safepoint (not fully initialized)

VM Mutex/Monitor currently owned by a thread:  ([mutex/lock_event])
[0x0000025994e89f10] Heap_lock - owner thread: 0x0000025994e8e000

Heap address: 0x0000000084000000, size: 1984 MB, Compressed Oops mode: Non-zero based: 0x0000000084000000
Narrow klass base: 0x0000000000000000, Narrow klass shift: 0

GC Heap History (0 events):
No events

Deoptimization events (0 events):
No events

Classes redefined (0 events):
No events

Internal exceptions (0 events):
No events

Events (1 events):
Event: 0.015 Loaded shared library C:\Program Files\Android\Android Studio\jre\bin\zip.dll


Dynamic libraries:
0x00007ff62dd30000 - 0x00007ff62dd3a000 	C:\Program Files\Android\Android Studio\jre\bin\java.exe
0x00007ffdd7d40000 - 0x00007ffdd7f49000 	C:\WINDOWS\SYSTEM32\ntdll.dll
0x00007ffdd5ca0000 - 0x00007ffdd5d5d000 	C:\WINDOWS\System32\KERNEL32.DLL
0x00007ffdd5220000 - 0x00007ffdd5599000 	C:\WINDOWS\System32\KERNELBASE.dll
0x00007ffdd5ab0000 - 0x00007ffdd5bc1000 	C:\WINDOWS\System32\ucrtbase.dll
0x00007ffdc14f0000 - 0x00007ffdc1507000 	C:\Program Files\Android\Android Studio\jre\bin\VCRUNTIME140.dll
0x00007ffdc15c0000 - 0x00007ffdc15d9000 	C:\Program Files\Android\Android Studio\jre\bin\jli.dll
0x00007ffdd7210000 - 0x00007ffdd73bc000 	C:\WINDOWS\System32\USER32.dll
0x00007ffdb5fe0000 - 0x00007ffdb6285000 	C:\WINDOWS\WinSxS\amd64_microsoft.windows.common-controls_6595b64144ccf1df_6.0.22000.120_none_9d947278b86cc467\COMCTL32.dll
0x00007ffdd6da0000 - 0x00007ffdd6e43000 	C:\WINDOWS\System32\msvcrt.dll
0x00007ffdd5a80000 - 0x00007ffdd5aa6000 	C:\WINDOWS\System32\win32u.dll
0x00007ffdd5d60000 - 0x00007ffdd5d89000 	C:\WINDOWS\System32\GDI32.dll
0x00007ffdd58c0000 - 0x00007ffdd59d2000 	C:\WINDOWS\System32\gdi32full.dll
0x00007ffdd59e0000 - 0x00007ffdd5a7d000 	C:\WINDOWS\System32\msvcp_win.dll
0x00007ffdd71d0000 - 0x00007ffdd7201000 	C:\WINDOWS\System32\IMM32.DLL
0x00007ffda55e0000 - 0x00007ffda567d000 	C:\Program Files\Android\Android Studio\jre\bin\msvcp140.dll
0x00007ffd50d80000 - 0x00007ffd51865000 	C:\Program Files\Android\Android Studio\jre\bin\server\jvm.dll
0x00007ffdd5bf0000 - 0x00007ffdd5c9e000 	C:\WINDOWS\System32\ADVAPI32.dll
0x00007ffdd6c10000 - 0x00007ffdd6cae000 	C:\WINDOWS\System32\sechost.dll
0x00007ffdd7700000 - 0x00007ffdd7820000 	C:\WINDOWS\System32\RPCRT4.dll
0x00007ffdd6290000 - 0x00007ffdd6298000 	C:\WINDOWS\System32\PSAPI.DLL
0x00007ffdcf3f0000 - 0x00007ffdcf423000 	C:\WINDOWS\SYSTEM32\WINMM.dll
0x00007ffdb0610000 - 0x00007ffdb0619000 	C:\WINDOWS\SYSTEM32\WSOCK32.dll
0x00007ffdcf470000 - 0x00007ffdcf47a000 	C:\WINDOWS\SYSTEM32\VERSION.dll
0x00007ffdd6330000 - 0x00007ffdd639f000 	C:\WINDOWS\System32\WS2_32.dll
0x00007ffdd4320000 - 0x00007ffdd4338000 	C:\WINDOWS\SYSTEM32\kernel.appcore.dll
0x00007ffdc3170000 - 0x00007ffdc3181000 	C:\Program Files\Android\Android Studio\jre\bin\verify.dll
0x00007ffdd27e0000 - 0x00007ffdd2a01000 	C:\WINDOWS\SYSTEM32\DBGHELP.DLL
0x00007ffdb3d10000 - 0x00007ffdb3d41000 	C:\WINDOWS\SYSTEM32\dbgcore.DLL
0x00007ffdd57d0000 - 0x00007ffdd584f000 	C:\WINDOWS\System32\bcryptPrimitives.dll
0x00007ffdc1540000 - 0x00007ffdc1569000 	C:\Program Files\Android\Android Studio\jre\bin\java.dll
0x00007ffdc2ff0000 - 0x00007ffdc2ffb000 	C:\Program Files\Android\Android Studio\jre\bin\jimage.dll
0x00007ffdc2370000 - 0x00007ffdc2388000 	C:\Program Files\Android\Android Studio\jre\bin\zip.dll

dbghelp: loaded successfully - version: 4.0.5 - missing functions: none
symbol engine: initialized successfully - sym options: 0x614 - pdb path: .;C:\Program Files\Android\Android Studio\jre\bin;C:\WINDOWS\SYSTEM32;C:\WINDOWS\WinSxS\amd64_microsoft.windows.common-controls_6595b64144ccf1df_6.0.22000.120_none_9d947278b86cc467;C:\Program Files\Android\Android Studio\jre\bin\server

VM Arguments:
java_command: org.jetbrains.kotlin.cli.jvm.K2JVMCompiler @D:\Android Development\LiveEdgeDetectionSDK\app\build\20220813_16452028101514055312.compiler.options
java_class_path (initial): C:\Users\ASUS\.gradle\caches\modules-2\files-2.1\org.jetbrains.kotlin\kotlin-compiler-embeddable\1.6.21\97bdd5a752ce73b58ef16c17bc7f0ea2faff7a2e\kotlin-compiler-embeddable-1.6.21.jar;C:\Users\ASUS\.gradle\caches\modules-2\files-2.1\org.jetbrains.kotlin\kotlin-reflect\1.6.21\5dc3574d9b7bebfcb4ec6b10ada4aaa9e140bd0b\kotlin-reflect-1.6.21.jar;C:\Users\ASUS\.gradle\caches\modules-2\files-2.1\org.jetbrains.kotlin\kotlin-stdlib\1.6.21\11ef67f1900634fd951bad28c53ec957fabbe5b8\kotlin-stdlib-1.6.21.jar;C:\Users\ASUS\.gradle\caches\modules-2\files-2.1\org.jetbrains.kotlin\kotlin-script-runtime\1.6.21\99c6675100da5d6d5b1c5a1032f27f28008d101b\kotlin-script-runtime-1.6.21.jar;C:\Users\ASUS\.gradle\caches\modules-2\files-2.1\org.jetbrains.kotlin\kotlin-daemon-embeddable\1.6.21\46b78cf392e1c4f10854c3cadba44abb7b82250f\kotlin-daemon-embeddable-1.6.21.jar;C:\Users\ASUS\.gradle\caches\modules-2\files-2.1\org.jetbrains.intellij.deps\trove4j\1.0.20200330\3afb14d5f9ceb459d724e907a21145e8ff394f02\trove4j-1.0.20200330.jar;C:\Users\ASUS\.gradle\caches\modules-2\files-2.1\net.java.dev.jna\jna\5.6.0\330f2244e9030119ab3030fc3fededc86713d9cc\jna-5.6.0.jar;C:\Users\ASUS\.gradle\caches\modules-2\files-2.1\org.jetbrains.kotlin\kotlin-stdlib-common\1.6.21\5e5b55c26dbc80372a920aef60eb774b714559b8\kotlin-stdlib-common-1.6.21.jar;C:\Users\ASUS\.gradle\caches\modules-2\files-2.1\org.jetbrains\annotations\13.0\919f0dfe192fb4e063e7dacadee7f8bb9a2672a9\annotations-13.0.jar
Launcher Type: SUN_STANDARD

[Global flags]
     intx CICompilerCount                          = 3                                         {product} {ergonomic}
     uint ConcGCThreads                            = 1                                         {product} {ergonomic}
     uint G1ConcRefinementThreads                  = 4                                         {product} {ergonomic}
   size_t G1HeapRegionSize                         = 1048576                                   {product} {ergonomic}
    uintx GCDrainStackTargetSize                   = 64                                        {product} {ergonomic}
   size_t InitialHeapSize                          = 130023424                                 {product} {ergonomic}
   size_t MarkStackSize                            = 4194304                                   {product} {ergonomic}
   size_t MaxHeapSize                              = 2080374784                                {product} {ergonomic}
   size_t MinHeapDeltaBytes                        = 1048576                                   {product} {ergonomic}
    uintx NonNMethodCodeHeapSize                   = 5830732                                {pd product} {ergonomic}
    uintx NonProfiledCodeHeapSize                  = 122913754                              {pd product} {ergonomic}
    uintx ProfiledCodeHeapSize                     = 122913754                              {pd product} {ergonomic}
    uintx ReservedCodeCacheSize                    = 251658240                              {pd product} {ergonomic}
     bool SegmentedCodeCache                       = true                                      {product} {ergonomic}
     bool UseCompressedClassPointers               = true                                 {lp64_product} {ergonomic}
     bool UseCompressedOops                        = true                                 {lp64_product} {ergonomic}
     bool UseG1GC                                  = true                                      {product} {ergonomic}
     bool UseLargePagesIndividualAllocation        = false                                  {pd product} {ergonomic}

Logging:
Log output configuration:
 #0: stdout all=warning uptime,level,tags
 #1: stderr all=off uptime,level,tags

Environment Variables:
PATH=C:\Python310\Scripts\;C:\Python310\;C:\Program Files\Common Files\Oracle\Java\javapath;C:\WINDOWS\system32;C:\WINDOWS;C:\WINDOWS\System32\Wbem;C:\WINDOWS\System32\WindowsPowerShell\v1.0\;C:\WINDOWS\System32\OpenSSH\;C:\MinGW\bin;D:\flutter\bin;C:\Program Files\nodejs\;C:\ProgramData\chocolatey\bin;C:\Ruby27-x64\bin;C:\Program Files\Git\cmd;C:\Users\ASUS\Downloads\platform-tools_r33.0.0-windows\platform-tools;C:\Program Files\Android\sdk;C:\Program Files\Android\sdk\platform-tools;C:\Program Files\MongoDB\Server\5.0\bin;C:\Program Files\MATLAB\R2016a\runtime\win64;C:\Program Files\MATLAB\R2016a\bin;C:\Program Files\MATLAB\R2016a\polyspace\bin;C:\Ruby27-x64\bin;C:\Users\ASUS\AppData\Local\Programs\Python\Python39\Scripts\;C:\Users\ASUS\AppData\Local\Programs\Python\Python39\;C:\Users\ASUS\AppData\Local\Microsoft\WindowsApps;C:\Users\ASUS\AppData\Local\Programs\Microsoft VS Code\bin;C:\Users\ASUS\AppData\Local\GitHubDesktop\bin;C:\Program Files\JetBrains\IntelliJ IDEA Community Edition 2021.2\bin;;C:\Users\ASUS\AppData\Roaming\npm;C:\Users\ASUS\Downloads\platform-tools_r33.0.0-windows\platform-tools;C:\Program Files\Android\sdk;C:\Program Files\Android\sdk\platform-tools;C:\Program Files\MongoDB\Server\5.0\bin;
USERNAME=ASUS
OS=Windows_NT
PROCESSOR_IDENTIFIER=Intel64 Family 6 Model 126 Stepping 5, GenuineIntel



---------------  S Y S T E M  ---------------

OS: Windows 10 , 64 bit Build 22000 (10.0.22000.708)
OS uptime: 0 days 21:09 hours

CPU:total 4 (initial active 4) (2 cores per cpu, 2 threads per core) family 6 model 126 stepping 5 microcode 0xa0, cmov, cx8, fxsr, mmx, sse, sse2, sse3, ssse3, sse4.1, sse4.2, popcnt, avx, avx2, aes, clmul, erms, 3dnowpref, lzcnt, ht, tsc, tscinvbit, bmi1, bmi2, adx, evex, sha, fma

Memory: 4k page, system-wide physical 7930M (545M free)
TotalPageFile size 9978M (AvailPageFile size 88M)
current process WorkingSet (physical memory assigned to process): 10M, peak: 10M
current process commit charge ("private bytes"): 51M, peak: 175M

vm_info: OpenJDK 64-Bit Server VM (11.0.12+7-b1504.28-7817840) for windows-amd64 JRE (11.0.12+7-b1504.28-7817840), built on Oct 13 2021 22:12:33 by "builder" with MS VC++ 14.0 (VS2015)

END.
