#
# There is insufficient memory for the Java Runtime Environment to continue.
# Native memory allocation (malloc) failed to allocate 1064016 bytes for Chunk::new
# Possible reasons:
#   The system is out of physical RAM or swap space
#   The process is running with CompressedOops enabled, and the Java Heap may be blocking the growth of the native heap
# Possible solutions:
#   Reduce memory load on the system
#   Increase physical memory or swap space
#   Check if swap backing store is full
#   Decrease Java heap size (-Xmx/-Xms)
#   Decrease number of Java threads
#   Decrease Java thread stack sizes (-Xss)
#   Set larger code cache with -XX:ReservedCodeCacheSize=
#   JVM is running with Unscaled Compressed Oops mode in which the Java heap is
#     placed in the first 4GB address space. The Java Heap base address is the
#     maximum limit for the native heap growth. Please use -XX:HeapBaseMinAddress
#     to set the Java Heap base and to place the Java Heap above 4GB virtual address.
# This output file may be truncated or incomplete.
#
#  Out of Memory Error (./src/hotspot/share/memory/arena.cpp:197), pid=16096, tid=19108
#
# JRE version: OpenJDK Runtime Environment (11.0.12+7) (build 11.0.12+7-b1504.28-7817840)
# Java VM: OpenJDK 64-Bit Server VM (11.0.12+7-b1504.28-7817840, mixed mode, tiered, compressed oops, g1 gc, windows-amd64)
# No core dump will be written. Minidumps are not enabled by default on client versions of Windows
#

---------------  S U M M A R Y ------------

Command Line: --add-opens=java.base/java.util=ALL-UNNAMED --add-opens=java.base/java.lang=ALL-UNNAMED --add-opens=java.base/java.lang.invoke=ALL-UNNAMED --add-opens=java.base/java.util=ALL-UNNAMED --add-opens=java.prefs/java.util.prefs=ALL-UNNAMED --add-opens=java.prefs/java.util.prefs=ALL-UNNAMED --add-opens=java.base/java.nio.charset=ALL-UNNAMED --add-opens=java.base/java.net=ALL-UNNAMED --add-opens=java.base/java.util.concurrent.atomic=ALL-UNNAMED -Xmx2048m -Dfile.encoding=UTF-8 -Duser.country=IN -Duser.language=en -Duser.variant org.gradle.launcher.daemon.bootstrap.GradleDaemon 7.3.3

Host: Intel(R) Core(TM) i3-1005G1 CPU @ 1.20GHz, 4 cores, 7G,  Windows 10 , 64 bit Build 22000 (10.0.22000.708)
Time: Fri Aug 19 03:15:37 2022 India Standard Time elapsed time: 11.553410 seconds (0d 0h 0m 11s)

---------------  T H R E A D  ---------------

Current thread (0x000001794df08000):  JavaThread "C2 CompilerThread0" daemon [_thread_in_native, id=19108, stack(0x0000006290100000,0x0000006290200000)]


Current CompileTask:
C2:  11553 6337       4       org.objectweb.asm.Frame::execute (2318 bytes)

Stack: [0x0000006290100000,0x0000006290200000]
Native frames: (J=compiled Java code, j=interpreted, Vv=VM code, C=native code)
V  [jvm.dll+0x5fbcea]
V  [jvm.dll+0x731905]
V  [jvm.dll+0x732f1d]
V  [jvm.dll+0x7335d3]
V  [jvm.dll+0x247bf8]
V  [jvm.dll+0xc018c]
V  [jvm.dll+0xc06cc]
V  [jvm.dll+0x35b31d]
V  [jvm.dll+0x19d0bc]
V  [jvm.dll+0x20070e]
V  [jvm.dll+0x1ff794]
V  [jvm.dll+0x18868c]
V  [jvm.dll+0x20e0d7]
V  [jvm.dll+0x20c901]
V  [jvm.dll+0x6f9b7f]
V  [jvm.dll+0x6f26a5]
V  [jvm.dll+0x5fabf6]
C  [ucrtbase.dll+0x26c0c]
C  [KERNEL32.DLL+0x154e0]
C  [ntdll.dll+0x485b]


---------------  P R O C E S S  ---------------

Threads class SMR info:
_java_thread_list=0x00000179569df6b0, length=78, elements={
0x0000017932354800, 0x000001794dee3000, 0x000001794deee800, 0x000001794defd800,
0x000001794df01000, 0x000001794df02800, 0x000001794df08000, 0x000001794df13000,
0x000001794df15000, 0x000001794e9bc000, 0x0000017950954800, 0x000001794fb68000,
0x0000017950e62800, 0x0000017951347000, 0x000001795127c000, 0x0000017951408000,
0x0000017951554000, 0x00000179507eb000, 0x0000017950d46000, 0x00000179511f4800,
0x00000179511f7000, 0x00000179511f3800, 0x00000179511f5000, 0x00000179509c7000,
0x00000179511f7800, 0x00000179511f6000, 0x00000179511f2000, 0x00000179511f8800,
0x00000179511f3000, 0x0000017952536800, 0x0000017952538000, 0x0000017952533000,
0x0000017952535800, 0x0000017952532800, 0x0000017952537000, 0x0000017952539800,
0x0000017952534000, 0x000001795253d800, 0x000001795253c000, 0x000001795253e800,
0x000001795253f800, 0x0000017952540000, 0x000001795253d000, 0x000001795253b800,
0x000001795253a800, 0x0000017952541000, 0x00000179526c0000, 0x00000179526c3000,
0x00000179526c5000, 0x00000179526c4000, 0x00000179526c5800, 0x00000179526c6800,
0x00000179526c0800, 0x00000179526c7800, 0x00000179526c2800, 0x00000179526c1800,
0x00000179526c8000, 0x00000179526ce000, 0x00000179526cb800, 0x00000179526cd000,
0x00000179526cc000, 0x00000179526c9800, 0x00000179526ce800, 0x00000179526c9000,
0x00000179526ca800, 0x0000017955ec0800, 0x0000017955ec5000, 0x0000017955ec2800,
0x0000017955ec4800, 0x0000017955ec6000, 0x0000017955ec7000, 0x0000017955ec1000,
0x0000017955ec7800, 0x0000017955ec3800, 0x0000017955ec2000, 0x0000017955ecb800,
0x0000017955ec9800, 0x0000017955eca000
}

Java Threads: ( => current thread )
  0x0000017932354800 JavaThread "main" [_thread_blocked, id=6676, stack(0x000000628f500000,0x000000628f600000)]
  0x000001794dee3000 JavaThread "Reference Handler" daemon [_thread_blocked, id=11248, stack(0x000000628fc00000,0x000000628fd00000)]
  0x000001794deee800 JavaThread "Finalizer" daemon [_thread_blocked, id=17344, stack(0x000000628fd00000,0x000000628fe00000)]
  0x000001794defd800 JavaThread "Signal Dispatcher" daemon [_thread_blocked, id=3324, stack(0x000000628fe00000,0x000000628ff00000)]
  0x000001794df01000 JavaThread "Attach Listener" daemon [_thread_blocked, id=17424, stack(0x000000628ff00000,0x0000006290000000)]
  0x000001794df02800 JavaThread "Service Thread" daemon [_thread_blocked, id=7248, stack(0x0000006290000000,0x0000006290100000)]
=>0x000001794df08000 JavaThread "C2 CompilerThread0" daemon [_thread_in_native, id=19108, stack(0x0000006290100000,0x0000006290200000)]
  0x000001794df13000 JavaThread "C1 CompilerThread0" daemon [_thread_in_native, id=2904, stack(0x0000006290200000,0x0000006290300000)]
  0x000001794df15000 JavaThread "Sweeper thread" daemon [_thread_blocked, id=17316, stack(0x0000006290300000,0x0000006290400000)]
  0x000001794e9bc000 JavaThread "Common-Cleaner" daemon [_thread_blocked, id=2616, stack(0x0000006290400000,0x0000006290500000)]
  0x0000017950954800 JavaThread "Daemon health stats" [_thread_blocked, id=16992, stack(0x0000006290800000,0x0000006290900000)]
  0x000001794fb68000 JavaThread "Incoming local TCP Connector on port 49537" [_thread_in_native, id=7148, stack(0x0000006290600000,0x0000006290700000)]
  0x0000017950e62800 JavaThread "Daemon periodic checks" [_thread_blocked, id=1788, stack(0x0000006290900000,0x0000006290a00000)]
  0x0000017951347000 JavaThread "Daemon" [_thread_blocked, id=19860, stack(0x0000006290a00000,0x0000006290b00000)]
  0x000001795127c000 JavaThread "Handler for socket connection from /127.0.0.1:49537 to /127.0.0.1:49538" [_thread_in_native, id=19220, stack(0x0000006290b00000,0x0000006290c00000)]
  0x0000017951408000 JavaThread "Cancel handler" [_thread_blocked, id=13532, stack(0x0000006290c00000,0x0000006290d00000)]
  0x0000017951554000 JavaThread "Daemon worker" [_thread_in_vm, id=12348, stack(0x0000006290d00000,0x0000006290e00000)]
  0x00000179507eb000 JavaThread "Asynchronous log dispatcher for DefaultDaemonConnection: socket connection from /127.0.0.1:49537 to /127.0.0.1:49538" [_thread_blocked, id=3308, stack(0x0000006290e00000,0x0000006290f00000)]
  0x0000017950d46000 JavaThread "Stdin handler" [_thread_blocked, id=7060, stack(0x0000006290f00000,0x0000006291000000)]
  0x00000179511f4800 JavaThread "Daemon client event forwarder" [_thread_blocked, id=15344, stack(0x0000006291000000,0x0000006291100000)]
  0x00000179511f7000 JavaThread "Cache worker for journal cache (C:\Users\ASUS\.gradle\caches\journal-1)" [_thread_blocked, id=8340, stack(0x0000006291300000,0x0000006291400000)]
  0x00000179511f3800 JavaThread "File lock request listener" [_thread_in_native, id=20116, stack(0x0000006291400000,0x0000006291500000)]
  0x00000179511f5000 JavaThread "Cache worker for file hash cache (C:\Users\ASUS\.gradle\caches\7.3.3\fileHashes)" [_thread_blocked, id=15652, stack(0x0000006291500000,0x0000006291600000)]
  0x00000179509c7000 JavaThread "C2 CompilerThread1" daemon [_thread_blocked, id=18472, stack(0x0000006291600000,0x0000006291700000)]
  0x00000179511f7800 JavaThread "Cache worker for file hash cache (D:\Android Development\LiveEdgeDetectionSDK\.gradle\7.3.3\fileHashes)" [_thread_blocked, id=12680, stack(0x0000006291700000,0x0000006291800000)]
  0x00000179511f6000 JavaThread "File watcher server" daemon [_thread_in_native, id=6812, stack(0x0000006291800000,0x0000006291900000)]
  0x00000179511f2000 JavaThread "File watcher consumer" daemon [_thread_blocked, id=15076, stack(0x0000006291900000,0x0000006291a00000)]
  0x00000179511f8800 JavaThread "jar transforms" [_thread_blocked, id=18544, stack(0x0000006291a00000,0x0000006291b00000)]
  0x00000179511f3000 JavaThread "jar transforms Thread 2" [_thread_blocked, id=10312, stack(0x0000006291b00000,0x0000006291c00000)]
  0x0000017952536800 JavaThread "jar transforms Thread 3" [_thread_blocked, id=13736, stack(0x0000006291c00000,0x0000006291d00000)]
  0x0000017952538000 JavaThread "jar transforms Thread 4" [_thread_blocked, id=5148, stack(0x0000006291d00000,0x0000006291e00000)]
  0x0000017952533000 JavaThread "Cache worker for checksums cache (D:\Android Development\LiveEdgeDetectionSDK\.gradle\7.3.3\checksums)" [_thread_blocked, id=19288, stack(0x0000006291e00000,0x0000006291f00000)]
  0x0000017952535800 JavaThread "Cache worker for cache directory md-supplier (C:\Users\ASUS\.gradle\caches\7.3.3\md-supplier)" [_thread_blocked, id=8996, stack(0x0000006291f00000,0x0000006292000000)]
  0x0000017952532800 JavaThread "Cache worker for cache directory md-rule (C:\Users\ASUS\.gradle\caches\7.3.3\md-rule)" [_thread_blocked, id=20100, stack(0x0000006292000000,0x0000006292100000)]
  0x0000017952537000 JavaThread "Cache worker for execution history cache (C:\Users\ASUS\.gradle\caches\7.3.3\executionHistory)" [_thread_blocked, id=8900, stack(0x0000006292100000,0x0000006292200000)]
  0x0000017952539800 JavaThread "Cache worker for file content cache (C:\Users\ASUS\.gradle\caches\7.3.3\fileContent)" [_thread_blocked, id=14804, stack(0x0000006292200000,0x0000006292300000)]
  0x0000017952534000 JavaThread "Cache worker for dependencies-accessors (D:\Android Development\LiveEdgeDetectionSDK\.gradle\7.3.3\dependencies-accessors)" [_thread_blocked, id=16700, stack(0x0000006292300000,0x0000006292400000)]
  0x000001795253d800 JavaThread "Cache worker for Build Output Cleanup Cache (D:\Android Development\LiveEdgeDetectionSDK\.gradle\buildOutputCleanup)" [_thread_blocked, id=17520, stack(0x0000006292400000,0x0000006292500000)]
  0x000001795253c000 JavaThread "Unconstrained build operations" [_thread_blocked, id=16664, stack(0x0000006292500000,0x0000006292600000)]
  0x000001795253e800 JavaThread "Unconstrained build operations Thread 2" [_thread_blocked, id=6828, stack(0x0000006292600000,0x0000006292700000)]
  0x000001795253f800 JavaThread "Unconstrained build operations Thread 3" [_thread_blocked, id=2420, stack(0x0000006292700000,0x0000006292800000)]
  0x0000017952540000 JavaThread "Unconstrained build operations Thread 4" [_thread_blocked, id=18792, stack(0x0000006292800000,0x0000006292900000)]
  0x000001795253d000 JavaThread "Unconstrained build operations Thread 5" [_thread_blocked, id=7448, stack(0x0000006292900000,0x0000006292a00000)]
  0x000001795253b800 JavaThread "Unconstrained build operations Thread 6" [_thread_blocked, id=14872, stack(0x0000006292a00000,0x0000006292b00000)]
  0x000001795253a800 JavaThread "Unconstrained build operations Thread 7" [_thread_blocked, id=5888, stack(0x0000006292b00000,0x0000006292c00000)]
  0x0000017952541000 JavaThread "Unconstrained build operations Thread 8" [_thread_blocked, id=3300, stack(0x0000006292c00000,0x0000006292d00000)]
  0x00000179526c0000 JavaThread "Unconstrained build operations Thread 9" [_thread_blocked, id=16420, stack(0x0000006292d00000,0x0000006292e00000)]
  0x00000179526c3000 JavaThread "Unconstrained build operations Thread 10" [_thread_blocked, id=20344, stack(0x0000006292e00000,0x0000006292f00000)]
  0x00000179526c5000 JavaThread "Unconstrained build operations Thread 11" [_thread_blocked, id=19644, stack(0x0000006292f00000,0x0000006293000000)]
  0x00000179526c4000 JavaThread "Unconstrained build operations Thread 12" [_thread_blocked, id=17412, stack(0x0000006293000000,0x0000006293100000)]
  0x00000179526c5800 JavaThread "Unconstrained build operations Thread 13" [_thread_blocked, id=5716, stack(0x0000006293100000,0x0000006293200000)]
  0x00000179526c6800 JavaThread "Unconstrained build operations Thread 14" [_thread_blocked, id=17852, stack(0x0000006293200000,0x0000006293300000)]
  0x00000179526c0800 JavaThread "Unconstrained build operations Thread 15" [_thread_blocked, id=13644, stack(0x0000006293300000,0x0000006293400000)]
  0x00000179526c7800 JavaThread "Unconstrained build operations Thread 16" [_thread_blocked, id=5696, stack(0x0000006293400000,0x0000006293500000)]
  0x00000179526c2800 JavaThread "Unconstrained build operations Thread 17" [_thread_blocked, id=6432, stack(0x0000006293500000,0x0000006293600000)]
  0x00000179526c1800 JavaThread "Unconstrained build operations Thread 18" [_thread_blocked, id=8276, stack(0x0000006293600000,0x0000006293700000)]
  0x00000179526c8000 JavaThread "Unconstrained build operations Thread 19" [_thread_blocked, id=8416, stack(0x0000006293700000,0x0000006293800000)]
  0x00000179526ce000 JavaThread "Unconstrained build operations Thread 20" [_thread_blocked, id=10652, stack(0x0000006293800000,0x0000006293900000)]
  0x00000179526cb800 JavaThread "Unconstrained build operations Thread 21" [_thread_blocked, id=1460, stack(0x0000006293900000,0x0000006293a00000)]
  0x00000179526cd000 JavaThread "Unconstrained build operations Thread 22" [_thread_blocked, id=15148, stack(0x0000006293a00000,0x0000006293b00000)]
  0x00000179526cc000 JavaThread "Unconstrained build operations Thread 23" [_thread_blocked, id=8204, stack(0x0000006293b00000,0x0000006293c00000)]
  0x00000179526c9800 JavaThread "Unconstrained build operations Thread 24" [_thread_blocked, id=15672, stack(0x0000006293c00000,0x0000006293d00000)]
  0x00000179526ce800 JavaThread "Unconstrained build operations Thread 25" [_thread_blocked, id=17296, stack(0x0000006293d00000,0x0000006293e00000)]
  0x00000179526c9000 JavaThread "Unconstrained build operations Thread 26" [_thread_blocked, id=12432, stack(0x0000006293e00000,0x0000006293f00000)]
  0x00000179526ca800 JavaThread "Unconstrained build operations Thread 27" [_thread_blocked, id=12228, stack(0x0000006293f00000,0x0000006294000000)]
  0x0000017955ec0800 JavaThread "Unconstrained build operations Thread 28" [_thread_blocked, id=15424, stack(0x0000006294000000,0x0000006294100000)]
  0x0000017955ec5000 JavaThread "Unconstrained build operations Thread 29" [_thread_blocked, id=5384, stack(0x0000006294100000,0x0000006294200000)]
  0x0000017955ec2800 JavaThread "Unconstrained build operations Thread 30" [_thread_blocked, id=17168, stack(0x0000006294200000,0x0000006294300000)]
  0x0000017955ec4800 JavaThread "Unconstrained build operations Thread 31" [_thread_blocked, id=14952, stack(0x0000006294300000,0x0000006294400000)]
  0x0000017955ec6000 JavaThread "Unconstrained build operations Thread 32" [_thread_blocked, id=4200, stack(0x0000006294400000,0x0000006294500000)]
  0x0000017955ec7000 JavaThread "Unconstrained build operations Thread 33" [_thread_blocked, id=11224, stack(0x0000006294500000,0x0000006294600000)]
  0x0000017955ec1000 JavaThread "Unconstrained build operations Thread 34" [_thread_blocked, id=18172, stack(0x0000006294600000,0x0000006294700000)]
  0x0000017955ec7800 JavaThread "Unconstrained build operations Thread 35" [_thread_blocked, id=15996, stack(0x0000006294700000,0x0000006294800000)]
  0x0000017955ec3800 JavaThread "Unconstrained build operations Thread 36" [_thread_blocked, id=17652, stack(0x0000006294800000,0x0000006294900000)]
  0x0000017955ec2000 JavaThread "Unconstrained build operations Thread 37" [_thread_blocked, id=16624, stack(0x0000006294900000,0x0000006294a00000)]
  0x0000017955ecb800 JavaThread "Unconstrained build operations Thread 38" [_thread_blocked, id=18984, stack(0x0000006294a00000,0x0000006294b00000)]
  0x0000017955ec9800 JavaThread "Unconstrained build operations Thread 39" [_thread_blocked, id=12880, stack(0x0000006294b00000,0x0000006294c00000)]
  0x0000017955eca000 JavaThread "Unconstrained build operations Thread 40" [_thread_blocked, id=5060, stack(0x0000006294c00000,0x0000006294d00000)]

Other Threads:
  0x000001794dede000 VMThread "VM Thread" [stack: 0x000000628fb00000,0x000000628fc00000] [id=7176]
  0x000001794e9e3000 WatcherThread [stack: 0x0000006290500000,0x0000006290600000] [id=18880]
  0x0000017932367800 GCTaskThread "GC Thread#0" [stack: 0x000000628f600000,0x000000628f700000] [id=11888]
  0x000001794f45f800 GCTaskThread "GC Thread#1" [stack: 0x0000006290700000,0x0000006290800000] [id=19596]
  0x0000017951261000 GCTaskThread "GC Thread#2" [stack: 0x0000006291100000,0x0000006291200000] [id=16368]
  0x0000017950ab3800 GCTaskThread "GC Thread#3" [stack: 0x0000006291200000,0x0000006291300000] [id=13048]
  0x0000017932399000 ConcurrentGCThread "G1 Main Marker" [stack: 0x000000628f700000,0x000000628f800000] [id=19292]
  0x000001793239a000 ConcurrentGCThread "G1 Conc#0" [stack: 0x000000628f800000,0x000000628f900000] [id=2552]
  0x0000017932428000 ConcurrentGCThread "G1 Refine#0" [stack: 0x000000628f900000,0x000000628fa00000] [id=5852]
  0x0000017932429000 ConcurrentGCThread "G1 Young RemSet Sampling" [stack: 0x000000628fa00000,0x000000628fb00000] [id=9688]

Threads with active compile tasks:
C2 CompilerThread0  11589 6337       4       org.objectweb.asm.Frame::execute (2318 bytes)
C1 CompilerThread0  11589 6420   !   3       java.lang.invoke.LambdaForm::compileToBytecode (162 bytes)

VM state:not at safepoint (normal execution)

VM Mutex/Monitor currently owned by a thread: None

Heap address: 0x0000000080000000, size: 2048 MB, Compressed Oops mode: 32-bit
Narrow klass base: 0x0000000000000000, Narrow klass shift: 3
Compressed class space size: 1073741824 Address: 0x0000000100000000

Heap:
 garbage-first heap   total 220160K, used 82142K [0x0000000080000000, 0x0000000100000000)
  region size 1024K, 5 young (5120K), 3 survivors (3072K)
 Metaspace       used 62343K, capacity 64021K, committed 64076K, reserved 1105920K
  class space    used 7940K, capacity 8510K, committed 8524K, reserved 1048576K
Heap Regions: E=young(eden), S=young(survivor), O=old, HS=humongous(starts), HC=humongous(continues), CS=collection set, F=free, A=archive, TAMS=top-at-mark-start (previous, next)
|   0|0x0000000080000000, 0x0000000080100000, 0x0000000080100000|100%| O|  |TAMS 0x0000000080100000, 0x0000000080000000| Untracked 
|   1|0x0000000080100000, 0x0000000080200000, 0x0000000080200000|100%| O|  |TAMS 0x0000000080200000, 0x0000000080100000| Untracked 
|   2|0x0000000080200000, 0x0000000080300000, 0x0000000080300000|100%| O|  |TAMS 0x0000000080300000, 0x0000000080200000| Untracked 
|   3|0x0000000080300000, 0x0000000080400000, 0x0000000080400000|100%|HS|  |TAMS 0x0000000080400000, 0x0000000080300000| Complete 
|   4|0x0000000080400000, 0x0000000080500000, 0x0000000080500000|100%|HC|  |TAMS 0x0000000080500000, 0x0000000080400000| Complete 
|   5|0x0000000080500000, 0x0000000080600000, 0x0000000080600000|100%|HC|  |TAMS 0x0000000080600000, 0x0000000080500000| Complete 
|   6|0x0000000080600000, 0x0000000080700000, 0x0000000080700000|100%| O|  |TAMS 0x0000000080700000, 0x0000000080600000| Untracked 
|   7|0x0000000080700000, 0x0000000080800000, 0x0000000080800000|100%| O|  |TAMS 0x0000000080800000, 0x0000000080700000| Untracked 
|   8|0x0000000080800000, 0x0000000080900000, 0x0000000080900000|100%| O|  |TAMS 0x0000000080900000, 0x0000000080800000| Untracked 
|   9|0x0000000080900000, 0x0000000080a00000, 0x0000000080a00000|100%| O|  |TAMS 0x0000000080a00000, 0x0000000080900000| Untracked 
|  10|0x0000000080a00000, 0x0000000080b00000, 0x0000000080b00000|100%| O|  |TAMS 0x0000000080b00000, 0x0000000080a00000| Untracked 
|  11|0x0000000080b00000, 0x0000000080c00000, 0x0000000080c00000|100%| O|  |TAMS 0x0000000080c00000, 0x0000000080b00000| Untracked 
|  12|0x0000000080c00000, 0x0000000080d00000, 0x0000000080d00000|100%| O|  |TAMS 0x0000000080d00000, 0x0000000080c00000| Untracked 
|  13|0x0000000080d00000, 0x0000000080e00000, 0x0000000080e00000|100%| O|  |TAMS 0x0000000080e00000, 0x0000000080d00000| Untracked 
|  14|0x0000000080e00000, 0x0000000080f00000, 0x0000000080f00000|100%| O|  |TAMS 0x0000000080f00000, 0x0000000080e00000| Untracked 
|  15|0x0000000080f00000, 0x0000000081000000, 0x0000000081000000|100%| O|  |TAMS 0x0000000081000000, 0x0000000080f00000| Untracked 
|  16|0x0000000081000000, 0x0000000081100000, 0x0000000081100000|100%|HS|  |TAMS 0x0000000081100000, 0x0000000081000000| Complete 
|  17|0x0000000081100000, 0x0000000081200000, 0x0000000081200000|100%|HC|  |TAMS 0x0000000081200000, 0x0000000081100000| Complete 
|  18|0x0000000081200000, 0x0000000081300000, 0x0000000081300000|100%|HS|  |TAMS 0x0000000081300000, 0x0000000081200000| Complete 
|  19|0x0000000081300000, 0x0000000081400000, 0x0000000081400000|100%|HC|  |TAMS 0x0000000081400000, 0x0000000081300000| Complete 
|  20|0x0000000081400000, 0x0000000081500000, 0x0000000081500000|100%|HC|  |TAMS 0x0000000081500000, 0x0000000081400000| Complete 
|  21|0x0000000081500000, 0x0000000081600000, 0x0000000081600000|100%|HS|  |TAMS 0x0000000081600000, 0x0000000081500000| Complete 
|  22|0x0000000081600000, 0x0000000081700000, 0x0000000081700000|100%|HS|  |TAMS 0x0000000081700000, 0x0000000081600000| Complete 
|  23|0x0000000081700000, 0x0000000081800000, 0x0000000081800000|100%|HC|  |TAMS 0x0000000081800000, 0x0000000081700000| Complete 
|  24|0x0000000081800000, 0x0000000081900000, 0x0000000081900000|100%|HC|  |TAMS 0x0000000081900000, 0x0000000081800000| Complete 
|  25|0x0000000081900000, 0x0000000081a00000, 0x0000000081a00000|100%|HC|  |TAMS 0x0000000081a00000, 0x0000000081900000| Complete 
|  26|0x0000000081a00000, 0x0000000081b00000, 0x0000000081b00000|100%| O|  |TAMS 0x0000000081b00000, 0x0000000081a00000| Untracked 
|  27|0x0000000081b00000, 0x0000000081c00000, 0x0000000081c00000|100%| O|  |TAMS 0x0000000081c00000, 0x0000000081b00000| Untracked 
|  28|0x0000000081c00000, 0x0000000081d00000, 0x0000000081d00000|100%| O|  |TAMS 0x0000000081d00000, 0x0000000081c00000| Untracked 
|  29|0x0000000081d00000, 0x0000000081e00000, 0x0000000081e00000|100%| O|  |TAMS 0x0000000081e00000, 0x0000000081d00000| Untracked 
|  30|0x0000000081e00000, 0x0000000081f00000, 0x0000000081f00000|100%| O|  |TAMS 0x0000000081f00000, 0x0000000081e00000| Untracked 
|  31|0x0000000081f00000, 0x0000000082000000, 0x0000000082000000|100%| O|  |TAMS 0x0000000082000000, 0x0000000081f00000| Untracked 
|  32|0x0000000082000000, 0x0000000082100000, 0x0000000082100000|100%| O|  |TAMS 0x0000000082100000, 0x0000000082000000| Untracked 
|  33|0x0000000082100000, 0x0000000082200000, 0x0000000082200000|100%| O|  |TAMS 0x0000000082200000, 0x0000000082100000| Untracked 
|  34|0x0000000082200000, 0x0000000082300000, 0x0000000082300000|100%| O|  |TAMS 0x0000000082300000, 0x0000000082200000| Untracked 
|  35|0x0000000082300000, 0x0000000082400000, 0x0000000082400000|100%| O|  |TAMS 0x0000000082348000, 0x0000000082300000| Untracked 
|  36|0x0000000082400000, 0x0000000082500000, 0x0000000082500000|100%|HS|  |TAMS 0x0000000082400000, 0x0000000082400000| Complete 
|  37|0x0000000082500000, 0x0000000082600000, 0x0000000082600000|100%|HS|  |TAMS 0x0000000082500000, 0x0000000082500000| Complete 
|  38|0x0000000082600000, 0x0000000082700000, 0x0000000082700000|100%|HC|  |TAMS 0x0000000082600000, 0x0000000082600000| Complete 
|  39|0x0000000082700000, 0x0000000082800000, 0x0000000082800000|100%|HC|  |TAMS 0x0000000082700000, 0x0000000082700000| Complete 
|  40|0x0000000082800000, 0x0000000082900000, 0x0000000082900000|100%| O|  |TAMS 0x0000000082800000, 0x0000000082800000| Untracked 
|  41|0x0000000082900000, 0x0000000082a00000, 0x0000000082a00000|100%| O|  |TAMS 0x0000000082900000, 0x0000000082900000| Untracked 
|  42|0x0000000082a00000, 0x0000000082b00000, 0x0000000082b00000|100%| O|  |TAMS 0x0000000082a00000, 0x0000000082a00000| Untracked 
|  43|0x0000000082b00000, 0x0000000082c00000, 0x0000000082c00000|100%| O|  |TAMS 0x0000000082b00000, 0x0000000082b00000| Untracked 
|  44|0x0000000082c00000, 0x0000000082d00000, 0x0000000082d00000|100%| O|  |TAMS 0x0000000082c00000, 0x0000000082c00000| Untracked 
|  45|0x0000000082d00000, 0x0000000082e00000, 0x0000000082e00000|100%|HS|  |TAMS 0x0000000082d00000, 0x0000000082d00000| Complete 
|  46|0x0000000082e00000, 0x0000000082f00000, 0x0000000082f00000|100%|HC|  |TAMS 0x0000000082e00000, 0x0000000082e00000| Complete 
|  47|0x0000000082f00000, 0x0000000083000000, 0x0000000083000000|100%|HC|  |TAMS 0x0000000082f00000, 0x0000000082f00000| Complete 
|  48|0x0000000083000000, 0x0000000083100000, 0x0000000083100000|100%|HC|  |TAMS 0x0000000083000000, 0x0000000083000000| Complete 
|  49|0x0000000083100000, 0x0000000083200000, 0x0000000083200000|100%| O|  |TAMS 0x0000000083100000, 0x0000000083100000| Untracked 
|  50|0x0000000083200000, 0x0000000083300000, 0x0000000083300000|100%| O|  |TAMS 0x0000000083200000, 0x0000000083200000| Untracked 
|  51|0x0000000083300000, 0x0000000083400000, 0x0000000083400000|100%| O|  |TAMS 0x0000000083300000, 0x0000000083300000| Untracked 
|  52|0x0000000083400000, 0x0000000083500000, 0x0000000083500000|100%| O|  |TAMS 0x0000000083400000, 0x0000000083400000| Untracked 
|  53|0x0000000083500000, 0x0000000083600000, 0x0000000083600000|100%| O|  |TAMS 0x0000000083500000, 0x0000000083500000| Untracked 
|  54|0x0000000083600000, 0x0000000083700000, 0x0000000083700000|100%|HS|  |TAMS 0x0000000083600000, 0x0000000083600000| Complete 
|  55|0x0000000083700000, 0x0000000083800000, 0x0000000083800000|100%|HS|  |TAMS 0x0000000083700000, 0x0000000083700000| Complete 
|  56|0x0000000083800000, 0x0000000083900000, 0x0000000083900000|100%|HS|  |TAMS 0x0000000083800000, 0x0000000083800000| Complete 
|  57|0x0000000083900000, 0x0000000083a00000, 0x0000000083a00000|100%|HS|  |TAMS 0x0000000083900000, 0x0000000083900000| Complete 
|  58|0x0000000083a00000, 0x0000000083b00000, 0x0000000083b00000|100%|HC|  |TAMS 0x0000000083a00000, 0x0000000083a00000| Complete 
|  59|0x0000000083b00000, 0x0000000083c00000, 0x0000000083c00000|100%|HC|  |TAMS 0x0000000083b00000, 0x0000000083b00000| Complete 
|  60|0x0000000083c00000, 0x0000000083d00000, 0x0000000083d00000|100%|HS|  |TAMS 0x0000000083c00000, 0x0000000083c00000| Complete 
|  61|0x0000000083d00000, 0x0000000083e00000, 0x0000000083e00000|100%|HC|  |TAMS 0x0000000083d00000, 0x0000000083d00000| Complete 
|  62|0x0000000083e00000, 0x0000000083f00000, 0x0000000083f00000|100%| O|  |TAMS 0x0000000083e00000, 0x0000000083e00000| Untracked 
|  63|0x0000000083f00000, 0x0000000084000000, 0x0000000084000000|100%| O|  |TAMS 0x0000000083f00000, 0x0000000083f00000| Untracked 
|  64|0x0000000084000000, 0x0000000084100000, 0x0000000084100000|100%| O|  |TAMS 0x0000000084000000, 0x0000000084000000| Untracked 
|  65|0x0000000084100000, 0x0000000084200000, 0x0000000084200000|100%| O|  |TAMS 0x0000000084100000, 0x0000000084100000| Untracked 
|  66|0x0000000084200000, 0x0000000084300000, 0x0000000084300000|100%| O|  |TAMS 0x0000000084200000, 0x0000000084200000| Untracked 
|  67|0x0000000084300000, 0x0000000084400000, 0x0000000084400000|100%| O|  |TAMS 0x0000000084300000, 0x0000000084300000| Untracked 
|  68|0x0000000084400000, 0x0000000084500000, 0x0000000084500000|100%| O|  |TAMS 0x0000000084400000, 0x0000000084400000| Untracked 
|  69|0x0000000084500000, 0x0000000084600000, 0x0000000084600000|100%| O|  |TAMS 0x0000000084500000, 0x0000000084500000| Untracked 
|  70|0x0000000084600000, 0x0000000084700000, 0x0000000084700000|100%| O|  |TAMS 0x0000000084600000, 0x0000000084600000| Untracked 
|  71|0x0000000084700000, 0x0000000084800000, 0x0000000084800000|100%| O|  |TAMS 0x0000000084700000, 0x0000000084700000| Untracked 
|  72|0x0000000084800000, 0x0000000084900000, 0x0000000084900000|100%| O|  |TAMS 0x0000000084800000, 0x0000000084800000| Untracked 
|  73|0x0000000084900000, 0x0000000084a00000, 0x0000000084a00000|100%| O|  |TAMS 0x0000000084900000, 0x0000000084900000| Untracked 
|  74|0x0000000084a00000, 0x0000000084b00000, 0x0000000084b00000|100%| O|  |TAMS 0x0000000084a00000, 0x0000000084a00000| Untracked 
|  75|0x0000000084b00000, 0x0000000084c00000, 0x0000000084c00000|100%| O|  |TAMS 0x0000000084b00000, 0x0000000084b00000| Untracked 
|  76|0x0000000084c00000, 0x0000000084cc4408, 0x0000000084d00000| 76%| O|  |TAMS 0x0000000084c00000, 0x0000000084c00000| Untracked 
|  77|0x0000000084d00000, 0x0000000084d00000, 0x0000000084e00000|  0%| F|  |TAMS 0x0000000084d00000, 0x0000000084d00000| Untracked 
|  78|0x0000000084e00000, 0x0000000084e00000, 0x0000000084f00000|  0%| F|  |TAMS 0x0000000084e00000, 0x0000000084e00000| Untracked 
|  79|0x0000000084f00000, 0x0000000084f00000, 0x0000000085000000|  0%| F|  |TAMS 0x0000000084f00000, 0x0000000084f00000| Untracked 
|  80|0x0000000085000000, 0x0000000085000000, 0x0000000085100000|  0%| F|  |TAMS 0x0000000085000000, 0x0000000085000000| Untracked 
|  81|0x0000000085100000, 0x0000000085100000, 0x0000000085200000|  0%| F|  |TAMS 0x0000000085100000, 0x0000000085100000| Untracked 
|  82|0x0000000085200000, 0x0000000085200000, 0x0000000085300000|  0%| F|  |TAMS 0x0000000085200000, 0x0000000085200000| Untracked 
|  83|0x0000000085300000, 0x0000000085300000, 0x0000000085400000|  0%| F|  |TAMS 0x0000000085300000, 0x0000000085300000| Untracked 
|  84|0x0000000085400000, 0x0000000085400000, 0x0000000085500000|  0%| F|  |TAMS 0x0000000085400000, 0x0000000085400000| Untracked 
|  85|0x0000000085500000, 0x0000000085500000, 0x0000000085600000|  0%| F|  |TAMS 0x0000000085500000, 0x0000000085500000| Untracked 
|  86|0x0000000085600000, 0x0000000085600000, 0x0000000085700000|  0%| F|  |TAMS 0x0000000085600000, 0x0000000085600000| Untracked 
|  87|0x0000000085700000, 0x0000000085700000, 0x0000000085800000|  0%| F|  |TAMS 0x0000000085700000, 0x0000000085700000| Untracked 
|  88|0x0000000085800000, 0x0000000085800000, 0x0000000085900000|  0%| F|  |TAMS 0x0000000085800000, 0x0000000085800000| Untracked 
|  89|0x0000000085900000, 0x0000000085900000, 0x0000000085a00000|  0%| F|  |TAMS 0x0000000085900000, 0x0000000085900000| Untracked 
|  90|0x0000000085a00000, 0x0000000085a00000, 0x0000000085b00000|  0%| F|  |TAMS 0x0000000085a00000, 0x0000000085a00000| Untracked 
|  91|0x0000000085b00000, 0x0000000085b00000, 0x0000000085c00000|  0%| F|  |TAMS 0x0000000085b00000, 0x0000000085b00000| Untracked 
|  92|0x0000000085c00000, 0x0000000085c00000, 0x0000000085d00000|  0%| F|  |TAMS 0x0000000085c00000, 0x0000000085c00000| Untracked 
|  93|0x0000000085d00000, 0x0000000085d00000, 0x0000000085e00000|  0%| F|  |TAMS 0x0000000085d00000, 0x0000000085d00000| Untracked 
|  94|0x0000000085e00000, 0x0000000085e00000, 0x0000000085f00000|  0%| F|  |TAMS 0x0000000085e00000, 0x0000000085e00000| Untracked 
|  95|0x0000000085f00000, 0x0000000085f00000, 0x0000000086000000|  0%| F|  |TAMS 0x0000000085f00000, 0x0000000085f00000| Untracked 
|  96|0x0000000086000000, 0x0000000086000000, 0x0000000086100000|  0%| F|  |TAMS 0x0000000086000000, 0x0000000086000000| Untracked 
|  97|0x0000000086100000, 0x0000000086100000, 0x0000000086200000|  0%| F|  |TAMS 0x0000000086100000, 0x0000000086100000| Untracked 
|  98|0x0000000086200000, 0x0000000086200000, 0x0000000086300000|  0%| F|  |TAMS 0x0000000086200000, 0x0000000086200000| Untracked 
|  99|0x0000000086300000, 0x0000000086300000, 0x0000000086400000|  0%| F|  |TAMS 0x0000000086300000, 0x0000000086300000| Untracked 
| 100|0x0000000086400000, 0x0000000086400000, 0x0000000086500000|  0%| F|  |TAMS 0x0000000086400000, 0x0000000086400000| Untracked 
| 101|0x0000000086500000, 0x0000000086500000, 0x0000000086600000|  0%| F|  |TAMS 0x0000000086500000, 0x0000000086500000| Untracked 
| 102|0x0000000086600000, 0x0000000086600000, 0x0000000086700000|  0%| F|  |TAMS 0x0000000086600000, 0x0000000086600000| Untracked 
| 103|0x0000000086700000, 0x0000000086700000, 0x0000000086800000|  0%| F|  |TAMS 0x0000000086700000, 0x0000000086700000| Untracked 
| 104|0x0000000086800000, 0x0000000086800000, 0x0000000086900000|  0%| F|  |TAMS 0x0000000086800000, 0x0000000086800000| Untracked 
| 105|0x0000000086900000, 0x0000000086900000, 0x0000000086a00000|  0%| F|  |TAMS 0x0000000086900000, 0x0000000086900000| Untracked 
| 106|0x0000000086a00000, 0x0000000086a00000, 0x0000000086b00000|  0%| F|  |TAMS 0x0000000086a00000, 0x0000000086a00000| Untracked 
| 107|0x0000000086b00000, 0x0000000086b00000, 0x0000000086c00000|  0%| F|  |TAMS 0x0000000086b00000, 0x0000000086b00000| Untracked 
| 108|0x0000000086c00000, 0x0000000086c00000, 0x0000000086d00000|  0%| F|  |TAMS 0x0000000086c00000, 0x0000000086c00000| Untracked 
| 109|0x0000000086d00000, 0x0000000086d00000, 0x0000000086e00000|  0%| F|  |TAMS 0x0000000086d00000, 0x0000000086d00000| Untracked 
| 110|0x0000000086e00000, 0x0000000086e00000, 0x0000000086f00000|  0%| F|  |TAMS 0x0000000086e00000, 0x0000000086e00000| Untracked 
| 111|0x0000000086f00000, 0x0000000086f00000, 0x0000000087000000|  0%| F|  |TAMS 0x0000000086f00000, 0x0000000086f00000| Untracked 
| 112|0x0000000087000000, 0x0000000087000000, 0x0000000087100000|  0%| F|  |TAMS 0x0000000087000000, 0x0000000087000000| Untracked 
| 113|0x0000000087100000, 0x0000000087100000, 0x0000000087200000|  0%| F|  |TAMS 0x0000000087100000, 0x0000000087100000| Untracked 
| 114|0x0000000087200000, 0x0000000087200000, 0x0000000087300000|  0%| F|  |TAMS 0x0000000087200000, 0x0000000087200000| Untracked 
| 115|0x0000000087300000, 0x0000000087300000, 0x0000000087400000|  0%| F|  |TAMS 0x0000000087300000, 0x0000000087300000| Untracked 
| 116|0x0000000087400000, 0x0000000087400000, 0x0000000087500000|  0%| F|  |TAMS 0x0000000087400000, 0x0000000087400000| Untracked 
| 117|0x0000000087500000, 0x0000000087500000, 0x0000000087600000|  0%| F|  |TAMS 0x0000000087500000, 0x0000000087500000| Untracked 
| 118|0x0000000087600000, 0x0000000087600000, 0x0000000087700000|  0%| F|  |TAMS 0x0000000087600000, 0x0000000087600000| Untracked 
| 119|0x0000000087700000, 0x0000000087700000, 0x0000000087800000|  0%| F|  |TAMS 0x0000000087700000, 0x0000000087700000| Untracked 
| 120|0x0000000087800000, 0x0000000087800000, 0x0000000087900000|  0%| F|  |TAMS 0x0000000087800000, 0x0000000087800000| Untracked 
| 121|0x0000000087900000, 0x0000000087973500, 0x0000000087a00000| 45%| S|CS|TAMS 0x0000000087900000, 0x0000000087900000| Complete 
| 122|0x0000000087a00000, 0x0000000087b00000, 0x0000000087b00000|100%| S|CS|TAMS 0x0000000087a00000, 0x0000000087a00000| Complete 
| 123|0x0000000087b00000, 0x0000000087c00000, 0x0000000087c00000|100%| S|CS|TAMS 0x0000000087b00000, 0x0000000087b00000| Complete 
| 124|0x0000000087c00000, 0x0000000087c00000, 0x0000000087d00000|  0%| F|  |TAMS 0x0000000087c00000, 0x0000000087c00000| Untracked 
| 125|0x0000000087d00000, 0x0000000087d00000, 0x0000000087e00000|  0%| F|  |TAMS 0x0000000087d00000, 0x0000000087d00000| Untracked 
| 126|0x0000000087e00000, 0x0000000087e00000, 0x0000000087f00000|  0%| F|  |TAMS 0x0000000087e00000, 0x0000000087e00000| Untracked 
| 127|0x0000000087f00000, 0x0000000087f00000, 0x0000000088000000|  0%| F|  |TAMS 0x0000000087f00000, 0x0000000087f00000| Untracked 
| 128|0x0000000088000000, 0x0000000088000000, 0x0000000088100000|  0%| F|  |TAMS 0x0000000088000000, 0x0000000088000000| Untracked 
| 129|0x0000000088100000, 0x0000000088100000, 0x0000000088200000|  0%| F|  |TAMS 0x0000000088100000, 0x0000000088100000| Untracked 
| 130|0x0000000088200000, 0x0000000088200000, 0x0000000088300000|  0%| F|  |TAMS 0x0000000088200000, 0x0000000088200000| Untracked 
| 131|0x0000000088300000, 0x0000000088300000, 0x0000000088400000|  0%| F|  |TAMS 0x0000000088300000, 0x0000000088300000| Untracked 
| 132|0x0000000088400000, 0x0000000088400000, 0x0000000088500000|  0%| F|  |TAMS 0x0000000088400000, 0x0000000088400000| Untracked 
| 133|0x0000000088500000, 0x0000000088500000, 0x0000000088600000|  0%| F|  |TAMS 0x0000000088500000, 0x0000000088500000| Untracked 
| 134|0x0000000088600000, 0x0000000088600000, 0x0000000088700000|  0%| F|  |TAMS 0x0000000088600000, 0x0000000088600000| Untracked 
| 135|0x0000000088700000, 0x0000000088700000, 0x0000000088800000|  0%| F|  |TAMS 0x0000000088700000, 0x0000000088700000| Untracked 
| 136|0x0000000088800000, 0x0000000088800000, 0x0000000088900000|  0%| F|  |TAMS 0x0000000088800000, 0x0000000088800000| Untracked 
| 137|0x0000000088900000, 0x0000000088900000, 0x0000000088a00000|  0%| F|  |TAMS 0x0000000088900000, 0x0000000088900000| Untracked 
| 138|0x0000000088a00000, 0x0000000088a00000, 0x0000000088b00000|  0%| F|  |TAMS 0x0000000088a00000, 0x0000000088a00000| Untracked 
| 139|0x0000000088b00000, 0x0000000088b00000, 0x0000000088c00000|  0%| F|  |TAMS 0x0000000088b00000, 0x0000000088b00000| Untracked 
| 140|0x0000000088c00000, 0x0000000088c00000, 0x0000000088d00000|  0%| F|  |TAMS 0x0000000088c00000, 0x0000000088c00000| Untracked 
| 141|0x0000000088d00000, 0x0000000088d00000, 0x0000000088e00000|  0%| F|  |TAMS 0x0000000088d00000, 0x0000000088d00000| Untracked 
| 142|0x0000000088e00000, 0x0000000088e00000, 0x0000000088f00000|  0%| F|  |TAMS 0x0000000088e00000, 0x0000000088e00000| Untracked 
| 143|0x0000000088f00000, 0x0000000088f00000, 0x0000000089000000|  0%| F|  |TAMS 0x0000000088f00000, 0x0000000088f00000| Untracked 
| 144|0x0000000089000000, 0x0000000089000000, 0x0000000089100000|  0%| F|  |TAMS 0x0000000089000000, 0x0000000089000000| Untracked 
| 145|0x0000000089100000, 0x0000000089100000, 0x0000000089200000|  0%| F|  |TAMS 0x0000000089100000, 0x0000000089100000| Untracked 
| 146|0x0000000089200000, 0x0000000089200000, 0x0000000089300000|  0%| F|  |TAMS 0x0000000089200000, 0x0000000089200000| Untracked 
| 147|0x0000000089300000, 0x0000000089300000, 0x0000000089400000|  0%| F|  |TAMS 0x0000000089300000, 0x0000000089300000| Untracked 
| 148|0x0000000089400000, 0x0000000089400000, 0x0000000089500000|  0%| F|  |TAMS 0x0000000089400000, 0x0000000089400000| Untracked 
| 149|0x0000000089500000, 0x0000000089500000, 0x0000000089600000|  0%| F|  |TAMS 0x0000000089500000, 0x0000000089500000| Untracked 
| 150|0x0000000089600000, 0x0000000089600000, 0x0000000089700000|  0%| F|  |TAMS 0x0000000089600000, 0x0000000089600000| Untracked 
| 151|0x0000000089700000, 0x0000000089700000, 0x0000000089800000|  0%| F|  |TAMS 0x0000000089700000, 0x0000000089700000| Untracked 
| 152|0x0000000089800000, 0x0000000089800000, 0x0000000089900000|  0%| F|  |TAMS 0x0000000089800000, 0x0000000089800000| Untracked 
| 153|0x0000000089900000, 0x0000000089900000, 0x0000000089a00000|  0%| F|  |TAMS 0x0000000089900000, 0x0000000089900000| Untracked 
| 154|0x0000000089a00000, 0x0000000089a00000, 0x0000000089b00000|  0%| F|  |TAMS 0x0000000089a00000, 0x0000000089a00000| Untracked 
| 155|0x0000000089b00000, 0x0000000089b00000, 0x0000000089c00000|  0%| F|  |TAMS 0x0000000089b00000, 0x0000000089b00000| Untracked 
| 156|0x0000000089c00000, 0x0000000089c00000, 0x0000000089d00000|  0%| F|  |TAMS 0x0000000089c00000, 0x0000000089c00000| Untracked 
| 157|0x0000000089d00000, 0x0000000089d00000, 0x0000000089e00000|  0%| F|  |TAMS 0x0000000089d00000, 0x0000000089d00000| Untracked 
| 158|0x0000000089e00000, 0x0000000089e00000, 0x0000000089f00000|  0%| F|  |TAMS 0x0000000089e00000, 0x0000000089e00000| Untracked 
| 159|0x0000000089f00000, 0x0000000089f00000, 0x000000008a000000|  0%| F|  |TAMS 0x0000000089f00000, 0x0000000089f00000| Untracked 
| 160|0x000000008a000000, 0x000000008a000000, 0x000000008a100000|  0%| F|  |TAMS 0x000000008a000000, 0x000000008a000000| Untracked 
| 161|0x000000008a100000, 0x000000008a100000, 0x000000008a200000|  0%| F|  |TAMS 0x000000008a100000, 0x000000008a100000| Untracked 
| 162|0x000000008a200000, 0x000000008a200000, 0x000000008a300000|  0%| F|  |TAMS 0x000000008a200000, 0x000000008a200000| Untracked 
| 163|0x000000008a300000, 0x000000008a300000, 0x000000008a400000|  0%| F|  |TAMS 0x000000008a300000, 0x000000008a300000| Untracked 
| 164|0x000000008a400000, 0x000000008a400000, 0x000000008a500000|  0%| F|  |TAMS 0x000000008a400000, 0x000000008a400000| Untracked 
| 165|0x000000008a500000, 0x000000008a500000, 0x000000008a600000|  0%| F|  |TAMS 0x000000008a500000, 0x000000008a500000| Untracked 
| 166|0x000000008a600000, 0x000000008a600000, 0x000000008a700000|  0%| F|  |TAMS 0x000000008a600000, 0x000000008a600000| Untracked 
| 167|0x000000008a700000, 0x000000008a700000, 0x000000008a800000|  0%| F|  |TAMS 0x000000008a700000, 0x000000008a700000| Untracked 
| 168|0x000000008a800000, 0x000000008a800000, 0x000000008a900000|  0%| F|  |TAMS 0x000000008a800000, 0x000000008a800000| Untracked 
| 169|0x000000008a900000, 0x000000008a900000, 0x000000008aa00000|  0%| F|  |TAMS 0x000000008a900000, 0x000000008a900000| Untracked 
| 170|0x000000008aa00000, 0x000000008aa00000, 0x000000008ab00000|  0%| F|  |TAMS 0x000000008aa00000, 0x000000008aa00000| Untracked 
| 171|0x000000008ab00000, 0x000000008ab00000, 0x000000008ac00000|  0%| F|  |TAMS 0x000000008ab00000, 0x000000008ab00000| Untracked 
| 172|0x000000008ac00000, 0x000000008ac00000, 0x000000008ad00000|  0%| F|  |TAMS 0x000000008ac00000, 0x000000008ac00000| Untracked 
| 173|0x000000008ad00000, 0x000000008ad00000, 0x000000008ae00000|  0%| F|  |TAMS 0x000000008ad00000, 0x000000008ad00000| Untracked 
| 174|0x000000008ae00000, 0x000000008ae00000, 0x000000008af00000|  0%| F|  |TAMS 0x000000008ae00000, 0x000000008ae00000| Untracked 
| 175|0x000000008af00000, 0x000000008af00000, 0x000000008b000000|  0%| F|  |TAMS 0x000000008af00000, 0x000000008af00000| Untracked 
| 176|0x000000008b000000, 0x000000008b000000, 0x000000008b100000|  0%| F|  |TAMS 0x000000008b000000, 0x000000008b000000| Untracked 
| 177|0x000000008b100000, 0x000000008b100000, 0x000000008b200000|  0%| F|  |TAMS 0x000000008b100000, 0x000000008b100000| Untracked 
| 178|0x000000008b200000, 0x000000008b200000, 0x000000008b300000|  0%| F|  |TAMS 0x000000008b200000, 0x000000008b200000| Untracked 
| 179|0x000000008b300000, 0x000000008b300000, 0x000000008b400000|  0%| F|  |TAMS 0x000000008b300000, 0x000000008b300000| Untracked 
| 180|0x000000008b400000, 0x000000008b400000, 0x000000008b500000|  0%| F|  |TAMS 0x000000008b400000, 0x000000008b400000| Untracked 
| 181|0x000000008b500000, 0x000000008b500000, 0x000000008b600000|  0%| F|  |TAMS 0x000000008b500000, 0x000000008b500000| Untracked 
| 182|0x000000008b600000, 0x000000008b600000, 0x000000008b700000|  0%| F|  |TAMS 0x000000008b600000, 0x000000008b600000| Untracked 
| 183|0x000000008b700000, 0x000000008b700000, 0x000000008b800000|  0%| F|  |TAMS 0x000000008b700000, 0x000000008b700000| Untracked 
| 184|0x000000008b800000, 0x000000008b800000, 0x000000008b900000|  0%| F|  |TAMS 0x000000008b800000, 0x000000008b800000| Untracked 
| 185|0x000000008b900000, 0x000000008b900000, 0x000000008ba00000|  0%| F|  |TAMS 0x000000008b900000, 0x000000008b900000| Untracked 
| 186|0x000000008ba00000, 0x000000008ba00000, 0x000000008bb00000|  0%| F|  |TAMS 0x000000008ba00000, 0x000000008ba00000| Untracked 
| 187|0x000000008bb00000, 0x000000008bb00000, 0x000000008bc00000|  0%| F|  |TAMS 0x000000008bb00000, 0x000000008bb00000| Untracked 
| 188|0x000000008bc00000, 0x000000008bc00000, 0x000000008bd00000|  0%| F|  |TAMS 0x000000008bc00000, 0x000000008bc00000| Untracked 
| 189|0x000000008bd00000, 0x000000008bd00000, 0x000000008be00000|  0%| F|  |TAMS 0x000000008bd00000, 0x000000008bd00000| Untracked 
| 190|0x000000008be00000, 0x000000008be00000, 0x000000008bf00000|  0%| F|  |TAMS 0x000000008be00000, 0x000000008be00000| Untracked 
| 191|0x000000008bf00000, 0x000000008bf00000, 0x000000008c000000|  0%| F|  |TAMS 0x000000008bf00000, 0x000000008bf00000| Untracked 
| 192|0x000000008c000000, 0x000000008c000000, 0x000000008c100000|  0%| F|  |TAMS 0x000000008c000000, 0x000000008c000000| Untracked 
| 193|0x000000008c100000, 0x000000008c100000, 0x000000008c200000|  0%| F|  |TAMS 0x000000008c100000, 0x000000008c100000| Untracked 
| 194|0x000000008c200000, 0x000000008c200000, 0x000000008c300000|  0%| F|  |TAMS 0x000000008c200000, 0x000000008c200000| Untracked 
| 195|0x000000008c300000, 0x000000008c300000, 0x000000008c400000|  0%| F|  |TAMS 0x000000008c300000, 0x000000008c300000| Untracked 
| 196|0x000000008c400000, 0x000000008c400000, 0x000000008c500000|  0%| F|  |TAMS 0x000000008c400000, 0x000000008c400000| Untracked 
| 197|0x000000008c500000, 0x000000008c500000, 0x000000008c600000|  0%| F|  |TAMS 0x000000008c500000, 0x000000008c500000| Untracked 
| 198|0x000000008c600000, 0x000000008c600000, 0x000000008c700000|  0%| F|  |TAMS 0x000000008c600000, 0x000000008c600000| Untracked 
| 199|0x000000008c700000, 0x000000008c700000, 0x000000008c800000|  0%| F|  |TAMS 0x000000008c700000, 0x000000008c700000| Untracked 
| 200|0x000000008c800000, 0x000000008c800000, 0x000000008c900000|  0%| F|  |TAMS 0x000000008c800000, 0x000000008c800000| Untracked 
| 201|0x000000008c900000, 0x000000008c900000, 0x000000008ca00000|  0%| F|  |TAMS 0x000000008c900000, 0x000000008c900000| Untracked 
| 202|0x000000008ca00000, 0x000000008ca00000, 0x000000008cb00000|  0%| F|  |TAMS 0x000000008ca00000, 0x000000008ca00000| Untracked 
| 203|0x000000008cb00000, 0x000000008cb00000, 0x000000008cc00000|  0%| F|  |TAMS 0x000000008cb00000, 0x000000008cb00000| Untracked 
| 204|0x000000008cc00000, 0x000000008cc00000, 0x000000008cd00000|  0%| F|  |TAMS 0x000000008cc00000, 0x000000008cc00000| Untracked 
| 205|0x000000008cd00000, 0x000000008cd00000, 0x000000008ce00000|  0%| F|  |TAMS 0x000000008cd00000, 0x000000008cd00000| Untracked 
| 206|0x000000008ce00000, 0x000000008ce00000, 0x000000008cf00000|  0%| F|  |TAMS 0x000000008ce00000, 0x000000008ce00000| Untracked 
| 207|0x000000008cf00000, 0x000000008cf00000, 0x000000008d000000|  0%| F|  |TAMS 0x000000008cf00000, 0x000000008cf00000| Untracked 
| 208|0x000000008d000000, 0x000000008d000000, 0x000000008d100000|  0%| F|  |TAMS 0x000000008d000000, 0x000000008d000000| Untracked 
| 209|0x000000008d100000, 0x000000008d100000, 0x000000008d200000|  0%| F|  |TAMS 0x000000008d100000, 0x000000008d100000| Untracked 
| 210|0x000000008d200000, 0x000000008d200000, 0x000000008d300000|  0%| F|  |TAMS 0x000000008d200000, 0x000000008d200000| Untracked 
| 211|0x000000008d300000, 0x000000008d300000, 0x000000008d400000|  0%| F|  |TAMS 0x000000008d300000, 0x000000008d300000| Untracked 
| 212|0x000000008d400000, 0x000000008d400000, 0x000000008d500000|  0%| F|  |TAMS 0x000000008d400000, 0x000000008d400000| Untracked 
| 213|0x000000008d500000, 0x000000008d600000, 0x000000008d600000|100%| E|  |TAMS 0x000000008d500000, 0x000000008d500000| Complete 
| 214|0x000000008d600000, 0x000000008d700000, 0x000000008d700000|100%| E|CS|TAMS 0x000000008d600000, 0x000000008d600000| Complete 

Card table byte_map: [0x00000179470a0000,0x00000179474a0000] _byte_map_base: 0x0000017946ca0000

Marking Bits (Prev, Next): (CMBitMap*) 0x000001793238ff20, (CMBitMap*) 0x000001793238fee8
 Prev Bits: [0x00000179498a0000, 0x000001794b8a0000)
 Next Bits: [0x00000179478a0000, 0x00000179498a0000)

Polling page: 0x0000017932430000

Metaspace:

Usage:
  Non-class:     54.28 MB capacity,    53.19 MB ( 98%) used,   947.76 KB (  2%) free+waste,   166.00 KB ( <1%) overhead. 
      Class:      8.31 MB capacity,     7.77 MB ( 93%) used,   481.61 KB (  6%) free+waste,    78.81 KB ( <1%) overhead. 
       Both:     62.59 MB capacity,    60.95 MB ( 97%) used,     1.40 MB (  2%) free+waste,   244.81 KB ( <1%) overhead. 

Virtual space:
  Non-class space:       56.00 MB reserved,      54.50 MB ( 97%) committed 
      Class space:        1.00 GB reserved,       8.32 MB ( <1%) committed 
             Both:        1.05 GB reserved,      62.82 MB (  6%) committed 

Chunk freelists:
   Non-Class:  37.00 KB
       Class:  0 bytes
        Both:  37.00 KB

MaxMetaspaceSize: 17179869184.00 GB
CompressedClassSpaceSize: 1.00 GB
Initial GC threshold: 20.80 MB
Current GC threshold: 69.92 MB
CDS: off

CodeHeap 'non-profiled nmethods': size=120064Kb used=3663Kb max_used=3663Kb free=116400Kb
 bounds [0x000001793f140000, 0x000001793f4e0000, 0x0000017946680000]
CodeHeap 'profiled nmethods': size=120000Kb used=13521Kb max_used=13521Kb free=106478Kb
 bounds [0x0000017937c10000, 0x0000017938950000, 0x000001793f140000]
CodeHeap 'non-nmethods': size=5696Kb used=2343Kb max_used=2383Kb free=3353Kb
 bounds [0x0000017937680000, 0x00000179378f0000, 0x0000017937c10000]
 total_blobs=7242 nmethods=6404 adapters=750
 compilation: enabled
              stopped_count=0, restarted_count=0
 full_count=0

Compilation events (20 events):
Event: 11.516 Thread 0x000001794df13000 nmethod 6397 0x0000017938930310 code [0x00000179389304e0, 0x0000017938930928]
Event: 11.516 Thread 0x000001794df13000 6398       3       java.lang.invoke.LambdaForm$DMH/0x00000001002d6440::invokeStatic (30 bytes)
Event: 11.517 Thread 0x000001794df13000 nmethod 6398 0x0000017938930a90 code [0x0000017938930ca0, 0x0000017938931308]
Event: 11.517 Thread 0x000001794df13000 6395       3       java.lang.reflect.Constructor::hasGenericInformation (13 bytes)
Event: 11.517 Thread 0x000001794df13000 nmethod 6395 0x0000017938931490 code [0x0000017938931640, 0x00000179389317b8]
Event: 11.521 Thread 0x000001794df13000 6400       3       com.google.common.reflect.Types$ParameterizedTypeImpl::<init> (55 bytes)
Event: 11.522 Thread 0x000001794df13000 nmethod 6400 0x0000017938931890 code [0x0000017938931b20, 0x00000179389326a8]
Event: 11.526 Thread 0x00000179509c7000 nmethod 6371 0x000001793f4ce610 code [0x000001793f4ce8a0, 0x000001793f4cfa70]
Event: 11.526 Thread 0x00000179509c7000 6399       4       com.google.common.reflect.TypeResolver$TypeVariableKey::equalsTypeVariable (48 bytes)
Event: 11.534 Thread 0x00000179509c7000 nmethod 6399 0x000001793f4d0790 code [0x000001793f4d0980, 0x000001793f4d0e38]
Event: 11.534 Thread 0x00000179509c7000 6346       4       java.util.AbstractQueue::add (20 bytes)
Event: 11.534 Thread 0x00000179509c7000 nmethod 6346 0x000001793f4d1210 code [0x000001793f4d13a0, 0x000001793f4d1438]
Event: 11.534 Thread 0x00000179509c7000 6383       4       java.util.Collections::emptySet (4 bytes)
Event: 11.535 Thread 0x00000179509c7000 nmethod 6383 0x000001793f4d1510 code [0x000001793f4d16a0, 0x000001793f4d16f8]
Event: 11.538 Thread 0x000001794df13000 6401       3       java.lang.reflect.ProxyGenerator::code_astore (11 bytes)
Event: 11.538 Thread 0x000001794df13000 nmethod 6401 0x0000017938932a90 code [0x0000017938932c40, 0x0000017938932d88]
Event: 11.548 Thread 0x000001794df13000 6402       3       java.lang.invoke.DelegatingMethodHandle::<init> (10 bytes)
Event: 11.548 Thread 0x000001794df13000 nmethod 6402 0x0000017938932e10 code [0x0000017938933000, 0x0000017938933438]
Event: 11.548 Thread 0x000001794df13000 6403       3       java.lang.invoke.DelegatingMethodHandle::chooseDelegatingForm (24 bytes)
Event: 11.549 Thread 0x000001794df13000 nmethod 6403 0x0000017938933590 code [0x0000017938933760, 0x0000017938933ac8]

GC Heap History (20 events):
Event: 2.837 GC heap before
{Heap before GC invocations=3 (full 0):
 garbage-first heap   total 126976K, used 54184K [0x0000000080000000, 0x0000000100000000)
  region size 1024K, 45 young (46080K), 4 survivors (4096K)
 Metaspace       used 17674K, capacity 18026K, committed 18176K, reserved 1064960K
  class space    used 2061K, capacity 2196K, committed 2304K, reserved 1048576K
}
Event: 2.844 GC heap after
{Heap after GC invocations=4 (full 0):
 garbage-first heap   total 126976K, used 15919K [0x0000000080000000, 0x0000000100000000)
  region size 1024K, 6 young (6144K), 6 survivors (6144K)
 Metaspace       used 17674K, capacity 18026K, committed 18176K, reserved 1064960K
  class space    used 2061K, capacity 2196K, committed 2304K, reserved 1048576K
}
Event: 3.188 GC heap before
{Heap before GC invocations=4 (full 0):
 garbage-first heap   total 126976K, used 45615K [0x0000000080000000, 0x0000000100000000)
  region size 1024K, 37 young (37888K), 6 survivors (6144K)
 Metaspace       used 20740K, capacity 21158K, committed 21248K, reserved 1067008K
  class space    used 2550K, capacity 2729K, committed 2816K, reserved 1048576K
}
Event: 3.195 GC heap after
{Heap after GC invocations=5 (full 0):
 garbage-first heap   total 152576K, used 17713K [0x0000000080000000, 0x0000000100000000)
  region size 1024K, 6 young (6144K), 6 survivors (6144K)
 Metaspace       used 20740K, capacity 21158K, committed 21248K, reserved 1067008K
  class space    used 2550K, capacity 2729K, committed 2816K, reserved 1048576K
}
Event: 4.170 GC heap before
{Heap before GC invocations=6 (full 0):
 garbage-first heap   total 152576K, used 78129K [0x0000000080000000, 0x0000000100000000)
  region size 1024K, 65 young (66560K), 6 survivors (6144K)
 Metaspace       used 27394K, capacity 28038K, committed 28160K, reserved 1073152K
  class space    used 3579K, capacity 3821K, committed 3840K, reserved 1048576K
}
Event: 4.182 GC heap after
{Heap after GC invocations=7 (full 0):
 garbage-first heap   total 152576K, used 20121K [0x0000000080000000, 0x0000000100000000)
  region size 1024K, 4 young (4096K), 4 survivors (4096K)
 Metaspace       used 27394K, capacity 28038K, committed 28160K, reserved 1073152K
  class space    used 3579K, capacity 3821K, committed 3840K, reserved 1048576K
}
Event: 5.335 GC heap before
{Heap before GC invocations=7 (full 0):
 garbage-first heap   total 152576K, used 103065K [0x0000000080000000, 0x0000000100000000)
  region size 1024K, 76 young (77824K), 4 survivors (4096K)
 Metaspace       used 34778K, capacity 35755K, committed 35840K, reserved 1081344K
  class space    used 4645K, capacity 4984K, committed 4992K, reserved 1048576K
}
Event: 5.351 GC heap after
{Heap after GC invocations=8 (full 0):
 garbage-first heap   total 152576K, used 36505K [0x0000000080000000, 0x0000000100000000)
  region size 1024K, 10 young (10240K), 10 survivors (10240K)
 Metaspace       used 34778K, capacity 35755K, committed 35840K, reserved 1081344K
  class space    used 4645K, capacity 4984K, committed 4992K, reserved 1048576K
}
Event: 5.377 GC heap before
{Heap before GC invocations=8 (full 0):
 garbage-first heap   total 152576K, used 36505K [0x0000000080000000, 0x0000000100000000)
  region size 1024K, 11 young (11264K), 10 survivors (10240K)
 Metaspace       used 34955K, capacity 35825K, committed 35840K, reserved 1081344K
  class space    used 4657K, capacity 4986K, committed 4992K, reserved 1048576K
}
Event: 5.391 GC heap after
{Heap after GC invocations=9 (full 0):
 garbage-first heap   total 152576K, used 37152K [0x0000000080000000, 0x0000000100000000)
  region size 1024K, 1 young (1024K), 1 survivors (1024K)
 Metaspace       used 34955K, capacity 35825K, committed 35840K, reserved 1081344K
  class space    used 4657K, capacity 4986K, committed 4992K, reserved 1048576K
}
Event: 6.403 GC heap before
{Heap before GC invocations=10 (full 0):
 garbage-first heap   total 152576K, used 90400K [0x0000000080000000, 0x0000000100000000)
  region size 1024K, 51 young (52224K), 1 survivors (1024K)
 Metaspace       used 41487K, capacity 42524K, committed 42828K, reserved 1087488K
  class space    used 5282K, capacity 5658K, committed 5708K, reserved 1048576K
}
Event: 6.414 GC heap after
{Heap after GC invocations=11 (full 0):
 garbage-first heap   total 183296K, used 41719K [0x0000000080000000, 0x0000000100000000)
  region size 1024K, 6 young (6144K), 6 survivors (6144K)
 Metaspace       used 41487K, capacity 42524K, committed 42828K, reserved 1087488K
  class space    used 5282K, capacity 5658K, committed 5708K, reserved 1048576K
}
Event: 7.514 GC heap before
{Heap before GC invocations=12 (full 0):
 garbage-first heap   total 183296K, used 113399K [0x0000000080000000, 0x0000000100000000)
  region size 1024K, 72 young (73728K), 6 survivors (6144K)
 Metaspace       used 46265K, capacity 47401K, committed 47564K, reserved 1091584K
  class space    used 5864K, capacity 6293K, committed 6348K, reserved 1048576K
}
Event: 7.536 GC heap after
{Heap after GC invocations=13 (full 0):
 garbage-first heap   total 183296K, used 50699K [0x0000000080000000, 0x0000000100000000)
  region size 1024K, 6 young (6144K), 6 survivors (6144K)
 Metaspace       used 46265K, capacity 47401K, committed 47564K, reserved 1091584K
  class space    used 5864K, capacity 6293K, committed 6348K, reserved 1048576K
}
Event: 8.525 GC heap before
{Heap before GC invocations=13 (full 0):
 garbage-first heap   total 183296K, used 123403K [0x0000000080000000, 0x0000000100000000)
  region size 1024K, 73 young (74752K), 6 survivors (6144K)
 Metaspace       used 50463K, capacity 51857K, committed 52172K, reserved 1093632K
  class space    used 6539K, capacity 7031K, committed 7116K, reserved 1048576K
}
Event: 8.537 GC heap after
{Heap after GC invocations=14 (full 0):
 garbage-first heap   total 183296K, used 58778K [0x0000000080000000, 0x0000000100000000)
  region size 1024K, 5 young (5120K), 5 survivors (5120K)
 Metaspace       used 50463K, capacity 51857K, committed 52172K, reserved 1093632K
  class space    used 6539K, capacity 7031K, committed 7116K, reserved 1048576K
}
Event: 10.000 GC heap before
{Heap before GC invocations=14 (full 0):
 garbage-first heap   total 183296K, used 133530K [0x0000000080000000, 0x0000000100000000)
  region size 1024K, 71 young (72704K), 5 survivors (5120K)
 Metaspace       used 53873K, capacity 55413K, committed 55628K, reserved 1097728K
  class space    used 6923K, capacity 7458K, committed 7500K, reserved 1048576K
}
Event: 10.013 GC heap after
{Heap after GC invocations=15 (full 0):
 garbage-first heap   total 183296K, used 77704K [0x0000000080000000, 0x0000000100000000)
  region size 1024K, 9 young (9216K), 9 survivors (9216K)
 Metaspace       used 53873K, capacity 55413K, committed 55628K, reserved 1097728K
  class space    used 6923K, capacity 7458K, committed 7500K, reserved 1048576K
}
Event: 11.502 GC heap before
{Heap before GC invocations=15 (full 0):
 garbage-first heap   total 183296K, used 134024K [0x0000000080000000, 0x0000000100000000)
  region size 1024K, 64 young (65536K), 9 survivors (9216K)
 Metaspace       used 61511K, capacity 63134K, committed 63180K, reserved 1103872K
  class space    used 7838K, capacity 8385K, committed 8396K, reserved 1048576K
}
Event: 11.515 GC heap after
{Heap after GC invocations=16 (full 0):
 garbage-first heap   total 220160K, used 81118K [0x0000000080000000, 0x0000000100000000)
  region size 1024K, 3 young (3072K), 3 survivors (3072K)
 Metaspace       used 61511K, capacity 63134K, committed 63180K, reserved 1103872K
  class space    used 7838K, capacity 8385K, committed 8396K, reserved 1048576K
}

Deoptimization events (20 events):
Event: 9.948 Thread 0x0000017951554000 Uncommon trap: trap_request=0xffffff45 fr.pc=0x000001793f2ac16c relative=0x000000000000020c
Event: 9.948 Thread 0x0000017951554000 Uncommon trap: reason=unstable_fused_if action=reinterpret pc=0x000001793f2ac16c method=org.objectweb.asm.ByteVector.putUTF8(Ljava/lang/String;)Lorg/objectweb/asm/ByteVector; @ 93 c2
Event: 9.948 Thread 0x0000017951554000 DEOPT PACKING pc=0x000001793f2ac16c sp=0x0000006290df7a00
Event: 9.948 Thread 0x0000017951554000 DEOPT UNPACKING pc=0x00000179376885af sp=0x0000006290df7980 mode 2
Event: 10.223 Thread 0x0000017951554000 Uncommon trap: trap_request=0xffffffc6 fr.pc=0x000001793f279f20 relative=0x00000000000005a0
Event: 10.223 Thread 0x0000017951554000 Uncommon trap: reason=bimorphic_or_optimized_type_check action=maybe_recompile pc=0x000001793f279f20 method=java.io.BufferedInputStream.read([BII)I @ 101 c2
Event: 10.223 Thread 0x0000017951554000 DEOPT PACKING pc=0x000001793f279f20 sp=0x0000006290df7470
Event: 10.223 Thread 0x0000017951554000 DEOPT UNPACKING pc=0x00000179376885af sp=0x0000006290df7428 mode 2
Event: 10.623 Thread 0x0000017951554000 Uncommon trap: trap_request=0xffffffdc fr.pc=0x000001793f49e160 relative=0x00000000000002a0
Event: 10.623 Thread 0x0000017951554000 Uncommon trap: reason=class_check action=make_not_entrant pc=0x000001793f49e160 method=java.util.ArrayList.toArray([Ljava/lang/Object;)[Ljava/lang/Object; @ 21 c2
Event: 10.623 Thread 0x0000017951554000 DEOPT PACKING pc=0x000001793f49e160 sp=0x0000006290df7790
Event: 10.623 Thread 0x0000017951554000 DEOPT UNPACKING pc=0x00000179376885af sp=0x0000006290df7760 mode 2
Event: 11.133 Thread 0x0000017951554000 Uncommon trap: trap_request=0xffffffde fr.pc=0x000001793f337d94 relative=0x0000000000001414
Event: 11.133 Thread 0x0000017951554000 Uncommon trap: reason=class_check action=maybe_recompile pc=0x000001793f337d94 method=jdk.internal.loader.BuiltinClassLoader.loadClassOrNull(Ljava/lang/String;Z)Ljava/lang/Class; @ 86 c2
Event: 11.133 Thread 0x0000017951554000 DEOPT PACKING pc=0x000001793f337d94 sp=0x0000006290df59a0
Event: 11.133 Thread 0x0000017951554000 DEOPT UNPACKING pc=0x00000179376885af sp=0x0000006290df5968 mode 2
Event: 11.516 Thread 0x000001794e9bc000 Uncommon trap: trap_request=0xffffffde fr.pc=0x000001793f2a9cec relative=0x000000000000052c
Event: 11.516 Thread 0x000001794e9bc000 Uncommon trap: reason=class_check action=maybe_recompile pc=0x000001793f2a9cec method=jdk.internal.ref.PhantomCleanable.clean()V @ 12 c2
Event: 11.516 Thread 0x000001794e9bc000 DEOPT PACKING pc=0x000001793f2a9cec sp=0x00000062904feff0
Event: 11.516 Thread 0x000001794e9bc000 DEOPT UNPACKING pc=0x00000179376885af sp=0x00000062904fefd0 mode 2

Classes redefined (0 events):
No events

Internal exceptions (20 events):
Event: 9.411 Thread 0x0000017951554000 Exception <a 'java/security/PrivilegedActionException'{0x0000000088b88af8}> (0x0000000088b88af8) thrown at [./src/hotspot/share/prims/jvm.cpp, line 1306]
Event: 9.597 Thread 0x0000017951554000 Exception <a 'java/lang/ClassNotFoundException'{0x0000000088579928}: org/gradle/api/tasks/Delete_DecoratedBeanInfo> (0x0000000088579928) thrown at [./src/hotspot/share/classfile/systemDictionary.cpp, line 231]
Event: 9.598 Thread 0x0000017951554000 Exception <a 'java/lang/ClassNotFoundException'{0x00000000885a5828}: org/gradle/api/tasks/DeleteBeanInfo> (0x00000000885a5828) thrown at [./src/hotspot/share/classfile/systemDictionary.cpp, line 231]
Event: 9.599 Thread 0x0000017951554000 Exception <a 'java/lang/ClassNotFoundException'{0x00000000885d4518}: org/gradle/api/internal/ConventionTaskBeanInfo> (0x00000000885d4518) thrown at [./src/hotspot/share/classfile/systemDictionary.cpp, line 231]
Event: 9.600 Thread 0x0000017951554000 Exception <a 'java/lang/ClassNotFoundException'{0x00000000885feda8}: org/gradle/api/DefaultTaskBeanInfo> (0x00000000885feda8) thrown at [./src/hotspot/share/classfile/systemDictionary.cpp, line 231]
Event: 9.601 Thread 0x0000017951554000 Exception <a 'java/lang/ClassNotFoundException'{0x000000008842da10}: org/gradle/api/internal/AbstractTaskBeanInfo> (0x000000008842da10) thrown at [./src/hotspot/share/classfile/systemDictionary.cpp, line 231]
Event: 9.603 Thread 0x0000017951554000 Exception <a 'java/lang/ClassNotFoundException'{0x000000008845c6d8}: org/gradle/api/internal/AbstractTaskCustomizer> (0x000000008845c6d8) thrown at [./src/hotspot/share/classfile/systemDictionary.cpp, line 231]
Event: 9.608 Thread 0x0000017951554000 Exception <a 'java/lang/ClassNotFoundException'{0x00000000884d2278}: org/gradle/api/DefaultTaskCustomizer> (0x00000000884d2278) thrown at [./src/hotspot/share/classfile/systemDictionary.cpp, line 231]
Event: 9.615 Thread 0x0000017951554000 Exception <a 'java/lang/ClassNotFoundException'{0x0000000088356888}: org/gradle/api/internal/ConventionTaskCustomizer> (0x0000000088356888) thrown at [./src/hotspot/share/classfile/systemDictionary.cpp, line 231]
Event: 9.617 Thread 0x0000017951554000 Exception <a 'java/lang/ClassNotFoundException'{0x0000000088391e70}: org/gradle/api/tasks/DeleteCustomizer> (0x0000000088391e70) thrown at [./src/hotspot/share/classfile/systemDictionary.cpp, line 231]
Event: 9.623 Thread 0x0000017951554000 Exception <a 'java/lang/ClassNotFoundException'{0x00000000883d4608}: org/gradle/api/tasks/Delete_DecoratedCustomizer> (0x00000000883d4608) thrown at [./src/hotspot/share/classfile/systemDictionary.cpp, line 231]
Event: 9.711 Thread 0x0000017951554000 Exception <a 'java/lang/ClassNotFoundException'{0x00000000882fbc80}: build_bq7qw2r56ri7rdmhfhj6a25i9BeanInfo> (0x00000000882fbc80) thrown at [./src/hotspot/share/classfile/systemDictionary.cpp, line 231]
Event: 9.712 Thread 0x0000017951554000 Exception <a 'java/lang/ClassNotFoundException'{0x0000000088110f78}: build_bq7qw2r56ri7rdmhfhj6a25i9Customizer> (0x0000000088110f78) thrown at [./src/hotspot/share/classfile/systemDictionary.cpp, line 231]
Event: 9.893 Thread 0x0000017951554000 Exception <a 'java/lang/NoSuchMethodError'{0x00000000876b1778}: 'java.lang.Object java.lang.invoke.DirectMethodHandle$Holder.invokeStatic(java.lang.Object, java.lang.Object, java.lang.Object, java.lang.Object, int)'> (0x00000000876b1778) thrown at [./src/hotspot/share/interpreter/linkResolver.cpp, line 773]
Event: 9.894 Thread 0x0000017951554000 Exception <a 'java/lang/NoSuchMethodError'{0x00000000876b6170}: 'java.lang.Object java.lang.invoke.DirectMethodHandle$Holder.invokeSpecial(java.lang.Object, java.lang.Object, java.lang.Object, java.lang.Object, java.lang.Object, int)'> (0x00000000876b6170) thrown at [./src/hotspot/share/interpreter/linkResolver.cpp, line 773]
Event: 9.894 Thread 0x0000017951554000 Exception <a 'java/lang/NoSuchMethodError'{0x00000000876ba7b0}: 'java.lang.Object java.lang.invoke.Invokers$Holder.linkToTargetMethod(java.lang.Object, java.lang.Object, java.lang.Object, int, java.lang.Object)'> (0x00000000876ba7b0) thrown at [./src/hotspot/share/interpreter/linkResolver.cpp, line 773]
Event: 10.266 Thread 0x0000017951554000 Exception <a 'java/lang/NoSuchMethodError'{0x000000008a734820}: 'java.lang.Object java.lang.invoke.DirectMethodHandle$Holder.invokeSpecial(java.lang.Object, java.lang.Object, int, int, java.lang.Object, java.lang.Object, java.lang.Object)'> (0x000000008a734820) thrown at [./src/hotspot/share/interpreter/linkResolver.cpp, line 773]
Event: 10.267 Thread 0x0000017951554000 Exception <a 'java/lang/NoSuchMethodError'{0x000000008a739048}: 'java.lang.Object java.lang.invoke.DelegatingMethodHandle$Holder.reinvoke_L(java.lang.Object, int, int, java.lang.Object, java.lang.Object, java.lang.Object)'> (0x000000008a739048) thrown at [./src/hotspot/share/interpreter/linkResolver.cpp, line 773]
Event: 10.665 Thread 0x0000017951554000 Exception <a 'java/lang/NoSuchMethodError'{0x0000000089a81eb8}: 'int java.lang.invoke.DirectMethodHandle$Holder.invokeInterface(java.lang.Object, java.lang.Object, java.lang.Object, java.lang.Object)'> (0x0000000089a81eb8) thrown at [./src/hotspot/share/interpreter/linkResolver.cpp, line 773]
Event: 11.338 Thread 0x0000017951554000 Exception <a 'java/lang/NoSuchMethodError'{0x00000000883e0c48}: 'void java.lang.invoke.DirectMethodHandle$Holder.invokeInterface(java.lang.Object, java.lang.Object, java.lang.Object, java.lang.Object)'> (0x00000000883e0c48) thrown at [./src/hotspot/share/interpreter/linkResolver.cpp, line 773]

Events (20 events):
Event: 11.546 loading class javax/management/NotificationBroadcasterSupport$1 done
Event: 11.546 loading class com/sun/jmx/remote/util/ClassLogger
Event: 11.547 loading class com/sun/jmx/remote/util/ClassLogger done
Event: 11.547 loading class jdk/internal/logger/LazyLoggers
Event: 11.547 loading class jdk/internal/logger/LazyLoggers done
Event: 11.547 loading class jdk/internal/logger/LazyLoggers$1
Event: 11.547 loading class jdk/internal/logger/LazyLoggers$1 done
Event: 11.547 loading class jdk/internal/logger/LazyLoggers$LazyLoggerFactories
Event: 11.547 loading class jdk/internal/logger/LazyLoggers$LazyLoggerFactories done
Event: 11.548 loading class jdk/internal/logger/LoggerFinderLoader
Event: 11.548 loading class jdk/internal/logger/LoggerFinderLoader done
Event: 11.549 Executing VM operation: RevokeBias
Event: 11.549 Executing VM operation: RevokeBias done
Event: 11.549 loading class sun/util/logging/internal/LoggingProviderImpl$JULWrapper
Event: 11.550 loading class sun/util/logging/PlatformLogger$ConfigurableBridge$LoggerConfiguration
Event: 11.550 loading class sun/util/logging/PlatformLogger$ConfigurableBridge$LoggerConfiguration done
Event: 11.550 loading class sun/util/logging/internal/LoggingProviderImpl$JULWrapper done
Event: 11.550 loading class javax/management/MBeanOperationInfo
Event: 11.550 loading class javax/management/MBeanOperationInfo done
Event: 11.550 loading class javax/management/MBeanConstructorInfo


Dynamic libraries:
0x00007ff79a530000 - 0x00007ff79a53a000 	C:\Program Files\Android\Android Studio\jre\bin\java.exe
0x00007ff878ee0000 - 0x00007ff8790e9000 	C:\WINDOWS\SYSTEM32\ntdll.dll
0x00007ff877fa0000 - 0x00007ff87805d000 	C:\WINDOWS\System32\KERNEL32.DLL
0x00007ff8769f0000 - 0x00007ff876d69000 	C:\WINDOWS\System32\KERNELBASE.dll
0x00007ff854f40000 - 0x00007ff854f57000 	C:\Program Files\Android\Android Studio\jre\bin\VCRUNTIME140.dll
0x00007ff8568e0000 - 0x00007ff8568f9000 	C:\Program Files\Android\Android Studio\jre\bin\jli.dll
0x00007ff877d40000 - 0x00007ff877eec000 	C:\WINDOWS\System32\USER32.dll
0x00007ff876460000 - 0x00007ff876486000 	C:\WINDOWS\System32\win32u.dll
0x00007ff876680000 - 0x00007ff876791000 	C:\WINDOWS\System32\ucrtbase.dll
0x00007ff878200000 - 0x00007ff878229000 	C:\WINDOWS\System32\GDI32.dll
0x00007ff8768d0000 - 0x00007ff8769e2000 	C:\WINDOWS\System32\gdi32full.dll
0x00007ff85bce0000 - 0x00007ff85bf85000 	C:\WINDOWS\WinSxS\amd64_microsoft.windows.common-controls_6595b64144ccf1df_6.0.22000.120_none_9d947278b86cc467\COMCTL32.dll
0x00007ff8763c0000 - 0x00007ff87645d000 	C:\WINDOWS\System32\msvcp_win.dll
0x00007ff878c60000 - 0x00007ff878d03000 	C:\WINDOWS\System32\msvcrt.dll
0x00007ff8773f0000 - 0x00007ff877421000 	C:\WINDOWS\System32\IMM32.DLL
0x00007ff846fb0000 - 0x00007ff84704d000 	C:\Program Files\Android\Android Studio\jre\bin\msvcp140.dll
0x00007ffffe1f0000 - 0x00007ffffecd5000 	C:\Program Files\Android\Android Studio\jre\bin\server\jvm.dll
0x00007ff877720000 - 0x00007ff8777ce000 	C:\WINDOWS\System32\ADVAPI32.dll
0x00007ff876f60000 - 0x00007ff876ffe000 	C:\WINDOWS\System32\sechost.dll
0x00007ff878d80000 - 0x00007ff878ea0000 	C:\WINDOWS\System32\RPCRT4.dll
0x00007ff877590000 - 0x00007ff877598000 	C:\WINDOWS\System32\PSAPI.DLL
0x00007ff852d40000 - 0x00007ff852d49000 	C:\WINDOWS\SYSTEM32\WSOCK32.dll
0x00007ff86dea0000 - 0x00007ff86deaa000 	C:\WINDOWS\SYSTEM32\VERSION.dll
0x00007ff877430000 - 0x00007ff87749f000 	C:\WINDOWS\System32\WS2_32.dll
0x00007ff868890000 - 0x00007ff8688c3000 	C:\WINDOWS\SYSTEM32\WINMM.dll
0x00007ff8754c0000 - 0x00007ff8754d8000 	C:\WINDOWS\SYSTEM32\kernel.appcore.dll
0x00007ff871170000 - 0x00007ff871181000 	C:\Program Files\Android\Android Studio\jre\bin\verify.dll
0x00007ff873cf0000 - 0x00007ff873f11000 	C:\WINDOWS\SYSTEM32\DBGHELP.DLL
0x00007ff850cc0000 - 0x00007ff850cf1000 	C:\WINDOWS\SYSTEM32\dbgcore.DLL
0x00007ff876600000 - 0x00007ff87667f000 	C:\WINDOWS\System32\bcryptPrimitives.dll
0x00007ff871040000 - 0x00007ff871069000 	C:\Program Files\Android\Android Studio\jre\bin\java.dll
0x00007ff86f490000 - 0x00007ff86f49b000 	C:\Program Files\Android\Android Studio\jre\bin\jimage.dll
0x00007ff86f470000 - 0x00007ff86f488000 	C:\Program Files\Android\Android Studio\jre\bin\zip.dll
0x00007ff878310000 - 0x00007ff878ac8000 	C:\WINDOWS\System32\SHELL32.dll
0x00007ff874530000 - 0x00007ff874d97000 	C:\WINDOWS\SYSTEM32\windows.storage.dll
0x00007ff877060000 - 0x00007ff8773d9000 	C:\WINDOWS\System32\combase.dll
0x00007ff8743c0000 - 0x00007ff874526000 	C:\WINDOWS\SYSTEM32\wintypes.dll
0x00007ff8774a0000 - 0x00007ff87758a000 	C:\WINDOWS\System32\SHCORE.dll
0x00007ff8775a0000 - 0x00007ff8775fd000 	C:\WINDOWS\System32\shlwapi.dll
0x00007ff8762f0000 - 0x00007ff876311000 	C:\WINDOWS\SYSTEM32\profapi.dll
0x00007ff85f520000 - 0x00007ff85f53a000 	C:\Program Files\Android\Android Studio\jre\bin\net.dll
0x00007ff86e090000 - 0x00007ff86e19c000 	C:\WINDOWS\SYSTEM32\WINHTTP.dll
0x00007ff8758f0000 - 0x00007ff875957000 	C:\WINDOWS\system32\mswsock.dll
0x00007ff858690000 - 0x00007ff8586a4000 	C:\Program Files\Android\Android Studio\jre\bin\nio.dll
0x00007ff8567a0000 - 0x00007ff8567c7000 	C:\Users\ASUS\.gradle\native\e1d6ef7f7dcc3fd88c89a11ec53ec762bb8ba0a96d01ffa2cd45eb1d1d8dd5c5\windows-amd64\native-platform.dll
0x00007ff82c2c0000 - 0x00007ff82c404000 	C:\Users\ASUS\.gradle\native\5664cfc778a61ccfe75a443a1ab52a65af34e5dc3c78e0209fed803814484fcb\windows-amd64\native-platform-file-events.dll
0x00007ff86f460000 - 0x00007ff86f46a000 	C:\Program Files\Android\Android Studio\jre\bin\management.dll
0x00007ff86f430000 - 0x00007ff86f43d000 	C:\Program Files\Android\Android Studio\jre\bin\management_ext.dll
0x00007ff875ba0000 - 0x00007ff875bb8000 	C:\WINDOWS\SYSTEM32\CRYPTSP.dll
0x00007ff875420000 - 0x00007ff875455000 	C:\WINDOWS\system32\rsaenh.dll
0x00007ff8759e0000 - 0x00007ff875a09000 	C:\WINDOWS\SYSTEM32\USERENV.dll
0x00007ff875d20000 - 0x00007ff875d47000 	C:\WINDOWS\SYSTEM32\bcrypt.dll
0x00007ff875bc0000 - 0x00007ff875bcc000 	C:\WINDOWS\SYSTEM32\CRYPTBASE.dll
0x00007ff875030000 - 0x00007ff87505d000 	C:\WINDOWS\SYSTEM32\IPHLPAPI.DLL
0x00007ff8773e0000 - 0x00007ff8773e9000 	C:\WINDOWS\System32\NSI.dll
0x00007ff86deb0000 - 0x00007ff86dec9000 	C:\WINDOWS\SYSTEM32\dhcpcsvc6.DLL
0x00007ff86e2f0000 - 0x00007ff86e30e000 	C:\WINDOWS\SYSTEM32\dhcpcsvc.DLL
0x00007ff875060000 - 0x00007ff875148000 	C:\WINDOWS\SYSTEM32\DNSAPI.dll

dbghelp: loaded successfully - version: 4.0.5 - missing functions: none
symbol engine: initialized successfully - sym options: 0x614 - pdb path: .;C:\Program Files\Android\Android Studio\jre\bin;C:\WINDOWS\SYSTEM32;C:\WINDOWS\WinSxS\amd64_microsoft.windows.common-controls_6595b64144ccf1df_6.0.22000.120_none_9d947278b86cc467;C:\Program Files\Android\Android Studio\jre\bin\server;C:\Users\ASUS\.gradle\native\e1d6ef7f7dcc3fd88c89a11ec53ec762bb8ba0a96d01ffa2cd45eb1d1d8dd5c5\windows-amd64;C:\Users\ASUS\.gradle\native\5664cfc778a61ccfe75a443a1ab52a65af34e5dc3c78e0209fed803814484fcb\windows-amd64

VM Arguments:
jvm_args: --add-opens=java.base/java.util=ALL-UNNAMED --add-opens=java.base/java.lang=ALL-UNNAMED --add-opens=java.base/java.lang.invoke=ALL-UNNAMED --add-opens=java.base/java.util=ALL-UNNAMED --add-opens=java.prefs/java.util.prefs=ALL-UNNAMED --add-opens=java.prefs/java.util.prefs=ALL-UNNAMED --add-opens=java.base/java.nio.charset=ALL-UNNAMED --add-opens=java.base/java.net=ALL-UNNAMED --add-opens=java.base/java.util.concurrent.atomic=ALL-UNNAMED -Xmx2048m -Dfile.encoding=UTF-8 -Duser.country=IN -Duser.language=en -Duser.variant 
java_command: org.gradle.launcher.daemon.bootstrap.GradleDaemon 7.3.3
java_class_path (initial): C:\Users\ASUS\.gradle\wrapper\dists\gradle-7.3.3-bin\6a41zxkdtcxs8rphpq6y0069z\gradle-7.3.3\lib\gradle-launcher-7.3.3.jar
Launcher Type: SUN_STANDARD

[Global flags]
     intx CICompilerCount                          = 3                                         {product} {ergonomic}
     uint ConcGCThreads                            = 1                                         {product} {ergonomic}
     uint G1ConcRefinementThreads                  = 4                                         {product} {ergonomic}
   size_t G1HeapRegionSize                         = 1048576                                   {product} {ergonomic}
    uintx GCDrainStackTargetSize                   = 64                                        {product} {ergonomic}
   size_t InitialHeapSize                          = 130023424                                 {product} {ergonomic}
   size_t MarkStackSize                            = 4194304                                   {product} {ergonomic}
   size_t MaxHeapSize                              = 2147483648                                {product} {command line}
   size_t MaxNewSize                               = 1287651328                                {product} {ergonomic}
   size_t MinHeapDeltaBytes                        = 1048576                                   {product} {ergonomic}
    uintx NonNMethodCodeHeapSize                   = 5830732                                {pd product} {ergonomic}
    uintx NonProfiledCodeHeapSize                  = 122913754                              {pd product} {ergonomic}
    uintx ProfiledCodeHeapSize                     = 122913754                              {pd product} {ergonomic}
    uintx ReservedCodeCacheSize                    = 251658240                              {pd product} {ergonomic}
     bool SegmentedCodeCache                       = true                                      {product} {ergonomic}
     bool UseCompressedClassPointers               = true                                 {lp64_product} {ergonomic}
     bool UseCompressedOops                        = true                                 {lp64_product} {ergonomic}
     bool UseG1GC                                  = true                                      {product} {ergonomic}
     bool UseLargePagesIndividualAllocation        = false                                  {pd product} {ergonomic}

Logging:
Log output configuration:
 #0: stdout all=warning uptime,level,tags
 #1: stderr all=off uptime,level,tags

Environment Variables:
PATH=C:\Python310\Scripts\;C:\Python310\;C:\Program Files\Common Files\Oracle\Java\javapath;C:\WINDOWS\system32;C:\WINDOWS;C:\WINDOWS\System32\Wbem;C:\WINDOWS\System32\WindowsPowerShell\v1.0\;C:\WINDOWS\System32\OpenSSH\;C:\MinGW\bin;D:\flutter\bin;C:\Program Files\nodejs\;C:\ProgramData\chocolatey\bin;C:\Ruby27-x64\bin;C:\Program Files\Git\cmd;C:\Users\ASUS\Downloads\platform-tools_r33.0.0-windows\platform-tools;C:\Program Files\Android\sdk;C:\Program Files\Android\sdk\platform-tools;C:\Program Files\MongoDB\Server\5.0\bin;C:\Program Files\MATLAB\R2016a\runtime\win64;C:\Program Files\MATLAB\R2016a\bin;C:\Program Files\MATLAB\R2016a\polyspace\bin;C:\Ruby27-x64\bin;C:\Users\ASUS\AppData\Local\Programs\Python\Python39\Scripts\;C:\Users\ASUS\AppData\Local\Programs\Python\Python39\;C:\Users\ASUS\AppData\Local\Microsoft\WindowsApps;C:\Users\ASUS\AppData\Local\Programs\Microsoft VS Code\bin;C:\Users\ASUS\AppData\Local\GitHubDesktop\bin;C:\Program Files\JetBrains\IntelliJ IDEA Community Edition 2021.2\bin;;C:\Users\ASUS\AppData\Roaming\npm;C:\Users\ASUS\Downloads\platform-tools_r33.0.0-windows\platform-tools;C:\Program Files\Android\sdk;C:\Program Files\Android\sdk\platform-tools;C:\Program Files\MongoDB\Server\5.0\bin;
USERNAME=ASUS
OS=Windows_NT
PROCESSOR_IDENTIFIER=Intel64 Family 6 Model 126 Stepping 5, GenuineIntel



---------------  S Y S T E M  ---------------

OS: Windows 10 , 64 bit Build 22000 (10.0.22000.708)
OS uptime: 0 days 8:46 hours

CPU:total 4 (initial active 4) (2 cores per cpu, 2 threads per core) family 6 model 126 stepping 5 microcode 0xa0, cmov, cx8, fxsr, mmx, sse, sse2, sse3, ssse3, sse4.1, sse4.2, popcnt, avx, avx2, aes, clmul, erms, 3dnowpref, lzcnt, ht, tsc, tscinvbit, bmi1, bmi2, adx, evex, sha, fma

Memory: 4k page, system-wide physical 7930M (746M free)
TotalPageFile size 9978M (AvailPageFile size 5M)
current process WorkingSet (physical memory assigned to process): 396M, peak: 396M
current process commit charge ("private bytes"): 461M, peak: 461M

vm_info: OpenJDK 64-Bit Server VM (11.0.12+7-b1504.28-7817840) for windows-amd64 JRE (11.0.12+7-b1504.28-7817840), built on Oct 13 2021 22:12:33 by "builder" with MS VC++ 14.0 (VS2015)

END.
