#
# There is insufficient memory for the Java Runtime Environment to continue.
# Native memory allocation (malloc) failed to allocate 1532976 bytes for Chunk::new
# Possible reasons:
#   The system is out of physical RAM or swap space
#   The process is running with CompressedOops enabled, and the Java Heap may be blocking the growth of the native heap
# Possible solutions:
#   Reduce memory load on the system
#   Increase physical memory or swap space
#   Check if swap backing store is full
#   Decrease Java heap size (-Xmx/-Xms)
#   Decrease number of Java threads
#   Decrease Java thread stack sizes (-Xss)
#   Set larger code cache with -XX:ReservedCodeCacheSize=
#   JVM is running with Unscaled Compressed Oops mode in which the Java heap is
#     placed in the first 4GB address space. The Java Heap base address is the
#     maximum limit for the native heap growth. Please use -XX:HeapBaseMinAddress
#     to set the Java Heap base and to place the Java Heap above 4GB virtual address.
# This output file may be truncated or incomplete.
#
#  Out of Memory Error (./src/hotspot/share/memory/arena.cpp:197), pid=18400, tid=1932
#
# JRE version: OpenJDK Runtime Environment (11.0.12+7) (build 11.0.12+7-b1504.28-7817840)
# Java VM: OpenJDK 64-Bit Server VM (11.0.12+7-b1504.28-7817840, mixed mode, tiered, compressed oops, g1 gc, windows-amd64)
# No core dump will be written. Minidumps are not enabled by default on client versions of Windows
#

---------------  S U M M A R Y ------------

Command Line: --add-opens=java.base/java.util=ALL-UNNAMED --add-opens=java.base/java.lang=ALL-UNNAMED --add-opens=java.base/java.lang.invoke=ALL-UNNAMED --add-opens=java.base/java.util=ALL-UNNAMED --add-opens=java.prefs/java.util.prefs=ALL-UNNAMED --add-opens=java.prefs/java.util.prefs=ALL-UNNAMED --add-opens=java.base/java.nio.charset=ALL-UNNAMED --add-opens=java.base/java.net=ALL-UNNAMED --add-opens=java.base/java.util.concurrent.atomic=ALL-UNNAMED -Xmx2048m -Dfile.encoding=UTF-8 -Duser.country=IN -Duser.language=en -Duser.variant org.gradle.launcher.daemon.bootstrap.GradleDaemon 7.3.3

Host: Intel(R) Core(TM) i3-1005G1 CPU @ 1.20GHz, 4 cores, 7G,  Windows 10 , 64 bit Build 22000 (10.0.22000.708)
Time: Fri Aug 19 02:14:34 2022 India Standard Time elapsed time: 28.683359 seconds (0d 0h 0m 28s)

---------------  T H R E A D  ---------------

Current thread (0x00000194a43b6800):  JavaThread "C2 CompilerThread1" daemon [_thread_in_native, id=1932, stack(0x000000602ab00000,0x000000602ac00000)]


Current CompileTask:
C2:  28683 9928   !   4       org.gradle.api.internal.attributes.DefaultImmutableAttributesFactory::doConcatIsolatable (128 bytes)

Stack: [0x000000602ab00000,0x000000602ac00000]
Native frames: (J=compiled Java code, j=interpreted, Vv=VM code, C=native code)
V  [jvm.dll+0x5fbcea]
V  [jvm.dll+0x731905]
V  [jvm.dll+0x732f1d]
V  [jvm.dll+0x7335d3]
V  [jvm.dll+0x247bf8]
V  [jvm.dll+0xc018c]
V  [jvm.dll+0xc06cc]
V  [jvm.dll+0x35b2db]
V  [jvm.dll+0x328803]
V  [jvm.dll+0x327cfa]
V  [jvm.dll+0x200602]
V  [jvm.dll+0x1ff794]
V  [jvm.dll+0x18868c]
V  [jvm.dll+0x20e0d7]
V  [jvm.dll+0x20c901]
V  [jvm.dll+0x6f9b7f]
V  [jvm.dll+0x6f26a5]
V  [jvm.dll+0x5fabf6]
C  [ucrtbase.dll+0x26c0c]
C  [KERNEL32.DLL+0x154e0]
C  [ntdll.dll+0x485b]


---------------  P R O C E S S  ---------------

Threads class SMR info:
_java_thread_list=0x00000194a7557a60, length=81, elements={
0x00000194856cf000, 0x000001949f2c3000, 0x000001949f2c4800, 0x000001949fc52800,
0x000001949f2e1000, 0x000001949f2e5000, 0x000001949f2e8800, 0x000001949f2ea000,
0x000001949f2ef000, 0x000001949fda7800, 0x00000194a1158000, 0x00000194a2405000,
0x00000194a2552000, 0x00000194a2112000, 0x00000194a2113000, 0x00000194a16b3000,
0x00000194a15a2800, 0x00000194a15a3800, 0x00000194a2126000, 0x00000194a248c000,
0x00000194a248c800, 0x00000194a248d800, 0x00000194a248e800, 0x00000194a248f000,
0x00000194a248a000, 0x00000194a248b000, 0x00000194a2490000, 0x00000194a2491000,
0x00000194a39f5000, 0x00000194a39fa000, 0x00000194a39fb800, 0x00000194a39fb000,
0x00000194a39f8800, 0x00000194a39f9000, 0x00000194a39fc800, 0x00000194a39f7800,
0x00000194a3a01800, 0x00000194a3a00800, 0x00000194a39ff000, 0x00000194a3a04000,
0x00000194a3a02000, 0x00000194a3a03000, 0x00000194a39fe000, 0x00000194a39ff800,
0x00000194a2210000, 0x00000194a220e800, 0x00000194a220d000, 0x00000194a220b000,
0x00000194a2212000, 0x00000194a220d800, 0x00000194a220f800, 0x00000194a2211000,
0x00000194a220c000, 0x00000194a2214000, 0x00000194a2216800, 0x00000194a2212800,
0x00000194a2216000, 0x00000194a2215000, 0x00000194a2217800, 0x00000194a2218800,
0x00000194a2219000, 0x00000194a2213800, 0x00000194a221a000, 0x00000194a3d7f000,
0x00000194a3d82800, 0x00000194a3d85800, 0x00000194a3d83000, 0x00000194a3d84000,
0x00000194a3d80000, 0x00000194a3d85000, 0x00000194a3d86800, 0x00000194a3d81000,
0x00000194a3d87800, 0x00000194a3d81800, 0x00000194a3d8e000, 0x00000194a3d8a800,
0x00000194a3d8c000, 0x00000194a43b6800, 0x00000194a3d8b800, 0x00000194a3d8a000,
0x00000194a8ead800
}

Java Threads: ( => current thread )
  0x00000194856cf000 JavaThread "main" [_thread_blocked, id=708, stack(0x0000006028900000,0x0000006028a00000)]
  0x000001949f2c3000 JavaThread "Reference Handler" daemon [_thread_blocked, id=17944, stack(0x0000006029000000,0x0000006029100000)]
  0x000001949f2c4800 JavaThread "Finalizer" daemon [_thread_blocked, id=19268, stack(0x0000006029100000,0x0000006029200000)]
  0x000001949fc52800 JavaThread "Signal Dispatcher" daemon [_thread_blocked, id=18716, stack(0x0000006029200000,0x0000006029300000)]
  0x000001949f2e1000 JavaThread "Attach Listener" daemon [_thread_blocked, id=140, stack(0x0000006029300000,0x0000006029400000)]
  0x000001949f2e5000 JavaThread "Service Thread" daemon [_thread_blocked, id=3556, stack(0x0000006029400000,0x0000006029500000)]
  0x000001949f2e8800 JavaThread "C2 CompilerThread0" daemon [_thread_in_native, id=15528, stack(0x0000006029500000,0x0000006029600000)]
  0x000001949f2ea000 JavaThread "C1 CompilerThread0" daemon [_thread_blocked, id=8124, stack(0x0000006029600000,0x0000006029700000)]
  0x000001949f2ef000 JavaThread "Sweeper thread" daemon [_thread_blocked, id=19724, stack(0x0000006029700000,0x0000006029800000)]
  0x000001949fda7800 JavaThread "Common-Cleaner" daemon [_thread_blocked, id=8564, stack(0x0000006029800000,0x0000006029900000)]
  0x00000194a1158000 JavaThread "Daemon health stats" [_thread_blocked, id=11128, stack(0x0000006029c00000,0x0000006029d00000)]
  0x00000194a2405000 JavaThread "Incoming local TCP Connector on port 51549" [_thread_in_native, id=18752, stack(0x0000006029b00000,0x0000006029c00000)]
  0x00000194a2552000 JavaThread "Daemon periodic checks" [_thread_blocked, id=17516, stack(0x0000006029d00000,0x0000006029e00000)]
  0x00000194a2112000 JavaThread "Daemon" [_thread_blocked, id=16236, stack(0x0000006029e00000,0x0000006029f00000)]
  0x00000194a2113000 JavaThread "Handler for socket connection from /127.0.0.1:51549 to /127.0.0.1:51550" [_thread_in_native, id=16340, stack(0x0000006029f00000,0x000000602a000000)]
  0x00000194a16b3000 JavaThread "Cancel handler" [_thread_blocked, id=18936, stack(0x000000602a000000,0x000000602a100000)]
  0x00000194a15a2800 JavaThread "Daemon worker" [_thread_in_Java, id=19820, stack(0x000000602a100000,0x000000602a200000)]
  0x00000194a15a3800 JavaThread "Asynchronous log dispatcher for DefaultDaemonConnection: socket connection from /127.0.0.1:51549 to /127.0.0.1:51550" [_thread_blocked, id=8180, stack(0x000000602a200000,0x000000602a300000)]
  0x00000194a2126000 JavaThread "Stdin handler" [_thread_blocked, id=14496, stack(0x000000602a300000,0x000000602a400000)]
  0x00000194a248c000 JavaThread "Daemon client event forwarder" [_thread_blocked, id=14044, stack(0x000000602a400000,0x000000602a500000)]
  0x00000194a248c800 JavaThread "Cache worker for journal cache (C:\Users\ASUS\.gradle\caches\journal-1)" [_thread_blocked, id=20444, stack(0x000000602a700000,0x000000602a800000)]
  0x00000194a248d800 JavaThread "File lock request listener" [_thread_in_native, id=14460, stack(0x000000602a800000,0x000000602a900000)]
  0x00000194a248e800 JavaThread "Cache worker for file hash cache (C:\Users\ASUS\.gradle\caches\7.3.3\fileHashes)" [_thread_blocked, id=17720, stack(0x000000602a900000,0x000000602aa00000)]
  0x00000194a248f000 JavaThread "Cache worker for file hash cache (D:\Android Development\LiveEdgeDetectionSDK\.gradle\7.3.3\fileHashes)" [_thread_blocked, id=11728, stack(0x000000602aa00000,0x000000602ab00000)]
  0x00000194a248a000 JavaThread "File watcher server" daemon [_thread_in_native, id=2556, stack(0x000000602ac00000,0x000000602ad00000)]
  0x00000194a248b000 JavaThread "File watcher consumer" daemon [_thread_blocked, id=15152, stack(0x000000602ad00000,0x000000602ae00000)]
  0x00000194a2490000 JavaThread "jar transforms" [_thread_blocked, id=20088, stack(0x000000602ae00000,0x000000602af00000)]
  0x00000194a2491000 JavaThread "jar transforms Thread 2" [_thread_blocked, id=17264, stack(0x000000602af00000,0x000000602b000000)]
  0x00000194a39f5000 JavaThread "jar transforms Thread 3" [_thread_blocked, id=17304, stack(0x000000602b000000,0x000000602b100000)]
  0x00000194a39fa000 JavaThread "jar transforms Thread 4" [_thread_blocked, id=17028, stack(0x000000602b100000,0x000000602b200000)]
  0x00000194a39fb800 JavaThread "Cache worker for checksums cache (D:\Android Development\LiveEdgeDetectionSDK\.gradle\7.3.3\checksums)" [_thread_blocked, id=18040, stack(0x000000602b200000,0x000000602b300000)]
  0x00000194a39fb000 JavaThread "Cache worker for cache directory md-supplier (C:\Users\ASUS\.gradle\caches\7.3.3\md-supplier)" [_thread_blocked, id=4544, stack(0x000000602b300000,0x000000602b400000)]
  0x00000194a39f8800 JavaThread "Cache worker for cache directory md-rule (C:\Users\ASUS\.gradle\caches\7.3.3\md-rule)" [_thread_blocked, id=11912, stack(0x000000602b400000,0x000000602b500000)]
  0x00000194a39f9000 JavaThread "Cache worker for execution history cache (C:\Users\ASUS\.gradle\caches\7.3.3\executionHistory)" [_thread_blocked, id=7576, stack(0x000000602b500000,0x000000602b600000)]
  0x00000194a39fc800 JavaThread "Cache worker for file content cache (C:\Users\ASUS\.gradle\caches\7.3.3\fileContent)" [_thread_blocked, id=9172, stack(0x000000602b600000,0x000000602b700000)]
  0x00000194a39f7800 JavaThread "Cache worker for dependencies-accessors (D:\Android Development\LiveEdgeDetectionSDK\.gradle\7.3.3\dependencies-accessors)" [_thread_blocked, id=17056, stack(0x000000602b700000,0x000000602b800000)]
  0x00000194a3a01800 JavaThread "Cache worker for Build Output Cleanup Cache (D:\Android Development\LiveEdgeDetectionSDK\.gradle\buildOutputCleanup)" [_thread_blocked, id=4884, stack(0x000000602b800000,0x000000602b900000)]
  0x00000194a3a00800 JavaThread "Unconstrained build operations" [_thread_blocked, id=19368, stack(0x000000602b900000,0x000000602ba00000)]
  0x00000194a39ff000 JavaThread "Unconstrained build operations Thread 2" [_thread_blocked, id=20136, stack(0x000000602ba00000,0x000000602bb00000)]
  0x00000194a3a04000 JavaThread "Unconstrained build operations Thread 3" [_thread_blocked, id=1544, stack(0x000000602bb00000,0x000000602bc00000)]
  0x00000194a3a02000 JavaThread "Unconstrained build operations Thread 4" [_thread_blocked, id=17124, stack(0x000000602bc00000,0x000000602bd00000)]
  0x00000194a3a03000 JavaThread "Unconstrained build operations Thread 5" [_thread_blocked, id=19888, stack(0x000000602bd00000,0x000000602be00000)]
  0x00000194a39fe000 JavaThread "Unconstrained build operations Thread 6" [_thread_blocked, id=16700, stack(0x000000602be00000,0x000000602bf00000)]
  0x00000194a39ff800 JavaThread "Unconstrained build operations Thread 7" [_thread_blocked, id=17548, stack(0x000000602bf00000,0x000000602c000000)]
  0x00000194a2210000 JavaThread "Unconstrained build operations Thread 8" [_thread_blocked, id=13212, stack(0x000000602c000000,0x000000602c100000)]
  0x00000194a220e800 JavaThread "Unconstrained build operations Thread 9" [_thread_blocked, id=18112, stack(0x000000602c100000,0x000000602c200000)]
  0x00000194a220d000 JavaThread "Unconstrained build operations Thread 10" [_thread_blocked, id=20364, stack(0x000000602c200000,0x000000602c300000)]
  0x00000194a220b000 JavaThread "Unconstrained build operations Thread 11" [_thread_blocked, id=3544, stack(0x000000602c300000,0x000000602c400000)]
  0x00000194a2212000 JavaThread "Unconstrained build operations Thread 12" [_thread_blocked, id=18588, stack(0x000000602c400000,0x000000602c500000)]
  0x00000194a220d800 JavaThread "Unconstrained build operations Thread 13" [_thread_blocked, id=9804, stack(0x000000602c500000,0x000000602c600000)]
  0x00000194a220f800 JavaThread "Unconstrained build operations Thread 14" [_thread_blocked, id=15660, stack(0x000000602c600000,0x000000602c700000)]
  0x00000194a2211000 JavaThread "Unconstrained build operations Thread 15" [_thread_blocked, id=16760, stack(0x000000602c700000,0x000000602c800000)]
  0x00000194a220c000 JavaThread "Unconstrained build operations Thread 16" [_thread_blocked, id=8696, stack(0x000000602c800000,0x000000602c900000)]
  0x00000194a2214000 JavaThread "Unconstrained build operations Thread 17" [_thread_blocked, id=14388, stack(0x000000602c900000,0x000000602ca00000)]
  0x00000194a2216800 JavaThread "Unconstrained build operations Thread 18" [_thread_blocked, id=9400, stack(0x000000602ca00000,0x000000602cb00000)]
  0x00000194a2212800 JavaThread "Unconstrained build operations Thread 19" [_thread_blocked, id=16620, stack(0x000000602cb00000,0x000000602cc00000)]
  0x00000194a2216000 JavaThread "Unconstrained build operations Thread 20" [_thread_blocked, id=16284, stack(0x000000602cc00000,0x000000602cd00000)]
  0x00000194a2215000 JavaThread "Unconstrained build operations Thread 21" [_thread_blocked, id=5100, stack(0x000000602cd00000,0x000000602ce00000)]
  0x00000194a2217800 JavaThread "Unconstrained build operations Thread 22" [_thread_blocked, id=6904, stack(0x000000602ce00000,0x000000602cf00000)]
  0x00000194a2218800 JavaThread "Unconstrained build operations Thread 23" [_thread_blocked, id=464, stack(0x000000602cf00000,0x000000602d000000)]
  0x00000194a2219000 JavaThread "Unconstrained build operations Thread 24" [_thread_blocked, id=8108, stack(0x000000602d000000,0x000000602d100000)]
  0x00000194a2213800 JavaThread "Unconstrained build operations Thread 25" [_thread_blocked, id=9984, stack(0x000000602d100000,0x000000602d200000)]
  0x00000194a221a000 JavaThread "Unconstrained build operations Thread 26" [_thread_blocked, id=4188, stack(0x000000602d200000,0x000000602d300000)]
  0x00000194a3d7f000 JavaThread "Unconstrained build operations Thread 27" [_thread_blocked, id=1464, stack(0x000000602d300000,0x000000602d400000)]
  0x00000194a3d82800 JavaThread "Unconstrained build operations Thread 28" [_thread_blocked, id=16992, stack(0x000000602d400000,0x000000602d500000)]
  0x00000194a3d85800 JavaThread "Unconstrained build operations Thread 29" [_thread_blocked, id=19960, stack(0x000000602d500000,0x000000602d600000)]
  0x00000194a3d83000 JavaThread "Unconstrained build operations Thread 30" [_thread_blocked, id=20016, stack(0x000000602d600000,0x000000602d700000)]
  0x00000194a3d84000 JavaThread "Unconstrained build operations Thread 31" [_thread_blocked, id=8240, stack(0x000000602d700000,0x000000602d800000)]
  0x00000194a3d80000 JavaThread "Unconstrained build operations Thread 32" [_thread_blocked, id=9136, stack(0x000000602d800000,0x000000602d900000)]
  0x00000194a3d85000 JavaThread "Unconstrained build operations Thread 33" [_thread_blocked, id=16272, stack(0x000000602d900000,0x000000602da00000)]
  0x00000194a3d86800 JavaThread "Unconstrained build operations Thread 34" [_thread_blocked, id=16532, stack(0x000000602da00000,0x000000602db00000)]
  0x00000194a3d81000 JavaThread "Unconstrained build operations Thread 35" [_thread_blocked, id=2288, stack(0x000000602db00000,0x000000602dc00000)]
  0x00000194a3d87800 JavaThread "Unconstrained build operations Thread 36" [_thread_blocked, id=11576, stack(0x000000602dc00000,0x000000602dd00000)]
  0x00000194a3d81800 JavaThread "Unconstrained build operations Thread 37" [_thread_blocked, id=15112, stack(0x000000602dd00000,0x000000602de00000)]
  0x00000194a3d8e000 JavaThread "Unconstrained build operations Thread 38" [_thread_blocked, id=11156, stack(0x000000602de00000,0x000000602df00000)]
  0x00000194a3d8a800 JavaThread "Unconstrained build operations Thread 39" [_thread_blocked, id=17544, stack(0x000000602df00000,0x000000602e000000)]
  0x00000194a3d8c000 JavaThread "Unconstrained build operations Thread 40" [_thread_blocked, id=16092, stack(0x000000602e000000,0x000000602e100000)]
=>0x00000194a43b6800 JavaThread "C2 CompilerThread1" daemon [_thread_in_native, id=1932, stack(0x000000602ab00000,0x000000602ac00000)]
  0x00000194a3d8b800 JavaThread "Memory manager" [_thread_blocked, id=14208, stack(0x000000602e100000,0x000000602e200000)]
  0x00000194a3d8a000 JavaThread "pool-3-thread-1" [_thread_blocked, id=20064, stack(0x000000602e200000,0x000000602e300000)]
  0x00000194a8ead800 JavaThread "Cache worker for execution history cache (D:\Android Development\LiveEdgeDetectionSDK\.gradle\7.3.3\executionHistory)" [_thread_blocked, id=16976, stack(0x000000602e600000,0x000000602e700000)]

Other Threads:
  0x000001949f2c1000 VMThread "VM Thread" [stack: 0x0000006028f00000,0x0000006029000000] [id=4168]
  0x000001949fdc0800 WatcherThread [stack: 0x0000006029900000,0x0000006029a00000] [id=15072]
  0x00000194856e7800 GCTaskThread "GC Thread#0" [stack: 0x0000006028a00000,0x0000006028b00000] [id=13460]
  0x00000194a0794800 GCTaskThread "GC Thread#1" [stack: 0x0000006029a00000,0x0000006029b00000] [id=15788]
  0x00000194a0b18800 GCTaskThread "GC Thread#2" [stack: 0x000000602a500000,0x000000602a600000] [id=5156]
  0x00000194a1c71800 GCTaskThread "GC Thread#3" [stack: 0x000000602a600000,0x000000602a700000] [id=1888]
  0x000001948571a000 ConcurrentGCThread "G1 Main Marker" [stack: 0x0000006028b00000,0x0000006028c00000] [id=9900]
  0x000001948571b000 ConcurrentGCThread "G1 Conc#0" [stack: 0x0000006028c00000,0x0000006028d00000] [id=10700]
  0x00000194857aa800 ConcurrentGCThread "G1 Refine#0" [stack: 0x0000006028d00000,0x0000006028e00000] [id=19156]
  0x00000194857ab800 ConcurrentGCThread "G1 Young RemSet Sampling" [stack: 0x0000006028e00000,0x0000006028f00000] [id=3736]

Threads with active compile tasks:
C2 CompilerThread0  28721 9829       4       org.gradle.internal.instantiation.generator.AbstractClassGenerator::inspectType (560 bytes)
C1 CompilerThread0  28721 10156       2       sun.nio.fs.WindowsPath::normalize (365 bytes)
C2 CompilerThread1  28722 9928   !   4       org.gradle.api.internal.attributes.DefaultImmutableAttributesFactory::doConcatIsolatable (128 bytes)

VM state:not at safepoint (normal execution)

VM Mutex/Monitor currently owned by a thread: None

Heap address: 0x0000000080000000, size: 2048 MB, Compressed Oops mode: 32-bit
Narrow klass base: 0x0000000000000000, Narrow klass shift: 3
Compressed class space size: 1073741824 Address: 0x0000000100000000

Heap:
 garbage-first heap   total 183296K, used 144612K [0x0000000080000000, 0x0000000100000000)
  region size 1024K, 26 young (26624K), 5 survivors (5120K)
 Metaspace       used 96070K, capacity 98498K, committed 98560K, reserved 1134592K
  class space    used 12436K, capacity 13289K, committed 13312K, reserved 1048576K
Heap Regions: E=young(eden), S=young(survivor), O=old, HS=humongous(starts), HC=humongous(continues), CS=collection set, F=free, A=archive, TAMS=top-at-mark-start (previous, next)
|   0|0x0000000080000000, 0x0000000080100000, 0x0000000080100000|100%| O|  |TAMS 0x0000000080100000, 0x0000000080000000| Untracked 
|   1|0x0000000080100000, 0x0000000080200000, 0x0000000080200000|100%| O|  |TAMS 0x0000000080200000, 0x0000000080100000| Untracked 
|   2|0x0000000080200000, 0x0000000080300000, 0x0000000080300000|100%| O|  |TAMS 0x0000000080300000, 0x0000000080200000| Untracked 
|   3|0x0000000080300000, 0x0000000080400000, 0x0000000080400000|100%|HS|  |TAMS 0x0000000080400000, 0x0000000080300000| Complete 
|   4|0x0000000080400000, 0x0000000080500000, 0x0000000080500000|100%|HC|  |TAMS 0x0000000080500000, 0x0000000080400000| Complete 
|   5|0x0000000080500000, 0x0000000080600000, 0x0000000080600000|100%|HC|  |TAMS 0x0000000080600000, 0x0000000080500000| Complete 
|   6|0x0000000080600000, 0x0000000080700000, 0x0000000080700000|100%| O|  |TAMS 0x0000000080700000, 0x0000000080600000| Untracked 
|   7|0x0000000080700000, 0x0000000080800000, 0x0000000080800000|100%| O|  |TAMS 0x0000000080800000, 0x0000000080700000| Untracked 
|   8|0x0000000080800000, 0x0000000080900000, 0x0000000080900000|100%| O|  |TAMS 0x0000000080900000, 0x0000000080800000| Untracked 
|   9|0x0000000080900000, 0x0000000080a00000, 0x0000000080a00000|100%| O|  |TAMS 0x0000000080a00000, 0x0000000080900000| Untracked 
|  10|0x0000000080a00000, 0x0000000080b00000, 0x0000000080b00000|100%| O|  |TAMS 0x0000000080b00000, 0x0000000080a00000| Untracked 
|  11|0x0000000080b00000, 0x0000000080c00000, 0x0000000080c00000|100%| O|  |TAMS 0x0000000080c00000, 0x0000000080b00000| Untracked 
|  12|0x0000000080c00000, 0x0000000080d00000, 0x0000000080d00000|100%| O|  |TAMS 0x0000000080d00000, 0x0000000080c00000| Untracked 
|  13|0x0000000080d00000, 0x0000000080e00000, 0x0000000080e00000|100%| O|  |TAMS 0x0000000080e00000, 0x0000000080d00000| Untracked 
|  14|0x0000000080e00000, 0x0000000080f00000, 0x0000000080f00000|100%| O|  |TAMS 0x0000000080f00000, 0x0000000080e00000| Untracked 
|  15|0x0000000080f00000, 0x0000000081000000, 0x0000000081000000|100%| O|  |TAMS 0x0000000081000000, 0x0000000080f00000| Untracked 
|  16|0x0000000081000000, 0x0000000081100000, 0x0000000081100000|100%| O|  |TAMS 0x0000000081100000, 0x0000000081000000| Untracked 
|  17|0x0000000081100000, 0x0000000081200000, 0x0000000081200000|100%|HS|  |TAMS 0x0000000081200000, 0x0000000081100000| Complete 
|  18|0x0000000081200000, 0x0000000081300000, 0x0000000081300000|100%|HC|  |TAMS 0x0000000081300000, 0x0000000081200000| Complete 
|  19|0x0000000081300000, 0x0000000081400000, 0x0000000081400000|100%|HS|  |TAMS 0x0000000081400000, 0x0000000081300000| Complete 
|  20|0x0000000081400000, 0x0000000081500000, 0x0000000081500000|100%|HC|  |TAMS 0x0000000081500000, 0x0000000081400000| Complete 
|  21|0x0000000081500000, 0x0000000081600000, 0x0000000081600000|100%|HC|  |TAMS 0x0000000081600000, 0x0000000081500000| Complete 
|  22|0x0000000081600000, 0x0000000081700000, 0x0000000081700000|100%|HS|  |TAMS 0x0000000081700000, 0x0000000081600000| Complete 
|  23|0x0000000081700000, 0x0000000081800000, 0x0000000081800000|100%|HS|  |TAMS 0x0000000081800000, 0x0000000081700000| Complete 
|  24|0x0000000081800000, 0x0000000081900000, 0x0000000081900000|100%|HC|  |TAMS 0x0000000081900000, 0x0000000081800000| Complete 
|  25|0x0000000081900000, 0x0000000081a00000, 0x0000000081a00000|100%|HC|  |TAMS 0x0000000081a00000, 0x0000000081900000| Complete 
|  26|0x0000000081a00000, 0x0000000081b00000, 0x0000000081b00000|100%|HC|  |TAMS 0x0000000081b00000, 0x0000000081a00000| Complete 
|  27|0x0000000081b00000, 0x0000000081c00000, 0x0000000081c00000|100%| O|  |TAMS 0x0000000081c00000, 0x0000000081b00000| Untracked 
|  28|0x0000000081c00000, 0x0000000081d00000, 0x0000000081d00000|100%| O|  |TAMS 0x0000000081d00000, 0x0000000081c00000| Untracked 
|  29|0x0000000081d00000, 0x0000000081e00000, 0x0000000081e00000|100%| O|  |TAMS 0x0000000081e00000, 0x0000000081d00000| Untracked 
|  30|0x0000000081e00000, 0x0000000081f00000, 0x0000000081f00000|100%| O|  |TAMS 0x0000000081f00000, 0x0000000081e00000| Untracked 
|  31|0x0000000081f00000, 0x0000000082000000, 0x0000000082000000|100%| O|  |TAMS 0x0000000082000000, 0x0000000081f00000| Untracked 
|  32|0x0000000082000000, 0x0000000082100000, 0x0000000082100000|100%| O|  |TAMS 0x0000000082100000, 0x0000000082000000| Untracked 
|  33|0x0000000082100000, 0x0000000082200000, 0x0000000082200000|100%| O|  |TAMS 0x0000000082200000, 0x0000000082100000| Untracked 
|  34|0x0000000082200000, 0x0000000082300000, 0x0000000082300000|100%|HS|  |TAMS 0x0000000082300000, 0x0000000082200000| Complete 
|  35|0x0000000082300000, 0x0000000082400000, 0x0000000082400000|100%|HS|  |TAMS 0x0000000082400000, 0x0000000082300000| Complete 
|  36|0x0000000082400000, 0x0000000082500000, 0x0000000082500000|100%|HC|  |TAMS 0x0000000082500000, 0x0000000082400000| Complete 
|  37|0x0000000082500000, 0x0000000082600000, 0x0000000082600000|100%|HC|  |TAMS 0x0000000082600000, 0x0000000082500000| Complete 
|  38|0x0000000082600000, 0x0000000082700000, 0x0000000082700000|100%| O|  |TAMS 0x0000000082700000, 0x0000000082600000| Untracked 
|  39|0x0000000082700000, 0x0000000082800000, 0x0000000082800000|100%| O|  |TAMS 0x0000000082800000, 0x0000000082700000| Untracked 
|  40|0x0000000082800000, 0x0000000082900000, 0x0000000082900000|100%| O|  |TAMS 0x0000000082900000, 0x0000000082800000| Untracked 
|  41|0x0000000082900000, 0x0000000082a00000, 0x0000000082a00000|100%| O|  |TAMS 0x0000000082a00000, 0x0000000082900000| Untracked 
|  42|0x0000000082a00000, 0x0000000082b00000, 0x0000000082b00000|100%| O|  |TAMS 0x0000000082b00000, 0x0000000082a00000| Untracked 
|  43|0x0000000082b00000, 0x0000000082c00000, 0x0000000082c00000|100%| O|  |TAMS 0x0000000082c00000, 0x0000000082b00000| Untracked 
|  44|0x0000000082c00000, 0x0000000082d00000, 0x0000000082d00000|100%| O|  |TAMS 0x0000000082d00000, 0x0000000082c00000| Untracked 
|  45|0x0000000082d00000, 0x0000000082e00000, 0x0000000082e00000|100%| O|  |TAMS 0x0000000082e00000, 0x0000000082d00000| Untracked 
|  46|0x0000000082e00000, 0x0000000082f00000, 0x0000000082f00000|100%| O|  |TAMS 0x0000000082f00000, 0x0000000082e00000| Untracked 
|  47|0x0000000082f00000, 0x0000000083000000, 0x0000000083000000|100%| O|  |TAMS 0x0000000083000000, 0x0000000082f00000| Untracked 
|  48|0x0000000083000000, 0x0000000083100000, 0x0000000083100000|100%| O|  |TAMS 0x0000000083100000, 0x0000000083000000| Untracked 
|  49|0x0000000083100000, 0x0000000083200000, 0x0000000083200000|100%|HS|  |TAMS 0x0000000083200000, 0x0000000083100000| Complete 
|  50|0x0000000083200000, 0x0000000083300000, 0x0000000083300000|100%|HC|  |TAMS 0x0000000083300000, 0x0000000083200000| Complete 
|  51|0x0000000083300000, 0x0000000083400000, 0x0000000083400000|100%|HC|  |TAMS 0x0000000083400000, 0x0000000083300000| Complete 
|  52|0x0000000083400000, 0x0000000083500000, 0x0000000083500000|100%|HC|  |TAMS 0x0000000083500000, 0x0000000083400000| Complete 
|  53|0x0000000083500000, 0x0000000083600000, 0x0000000083600000|100%| O|  |TAMS 0x0000000083600000, 0x0000000083500000| Untracked 
|  54|0x0000000083600000, 0x0000000083700000, 0x0000000083700000|100%| O|  |TAMS 0x0000000083700000, 0x0000000083600000| Untracked 
|  55|0x0000000083700000, 0x0000000083800000, 0x0000000083800000|100%| O|  |TAMS 0x0000000083800000, 0x0000000083700000| Untracked 
|  56|0x0000000083800000, 0x0000000083900000, 0x0000000083900000|100%| O|  |TAMS 0x0000000083900000, 0x0000000083800000| Untracked 
|  57|0x0000000083900000, 0x0000000083a00000, 0x0000000083a00000|100%| O|  |TAMS 0x0000000083a00000, 0x0000000083900000| Untracked 
|  58|0x0000000083a00000, 0x0000000083b00000, 0x0000000083b00000|100%| O|  |TAMS 0x0000000083b00000, 0x0000000083a00000| Untracked 
|  59|0x0000000083b00000, 0x0000000083c00000, 0x0000000083c00000|100%| O|  |TAMS 0x0000000083c00000, 0x0000000083b00000| Untracked 
|  60|0x0000000083c00000, 0x0000000083d00000, 0x0000000083d00000|100%|HS|  |TAMS 0x0000000083d00000, 0x0000000083c00000| Complete 
|  61|0x0000000083d00000, 0x0000000083e00000, 0x0000000083e00000|100%|HS|  |TAMS 0x0000000083e00000, 0x0000000083d00000| Complete 
|  62|0x0000000083e00000, 0x0000000083f00000, 0x0000000083f00000|100%|HS|  |TAMS 0x0000000083f00000, 0x0000000083e00000| Complete 
|  63|0x0000000083f00000, 0x0000000084000000, 0x0000000084000000|100%|HS|  |TAMS 0x0000000084000000, 0x0000000083f00000| Complete 
|  64|0x0000000084000000, 0x0000000084100000, 0x0000000084100000|100%|HC|  |TAMS 0x0000000084100000, 0x0000000084000000| Complete 
|  65|0x0000000084100000, 0x0000000084200000, 0x0000000084200000|100%|HC|  |TAMS 0x0000000084200000, 0x0000000084100000| Complete 
|  66|0x0000000084200000, 0x0000000084300000, 0x0000000084300000|100%| O|  |TAMS 0x0000000084300000, 0x0000000084200000| Untracked 
|  67|0x0000000084300000, 0x0000000084400000, 0x0000000084400000|100%| O|  |TAMS 0x0000000084400000, 0x0000000084300000| Untracked 
|  68|0x0000000084400000, 0x0000000084500000, 0x0000000084500000|100%|HS|  |TAMS 0x0000000084500000, 0x0000000084400000| Complete 
|  69|0x0000000084500000, 0x0000000084600000, 0x0000000084600000|100%|HC|  |TAMS 0x0000000084600000, 0x0000000084500000| Complete 
|  70|0x0000000084600000, 0x0000000084700000, 0x0000000084700000|100%| O|  |TAMS 0x0000000084700000, 0x0000000084600000| Untracked 
|  71|0x0000000084700000, 0x0000000084800000, 0x0000000084800000|100%| O|  |TAMS 0x0000000084800000, 0x0000000084700000| Untracked 
|  72|0x0000000084800000, 0x0000000084900000, 0x0000000084900000|100%| O|  |TAMS 0x0000000084900000, 0x0000000084800000| Untracked 
|  73|0x0000000084900000, 0x0000000084a00000, 0x0000000084a00000|100%| O|  |TAMS 0x0000000084a00000, 0x0000000084900000| Untracked 
|  74|0x0000000084a00000, 0x0000000084b00000, 0x0000000084b00000|100%| O|  |TAMS 0x0000000084b00000, 0x0000000084a00000| Untracked 
|  75|0x0000000084b00000, 0x0000000084c00000, 0x0000000084c00000|100%| O|  |TAMS 0x0000000084c00000, 0x0000000084b00000| Untracked 
|  76|0x0000000084c00000, 0x0000000084d00000, 0x0000000084d00000|100%| O|  |TAMS 0x0000000084d00000, 0x0000000084c00000| Untracked 
|  77|0x0000000084d00000, 0x0000000084e00000, 0x0000000084e00000|100%| O|  |TAMS 0x0000000084e00000, 0x0000000084d00000| Untracked 
|  78|0x0000000084e00000, 0x0000000084f00000, 0x0000000084f00000|100%| O|  |TAMS 0x0000000084f00000, 0x0000000084e00000| Untracked 
|  79|0x0000000084f00000, 0x0000000085000000, 0x0000000085000000|100%| O|  |TAMS 0x0000000085000000, 0x0000000084f00000| Untracked 
|  80|0x0000000085000000, 0x0000000085100000, 0x0000000085100000|100%| O|  |TAMS 0x0000000085100000, 0x0000000085000000| Untracked 
|  81|0x0000000085100000, 0x0000000085200000, 0x0000000085200000|100%| O|  |TAMS 0x0000000085200000, 0x0000000085100000| Untracked 
|  82|0x0000000085200000, 0x0000000085300000, 0x0000000085300000|100%| O|  |TAMS 0x0000000085300000, 0x0000000085200000| Untracked 
|  83|0x0000000085300000, 0x0000000085400000, 0x0000000085400000|100%| O|  |TAMS 0x0000000085400000, 0x0000000085300000| Untracked 
|  84|0x0000000085400000, 0x0000000085500000, 0x0000000085500000|100%| O|  |TAMS 0x0000000085500000, 0x0000000085400000| Untracked 
|  85|0x0000000085500000, 0x0000000085600000, 0x0000000085600000|100%| O|  |TAMS 0x0000000085600000, 0x0000000085500000| Untracked 
|  86|0x0000000085600000, 0x0000000085700000, 0x0000000085700000|100%| O|  |TAMS 0x0000000085700000, 0x0000000085600000| Untracked 
|  87|0x0000000085700000, 0x0000000085800000, 0x0000000085800000|100%| O|  |TAMS 0x0000000085800000, 0x0000000085700000| Untracked 
|  88|0x0000000085800000, 0x0000000085900000, 0x0000000085900000|100%| O|  |TAMS 0x0000000085900000, 0x0000000085800000| Untracked 
|  89|0x0000000085900000, 0x0000000085a00000, 0x0000000085a00000|100%| O|  |TAMS 0x0000000085a00000, 0x0000000085900000| Untracked 
|  90|0x0000000085a00000, 0x0000000085b00000, 0x0000000085b00000|100%| O|  |TAMS 0x0000000085b00000, 0x0000000085a00000| Untracked 
|  91|0x0000000085b00000, 0x0000000085c00000, 0x0000000085c00000|100%| O|  |TAMS 0x0000000085c00000, 0x0000000085b00000| Untracked 
|  92|0x0000000085c00000, 0x0000000085d00000, 0x0000000085d00000|100%| O|  |TAMS 0x0000000085d00000, 0x0000000085c00000| Untracked 
|  93|0x0000000085d00000, 0x0000000085e00000, 0x0000000085e00000|100%| O|  |TAMS 0x0000000085e00000, 0x0000000085d00000| Untracked 
|  94|0x0000000085e00000, 0x0000000085f00000, 0x0000000085f00000|100%|HS|  |TAMS 0x0000000085f00000, 0x0000000085e00000| Complete 
|  95|0x0000000085f00000, 0x0000000086000000, 0x0000000086000000|100%|HC|  |TAMS 0x0000000086000000, 0x0000000085f00000| Complete 
|  96|0x0000000086000000, 0x0000000086100000, 0x0000000086100000|100%|HS|  |TAMS 0x0000000086100000, 0x0000000086000000| Complete 
|  97|0x0000000086100000, 0x0000000086200000, 0x0000000086200000|100%|HC|  |TAMS 0x0000000086200000, 0x0000000086100000| Complete 
|  98|0x0000000086200000, 0x0000000086300000, 0x0000000086300000|100%|HC|  |TAMS 0x0000000086300000, 0x0000000086200000| Complete 
|  99|0x0000000086300000, 0x0000000086400000, 0x0000000086400000|100%|HS|  |TAMS 0x0000000086400000, 0x0000000086300000| Complete 
| 100|0x0000000086400000, 0x0000000086500000, 0x0000000086500000|100%|HS|  |TAMS 0x0000000086500000, 0x0000000086400000| Complete 
| 101|0x0000000086500000, 0x0000000086600000, 0x0000000086600000|100%|HC|  |TAMS 0x0000000086600000, 0x0000000086500000| Complete 
| 102|0x0000000086600000, 0x0000000086700000, 0x0000000086700000|100%|HC|  |TAMS 0x0000000086700000, 0x0000000086600000| Complete 
| 103|0x0000000086700000, 0x0000000086800000, 0x0000000086800000|100%|HC|  |TAMS 0x0000000086800000, 0x0000000086700000| Complete 
| 104|0x0000000086800000, 0x0000000086900000, 0x0000000086900000|100%| O|  |TAMS 0x0000000086900000, 0x0000000086800000| Untracked 
| 105|0x0000000086900000, 0x0000000086a00000, 0x0000000086a00000|100%| O|  |TAMS 0x0000000086a00000, 0x0000000086900000| Untracked 
| 106|0x0000000086a00000, 0x0000000086b00000, 0x0000000086b00000|100%| O|  |TAMS 0x0000000086b00000, 0x0000000086a00000| Untracked 
| 107|0x0000000086b00000, 0x0000000086c00000, 0x0000000086c00000|100%| O|  |TAMS 0x0000000086c00000, 0x0000000086b00000| Untracked 
| 108|0x0000000086c00000, 0x0000000086d00000, 0x0000000086d00000|100%| O|  |TAMS 0x0000000086d00000, 0x0000000086c00000| Untracked 
| 109|0x0000000086d00000, 0x0000000086e00000, 0x0000000086e00000|100%| O|  |TAMS 0x0000000086e00000, 0x0000000086d00000| Untracked 
| 110|0x0000000086e00000, 0x0000000086f00000, 0x0000000086f00000|100%| O|  |TAMS 0x0000000086f00000, 0x0000000086e00000| Untracked 
| 111|0x0000000086f00000, 0x0000000087000000, 0x0000000087000000|100%| O|  |TAMS 0x0000000087000000, 0x0000000086f00000| Untracked 
| 112|0x0000000087000000, 0x0000000087100000, 0x0000000087100000|100%| O|  |TAMS 0x0000000087100000, 0x0000000087000000| Untracked 
| 113|0x0000000087100000, 0x0000000087200000, 0x0000000087200000|100%| O|  |TAMS 0x0000000087200000, 0x0000000087100000| Untracked 
| 114|0x0000000087200000, 0x0000000087300000, 0x0000000087300000|100%| O|  |TAMS 0x0000000087300000, 0x0000000087200000| Untracked 
| 115|0x0000000087300000, 0x0000000087400000, 0x0000000087400000|100%| O|  |TAMS 0x0000000087400000, 0x0000000087300000| Untracked 
| 116|0x0000000087400000, 0x000000008748c600, 0x0000000087500000| 54%| O|  |TAMS 0x000000008748c600, 0x0000000087400000| Untracked 
| 117|0x0000000087500000, 0x0000000087500000, 0x0000000087600000|  0%| F|  |TAMS 0x0000000087500000, 0x0000000087500000| Untracked 
| 118|0x0000000087600000, 0x0000000087600000, 0x0000000087700000|  0%| F|  |TAMS 0x0000000087600000, 0x0000000087600000| Untracked 
| 119|0x0000000087700000, 0x0000000087700000, 0x0000000087800000|  0%| F|  |TAMS 0x0000000087700000, 0x0000000087700000| Untracked 
| 120|0x0000000087800000, 0x0000000087800000, 0x0000000087900000|  0%| F|  |TAMS 0x0000000087800000, 0x0000000087800000| Untracked 
| 121|0x0000000087900000, 0x0000000087900000, 0x0000000087a00000|  0%| F|  |TAMS 0x0000000087900000, 0x0000000087900000| Untracked 
| 122|0x0000000087a00000, 0x0000000087a00000, 0x0000000087b00000|  0%| F|  |TAMS 0x0000000087a00000, 0x0000000087a00000| Untracked 
| 123|0x0000000087b00000, 0x0000000087b00000, 0x0000000087c00000|  0%| F|  |TAMS 0x0000000087b00000, 0x0000000087b00000| Untracked 
| 124|0x0000000087c00000, 0x0000000087c00000, 0x0000000087d00000|  0%| F|  |TAMS 0x0000000087c00000, 0x0000000087c00000| Untracked 
| 125|0x0000000087d00000, 0x0000000087d00000, 0x0000000087e00000|  0%| F|  |TAMS 0x0000000087d00000, 0x0000000087d00000| Untracked 
| 126|0x0000000087e00000, 0x0000000087e00000, 0x0000000087f00000|  0%| F|  |TAMS 0x0000000087e00000, 0x0000000087e00000| Untracked 
| 127|0x0000000087f00000, 0x0000000087f00000, 0x0000000088000000|  0%| F|  |TAMS 0x0000000087f00000, 0x0000000087f00000| Untracked 
| 128|0x0000000088000000, 0x0000000088000000, 0x0000000088100000|  0%| F|  |TAMS 0x0000000088000000, 0x0000000088000000| Untracked 
| 129|0x0000000088100000, 0x0000000088100000, 0x0000000088200000|  0%| F|  |TAMS 0x0000000088100000, 0x0000000088100000| Untracked 
| 130|0x0000000088200000, 0x0000000088200000, 0x0000000088300000|  0%| F|  |TAMS 0x0000000088200000, 0x0000000088200000| Untracked 
| 131|0x0000000088300000, 0x0000000088300000, 0x0000000088400000|  0%| F|  |TAMS 0x0000000088300000, 0x0000000088300000| Untracked 
| 132|0x0000000088400000, 0x0000000088400000, 0x0000000088500000|  0%| F|  |TAMS 0x0000000088400000, 0x0000000088400000| Untracked 
| 133|0x0000000088500000, 0x0000000088500000, 0x0000000088600000|  0%| F|  |TAMS 0x0000000088500000, 0x0000000088500000| Untracked 
| 134|0x0000000088600000, 0x0000000088600000, 0x0000000088700000|  0%| F|  |TAMS 0x0000000088600000, 0x0000000088600000| Untracked 
| 135|0x0000000088700000, 0x0000000088700000, 0x0000000088800000|  0%| F|  |TAMS 0x0000000088700000, 0x0000000088700000| Untracked 
| 136|0x0000000088800000, 0x0000000088800000, 0x0000000088900000|  0%| F|  |TAMS 0x0000000088800000, 0x0000000088800000| Untracked 
| 137|0x0000000088900000, 0x00000000889acdf0, 0x0000000088a00000| 67%| S|CS|TAMS 0x0000000088900000, 0x0000000088900000| Complete 
| 138|0x0000000088a00000, 0x0000000088b00000, 0x0000000088b00000|100%| S|CS|TAMS 0x0000000088a00000, 0x0000000088a00000| Complete 
| 139|0x0000000088b00000, 0x0000000088c00000, 0x0000000088c00000|100%| S|CS|TAMS 0x0000000088b00000, 0x0000000088b00000| Complete 
| 140|0x0000000088c00000, 0x0000000088c00000, 0x0000000088d00000|  0%| F|  |TAMS 0x0000000088c00000, 0x0000000088c00000| Untracked 
| 141|0x0000000088d00000, 0x0000000088d00000, 0x0000000088e00000|  0%| F|  |TAMS 0x0000000088d00000, 0x0000000088d00000| Untracked 
| 142|0x0000000088e00000, 0x0000000088e00000, 0x0000000088f00000|  0%| F|  |TAMS 0x0000000088e00000, 0x0000000088e00000| Untracked 
| 143|0x0000000088f00000, 0x0000000089000000, 0x0000000089000000|100%| S|CS|TAMS 0x0000000088f00000, 0x0000000088f00000| Complete 
| 144|0x0000000089000000, 0x0000000089100000, 0x0000000089100000|100%| S|CS|TAMS 0x0000000089000000, 0x0000000089000000| Complete 
| 145|0x0000000089100000, 0x0000000089100000, 0x0000000089200000|  0%| F|  |TAMS 0x0000000089100000, 0x0000000089100000| Untracked 
| 146|0x0000000089200000, 0x0000000089200000, 0x0000000089300000|  0%| F|  |TAMS 0x0000000089200000, 0x0000000089200000| Untracked 
| 147|0x0000000089300000, 0x0000000089300000, 0x0000000089400000|  0%| F|  |TAMS 0x0000000089300000, 0x0000000089300000| Untracked 
| 148|0x0000000089400000, 0x0000000089400000, 0x0000000089500000|  0%| F|  |TAMS 0x0000000089400000, 0x0000000089400000| Untracked 
| 149|0x0000000089500000, 0x0000000089500000, 0x0000000089600000|  0%| F|  |TAMS 0x0000000089500000, 0x0000000089500000| Untracked 
| 150|0x0000000089600000, 0x0000000089600000, 0x0000000089700000|  0%| F|  |TAMS 0x0000000089600000, 0x0000000089600000| Untracked 
| 151|0x0000000089700000, 0x0000000089700000, 0x0000000089800000|  0%| F|  |TAMS 0x0000000089700000, 0x0000000089700000| Untracked 
| 152|0x0000000089800000, 0x0000000089800000, 0x0000000089900000|  0%| F|  |TAMS 0x0000000089800000, 0x0000000089800000| Untracked 
| 153|0x0000000089900000, 0x0000000089900000, 0x0000000089a00000|  0%| F|  |TAMS 0x0000000089900000, 0x0000000089900000| Untracked 
| 154|0x0000000089a00000, 0x0000000089a00000, 0x0000000089b00000|  0%| F|  |TAMS 0x0000000089a00000, 0x0000000089a00000| Untracked 
| 155|0x0000000089b00000, 0x0000000089b00000, 0x0000000089c00000|  0%| F|  |TAMS 0x0000000089b00000, 0x0000000089b00000| Untracked 
| 156|0x0000000089c00000, 0x0000000089c00000, 0x0000000089d00000|  0%| F|  |TAMS 0x0000000089c00000, 0x0000000089c00000| Untracked 
| 157|0x0000000089d00000, 0x0000000089d00000, 0x0000000089e00000|  0%| F|  |TAMS 0x0000000089d00000, 0x0000000089d00000| Untracked 
| 158|0x0000000089e00000, 0x0000000089f00000, 0x0000000089f00000|100%| E|  |TAMS 0x0000000089e00000, 0x0000000089e00000| Complete 
| 159|0x0000000089f00000, 0x000000008a000000, 0x000000008a000000|100%| E|CS|TAMS 0x0000000089f00000, 0x0000000089f00000| Complete 
| 160|0x000000008a000000, 0x000000008a100000, 0x000000008a100000|100%| E|CS|TAMS 0x000000008a000000, 0x000000008a000000| Complete 
| 161|0x000000008a100000, 0x000000008a200000, 0x000000008a200000|100%| E|CS|TAMS 0x000000008a100000, 0x000000008a100000| Complete 
| 162|0x000000008a200000, 0x000000008a300000, 0x000000008a300000|100%| E|CS|TAMS 0x000000008a200000, 0x000000008a200000| Complete 
| 163|0x000000008a300000, 0x000000008a400000, 0x000000008a400000|100%| E|CS|TAMS 0x000000008a300000, 0x000000008a300000| Complete 
| 164|0x000000008a400000, 0x000000008a500000, 0x000000008a500000|100%| E|CS|TAMS 0x000000008a400000, 0x000000008a400000| Complete 
| 165|0x000000008a500000, 0x000000008a600000, 0x000000008a600000|100%| E|CS|TAMS 0x000000008a500000, 0x000000008a500000| Complete 
| 166|0x000000008a600000, 0x000000008a700000, 0x000000008a700000|100%| E|CS|TAMS 0x000000008a600000, 0x000000008a600000| Complete 
| 167|0x000000008a700000, 0x000000008a800000, 0x000000008a800000|100%| E|CS|TAMS 0x000000008a700000, 0x000000008a700000| Complete 
| 168|0x000000008a800000, 0x000000008a900000, 0x000000008a900000|100%| E|CS|TAMS 0x000000008a800000, 0x000000008a800000| Complete 
| 169|0x000000008a900000, 0x000000008aa00000, 0x000000008aa00000|100%| E|CS|TAMS 0x000000008a900000, 0x000000008a900000| Complete 
| 170|0x000000008aa00000, 0x000000008ab00000, 0x000000008ab00000|100%| E|CS|TAMS 0x000000008aa00000, 0x000000008aa00000| Complete 
| 171|0x000000008ab00000, 0x000000008ac00000, 0x000000008ac00000|100%| E|CS|TAMS 0x000000008ab00000, 0x000000008ab00000| Complete 
| 172|0x000000008ac00000, 0x000000008ad00000, 0x000000008ad00000|100%| E|CS|TAMS 0x000000008ac00000, 0x000000008ac00000| Complete 
| 173|0x000000008ad00000, 0x000000008ae00000, 0x000000008ae00000|100%| E|CS|TAMS 0x000000008ad00000, 0x000000008ad00000| Complete 
| 174|0x000000008ae00000, 0x000000008af00000, 0x000000008af00000|100%| E|CS|TAMS 0x000000008ae00000, 0x000000008ae00000| Complete 
| 175|0x000000008af00000, 0x000000008b000000, 0x000000008b000000|100%| E|CS|TAMS 0x000000008af00000, 0x000000008af00000| Complete 
| 176|0x000000008b000000, 0x000000008b100000, 0x000000008b100000|100%| E|CS|TAMS 0x000000008b000000, 0x000000008b000000| Complete 
| 177|0x000000008b100000, 0x000000008b200000, 0x000000008b200000|100%| E|CS|TAMS 0x000000008b100000, 0x000000008b100000| Complete 
| 178|0x000000008b200000, 0x000000008b300000, 0x000000008b300000|100%| E|CS|TAMS 0x000000008b200000, 0x000000008b200000| Complete 

Card table byte_map: [0x00000194985e0000,0x00000194989e0000] _byte_map_base: 0x00000194981e0000

Marking Bits (Prev, Next): (CMBitMap*) 0x00000194857112b0, (CMBitMap*) 0x0000019485711278
 Prev Bits: [0x000001949ade0000, 0x000001949cde0000)
 Next Bits: [0x0000019498de0000, 0x000001949ade0000)

Polling page: 0x0000019483690000

Metaspace:

Usage:
  Non-class:     83.27 MB capacity,    81.71 MB ( 98%) used,     1.32 MB (  2%) free+waste,   255.06 KB ( <1%) overhead. 
      Class:     12.98 MB capacity,    12.15 MB ( 94%) used,   731.16 KB (  6%) free+waste,   116.88 KB ( <1%) overhead. 
       Both:     96.25 MB capacity,    93.86 MB ( 98%) used,     2.03 MB (  2%) free+waste,   371.94 KB ( <1%) overhead. 

Virtual space:
  Non-class space:       84.00 MB reserved,      83.50 MB (>99%) committed 
      Class space:        1.00 GB reserved,      13.00 MB (  1%) committed 
             Both:        1.08 GB reserved,      96.50 MB (  9%) committed 

Chunk freelists:
   Non-Class:  39.00 KB
       Class:  23.00 KB
        Both:  62.00 KB

MaxMetaspaceSize: 17179869184.00 GB
CompressedClassSpaceSize: 1.00 GB
Initial GC threshold: 20.80 MB
Current GC threshold: 160.00 MB
CDS: off

CodeHeap 'non-profiled nmethods': size=120064Kb used=6799Kb max_used=6799Kb free=113264Kb
 bounds [0x0000019490ca0000, 0x0000019491350000, 0x00000194981e0000]
CodeHeap 'profiled nmethods': size=120000Kb used=22432Kb max_used=22432Kb free=97568Kb
 bounds [0x0000019489770000, 0x000001948ad60000, 0x0000019490ca0000]
CodeHeap 'non-nmethods': size=5696Kb used=2394Kb max_used=2440Kb free=3301Kb
 bounds [0x00000194891e0000, 0x0000019489450000, 0x0000019489770000]
 total_blobs=10999 nmethods=10094 adapters=817
 compilation: enabled
              stopped_count=0, restarted_count=0
 full_count=0

Compilation events (20 events):
Event: 28.669 Thread 0x000001949f2ea000 nmethod 10120 0x000001948ad3bd90 code [0x000001948ad3bf60, 0x000001948ad3c138]
Event: 28.669 Thread 0x000001949f2ea000 10121       3       org.gradle.internal.logging.slf4j.OutputEventListenerBackedLoggerContext::getLogger (69 bytes)
Event: 28.670 Thread 0x000001949f2ea000 nmethod 10121 0x000001948ad3c210 code [0x000001948ad3c440, 0x000001948ad3cde8]
Event: 28.670 Thread 0x000001949f2ea000 10124       3       java.util.stream.FindOps::makeRef (14 bytes)
Event: 28.670 Thread 0x000001949f2ea000 nmethod 10124 0x000001948ad3d010 code [0x000001948ad3d1c0, 0x000001948ad3d318]
Event: 28.670 Thread 0x000001949f2ea000 10125       3       java.util.stream.FindOps$FindOp::evaluateSequential (39 bytes)
Event: 28.670 Thread 0x000001949f2ea000 nmethod 10125 0x000001948ad3d390 code [0x000001948ad3d580, 0x000001948ad3db28]
Event: 28.670 Thread 0x000001949f2ea000 10122   !   3       org.apache.tools.ant.Project::getReference (94 bytes)
Event: 28.672 Thread 0x000001949f2ea000 nmethod 10122 0x000001948ad3dc90 code [0x000001948ad3e000, 0x000001948ad3f588]
Event: 28.672 Thread 0x000001949f2ea000 10126       3       java.util.stream.FindOps$FindSink$OfRef::<init> (5 bytes)
Event: 28.672 Thread 0x000001949f2ea000 nmethod 10126 0x000001948ad3fe90 code [0x000001948ad40040, 0x000001948ad401f8]
Event: 28.672 Thread 0x000001949f2ea000 10123       3       org.apache.tools.ant.Project$AntRefTable::get (29 bytes)
Event: 28.673 Thread 0x000001949f2ea000 nmethod 10123 0x000001948ad40310 code [0x000001948ad40500, 0x000001948ad40a08]
Event: 28.673 Thread 0x000001949f2ea000 10127       3       org.gradle.internal.extensibility.ExtensionsStorage::add (52 bytes)
Event: 28.674 Thread 0x000001949f2ea000 nmethod 10127 0x000001948ad40b90 code [0x000001948ad40e80, 0x000001948ad41e68]
Event: 28.674 Thread 0x000001949f2ea000 10128       3       org.gradle.tooling.internal.adapter.TypeInspector::visit (298 bytes)
Event: 28.676 Thread 0x000001949f2ea000 nmethod 10128 0x000001948ad42410 code [0x000001948ad42760, 0x000001948ad43f18]
Event: 28.678 Thread 0x000001949f2ea000 10129       3       sun.reflect.generics.parser.SignatureParser::parseZeroOrMoreThrowsSignatures (51 bytes)
Event: 28.678 Thread 0x000001949f2ea000 nmethod 10129 0x000001948ad44490 code [0x000001948ad44700, 0x000001948ad45218]
Event: 28.679 Thread 0x000001949f2ea000 10130   !   3       java.lang.reflect.ProxyGenerator::generateClassFile (691 bytes)

GC Heap History (20 events):
Event: 20.978 GC heap before
{Heap before GC invocations=20 (full 0):
 garbage-first heap   total 152576K, used 122394K [0x0000000080000000, 0x0000000100000000)
  region size 1024K, 43 young (44032K), 4 survivors (4096K)
 Metaspace       used 69798K, capacity 71502K, committed 71552K, reserved 1112064K
  class space    used 8922K, capacity 9552K, committed 9600K, reserved 1048576K
}
Event: 20.997 GC heap after
{Heap after GC invocations=21 (full 0):
 garbage-first heap   total 152576K, used 86827K [0x0000000080000000, 0x0000000100000000)
  region size 1024K, 5 young (5120K), 5 survivors (5120K)
 Metaspace       used 69798K, capacity 71502K, committed 71552K, reserved 1112064K
  class space    used 8922K, capacity 9552K, committed 9600K, reserved 1048576K
}
Event: 21.864 GC heap before
{Heap before GC invocations=21 (full 0):
 garbage-first heap   total 152576K, used 124715K [0x0000000080000000, 0x0000000100000000)
  region size 1024K, 42 young (43008K), 5 survivors (5120K)
 Metaspace       used 73037K, capacity 74868K, committed 75136K, reserved 1114112K
  class space    used 9352K, capacity 9986K, committed 10112K, reserved 1048576K
}
Event: 21.878 GC heap after
{Heap after GC invocations=22 (full 0):
 garbage-first heap   total 183296K, used 89463K [0x0000000080000000, 0x0000000100000000)
  region size 1024K, 3 young (3072K), 3 survivors (3072K)
 Metaspace       used 73037K, capacity 74868K, committed 75136K, reserved 1114112K
  class space    used 9352K, capacity 9986K, committed 10112K, reserved 1048576K
}
Event: 23.099 GC heap before
{Heap before GC invocations=23 (full 0):
 garbage-first heap   total 183296K, used 138615K [0x0000000080000000, 0x0000000100000000)
  region size 1024K, 51 young (52224K), 3 survivors (3072K)
 Metaspace       used 76716K, capacity 78643K, committed 78848K, reserved 1118208K
  class space    used 9791K, capacity 10446K, committed 10496K, reserved 1048576K
}
Event: 23.110 GC heap after
{Heap after GC invocations=24 (full 0):
 garbage-first heap   total 183296K, used 91920K [0x0000000080000000, 0x0000000100000000)
  region size 1024K, 5 young (5120K), 5 survivors (5120K)
 Metaspace       used 76716K, capacity 78643K, committed 78848K, reserved 1118208K
  class space    used 9791K, capacity 10446K, committed 10496K, reserved 1048576K
}
Event: 23.871 GC heap before
{Heap before GC invocations=24 (full 0):
 garbage-first heap   total 183296K, used 142096K [0x0000000080000000, 0x0000000100000000)
  region size 1024K, 54 young (55296K), 5 survivors (5120K)
 Metaspace       used 78534K, capacity 80517K, committed 80640K, reserved 1120256K
  class space    used 10001K, capacity 10708K, committed 10752K, reserved 1048576K
}
Event: 23.888 GC heap after
{Heap after GC invocations=25 (full 0):
 garbage-first heap   total 183296K, used 94956K [0x0000000080000000, 0x0000000100000000)
  region size 1024K, 6 young (6144K), 6 survivors (6144K)
 Metaspace       used 78534K, capacity 80517K, committed 80640K, reserved 1120256K
  class space    used 10001K, capacity 10708K, committed 10752K, reserved 1048576K
}
Event: 24.938 GC heap before
{Heap before GC invocations=26 (full 0):
 garbage-first heap   total 183296K, used 144108K [0x0000000080000000, 0x0000000100000000)
  region size 1024K, 55 young (56320K), 6 survivors (6144K)
 Metaspace       used 83874K, capacity 85876K, committed 86144K, reserved 1124352K
  class space    used 10872K, capacity 11607K, committed 11648K, reserved 1048576K
}
Event: 24.953 GC heap after
{Heap after GC invocations=27 (full 0):
 garbage-first heap   total 183296K, used 98634K [0x0000000080000000, 0x0000000100000000)
  region size 1024K, 7 young (7168K), 7 survivors (7168K)
 Metaspace       used 83874K, capacity 85876K, committed 86144K, reserved 1124352K
  class space    used 10872K, capacity 11607K, committed 11648K, reserved 1048576K
}
Event: 25.327 GC heap before
{Heap before GC invocations=27 (full 0):
 garbage-first heap   total 183296K, used 118090K [0x0000000080000000, 0x0000000100000000)
  region size 1024K, 27 young (27648K), 7 survivors (7168K)
 Metaspace       used 86214K, capacity 88268K, committed 88448K, reserved 1126400K
  class space    used 11091K, capacity 11846K, committed 11904K, reserved 1048576K
}
Event: 25.340 GC heap after
{Heap after GC invocations=28 (full 0):
 garbage-first heap   total 183296K, used 102400K [0x0000000080000000, 0x0000000100000000)
  region size 1024K, 7 young (7168K), 7 survivors (7168K)
 Metaspace       used 86214K, capacity 88268K, committed 88448K, reserved 1126400K
  class space    used 11091K, capacity 11846K, committed 11904K, reserved 1048576K
}
Event: 26.449 GC heap before
{Heap before GC invocations=29 (full 0):
 garbage-first heap   total 183296K, used 155648K [0x0000000080000000, 0x0000000100000000)
  region size 1024K, 50 young (51200K), 7 survivors (7168K)
 Metaspace       used 88184K, capacity 90320K, committed 90496K, reserved 1128448K
  class space    used 11361K, capacity 12136K, committed 12160K, reserved 1048576K
}
Event: 26.466 GC heap after
{Heap after GC invocations=30 (full 0):
 garbage-first heap   total 183296K, used 117920K [0x0000000080000000, 0x0000000100000000)
  region size 1024K, 7 young (7168K), 7 survivors (7168K)
 Metaspace       used 88184K, capacity 90320K, committed 90496K, reserved 1128448K
  class space    used 11361K, capacity 12136K, committed 12160K, reserved 1048576K
}
Event: 26.983 GC heap before
{Heap before GC invocations=30 (full 0):
 garbage-first heap   total 183296K, used 152736K [0x0000000080000000, 0x0000000100000000)
  region size 1024K, 41 young (41984K), 7 survivors (7168K)
 Metaspace       used 90521K, capacity 92757K, committed 92928K, reserved 1130496K
  class space    used 11695K, capacity 12484K, committed 12544K, reserved 1048576K
}
Event: 26.994 GC heap after
{Heap after GC invocations=31 (full 0):
 garbage-first heap   total 183296K, used 119465K [0x0000000080000000, 0x0000000100000000)
  region size 1024K, 2 young (2048K), 2 survivors (2048K)
 Metaspace       used 90521K, capacity 92757K, committed 92928K, reserved 1130496K
  class space    used 11695K, capacity 12484K, committed 12544K, reserved 1048576K
}
Event: 27.646 GC heap before
{Heap before GC invocations=32 (full 0):
 garbage-first heap   total 183296K, used 153257K [0x0000000080000000, 0x0000000100000000)
  region size 1024K, 35 young (35840K), 2 survivors (2048K)
 Metaspace       used 92794K, capacity 94990K, committed 95360K, reserved 1132544K
  class space    used 12007K, capacity 12810K, committed 12928K, reserved 1048576K
}
Event: 27.654 GC heap after
{Heap after GC invocations=33 (full 0):
 garbage-first heap   total 183296K, used 121267K [0x0000000080000000, 0x0000000100000000)
  region size 1024K, 4 young (4096K), 4 survivors (4096K)
 Metaspace       used 92794K, capacity 94990K, committed 95360K, reserved 1132544K
  class space    used 12007K, capacity 12810K, committed 12928K, reserved 1048576K
}
Event: 28.214 GC heap before
{Heap before GC invocations=33 (full 0):
 garbage-first heap   total 183296K, used 155059K [0x0000000080000000, 0x0000000100000000)
  region size 1024K, 37 young (37888K), 4 survivors (4096K)
 Metaspace       used 95049K, capacity 97354K, committed 97664K, reserved 1134592K
  class space    used 12295K, capacity 13122K, committed 13184K, reserved 1048576K
}
Event: 28.227 GC heap after
{Heap after GC invocations=34 (full 0):
 garbage-first heap   total 183296K, used 124132K [0x0000000080000000, 0x0000000100000000)
  region size 1024K, 5 young (5120K), 5 survivors (5120K)
 Metaspace       used 95049K, capacity 97354K, committed 97664K, reserved 1134592K
  class space    used 12295K, capacity 13122K, committed 13184K, reserved 1048576K
}

Deoptimization events (20 events):
Event: 27.942 Thread 0x00000194a15a2800 DEOPT PACKING pc=0x0000019491155cf4 sp=0x000000602a1f8590
Event: 27.942 Thread 0x00000194a15a2800 DEOPT UNPACKING pc=0x00000194891e85af sp=0x000000602a1f8550 mode 2
Event: 28.021 Thread 0x00000194a15a2800 DEOPT PACKING pc=0x000001948a8314a4 sp=0x000000602a1f9200
Event: 28.021 Thread 0x00000194a15a2800 DEOPT UNPACKING pc=0x0000019489229d0e sp=0x000000602a1f8720 mode 0
Event: 28.045 Thread 0x00000194a15a2800 Uncommon trap: trap_request=0xffffff4d fr.pc=0x000001949131ddb8 relative=0x00000000000001f8
Event: 28.045 Thread 0x00000194a15a2800 Uncommon trap: reason=unstable_if action=reinterpret pc=0x000001949131ddb8 method=org.gradle.internal.instantiation.generator.AbstractClassGenerator.isNameProperty(Lorg/gradle/internal/instantiation/generator/AbstractClassGenerator$PropertyMetadata;)Z @ 2
Event: 28.045 Thread 0x00000194a15a2800 DEOPT PACKING pc=0x000001949131ddb8 sp=0x000000602a1f84c0
Event: 28.045 Thread 0x00000194a15a2800 DEOPT UNPACKING pc=0x00000194891e85af sp=0x000000602a1f8450 mode 2
Event: 28.104 Thread 0x00000194a15a2800 DEOPT PACKING pc=0x000001948abe7050 sp=0x000000602a1f7d00
Event: 28.104 Thread 0x00000194a15a2800 DEOPT UNPACKING pc=0x0000019489229d0e sp=0x000000602a1f7218 mode 0
Event: 28.129 Thread 0x00000194a15a2800 DEOPT PACKING pc=0x000001948a6388f3 sp=0x000000602a1f88f0
Event: 28.129 Thread 0x00000194a15a2800 DEOPT UNPACKING pc=0x0000019489229d0e sp=0x000000602a1f7e90 mode 0
Event: 28.212 Thread 0x00000194a15a2800 DEOPT PACKING pc=0x000001948a638856 sp=0x000000602a1f88f0
Event: 28.212 Thread 0x00000194a15a2800 DEOPT UNPACKING pc=0x0000019489229d0e sp=0x000000602a1f7e90 mode 0
Event: 28.591 Thread 0x00000194a15a2800 DEOPT PACKING pc=0x0000019489fc80eb sp=0x000000602a1fa470
Event: 28.591 Thread 0x00000194a15a2800 DEOPT UNPACKING pc=0x0000019489229d0e sp=0x000000602a1f98d0 mode 0
Event: 28.594 Thread 0x00000194a15a2800 DEOPT PACKING pc=0x000001948a8ffcf0 sp=0x000000602a1fa590
Event: 28.594 Thread 0x00000194a15a2800 DEOPT UNPACKING pc=0x0000019489229d0e sp=0x000000602a1f9a70 mode 0
Event: 28.616 Thread 0x00000194a15a2800 DEOPT PACKING pc=0x000001948a8ffcf0 sp=0x000000602a1fa7a0
Event: 28.616 Thread 0x00000194a15a2800 DEOPT UNPACKING pc=0x0000019489229d0e sp=0x000000602a1f9c80 mode 0

Classes redefined (0 events):
No events

Internal exceptions (20 events):
Event: 28.599 Thread 0x00000194a15a2800 Exception <a 'java/lang/ClassNotFoundException'{0x000000008a607dd8}: org/gradle/api/internal/tasks/DefaultTaskContainer_DecoratedBeanInfo> (0x000000008a607dd8) thrown at [./src/hotspot/share/classfile/systemDictionary.cpp, line 231]
Event: 28.600 Thread 0x00000194a15a2800 Exception <a 'java/lang/ClassNotFoundException'{0x000000008a61e2b0}: org/gradle/api/internal/tasks/DefaultTaskContainerBeanInfo> (0x000000008a61e2b0) thrown at [./src/hotspot/share/classfile/systemDictionary.cpp, line 231]
Event: 28.600 Thread 0x00000194a15a2800 Exception <a 'java/lang/ClassNotFoundException'{0x000000008a635238}: org/gradle/api/internal/tasks/DefaultTaskCollectionBeanInfo> (0x000000008a635238) thrown at [./src/hotspot/share/classfile/systemDictionary.cpp, line 231]
Event: 28.601 Thread 0x00000194a15a2800 Exception <a 'java/lang/ClassNotFoundException'{0x000000008a64c4b8}: org/gradle/api/internal/tasks/DefaultTaskCollectionCustomizer> (0x000000008a64c4b8) thrown at [./src/hotspot/share/classfile/systemDictionary.cpp, line 231]
Event: 28.603 Thread 0x00000194a15a2800 Exception <a 'java/lang/ClassNotFoundException'{0x000000008a68bf68}: org/gradle/api/internal/tasks/DefaultTaskContainerCustomizer> (0x000000008a68bf68) thrown at [./src/hotspot/share/classfile/systemDictionary.cpp, line 231]
Event: 28.605 Thread 0x00000194a15a2800 Exception <a 'java/lang/ClassNotFoundException'{0x000000008a6ece10}: org/gradle/api/internal/tasks/DefaultTaskContainer_DecoratedCustomizer> (0x000000008a6ece10) thrown at [./src/hotspot/share/classfile/systemDictionary.cpp, line 231]
Event: 28.617 Thread 0x00000194a15a2800 Exception <a 'java/lang/ClassNotFoundException'{0x000000008a475720}: java/util/ArrayListBeanInfo> (0x000000008a475720) thrown at [./src/hotspot/share/classfile/systemDictionary.cpp, line 231]
Event: 28.618 Thread 0x00000194a15a2800 Exception <a 'java/lang/ClassNotFoundException'{0x000000008a47e860}: java/util/AbstractListBeanInfo> (0x000000008a47e860) thrown at [./src/hotspot/share/classfile/systemDictionary.cpp, line 231]
Event: 28.618 Thread 0x00000194a15a2800 Exception <a 'java/lang/ClassNotFoundException'{0x000000008a487c88}: java/util/AbstractListCustomizer> (0x000000008a487c88) thrown at [./src/hotspot/share/classfile/systemDictionary.cpp, line 231]
Event: 28.619 Thread 0x00000194a15a2800 Exception <a 'java/lang/ClassNotFoundException'{0x000000008a49b7f0}: java/util/ArrayListCustomizer> (0x000000008a49b7f0) thrown at [./src/hotspot/share/classfile/systemDictionary.cpp, line 231]
Event: 28.628 Thread 0x00000194a15a2800 Exception <a 'java/lang/ClassNotFoundException'{0x000000008a3344f8}: java/util/CollectionBeanInfo> (0x000000008a3344f8) thrown at [./src/hotspot/share/classfile/systemDictionary.cpp, line 231]
Event: 28.628 Thread 0x00000194a15a2800 Exception <a 'java/lang/ClassNotFoundException'{0x000000008a33d608}: java/util/CollectionCustomizer> (0x000000008a33d608) thrown at [./src/hotspot/share/classfile/systemDictionary.cpp, line 231]
Event: 28.639 Thread 0x00000194a15a2800 Exception <a 'java/lang/ClassNotFoundException'{0x000000008a3c1380}: org/gradle/api/tasks/SourceSetBeanInfo> (0x000000008a3c1380) thrown at [./src/hotspot/share/classfile/systemDictionary.cpp, line 231]
Event: 28.640 Thread 0x00000194a15a2800 Exception <a 'java/lang/ClassNotFoundException'{0x000000008a3dcf90}: org/gradle/api/tasks/SourceSetCustomizer> (0x000000008a3dcf90) thrown at [./src/hotspot/share/classfile/systemDictionary.cpp, line 231]
Event: 28.645 Thread 0x00000194a15a2800 Exception <a 'java/lang/ClassNotFoundException'{0x000000008a257140}: java/util/LinkedHashMapBeanInfo> (0x000000008a257140) thrown at [./src/hotspot/share/classfile/systemDictionary.cpp, line 231]
Event: 28.646 Thread 0x00000194a15a2800 Exception <a 'java/lang/ClassNotFoundException'{0x000000008a25f9a0}: java/util/HashMapBeanInfo> (0x000000008a25f9a0) thrown at [./src/hotspot/share/classfile/systemDictionary.cpp, line 231]
Event: 28.646 Thread 0x00000194a15a2800 Exception <a 'java/lang/ClassNotFoundException'{0x000000008a268f88}: java/util/AbstractMapBeanInfo> (0x000000008a268f88) thrown at [./src/hotspot/share/classfile/systemDictionary.cpp, line 231]
Event: 28.646 Thread 0x00000194a15a2800 Exception <a 'java/lang/ClassNotFoundException'{0x000000008a2720d8}: java/util/AbstractMapCustomizer> (0x000000008a2720d8) thrown at [./src/hotspot/share/classfile/systemDictionary.cpp, line 231]
Event: 28.647 Thread 0x00000194a15a2800 Exception <a 'java/lang/ClassNotFoundException'{0x000000008a284fc8}: java/util/HashMapCustomizer> (0x000000008a284fc8) thrown at [./src/hotspot/share/classfile/systemDictionary.cpp, line 231]
Event: 28.650 Thread 0x00000194a15a2800 Exception <a 'java/lang/ClassNotFoundException'{0x000000008a2a5e20}: java/util/LinkedHashMapCustomizer> (0x000000008a2a5e20) thrown at [./src/hotspot/share/classfile/systemDictionary.cpp, line 231]

Events (20 events):
Event: 28.651 loading class org/codehaus/groovy/runtime/dgm$309
Event: 28.651 loading class org/codehaus/groovy/runtime/dgm$309 done
Event: 28.652 loading class org/codehaus/groovy/runtime/dgm$313
Event: 28.652 loading class org/codehaus/groovy/runtime/dgm$313 done
Event: 28.654 loading class org/gradle/util/internal/RelativePathUtil
Event: 28.654 loading class org/gradle/util/internal/RelativePathUtil done
Event: 28.666 loading class org/gradle/api/artifacts/PublishArtifactSet
Event: 28.666 loading class org/gradle/api/artifacts/PublishArtifactSet done
Event: 28.667 loading class org/gradle/api/internal/artifacts/publish/DefaultPublishArtifact
Event: 28.667 loading class org/gradle/api/internal/artifacts/publish/DefaultPublishArtifact done
Event: 28.672 loading class org/jetbrains/plugins/gradle/model/ExternalSourceSet
Event: 28.672 loading class org/jetbrains/plugins/gradle/model/ExternalSourceSet done
Event: 28.672 loading class com/intellij/openapi/externalSystem/model/project/IExternalSystemSourceType
Event: 28.672 loading class com/intellij/openapi/externalSystem/model/project/IExternalSystemSourceType done
Event: 28.673 loading class org/jetbrains/plugins/gradle/model/ExternalSourceDirectorySet
Event: 28.673 loading class org/jetbrains/plugins/gradle/model/ExternalSourceDirectorySet done
Event: 28.677 loading class org/jetbrains/plugins/gradle/model/ExternalFilter
Event: 28.677 loading class org/jetbrains/plugins/gradle/model/ExternalFilter done
Event: 28.677 loading class org/jetbrains/plugins/gradle/ExternalDependencyId
Event: 28.677 loading class org/jetbrains/plugins/gradle/ExternalDependencyId done


Dynamic libraries:
0x00007ff7349a0000 - 0x00007ff7349aa000 	C:\Program Files\Android\Android Studio\jre\bin\java.exe
0x00007ff878ee0000 - 0x00007ff8790e9000 	C:\WINDOWS\SYSTEM32\ntdll.dll
0x00007ff877fa0000 - 0x00007ff87805d000 	C:\WINDOWS\System32\KERNEL32.DLL
0x00007ff8769f0000 - 0x00007ff876d69000 	C:\WINDOWS\System32\KERNELBASE.dll
0x00007ff876680000 - 0x00007ff876791000 	C:\WINDOWS\System32\ucrtbase.dll
0x00007ff856860000 - 0x00007ff856879000 	C:\Program Files\Android\Android Studio\jre\bin\jli.dll
0x00007ff856840000 - 0x00007ff856857000 	C:\Program Files\Android\Android Studio\jre\bin\VCRUNTIME140.dll
0x00007ff85bce0000 - 0x00007ff85bf85000 	C:\WINDOWS\WinSxS\amd64_microsoft.windows.common-controls_6595b64144ccf1df_6.0.22000.120_none_9d947278b86cc467\COMCTL32.dll
0x00007ff877d40000 - 0x00007ff877eec000 	C:\WINDOWS\System32\USER32.dll
0x00007ff878c60000 - 0x00007ff878d03000 	C:\WINDOWS\System32\msvcrt.dll
0x00007ff876460000 - 0x00007ff876486000 	C:\WINDOWS\System32\win32u.dll
0x00007ff878200000 - 0x00007ff878229000 	C:\WINDOWS\System32\GDI32.dll
0x00007ff8768d0000 - 0x00007ff8769e2000 	C:\WINDOWS\System32\gdi32full.dll
0x00007ff8763c0000 - 0x00007ff87645d000 	C:\WINDOWS\System32\msvcp_win.dll
0x00007ff8773f0000 - 0x00007ff877421000 	C:\WINDOWS\System32\IMM32.DLL
0x00007ff856690000 - 0x00007ff85672d000 	C:\Program Files\Android\Android Studio\jre\bin\msvcp140.dll
0x00007ffffe1f0000 - 0x00007ffffecd5000 	C:\Program Files\Android\Android Studio\jre\bin\server\jvm.dll
0x00007ff877720000 - 0x00007ff8777ce000 	C:\WINDOWS\System32\ADVAPI32.dll
0x00007ff876f60000 - 0x00007ff876ffe000 	C:\WINDOWS\System32\sechost.dll
0x00007ff878d80000 - 0x00007ff878ea0000 	C:\WINDOWS\System32\RPCRT4.dll
0x00007ff877590000 - 0x00007ff877598000 	C:\WINDOWS\System32\PSAPI.DLL
0x00007ff852d40000 - 0x00007ff852d49000 	C:\WINDOWS\SYSTEM32\WSOCK32.dll
0x00007ff868890000 - 0x00007ff8688c3000 	C:\WINDOWS\SYSTEM32\WINMM.dll
0x00007ff86dea0000 - 0x00007ff86deaa000 	C:\WINDOWS\SYSTEM32\VERSION.dll
0x00007ff877430000 - 0x00007ff87749f000 	C:\WINDOWS\System32\WS2_32.dll
0x00007ff8754c0000 - 0x00007ff8754d8000 	C:\WINDOWS\SYSTEM32\kernel.appcore.dll
0x00007ff871170000 - 0x00007ff871181000 	C:\Program Files\Android\Android Studio\jre\bin\verify.dll
0x00007ff873cf0000 - 0x00007ff873f11000 	C:\WINDOWS\SYSTEM32\DBGHELP.DLL
0x00007ff850cc0000 - 0x00007ff850cf1000 	C:\WINDOWS\SYSTEM32\dbgcore.DLL
0x00007ff876600000 - 0x00007ff87667f000 	C:\WINDOWS\System32\bcryptPrimitives.dll
0x00007ff871040000 - 0x00007ff871069000 	C:\Program Files\Android\Android Studio\jre\bin\java.dll
0x00007ff86f480000 - 0x00007ff86f48b000 	C:\Program Files\Android\Android Studio\jre\bin\jimage.dll
0x00007ff86f460000 - 0x00007ff86f478000 	C:\Program Files\Android\Android Studio\jre\bin\zip.dll
0x00007ff878310000 - 0x00007ff878ac8000 	C:\WINDOWS\System32\SHELL32.dll
0x00007ff874530000 - 0x00007ff874d97000 	C:\WINDOWS\SYSTEM32\windows.storage.dll
0x00007ff877060000 - 0x00007ff8773d9000 	C:\WINDOWS\System32\combase.dll
0x00007ff8743c0000 - 0x00007ff874526000 	C:\WINDOWS\SYSTEM32\wintypes.dll
0x00007ff8774a0000 - 0x00007ff87758a000 	C:\WINDOWS\System32\SHCORE.dll
0x00007ff8775a0000 - 0x00007ff8775fd000 	C:\WINDOWS\System32\shlwapi.dll
0x00007ff8762f0000 - 0x00007ff876311000 	C:\WINDOWS\SYSTEM32\profapi.dll
0x00007ff85f520000 - 0x00007ff85f53a000 	C:\Program Files\Android\Android Studio\jre\bin\net.dll
0x00007ff86e090000 - 0x00007ff86e19c000 	C:\WINDOWS\SYSTEM32\WINHTTP.dll
0x00007ff8758f0000 - 0x00007ff875957000 	C:\WINDOWS\system32\mswsock.dll
0x00007ff858540000 - 0x00007ff858554000 	C:\Program Files\Android\Android Studio\jre\bin\nio.dll
0x00007ff858680000 - 0x00007ff8586a7000 	C:\Users\ASUS\.gradle\native\e1d6ef7f7dcc3fd88c89a11ec53ec762bb8ba0a96d01ffa2cd45eb1d1d8dd5c5\windows-amd64\native-platform.dll
0x00007ff82c2c0000 - 0x00007ff82c404000 	C:\Users\ASUS\.gradle\native\5664cfc778a61ccfe75a443a1ab52a65af34e5dc3c78e0209fed803814484fcb\windows-amd64\native-platform-file-events.dll
0x00007ff86f430000 - 0x00007ff86f43a000 	C:\Program Files\Android\Android Studio\jre\bin\management.dll
0x00007ff86f400000 - 0x00007ff86f40d000 	C:\Program Files\Android\Android Studio\jre\bin\management_ext.dll
0x00007ff875ba0000 - 0x00007ff875bb8000 	C:\WINDOWS\SYSTEM32\CRYPTSP.dll
0x00007ff875420000 - 0x00007ff875455000 	C:\WINDOWS\system32\rsaenh.dll
0x00007ff8759e0000 - 0x00007ff875a09000 	C:\WINDOWS\SYSTEM32\USERENV.dll
0x00007ff875d20000 - 0x00007ff875d47000 	C:\WINDOWS\SYSTEM32\bcrypt.dll
0x00007ff875bc0000 - 0x00007ff875bcc000 	C:\WINDOWS\SYSTEM32\CRYPTBASE.dll
0x00007ff875030000 - 0x00007ff87505d000 	C:\WINDOWS\SYSTEM32\IPHLPAPI.DLL
0x00007ff8773e0000 - 0x00007ff8773e9000 	C:\WINDOWS\System32\NSI.dll
0x00007ff86deb0000 - 0x00007ff86dec9000 	C:\WINDOWS\SYSTEM32\dhcpcsvc6.DLL
0x00007ff86e2f0000 - 0x00007ff86e30e000 	C:\WINDOWS\SYSTEM32\dhcpcsvc.DLL
0x00007ff875060000 - 0x00007ff875148000 	C:\WINDOWS\SYSTEM32\DNSAPI.dll

dbghelp: loaded successfully - version: 4.0.5 - missing functions: none
symbol engine: initialized successfully - sym options: 0x614 - pdb path: .;C:\Program Files\Android\Android Studio\jre\bin;C:\WINDOWS\SYSTEM32;C:\WINDOWS\WinSxS\amd64_microsoft.windows.common-controls_6595b64144ccf1df_6.0.22000.120_none_9d947278b86cc467;C:\Program Files\Android\Android Studio\jre\bin\server;C:\Users\ASUS\.gradle\native\e1d6ef7f7dcc3fd88c89a11ec53ec762bb8ba0a96d01ffa2cd45eb1d1d8dd5c5\windows-amd64;C:\Users\ASUS\.gradle\native\5664cfc778a61ccfe75a443a1ab52a65af34e5dc3c78e0209fed803814484fcb\windows-amd64

VM Arguments:
jvm_args: --add-opens=java.base/java.util=ALL-UNNAMED --add-opens=java.base/java.lang=ALL-UNNAMED --add-opens=java.base/java.lang.invoke=ALL-UNNAMED --add-opens=java.base/java.util=ALL-UNNAMED --add-opens=java.prefs/java.util.prefs=ALL-UNNAMED --add-opens=java.prefs/java.util.prefs=ALL-UNNAMED --add-opens=java.base/java.nio.charset=ALL-UNNAMED --add-opens=java.base/java.net=ALL-UNNAMED --add-opens=java.base/java.util.concurrent.atomic=ALL-UNNAMED -Xmx2048m -Dfile.encoding=UTF-8 -Duser.country=IN -Duser.language=en -Duser.variant 
java_command: org.gradle.launcher.daemon.bootstrap.GradleDaemon 7.3.3
java_class_path (initial): C:\Users\ASUS\.gradle\wrapper\dists\gradle-7.3.3-bin\6a41zxkdtcxs8rphpq6y0069z\gradle-7.3.3\lib\gradle-launcher-7.3.3.jar
Launcher Type: SUN_STANDARD

[Global flags]
     intx CICompilerCount                          = 3                                         {product} {ergonomic}
     uint ConcGCThreads                            = 1                                         {product} {ergonomic}
     uint G1ConcRefinementThreads                  = 4                                         {product} {ergonomic}
   size_t G1HeapRegionSize                         = 1048576                                   {product} {ergonomic}
    uintx GCDrainStackTargetSize                   = 64                                        {product} {ergonomic}
   size_t InitialHeapSize                          = 130023424                                 {product} {ergonomic}
   size_t MarkStackSize                            = 4194304                                   {product} {ergonomic}
   size_t MaxHeapSize                              = 2147483648                                {product} {command line}
   size_t MaxNewSize                               = 1287651328                                {product} {ergonomic}
   size_t MinHeapDeltaBytes                        = 1048576                                   {product} {ergonomic}
    uintx NonNMethodCodeHeapSize                   = 5830732                                {pd product} {ergonomic}
    uintx NonProfiledCodeHeapSize                  = 122913754                              {pd product} {ergonomic}
    uintx ProfiledCodeHeapSize                     = 122913754                              {pd product} {ergonomic}
    uintx ReservedCodeCacheSize                    = 251658240                              {pd product} {ergonomic}
     bool SegmentedCodeCache                       = true                                      {product} {ergonomic}
     bool UseCompressedClassPointers               = true                                 {lp64_product} {ergonomic}
     bool UseCompressedOops                        = true                                 {lp64_product} {ergonomic}
     bool UseG1GC                                  = true                                      {product} {ergonomic}
     bool UseLargePagesIndividualAllocation        = false                                  {pd product} {ergonomic}

Logging:
Log output configuration:
 #0: stdout all=warning uptime,level,tags
 #1: stderr all=off uptime,level,tags

Environment Variables:
PATH=C:\Python310\Scripts\;C:\Python310\;C:\Program Files\Common Files\Oracle\Java\javapath;C:\WINDOWS\system32;C:\WINDOWS;C:\WINDOWS\System32\Wbem;C:\WINDOWS\System32\WindowsPowerShell\v1.0\;C:\WINDOWS\System32\OpenSSH\;C:\MinGW\bin;D:\flutter\bin;C:\Program Files\nodejs\;C:\ProgramData\chocolatey\bin;C:\Ruby27-x64\bin;C:\Program Files\Git\cmd;C:\Users\ASUS\Downloads\platform-tools_r33.0.0-windows\platform-tools;C:\Program Files\Android\sdk;C:\Program Files\Android\sdk\platform-tools;C:\Program Files\MongoDB\Server\5.0\bin;C:\Program Files\MATLAB\R2016a\runtime\win64;C:\Program Files\MATLAB\R2016a\bin;C:\Program Files\MATLAB\R2016a\polyspace\bin;C:\Ruby27-x64\bin;C:\Users\ASUS\AppData\Local\Programs\Python\Python39\Scripts\;C:\Users\ASUS\AppData\Local\Programs\Python\Python39\;C:\Users\ASUS\AppData\Local\Microsoft\WindowsApps;C:\Users\ASUS\AppData\Local\Programs\Microsoft VS Code\bin;C:\Users\ASUS\AppData\Local\GitHubDesktop\bin;C:\Program Files\JetBrains\IntelliJ IDEA Community Edition 2021.2\bin;;C:\Users\ASUS\AppData\Roaming\npm;C:\Users\ASUS\Downloads\platform-tools_r33.0.0-windows\platform-tools;C:\Program Files\Android\sdk;C:\Program Files\Android\sdk\platform-tools;C:\Program Files\MongoDB\Server\5.0\bin;
USERNAME=ASUS
OS=Windows_NT
PROCESSOR_IDENTIFIER=Intel64 Family 6 Model 126 Stepping 5, GenuineIntel



---------------  S Y S T E M  ---------------

OS: Windows 10 , 64 bit Build 22000 (10.0.22000.708)
OS uptime: 0 days 7:45 hours

CPU:total 4 (initial active 4) (2 cores per cpu, 2 threads per core) family 6 model 126 stepping 5 microcode 0xa0, cmov, cx8, fxsr, mmx, sse, sse2, sse3, ssse3, sse4.1, sse4.2, popcnt, avx, avx2, aes, clmul, erms, 3dnowpref, lzcnt, ht, tsc, tscinvbit, bmi1, bmi2, adx, evex, sha, fma

Memory: 4k page, system-wide physical 7930M (702M free)
TotalPageFile size 9978M (AvailPageFile size 4M)
current process WorkingSet (physical memory assigned to process): 461M, peak: 461M
current process commit charge ("private bytes"): 491M, peak: 492M

vm_info: OpenJDK 64-Bit Server VM (11.0.12+7-b1504.28-7817840) for windows-amd64 JRE (11.0.12+7-b1504.28-7817840), built on Oct 13 2021 22:12:33 by "builder" with MS VC++ 14.0 (VS2015)

END.
