#
# There is insufficient memory for the Java Runtime Environment to continue.
# Native memory allocation (malloc) failed to allocate 1851216 bytes for Chunk::new
# Possible reasons:
#   The system is out of physical RAM or swap space
#   The process is running with CompressedOops enabled, and the Java Heap may be blocking the growth of the native heap
# Possible solutions:
#   Reduce memory load on the system
#   Increase physical memory or swap space
#   Check if swap backing store is full
#   Decrease Java heap size (-Xmx/-Xms)
#   Decrease number of Java threads
#   Decrease Java thread stack sizes (-Xss)
#   Set larger code cache with -XX:ReservedCodeCacheSize=
#   JVM is running with Unscaled Compressed Oops mode in which the Java heap is
#     placed in the first 4GB address space. The Java Heap base address is the
#     maximum limit for the native heap growth. Please use -XX:HeapBaseMinAddress
#     to set the Java Heap base and to place the Java Heap above 4GB virtual address.
# This output file may be truncated or incomplete.
#
#  Out of Memory Error (./src/hotspot/share/memory/arena.cpp:197), pid=12544, tid=13964
#
# JRE version: OpenJDK Runtime Environment (11.0.12+7) (build 11.0.12+7-b1504.28-7817840)
# Java VM: OpenJDK 64-Bit Server VM (11.0.12+7-b1504.28-7817840, mixed mode, tiered, compressed oops, g1 gc, windows-amd64)
# No core dump will be written. Minidumps are not enabled by default on client versions of Windows
#

---------------  S U M M A R Y ------------

Command Line: org.jetbrains.kotlin.cli.jvm.K2JVMCompiler @D:\Android Development\LiveEdgeDetectionSDK\app\build\20220818_15839989288402982411.compiler.options

Host: Intel(R) Core(TM) i3-1005G1 CPU @ 1.20GHz, 4 cores, 7G,  Windows 10 , 64 bit Build 22000 (10.0.22000.708)
Time: Thu Aug 18 22:40:26 2022 India Standard Time elapsed time: 6.366019 seconds (0d 0h 0m 6s)

---------------  T H R E A D  ---------------

Current thread (0x0000018a523c5800):  JavaThread "C2 CompilerThread1" daemon [_thread_in_native, id=13964, stack(0x0000005a39700000,0x0000005a39800000)]


Current CompileTask:
C2:   6366 4371       4       org.jetbrains.org.objectweb.asm.ClassReader::readMethod (1061 bytes)

Stack: [0x0000005a39700000,0x0000005a39800000]
Native frames: (J=compiled Java code, j=interpreted, Vv=VM code, C=native code)
V  [jvm.dll+0x5fbcea]
V  [jvm.dll+0x731905]
V  [jvm.dll+0x732f1d]
V  [jvm.dll+0x7335d3]
V  [jvm.dll+0x247bf8]
V  [jvm.dll+0xc018c]
V  [jvm.dll+0xc06cc]
V  [jvm.dll+0x35b2db]
V  [jvm.dll+0x328803]
V  [jvm.dll+0x327cfa]
V  [jvm.dll+0x200602]
V  [jvm.dll+0x1ff794]
V  [jvm.dll+0x18868c]
V  [jvm.dll+0x20e0d7]
V  [jvm.dll+0x20c901]
V  [jvm.dll+0x6f9b7f]
V  [jvm.dll+0x6f26a5]
V  [jvm.dll+0x5fabf6]
C  [ucrtbase.dll+0x26c0c]
C  [KERNEL32.DLL+0x154e0]
C  [ntdll.dll+0x485b]


---------------  P R O C E S S  ---------------

Threads class SMR info:
_java_thread_list=0x0000018a5254b780, length=11, elements={
0x0000018a34d9d800, 0x0000018a4e739800, 0x0000018a4e73e000, 0x0000018a4e75b800,
0x0000018a4e75f000, 0x0000018a4e761000, 0x0000018a4e762000, 0x0000018a4e763800,
0x0000018a4e768000, 0x0000018a4f214000, 0x0000018a523c5800
}

Java Threads: ( => current thread )
  0x0000018a34d9d800 JavaThread "main" [_thread_in_Java, id=16864, stack(0x0000005a38600000,0x0000005a38700000)]
  0x0000018a4e739800 JavaThread "Reference Handler" daemon [_thread_blocked, id=9444, stack(0x0000005a38d00000,0x0000005a38e00000)]
  0x0000018a4e73e000 JavaThread "Finalizer" daemon [_thread_blocked, id=6576, stack(0x0000005a38e00000,0x0000005a38f00000)]
  0x0000018a4e75b800 JavaThread "Signal Dispatcher" daemon [_thread_blocked, id=8964, stack(0x0000005a38f00000,0x0000005a39000000)]
  0x0000018a4e75f000 JavaThread "Attach Listener" daemon [_thread_blocked, id=5544, stack(0x0000005a39000000,0x0000005a39100000)]
  0x0000018a4e761000 JavaThread "Service Thread" daemon [_thread_blocked, id=13096, stack(0x0000005a39100000,0x0000005a39200000)]
  0x0000018a4e762000 JavaThread "C2 CompilerThread0" daemon [_thread_in_native, id=4384, stack(0x0000005a39200000,0x0000005a39300000)]
  0x0000018a4e763800 JavaThread "C1 CompilerThread0" daemon [_thread_in_native, id=18024, stack(0x0000005a39300000,0x0000005a39400000)]
  0x0000018a4e768000 JavaThread "Sweeper thread" daemon [_thread_blocked, id=5700, stack(0x0000005a39400000,0x0000005a39500000)]
  0x0000018a4f214000 JavaThread "Common-Cleaner" daemon [_thread_blocked, id=5008, stack(0x0000005a39600000,0x0000005a39700000)]
=>0x0000018a523c5800 JavaThread "C2 CompilerThread1" daemon [_thread_in_native, id=13964, stack(0x0000005a39700000,0x0000005a39800000)]

Other Threads:
  0x0000018a4e717000 VMThread "VM Thread" [stack: 0x0000005a38c00000,0x0000005a38d00000] [id=13888]
  0x0000018a4f20f800 WatcherThread [stack: 0x0000005a39500000,0x0000005a39600000] [id=18400]
  0x0000018a34db5000 GCTaskThread "GC Thread#0" [stack: 0x0000005a38700000,0x0000005a38800000] [id=5080]
  0x0000018a4f6c7000 GCTaskThread "GC Thread#1" [stack: 0x0000005a39800000,0x0000005a39900000] [id=7116]
  0x0000018a34de5800 ConcurrentGCThread "G1 Main Marker" [stack: 0x0000005a38800000,0x0000005a38900000] [id=10072]
  0x0000018a34de7000 ConcurrentGCThread "G1 Conc#0" [stack: 0x0000005a38900000,0x0000005a38a00000] [id=14344]
  0x0000018a34e68800 ConcurrentGCThread "G1 Refine#0" [stack: 0x0000005a38a00000,0x0000005a38b00000] [id=8140]
  0x0000018a34e69800 ConcurrentGCThread "G1 Young RemSet Sampling" [stack: 0x0000005a38b00000,0x0000005a38c00000] [id=10588]

Threads with active compile tasks:
C2 CompilerThread0   6386 4694       4       java.util.HashSet::iterator (13 bytes)
C1 CompilerThread0   6386 4730       3       org.jetbrains.kotlin.load.java.lazy.types.JavaTypeResolver::transformJavaType (248 bytes)
C2 CompilerThread1   6386 4371       4       org.jetbrains.org.objectweb.asm.ClassReader::readMethod (1061 bytes)

VM state:not at safepoint (normal execution)

VM Mutex/Monitor currently owned by a thread: None

Heap address: 0x0000000084000000, size: 1984 MB, Compressed Oops mode: 32-bit
Narrow klass base: 0x0000000000000000, Narrow klass shift: 3
Compressed class space size: 1073741824 Address: 0x0000000100000000

Heap:
 garbage-first heap   total 158720K, used 87226K [0x0000000084000000, 0x0000000100000000)
  region size 1024K, 66 young (67584K), 7 survivors (7168K)
 Metaspace       used 52296K, capacity 52908K, committed 53020K, reserved 1095680K
  class space    used 6065K, capacity 6330K, committed 6348K, reserved 1048576K
Heap Regions: E=young(eden), S=young(survivor), O=old, HS=humongous(starts), HC=humongous(continues), CS=collection set, F=free, A=archive, TAMS=top-at-mark-start (previous, next)
|   0|0x0000000084000000, 0x0000000084100000, 0x0000000084100000|100%|HS|  |TAMS 0x0000000084100000, 0x0000000084000000| Complete 
|   1|0x0000000084100000, 0x0000000084200000, 0x0000000084200000|100%|HC|  |TAMS 0x0000000084200000, 0x0000000084100000| Complete 
|   2|0x0000000084200000, 0x0000000084300000, 0x0000000084300000|100%|HC|  |TAMS 0x0000000084300000, 0x0000000084200000| Complete 
|   3|0x0000000084300000, 0x0000000084400000, 0x0000000084400000|100%| O|  |TAMS 0x0000000084400000, 0x0000000084300000| Untracked 
|   4|0x0000000084400000, 0x0000000084500000, 0x0000000084500000|100%| O|  |TAMS 0x0000000084500000, 0x0000000084400000| Untracked 
|   5|0x0000000084500000, 0x0000000084600000, 0x0000000084600000|100%|HS|  |TAMS 0x0000000084600000, 0x0000000084500000| Complete 
|   6|0x0000000084600000, 0x0000000084700000, 0x0000000084700000|100%|HC|  |TAMS 0x0000000084700000, 0x0000000084600000| Complete 
|   7|0x0000000084700000, 0x0000000084800000, 0x0000000084800000|100%|HC|  |TAMS 0x0000000084800000, 0x0000000084700000| Complete 
|   8|0x0000000084800000, 0x0000000084900000, 0x0000000084900000|100%|HS|  |TAMS 0x0000000084900000, 0x0000000084800000| Complete 
|   9|0x0000000084900000, 0x0000000084a00000, 0x0000000084a00000|100%|HC|  |TAMS 0x0000000084a00000, 0x0000000084900000| Complete 
|  10|0x0000000084a00000, 0x0000000084b00000, 0x0000000084b00000|100%| O|  |TAMS 0x0000000084b00000, 0x0000000084a00000| Untracked 
|  11|0x0000000084b00000, 0x0000000084c00000, 0x0000000084c00000|100%| O|  |TAMS 0x0000000084c00000, 0x0000000084b00000| Untracked 
|  12|0x0000000084c00000, 0x0000000084d00000, 0x0000000084d00000|100%| O|  |TAMS 0x0000000084d00000, 0x0000000084c00000| Untracked 
|  13|0x0000000084d00000, 0x0000000084e00000, 0x0000000084e00000|100%| O|  |TAMS 0x0000000084e00000, 0x0000000084d00000| Untracked 
|  14|0x0000000084e00000, 0x0000000084f00000, 0x0000000084f00000|100%| O|  |TAMS 0x0000000084f00000, 0x0000000084e00000| Untracked 
|  15|0x0000000084f00000, 0x0000000085000000, 0x0000000085000000|100%| O|  |TAMS 0x0000000085000000, 0x0000000084f00000| Untracked 
|  16|0x0000000085000000, 0x0000000085100000, 0x0000000085100000|100%| O|  |TAMS 0x0000000085100000, 0x0000000085000000| Untracked 
|  17|0x0000000085100000, 0x0000000085200000, 0x0000000085200000|100%| O|  |TAMS 0x0000000085200000, 0x0000000085100000| Untracked 
|  18|0x0000000085200000, 0x0000000085300000, 0x0000000085300000|100%| O|  |TAMS 0x0000000085300000, 0x0000000085200000| Untracked 
|  19|0x0000000085300000, 0x00000000853b1200, 0x0000000085400000| 69%| O|  |TAMS 0x00000000853b1200, 0x0000000085300000| Untracked 
|  20|0x0000000085400000, 0x0000000085500000, 0x0000000085500000|100%|HS|  |TAMS 0x0000000085400000, 0x0000000085400000| Complete 
|  21|0x0000000085500000, 0x0000000085500000, 0x0000000085600000|  0%| F|  |TAMS 0x0000000085500000, 0x0000000085500000| Untracked 
|  22|0x0000000085600000, 0x0000000085600000, 0x0000000085700000|  0%| F|  |TAMS 0x0000000085600000, 0x0000000085600000| Untracked 
|  23|0x0000000085700000, 0x0000000085700000, 0x0000000085800000|  0%| F|  |TAMS 0x0000000085700000, 0x0000000085700000| Untracked 
|  24|0x0000000085800000, 0x0000000085800000, 0x0000000085900000|  0%| F|  |TAMS 0x0000000085800000, 0x0000000085800000| Untracked 
|  25|0x0000000085900000, 0x0000000085900000, 0x0000000085a00000|  0%| F|  |TAMS 0x0000000085900000, 0x0000000085900000| Untracked 
|  26|0x0000000085a00000, 0x0000000085a00000, 0x0000000085b00000|  0%| F|  |TAMS 0x0000000085a00000, 0x0000000085a00000| Untracked 
|  27|0x0000000085b00000, 0x0000000085b00000, 0x0000000085c00000|  0%| F|  |TAMS 0x0000000085b00000, 0x0000000085b00000| Untracked 
|  28|0x0000000085c00000, 0x0000000085c00000, 0x0000000085d00000|  0%| F|  |TAMS 0x0000000085c00000, 0x0000000085c00000| Untracked 
|  29|0x0000000085d00000, 0x0000000085d00000, 0x0000000085e00000|  0%| F|  |TAMS 0x0000000085d00000, 0x0000000085d00000| Untracked 
|  30|0x0000000085e00000, 0x0000000085e00000, 0x0000000085f00000|  0%| F|  |TAMS 0x0000000085e00000, 0x0000000085e00000| Untracked 
|  31|0x0000000085f00000, 0x0000000085f00000, 0x0000000086000000|  0%| F|  |TAMS 0x0000000085f00000, 0x0000000085f00000| Untracked 
|  32|0x0000000086000000, 0x0000000086000000, 0x0000000086100000|  0%| F|  |TAMS 0x0000000086000000, 0x0000000086000000| Untracked 
|  33|0x0000000086100000, 0x0000000086100000, 0x0000000086200000|  0%| F|  |TAMS 0x0000000086100000, 0x0000000086100000| Untracked 
|  34|0x0000000086200000, 0x0000000086200000, 0x0000000086300000|  0%| F|  |TAMS 0x0000000086200000, 0x0000000086200000| Untracked 
|  35|0x0000000086300000, 0x0000000086300000, 0x0000000086400000|  0%| F|  |TAMS 0x0000000086300000, 0x0000000086300000| Untracked 
|  36|0x0000000086400000, 0x0000000086400000, 0x0000000086500000|  0%| F|  |TAMS 0x0000000086400000, 0x0000000086400000| Untracked 
|  37|0x0000000086500000, 0x0000000086500000, 0x0000000086600000|  0%| F|  |TAMS 0x0000000086500000, 0x0000000086500000| Untracked 
|  38|0x0000000086600000, 0x0000000086600000, 0x0000000086700000|  0%| F|  |TAMS 0x0000000086600000, 0x0000000086600000| Untracked 
|  39|0x0000000086700000, 0x0000000086700000, 0x0000000086800000|  0%| F|  |TAMS 0x0000000086700000, 0x0000000086700000| Untracked 
|  40|0x0000000086800000, 0x0000000086800000, 0x0000000086900000|  0%| F|  |TAMS 0x0000000086800000, 0x0000000086800000| Untracked 
|  41|0x0000000086900000, 0x0000000086900000, 0x0000000086a00000|  0%| F|  |TAMS 0x0000000086900000, 0x0000000086900000| Untracked 
|  42|0x0000000086a00000, 0x0000000086a00000, 0x0000000086b00000|  0%| F|  |TAMS 0x0000000086a00000, 0x0000000086a00000| Untracked 
|  43|0x0000000086b00000, 0x0000000086b00000, 0x0000000086c00000|  0%| F|  |TAMS 0x0000000086b00000, 0x0000000086b00000| Untracked 
|  44|0x0000000086c00000, 0x0000000086c00000, 0x0000000086d00000|  0%| F|  |TAMS 0x0000000086c00000, 0x0000000086c00000| Untracked 
|  45|0x0000000086d00000, 0x0000000086d00000, 0x0000000086e00000|  0%| F|  |TAMS 0x0000000086d00000, 0x0000000086d00000| Untracked 
|  46|0x0000000086e00000, 0x0000000086e00000, 0x0000000086f00000|  0%| F|  |TAMS 0x0000000086e00000, 0x0000000086e00000| Untracked 
|  47|0x0000000086f00000, 0x0000000086f00000, 0x0000000087000000|  0%| F|  |TAMS 0x0000000086f00000, 0x0000000086f00000| Untracked 
|  48|0x0000000087000000, 0x0000000087000000, 0x0000000087100000|  0%| F|  |TAMS 0x0000000087000000, 0x0000000087000000| Untracked 
|  49|0x0000000087100000, 0x0000000087100000, 0x0000000087200000|  0%| F|  |TAMS 0x0000000087100000, 0x0000000087100000| Untracked 
|  50|0x0000000087200000, 0x0000000087200000, 0x0000000087300000|  0%| F|  |TAMS 0x0000000087200000, 0x0000000087200000| Untracked 
|  51|0x0000000087300000, 0x0000000087300000, 0x0000000087400000|  0%| F|  |TAMS 0x0000000087300000, 0x0000000087300000| Untracked 
|  52|0x0000000087400000, 0x0000000087400000, 0x0000000087500000|  0%| F|  |TAMS 0x0000000087400000, 0x0000000087400000| Untracked 
|  53|0x0000000087500000, 0x0000000087500000, 0x0000000087600000|  0%| F|  |TAMS 0x0000000087500000, 0x0000000087500000| Untracked 
|  54|0x0000000087600000, 0x0000000087600000, 0x0000000087700000|  0%| F|  |TAMS 0x0000000087600000, 0x0000000087600000| Untracked 
|  55|0x0000000087700000, 0x0000000087700000, 0x0000000087800000|  0%| F|  |TAMS 0x0000000087700000, 0x0000000087700000| Untracked 
|  56|0x0000000087800000, 0x0000000087800000, 0x0000000087900000|  0%| F|  |TAMS 0x0000000087800000, 0x0000000087800000| Untracked 
|  57|0x0000000087900000, 0x0000000087900000, 0x0000000087a00000|  0%| F|  |TAMS 0x0000000087900000, 0x0000000087900000| Untracked 
|  58|0x0000000087a00000, 0x0000000087a00000, 0x0000000087b00000|  0%| F|  |TAMS 0x0000000087a00000, 0x0000000087a00000| Untracked 
|  59|0x0000000087b00000, 0x0000000087b00000, 0x0000000087c00000|  0%| F|  |TAMS 0x0000000087b00000, 0x0000000087b00000| Untracked 
|  60|0x0000000087c00000, 0x0000000087c00000, 0x0000000087d00000|  0%| F|  |TAMS 0x0000000087c00000, 0x0000000087c00000| Untracked 
|  61|0x0000000087d00000, 0x0000000087d00000, 0x0000000087e00000|  0%| F|  |TAMS 0x0000000087d00000, 0x0000000087d00000| Untracked 
|  62|0x0000000087e00000, 0x0000000087e00000, 0x0000000087f00000|  0%| F|  |TAMS 0x0000000087e00000, 0x0000000087e00000| Untracked 
|  63|0x0000000087f00000, 0x0000000087f00000, 0x0000000088000000|  0%| F|  |TAMS 0x0000000087f00000, 0x0000000087f00000| Untracked 
|  64|0x0000000088000000, 0x000000008807d760, 0x0000000088100000| 49%| S|CS|TAMS 0x0000000088000000, 0x0000000088000000| Complete 
|  65|0x0000000088100000, 0x0000000088200000, 0x0000000088200000|100%| S|CS|TAMS 0x0000000088100000, 0x0000000088100000| Complete 
|  66|0x0000000088200000, 0x0000000088300000, 0x0000000088300000|100%| S|CS|TAMS 0x0000000088200000, 0x0000000088200000| Complete 
|  67|0x0000000088300000, 0x0000000088400000, 0x0000000088400000|100%| S|CS|TAMS 0x0000000088300000, 0x0000000088300000| Complete 
|  68|0x0000000088400000, 0x0000000088500000, 0x0000000088500000|100%| S|CS|TAMS 0x0000000088400000, 0x0000000088400000| Complete 
|  69|0x0000000088500000, 0x0000000088600000, 0x0000000088600000|100%| S|CS|TAMS 0x0000000088500000, 0x0000000088500000| Complete 
|  70|0x0000000088600000, 0x0000000088700000, 0x0000000088700000|100%| S|CS|TAMS 0x0000000088600000, 0x0000000088600000| Complete 
|  71|0x0000000088700000, 0x0000000088700000, 0x0000000088800000|  0%| F|  |TAMS 0x0000000088700000, 0x0000000088700000| Untracked 
|  72|0x0000000088800000, 0x0000000088800000, 0x0000000088900000|  0%| F|  |TAMS 0x0000000088800000, 0x0000000088800000| Untracked 
|  73|0x0000000088900000, 0x0000000088900000, 0x0000000088a00000|  0%| F|  |TAMS 0x0000000088900000, 0x0000000088900000| Untracked 
|  74|0x0000000088a00000, 0x0000000088a00000, 0x0000000088b00000|  0%| F|  |TAMS 0x0000000088a00000, 0x0000000088a00000| Untracked 
|  75|0x0000000088b00000, 0x0000000088b00000, 0x0000000088c00000|  0%| F|  |TAMS 0x0000000088b00000, 0x0000000088b00000| Untracked 
|  76|0x0000000088c00000, 0x0000000088c00000, 0x0000000088d00000|  0%| F|  |TAMS 0x0000000088c00000, 0x0000000088c00000| Untracked 
|  77|0x0000000088d00000, 0x0000000088d00000, 0x0000000088e00000|  0%| F|  |TAMS 0x0000000088d00000, 0x0000000088d00000| Untracked 
|  78|0x0000000088e00000, 0x0000000088e00000, 0x0000000088f00000|  0%| F|  |TAMS 0x0000000088e00000, 0x0000000088e00000| Untracked 
|  79|0x0000000088f00000, 0x0000000088f00000, 0x0000000089000000|  0%| F|  |TAMS 0x0000000088f00000, 0x0000000088f00000| Untracked 
|  80|0x0000000089000000, 0x0000000089000000, 0x0000000089100000|  0%| F|  |TAMS 0x0000000089000000, 0x0000000089000000| Untracked 
|  81|0x0000000089100000, 0x0000000089100000, 0x0000000089200000|  0%| F|  |TAMS 0x0000000089100000, 0x0000000089100000| Untracked 
|  82|0x0000000089200000, 0x0000000089200000, 0x0000000089300000|  0%| F|  |TAMS 0x0000000089200000, 0x0000000089200000| Untracked 
|  83|0x0000000089300000, 0x0000000089300000, 0x0000000089400000|  0%| F|  |TAMS 0x0000000089300000, 0x0000000089300000| Untracked 
|  84|0x0000000089400000, 0x0000000089400000, 0x0000000089500000|  0%| F|  |TAMS 0x0000000089400000, 0x0000000089400000| Untracked 
|  85|0x0000000089500000, 0x0000000089500000, 0x0000000089600000|  0%| F|  |TAMS 0x0000000089500000, 0x0000000089500000| Untracked 
|  86|0x0000000089600000, 0x0000000089600000, 0x0000000089700000|  0%| F|  |TAMS 0x0000000089600000, 0x0000000089600000| Untracked 
|  87|0x0000000089700000, 0x0000000089700000, 0x0000000089800000|  0%| F|  |TAMS 0x0000000089700000, 0x0000000089700000| Untracked 
|  88|0x0000000089800000, 0x0000000089800000, 0x0000000089900000|  0%| F|  |TAMS 0x0000000089800000, 0x0000000089800000| Untracked 
|  89|0x0000000089900000, 0x0000000089900000, 0x0000000089a00000|  0%| F|  |TAMS 0x0000000089900000, 0x0000000089900000| Untracked 
|  90|0x0000000089a00000, 0x0000000089a00000, 0x0000000089b00000|  0%| F|  |TAMS 0x0000000089a00000, 0x0000000089a00000| Untracked 
|  91|0x0000000089b00000, 0x0000000089b00000, 0x0000000089c00000|  0%| F|  |TAMS 0x0000000089b00000, 0x0000000089b00000| Untracked 
|  92|0x0000000089c00000, 0x0000000089c00000, 0x0000000089d00000|  0%| F|  |TAMS 0x0000000089c00000, 0x0000000089c00000| Untracked 
|  93|0x0000000089d00000, 0x0000000089d00000, 0x0000000089e00000|  0%| F|  |TAMS 0x0000000089d00000, 0x0000000089d00000| Untracked 
|  94|0x0000000089e00000, 0x0000000089e00000, 0x0000000089f00000|  0%| F|  |TAMS 0x0000000089e00000, 0x0000000089e00000| Untracked 
|  95|0x0000000089f00000, 0x0000000089f00000, 0x000000008a000000|  0%| F|  |TAMS 0x0000000089f00000, 0x0000000089f00000| Untracked 
|  96|0x000000008a000000, 0x000000008a100000, 0x000000008a100000|100%| E|  |TAMS 0x000000008a000000, 0x000000008a000000| Complete 
|  97|0x000000008a100000, 0x000000008a200000, 0x000000008a200000|100%| E|CS|TAMS 0x000000008a100000, 0x000000008a100000| Complete 
|  98|0x000000008a200000, 0x000000008a300000, 0x000000008a300000|100%| E|CS|TAMS 0x000000008a200000, 0x000000008a200000| Complete 
|  99|0x000000008a300000, 0x000000008a400000, 0x000000008a400000|100%| E|CS|TAMS 0x000000008a300000, 0x000000008a300000| Complete 
| 100|0x000000008a400000, 0x000000008a500000, 0x000000008a500000|100%| E|CS|TAMS 0x000000008a400000, 0x000000008a400000| Complete 
| 101|0x000000008a500000, 0x000000008a600000, 0x000000008a600000|100%| E|CS|TAMS 0x000000008a500000, 0x000000008a500000| Complete 
| 102|0x000000008a600000, 0x000000008a700000, 0x000000008a700000|100%| E|CS|TAMS 0x000000008a600000, 0x000000008a600000| Complete 
| 103|0x000000008a700000, 0x000000008a800000, 0x000000008a800000|100%| E|CS|TAMS 0x000000008a700000, 0x000000008a700000| Complete 
| 104|0x000000008a800000, 0x000000008a900000, 0x000000008a900000|100%| E|CS|TAMS 0x000000008a800000, 0x000000008a800000| Complete 
| 105|0x000000008a900000, 0x000000008aa00000, 0x000000008aa00000|100%| E|CS|TAMS 0x000000008a900000, 0x000000008a900000| Complete 
| 106|0x000000008aa00000, 0x000000008ab00000, 0x000000008ab00000|100%| E|CS|TAMS 0x000000008aa00000, 0x000000008aa00000| Complete 
| 107|0x000000008ab00000, 0x000000008ac00000, 0x000000008ac00000|100%| E|CS|TAMS 0x000000008ab00000, 0x000000008ab00000| Complete 
| 108|0x000000008ac00000, 0x000000008ad00000, 0x000000008ad00000|100%| E|CS|TAMS 0x000000008ac00000, 0x000000008ac00000| Complete 
| 109|0x000000008ad00000, 0x000000008ae00000, 0x000000008ae00000|100%| E|CS|TAMS 0x000000008ad00000, 0x000000008ad00000| Complete 
| 110|0x000000008ae00000, 0x000000008af00000, 0x000000008af00000|100%| E|CS|TAMS 0x000000008ae00000, 0x000000008ae00000| Complete 
| 111|0x000000008af00000, 0x000000008b000000, 0x000000008b000000|100%| E|CS|TAMS 0x000000008af00000, 0x000000008af00000| Complete 
| 112|0x000000008b000000, 0x000000008b100000, 0x000000008b100000|100%| E|CS|TAMS 0x000000008b000000, 0x000000008b000000| Complete 
| 113|0x000000008b100000, 0x000000008b200000, 0x000000008b200000|100%| E|CS|TAMS 0x000000008b100000, 0x000000008b100000| Complete 
| 114|0x000000008b200000, 0x000000008b300000, 0x000000008b300000|100%| E|CS|TAMS 0x000000008b200000, 0x000000008b200000| Complete 
| 115|0x000000008b300000, 0x000000008b400000, 0x000000008b400000|100%| E|CS|TAMS 0x000000008b300000, 0x000000008b300000| Complete 
| 116|0x000000008b400000, 0x000000008b500000, 0x000000008b500000|100%| E|CS|TAMS 0x000000008b400000, 0x000000008b400000| Complete 
| 117|0x000000008b500000, 0x000000008b600000, 0x000000008b600000|100%| E|CS|TAMS 0x000000008b500000, 0x000000008b500000| Complete 
| 118|0x000000008b600000, 0x000000008b700000, 0x000000008b700000|100%| E|CS|TAMS 0x000000008b600000, 0x000000008b600000| Complete 
| 119|0x000000008b700000, 0x000000008b800000, 0x000000008b800000|100%| E|CS|TAMS 0x000000008b700000, 0x000000008b700000| Complete 
| 120|0x000000008b800000, 0x000000008b900000, 0x000000008b900000|100%| E|CS|TAMS 0x000000008b800000, 0x000000008b800000| Complete 
| 121|0x000000008b900000, 0x000000008ba00000, 0x000000008ba00000|100%| E|CS|TAMS 0x000000008b900000, 0x000000008b900000| Complete 
| 122|0x000000008ba00000, 0x000000008bb00000, 0x000000008bb00000|100%| E|CS|TAMS 0x000000008ba00000, 0x000000008ba00000| Complete 
| 123|0x000000008bb00000, 0x000000008bc00000, 0x000000008bc00000|100%| E|CS|TAMS 0x000000008bb00000, 0x000000008bb00000| Complete 
| 124|0x000000008bc00000, 0x000000008bd00000, 0x000000008bd00000|100%| E|CS|TAMS 0x000000008bc00000, 0x000000008bc00000| Complete 
| 125|0x000000008bd00000, 0x000000008be00000, 0x000000008be00000|100%| E|CS|TAMS 0x000000008bd00000, 0x000000008bd00000| Complete 
| 126|0x000000008be00000, 0x000000008bf00000, 0x000000008bf00000|100%| E|CS|TAMS 0x000000008be00000, 0x000000008be00000| Complete 
| 127|0x000000008bf00000, 0x000000008c000000, 0x000000008c000000|100%| E|CS|TAMS 0x000000008bf00000, 0x000000008bf00000| Complete 
| 128|0x000000008c000000, 0x000000008c100000, 0x000000008c100000|100%| E|CS|TAMS 0x000000008c000000, 0x000000008c000000| Complete 
| 129|0x000000008c100000, 0x000000008c200000, 0x000000008c200000|100%| E|CS|TAMS 0x000000008c100000, 0x000000008c100000| Complete 
| 130|0x000000008c200000, 0x000000008c300000, 0x000000008c300000|100%| E|CS|TAMS 0x000000008c200000, 0x000000008c200000| Complete 
| 131|0x000000008c300000, 0x000000008c400000, 0x000000008c400000|100%| E|CS|TAMS 0x000000008c300000, 0x000000008c300000| Complete 
| 132|0x000000008c400000, 0x000000008c500000, 0x000000008c500000|100%| E|CS|TAMS 0x000000008c400000, 0x000000008c400000| Complete 
| 133|0x000000008c500000, 0x000000008c600000, 0x000000008c600000|100%| E|CS|TAMS 0x000000008c500000, 0x000000008c500000| Complete 
| 134|0x000000008c600000, 0x000000008c700000, 0x000000008c700000|100%| E|CS|TAMS 0x000000008c600000, 0x000000008c600000| Complete 
| 135|0x000000008c700000, 0x000000008c800000, 0x000000008c800000|100%| E|CS|TAMS 0x000000008c700000, 0x000000008c700000| Complete 
| 136|0x000000008c800000, 0x000000008c900000, 0x000000008c900000|100%| E|CS|TAMS 0x000000008c800000, 0x000000008c800000| Complete 
| 137|0x000000008c900000, 0x000000008ca00000, 0x000000008ca00000|100%| E|CS|TAMS 0x000000008c900000, 0x000000008c900000| Complete 
| 138|0x000000008ca00000, 0x000000008cb00000, 0x000000008cb00000|100%| E|CS|TAMS 0x000000008ca00000, 0x000000008ca00000| Complete 
| 139|0x000000008cb00000, 0x000000008cc00000, 0x000000008cc00000|100%| E|CS|TAMS 0x000000008cb00000, 0x000000008cb00000| Complete 
| 140|0x000000008cc00000, 0x000000008cd00000, 0x000000008cd00000|100%| E|CS|TAMS 0x000000008cc00000, 0x000000008cc00000| Complete 
| 141|0x000000008cd00000, 0x000000008ce00000, 0x000000008ce00000|100%| E|CS|TAMS 0x000000008cd00000, 0x000000008cd00000| Complete 
| 142|0x000000008ce00000, 0x000000008cf00000, 0x000000008cf00000|100%| E|CS|TAMS 0x000000008ce00000, 0x000000008ce00000| Complete 
| 143|0x000000008cf00000, 0x000000008d000000, 0x000000008d000000|100%| E|CS|TAMS 0x000000008cf00000, 0x000000008cf00000| Complete 
| 144|0x000000008d000000, 0x000000008d100000, 0x000000008d100000|100%| E|CS|TAMS 0x000000008d000000, 0x000000008d000000| Complete 
| 145|0x000000008d100000, 0x000000008d200000, 0x000000008d200000|100%| E|CS|TAMS 0x000000008d100000, 0x000000008d100000| Complete 
| 146|0x000000008d200000, 0x000000008d300000, 0x000000008d300000|100%| E|CS|TAMS 0x000000008d200000, 0x000000008d200000| Complete 
| 147|0x000000008d300000, 0x000000008d400000, 0x000000008d400000|100%| E|CS|TAMS 0x000000008d300000, 0x000000008d300000| Complete 
| 148|0x000000008d400000, 0x000000008d500000, 0x000000008d500000|100%| E|CS|TAMS 0x000000008d400000, 0x000000008d400000| Complete 
| 149|0x000000008d500000, 0x000000008d600000, 0x000000008d600000|100%| E|CS|TAMS 0x000000008d500000, 0x000000008d500000| Complete 
| 150|0x000000008d600000, 0x000000008d700000, 0x000000008d700000|100%| E|CS|TAMS 0x000000008d600000, 0x000000008d600000| Complete 
| 151|0x000000008d700000, 0x000000008d800000, 0x000000008d800000|100%| E|CS|TAMS 0x000000008d700000, 0x000000008d700000| Complete 
| 152|0x000000008d800000, 0x000000008d900000, 0x000000008d900000|100%| E|CS|TAMS 0x000000008d800000, 0x000000008d800000| Complete 
| 153|0x000000008d900000, 0x000000008da00000, 0x000000008da00000|100%| E|CS|TAMS 0x000000008d900000, 0x000000008d900000| Complete 
| 154|0x000000008da00000, 0x000000008db00000, 0x000000008db00000|100%| E|CS|TAMS 0x000000008da00000, 0x000000008da00000| Complete 

Card table byte_map: [0x0000018a47c90000,0x0000018a48070000] _byte_map_base: 0x0000018a47870000

Marking Bits (Prev, Next): (CMBitMap*) 0x0000018a34ddcdb0, (CMBitMap*) 0x0000018a34ddcd78
 Prev Bits: [0x0000018a4a350000, 0x0000018a4c250000)
 Next Bits: [0x0000018a48450000, 0x0000018a4a350000)

Polling page: 0x0000018a32cb0000

Metaspace:

Usage:
  Non-class:     45.49 MB capacity,    45.16 MB (>99%) used,   256.96 KB ( <1%) free+waste,    82.19 KB ( <1%) overhead. 
      Class:      6.18 MB capacity,     5.92 MB ( 96%) used,   226.52 KB (  4%) free+waste,    37.69 KB ( <1%) overhead. 
       Both:     51.67 MB capacity,    51.08 MB ( 99%) used,   483.48 KB ( <1%) free+waste,   119.88 KB ( <1%) overhead. 

Virtual space:
  Non-class space:       46.00 MB reserved,      45.58 MB (>99%) committed 
      Class space:        1.00 GB reserved,       6.20 MB ( <1%) committed 
             Both:        1.04 GB reserved,      51.78 MB (  5%) committed 

Chunk freelists:
   Non-Class:  30.00 KB
       Class:  6.00 KB
        Both:  36.00 KB

MaxMetaspaceSize: 17179869184.00 GB
CompressedClassSpaceSize: 1.00 GB
Initial GC threshold: 20.80 MB
Current GC threshold: 77.13 MB
CDS: off

CodeHeap 'non-profiled nmethods': size=120064Kb used=2084Kb max_used=2084Kb free=117979Kb
 bounds [0x0000018a40370000, 0x0000018a405e0000, 0x0000018a478b0000]
CodeHeap 'profiled nmethods': size=120000Kb used=10523Kb max_used=10523Kb free=109476Kb
 bounds [0x0000018a38e40000, 0x0000018a39890000, 0x0000018a40370000]
CodeHeap 'non-nmethods': size=5696Kb used=1291Kb max_used=1339Kb free=4404Kb
 bounds [0x0000018a388b0000, 0x0000018a38b20000, 0x0000018a38e40000]
 total_blobs=5290 nmethods=4730 adapters=471
 compilation: enabled
              stopped_count=0, restarted_count=0
 full_count=0

Compilation events (20 events):
Event: 6.353 Thread 0x0000018a4e763800 nmethod 4709 0x0000018a40573890 code [0x0000018a40573a40, 0x0000018a40573af8]
Event: 6.353 Thread 0x0000018a4e763800 4710       1       org.jetbrains.kotlin.load.java.lazy.descriptors.LazyJavaScope$MethodSignatureData::getReturnType (5 bytes)
Event: 6.353 Thread 0x0000018a4e763800 nmethod 4710 0x0000018a40573b90 code [0x0000018a40573d40, 0x0000018a40573df8]
Event: 6.353 Thread 0x0000018a4e763800 4711       1       org.jetbrains.kotlin.load.java.lazy.descriptors.LazyJavaScope$MethodSignatureData::getHasStableParameterNames (5 bytes)
Event: 6.353 Thread 0x0000018a4e763800 nmethod 4711 0x0000018a40573e90 code [0x0000018a40574040, 0x0000018a405740f8]
Event: 6.353 Thread 0x0000018a4e763800 4712       1       org.jetbrains.kotlin.load.java.lazy.descriptors.LazyJavaScope$ResolvedValueParameters::getHasSynthesizedNames (5 bytes)
Event: 6.353 Thread 0x0000018a4e763800 nmethod 4712 0x0000018a40574190 code [0x0000018a40574340, 0x0000018a405743f8]
Event: 6.353 Thread 0x0000018a4e763800 4713       1       org.jetbrains.kotlin.load.java.lazy.descriptors.LazyJavaScope$MethodSignatureData::getErrors (5 bytes)
Event: 6.353 Thread 0x0000018a4e763800 nmethod 4713 0x0000018a40574490 code [0x0000018a40574640, 0x0000018a405746f8]
Event: 6.353 Thread 0x0000018a4e763800 4698       1       org.jetbrains.kotlin.load.java.lazy.LazyJavaResolverContext::getDelegateForDefaultTypeQualifiers$descriptors_jvm (5 bytes)
Event: 6.353 Thread 0x0000018a4e763800 nmethod 4698 0x0000018a40574790 code [0x0000018a40574940, 0x0000018a405749f8]
Event: 6.353 Thread 0x0000018a4e763800 4699       1       org.jetbrains.kotlin.load.java.structure.impl.classFiles.BinaryJavaMethod::getReturnType (5 bytes)
Event: 6.353 Thread 0x0000018a4e763800 nmethod 4699 0x0000018a40574a90 code [0x0000018a40574c40, 0x0000018a40574cf8]
Event: 6.353 Thread 0x0000018a4e763800 4700       1       org.jetbrains.kotlin.load.java.lazy.descriptors.LazyJavaScope$ResolvedValueParameters::getDescriptors (5 bytes)
Event: 6.353 Thread 0x0000018a4e763800 nmethod 4700 0x0000018a40574d90 code [0x0000018a40574f40, 0x0000018a40574ff8]
Event: 6.353 Thread 0x0000018a4e763800 4701       1       org.jetbrains.kotlin.load.java.lazy.JavaResolverComponents::getSignaturePropagator (5 bytes)
Event: 6.353 Thread 0x0000018a4e763800 nmethod 4701 0x0000018a40575090 code [0x0000018a40575240, 0x0000018a405752f8]
Event: 6.354 Thread 0x0000018a4e763800 4716       3       org.jetbrains.kotlin.load.java.lazy.descriptors.LazyJavaClassMemberScope::computeNonDeclaredFunctions (468 bytes)
Event: 6.358 Thread 0x0000018a4e763800 nmethod 4716 0x0000018a39856310 code [0x0000018a39856a60, 0x0000018a3985b068]
Event: 6.358 Thread 0x0000018a4e763800 4717       3       org.jetbrains.kotlin.load.java.typeEnhancement.JavaTypeEnhancement::enhanceInflexible (1027 bytes)

GC Heap History (10 events):
Event: 0.543 GC heap before
{Heap before GC invocations=0 (full 0):
 garbage-first heap   total 126976K, used 17408K [0x0000000084000000, 0x0000000100000000)
  region size 1024K, 14 young (14336K), 0 survivors (0K)
 Metaspace       used 9830K, capacity 9938K, committed 10112K, reserved 1058816K
  class space    used 842K, capacity 885K, committed 896K, reserved 1048576K
}
Event: 0.547 GC heap after
{Heap after GC invocations=1 (full 0):
 garbage-first heap   total 126976K, used 5227K [0x0000000084000000, 0x0000000100000000)
  region size 1024K, 2 young (2048K), 2 survivors (2048K)
 Metaspace       used 9830K, capacity 9938K, committed 10112K, reserved 1058816K
  class space    used 842K, capacity 885K, committed 896K, reserved 1048576K
}
Event: 1.502 GC heap before
{Heap before GC invocations=1 (full 0):
 garbage-first heap   total 126976K, used 51307K [0x0000000084000000, 0x0000000100000000)
  region size 1024K, 48 young (49152K), 2 survivors (2048K)
 Metaspace       used 20917K, capacity 21086K, committed 21296K, reserved 1069056K
  class space    used 2230K, capacity 2312K, committed 2432K, reserved 1048576K
}
Event: 1.515 GC heap after
{Heap after GC invocations=2 (full 0):
 garbage-first heap   total 126976K, used 9105K [0x0000000084000000, 0x0000000100000000)
  region size 1024K, 6 young (6144K), 6 survivors (6144K)
 Metaspace       used 20917K, capacity 21086K, committed 21296K, reserved 1069056K
  class space    used 2230K, capacity 2312K, committed 2432K, reserved 1048576K
}
Event: 2.698 GC heap before
{Heap before GC invocations=3 (full 0):
 garbage-first heap   total 126976K, used 62353K [0x0000000084000000, 0x0000000100000000)
  region size 1024K, 53 young (54272K), 6 survivors (6144K)
 Metaspace       used 31843K, capacity 32314K, committed 32560K, reserved 1077248K
  class space    used 4007K, capacity 4214K, committed 4224K, reserved 1048576K
}
Event: 2.734 GC heap after
{Heap after GC invocations=4 (full 0):
 garbage-first heap   total 126976K, used 21110K [0x0000000084000000, 0x0000000100000000)
  region size 1024K, 7 young (7168K), 7 survivors (7168K)
 Metaspace       used 31843K, capacity 32314K, committed 32560K, reserved 1077248K
  class space    used 4007K, capacity 4214K, committed 4224K, reserved 1048576K
}
Event: 3.165 GC heap before
{Heap before GC invocations=4 (full 0):
 garbage-first heap   total 126976K, used 37494K [0x0000000084000000, 0x0000000100000000)
  region size 1024K, 24 young (24576K), 7 survivors (7168K)
 Metaspace       used 35395K, capacity 35845K, committed 35920K, reserved 1081344K
  class space    used 4395K, capacity 4602K, committed 4608K, reserved 1048576K
}
Event: 3.179 GC heap after
{Heap after GC invocations=5 (full 0):
 garbage-first heap   total 126976K, used 20164K [0x0000000084000000, 0x0000000100000000)
  region size 1024K, 2 young (2048K), 2 survivors (2048K)
 Metaspace       used 35395K, capacity 35845K, committed 35920K, reserved 1081344K
  class space    used 4395K, capacity 4602K, committed 4608K, reserved 1048576K
}
Event: 4.668 GC heap before
{Heap before GC invocations=6 (full 0):
 garbage-first heap   total 126976K, used 74436K [0x0000000084000000, 0x0000000100000000)
  region size 1024K, 53 young (54272K), 2 survivors (2048K)
 Metaspace       used 46708K, capacity 47232K, committed 47388K, reserved 1091584K
  class space    used 5542K, capacity 5747K, committed 5836K, reserved 1048576K
}
Event: 4.696 GC heap after
{Heap after GC invocations=7 (full 0):
 garbage-first heap   total 158720K, used 26810K [0x0000000084000000, 0x0000000100000000)
  region size 1024K, 7 young (7168K), 7 survivors (7168K)
 Metaspace       used 46708K, capacity 47232K, committed 47388K, reserved 1091584K
  class space    used 5542K, capacity 5747K, committed 5836K, reserved 1048576K
}

Deoptimization events (20 events):
Event: 5.426 Thread 0x0000018a34d9d800 DEOPT PACKING pc=0x0000018a404a3aa8 sp=0x0000005a386fd020
Event: 5.426 Thread 0x0000018a34d9d800 DEOPT UNPACKING pc=0x0000018a388b85af sp=0x0000005a386fcfc8 mode 2
Event: 5.426 Thread 0x0000018a34d9d800 Uncommon trap: trap_request=0xffffffde fr.pc=0x0000018a404a3aa8 relative=0x0000000000000168
Event: 5.426 Thread 0x0000018a34d9d800 Uncommon trap: reason=class_check action=maybe_recompile pc=0x0000018a404a3aa8 method=java.lang.Character.codePointAt(Ljava/lang/CharSequence;I)I @ 2 c2
Event: 5.426 Thread 0x0000018a34d9d800 DEOPT PACKING pc=0x0000018a404a3aa8 sp=0x0000005a386fd020
Event: 5.426 Thread 0x0000018a34d9d800 DEOPT UNPACKING pc=0x0000018a388b85af sp=0x0000005a386fcfc8 mode 2
Event: 5.823 Thread 0x0000018a34d9d800 Uncommon trap: trap_request=0xffffff4d fr.pc=0x0000018a404c7730 relative=0x00000000000002d0
Event: 5.823 Thread 0x0000018a34d9d800 Uncommon trap: reason=unstable_if action=reinterpret pc=0x0000018a404c7730 method=org.jetbrains.kotlin.com.intellij.openapi.util.text.StringUtilRt.equal(Ljava/lang/CharSequence;Ljava/lang/CharSequence;Z)Z @ 12 c2
Event: 5.823 Thread 0x0000018a34d9d800 DEOPT PACKING pc=0x0000018a404c7730 sp=0x0000005a386fb6d0
Event: 5.823 Thread 0x0000018a34d9d800 DEOPT UNPACKING pc=0x0000018a388b85af sp=0x0000005a386fb688 mode 2
Event: 5.839 Thread 0x0000018a34d9d800 Uncommon trap: trap_request=0xffffff4d fr.pc=0x0000018a404a45cc relative=0x000000000000060c
Event: 5.839 Thread 0x0000018a34d9d800 Uncommon trap: reason=unstable_if action=reinterpret pc=0x0000018a404a45cc method=org.jetbrains.kotlin.com.intellij.lang.impl.PsiBuilderImpl.skipWhitespace()V @ 51 c2
Event: 5.839 Thread 0x0000018a34d9d800 DEOPT PACKING pc=0x0000018a404a45cc sp=0x0000005a386fbeb0
Event: 5.839 Thread 0x0000018a34d9d800 DEOPT UNPACKING pc=0x0000018a388b85af sp=0x0000005a386fbd60 mode 2
Event: 5.898 Thread 0x0000018a34d9d800 Uncommon trap: trap_request=0xffffff4d fr.pc=0x0000018a40533df4 relative=0x00000000000004b4
Event: 5.898 Thread 0x0000018a34d9d800 Uncommon trap: reason=unstable_if action=reinterpret pc=0x0000018a40533df4 method=org.jetbrains.kotlin.com.intellij.lang.impl.PsiBuilderImpl.skipWhitespace()V @ 51 c2
Event: 5.898 Thread 0x0000018a34d9d800 DEOPT PACKING pc=0x0000018a40533df4 sp=0x0000005a386fbe60
Event: 5.898 Thread 0x0000018a34d9d800 DEOPT UNPACKING pc=0x0000018a388b85af sp=0x0000005a386fbdc8 mode 2
Event: 6.027 Thread 0x0000018a34d9d800 DEOPT PACKING pc=0x0000018a39489f7f sp=0x0000005a386fb380
Event: 6.027 Thread 0x0000018a34d9d800 DEOPT UNPACKING pc=0x0000018a388f9d0e sp=0x0000005a386fa7d0 mode 0

Classes redefined (0 events):
No events

Internal exceptions (20 events):
Event: 1.850 Thread 0x0000018a34d9d800 Exception <a 'java/lang/NoSuchMethodError'{0x000000008ad10738}: 'java.lang.Object java.lang.invoke.DirectMethodHandle$Holder.invokeSpecial(java.lang.Object, java.lang.Object, int, int, java.lang.Object, java.lang.Object, java.lang.Object)'> (0x000000008ad10738) thrown at [./src/hotspot/share/interpreter/linkResolver.cpp, line 773]
Event: 1.850 Thread 0x0000018a34d9d800 Exception <a 'java/lang/NoSuchMethodError'{0x000000008ad13f70}: 'java.lang.Object java.lang.invoke.DelegatingMethodHandle$Holder.reinvoke_L(java.lang.Object, int, int, java.lang.Object, java.lang.Object, java.lang.Object)'> (0x000000008ad13f70) thrown at [./src/hotspot/share/interpreter/linkResolver.cpp, line 773]
Event: 1.851 Thread 0x0000018a34d9d800 Exception <a 'java/lang/NoSuchMethodError'{0x000000008ad182f8}: 'java.lang.Object java.lang.invoke.DirectMethodHandle$Holder.invokeStatic(java.lang.Object, java.lang.Object, java.lang.Object, java.lang.Object, int)'> (0x000000008ad182f8) thrown at [./src/hotspot/share/interpreter/linkResolver.cpp, line 773]
Event: 1.897 Thread 0x0000018a34d9d800 Exception <a 'sun/nio/fs/WindowsException'{0x000000008ac57ca0}> (0x000000008ac57ca0) thrown at [./src/hotspot/share/prims/jni.cpp, line 615]
Event: 1.897 Thread 0x0000018a34d9d800 Exception <a 'sun/nio/fs/WindowsException'{0x000000008ac58518}> (0x000000008ac58518) thrown at [./src/hotspot/share/prims/jni.cpp, line 615]
Event: 1.897 Thread 0x0000018a34d9d800 Exception <a 'sun/nio/fs/WindowsException'{0x000000008ac58da0}> (0x000000008ac58da0) thrown at [./src/hotspot/share/prims/jni.cpp, line 615]
Event: 1.897 Thread 0x0000018a34d9d800 Exception <a 'sun/nio/fs/WindowsException'{0x000000008ac59788}> (0x000000008ac59788) thrown at [./src/hotspot/share/prims/jni.cpp, line 615]
Event: 1.897 Thread 0x0000018a34d9d800 Exception <a 'sun/nio/fs/WindowsException'{0x000000008ac5a070}> (0x000000008ac5a070) thrown at [./src/hotspot/share/prims/jni.cpp, line 615]
Event: 1.897 Thread 0x0000018a34d9d800 Exception <a 'sun/nio/fs/WindowsException'{0x000000008ac5a9a8}> (0x000000008ac5a9a8) thrown at [./src/hotspot/share/prims/jni.cpp, line 615]
Event: 1.900 Thread 0x0000018a34d9d800 Exception <a 'java/lang/NoSuchMethodError'{0x000000008ac61168}: 'void java.lang.invoke.DirectMethodHandle$Holder.invokeStatic(java.lang.Object, java.lang.Object, java.lang.Object, java.lang.Object)'> (0x000000008ac61168) thrown at [./src/hotspot/share/interpreter/linkResolver.cpp, line 773]
Event: 1.963 Thread 0x0000018a34d9d800 Exception <a 'java/lang/NoSuchMethodError'{0x000000008a8419b0}: 'void java.lang.invoke.DirectMethodHandle$Holder.invokeStaticInit(java.lang.Object, java.lang.Object)'> (0x000000008a8419b0) thrown at [./src/hotspot/share/interpreter/linkResolver.cpp, line 773]
Event: 2.062 Thread 0x0000018a34d9d800 Exception <a 'java/lang/NoSuchMethodError'{0x000000008a45c858}: 'void java.lang.invoke.DirectMethodHandle$Holder.invokeVirtual(java.lang.Object, java.lang.Object)'> (0x000000008a45c858) thrown at [./src/hotspot/share/interpreter/linkResolver.cpp, line 773]
Event: 2.072 Thread 0x0000018a34d9d800 Exception <a 'java/lang/NoSuchMethodError'{0x000000008a4da108}: 'int java.lang.invoke.DirectMethodHandle$Holder.invokeVirtual(java.lang.Object, java.lang.Object)'> (0x000000008a4da108) thrown at [./src/hotspot/share/interpreter/linkResolver.cpp, line 773]
Event: 3.055 Thread 0x0000018a34d9d800 Exception <a 'java/lang/NoSuchMethodError'{0x000000008b06e378}: 'java.lang.Object java.lang.invoke.DirectMethodHandle$Holder.invokeVirtual(java.lang.Object, java.lang.Object, java.lang.Object)'> (0x000000008b06e378) thrown at [./src/hotspot/share/interpreter/linkResolver.cpp, line 773]
Event: 4.199 Thread 0x0000018a34d9d800 Exception <a 'java/lang/NoSuchMethodError'{0x000000008931f348}: 'java.lang.Object java.lang.invoke.DirectMethodHandle$Holder.invokeStatic(java.lang.Object, java.lang.Object, java.lang.Object, int)'> (0x000000008931f348) thrown at [./src/hotspot/share/interpreter/linkResolver.cpp, line 773]
Event: 4.200 Thread 0x0000018a34d9d800 Exception <a 'java/lang/NoSuchMethodError'{0x0000000089322fb8}: 'java.lang.Object java.lang.invoke.DirectMethodHandle$Holder.invokeSpecial(java.lang.Object, java.lang.Object, java.lang.Object, java.lang.Object, int)'> (0x0000000089322fb8) thrown at [./src/hotspot/share/interpreter/linkResolver.cpp, line 773]
Event: 4.200 Thread 0x0000018a34d9d800 Exception <a 'java/lang/NoSuchMethodError'{0x00000000893262c8}: 'java.lang.Object java.lang.invoke.Invokers$Holder.linkToTargetMethod(java.lang.Object, java.lang.Object, int, java.lang.Object)'> (0x00000000893262c8) thrown at [./src/hotspot/share/interpreter/linkResolver.cpp, line 773]
Event: 4.474 Thread 0x0000018a34d9d800 Exception <a 'java/lang/NoSuchMethodError'{0x0000000088b4bed8}: 'java.lang.Object java.lang.invoke.Invokers$Holder.linkToTargetMethod(java.lang.Object, int, java.lang.Object)'> (0x0000000088b4bed8) thrown at [./src/hotspot/share/interpreter/linkResolver.cpp, line 773]
Event: 5.823 Thread 0x0000018a34d9d800 Implicit null exception at 0x0000018a404c747e to 0x0000018a404c7718
Event: 6.108 Thread 0x0000018a34d9d800 Exception <a 'java/lang/NoSuchMethodError'{0x000000008a698ea8}: 'java.lang.Object java.lang.invoke.DirectMethodHandle$Holder.invokeStaticInit(java.lang.Object, java.lang.Object, java.lang.Object)'> (0x000000008a698ea8) thrown at [./src/hotspot/share/interpreter/linkResolver.cpp, line 773]

Events (20 events):
Event: 6.287 Executing VM operation: Deoptimize
Event: 6.288 Executing VM operation: Deoptimize done
Event: 6.288 loading class org/jetbrains/kotlin/load/kotlin/BinaryClassAnnotationAndConstantLoaderImpl$AbstractAnnotationArgumentVisitor$visitArray$1
Event: 6.288 loading class org/jetbrains/kotlin/load/kotlin/BinaryClassAnnotationAndConstantLoaderImpl$AbstractAnnotationArgumentVisitor$visitArray$1 done
Event: 6.289 Executing VM operation: Deoptimize
Event: 6.289 Executing VM operation: Deoptimize done
Event: 6.289 loading class org/jetbrains/kotlin/resolve/constants/EnumValue
Event: 6.289 loading class org/jetbrains/kotlin/resolve/constants/EnumValue done
Event: 6.290 loading class org/jetbrains/kotlin/serialization/deserialization/descriptors/DeserializedClassConstructorDescriptor
Event: 6.290 loading class org/jetbrains/kotlin/serialization/deserialization/descriptors/DeserializedClassConstructorDescriptor done
Event: 6.293 loading class org/jetbrains/kotlin/resolve/constants/ConstantValueFactory
Event: 6.293 loading class org/jetbrains/kotlin/resolve/constants/ConstantValueFactory done
Event: 6.294 loading class org/jetbrains/kotlin/resolve/constants/ArrayValue
Event: 6.294 loading class org/jetbrains/kotlin/resolve/constants/ArrayValue done
Event: 6.294 loading class org/jetbrains/kotlin/resolve/constants/ConstantValueFactory$createArrayValue$1
Event: 6.294 loading class org/jetbrains/kotlin/resolve/constants/ConstantValueFactory$createArrayValue$1 done
Event: 6.295 loading class org/jetbrains/kotlin/descriptors/annotations/AnnotationDescriptorImpl
Event: 6.295 loading class org/jetbrains/kotlin/descriptors/annotations/AnnotationDescriptorImpl done
Event: 6.296 loading class org/jetbrains/kotlin/descriptors/annotations/AnnotationDescriptor$DefaultImpls
Event: 6.296 loading class org/jetbrains/kotlin/descriptors/annotations/AnnotationDescriptor$DefaultImpls done


Dynamic libraries:
0x00007ff7247d0000 - 0x00007ff7247da000 	C:\Program Files\Android\Android Studio\jre\bin\java.exe
0x00007ff878ee0000 - 0x00007ff8790e9000 	C:\WINDOWS\SYSTEM32\ntdll.dll
0x00007ff877fa0000 - 0x00007ff87805d000 	C:\WINDOWS\System32\KERNEL32.DLL
0x00007ff8769f0000 - 0x00007ff876d69000 	C:\WINDOWS\System32\KERNELBASE.dll
0x00007ff876680000 - 0x00007ff876791000 	C:\WINDOWS\System32\ucrtbase.dll
0x00007ff872ce0000 - 0x00007ff872cf9000 	C:\Program Files\Android\Android Studio\jre\bin\jli.dll
0x00007ff8587e0000 - 0x00007ff8587f7000 	C:\Program Files\Android\Android Studio\jre\bin\VCRUNTIME140.dll
0x00007ff877d40000 - 0x00007ff877eec000 	C:\WINDOWS\System32\USER32.dll
0x00007ff85bce0000 - 0x00007ff85bf85000 	C:\WINDOWS\WinSxS\amd64_microsoft.windows.common-controls_6595b64144ccf1df_6.0.22000.120_none_9d947278b86cc467\COMCTL32.dll
0x00007ff876460000 - 0x00007ff876486000 	C:\WINDOWS\System32\win32u.dll
0x00007ff878c60000 - 0x00007ff878d03000 	C:\WINDOWS\System32\msvcrt.dll
0x00007ff878200000 - 0x00007ff878229000 	C:\WINDOWS\System32\GDI32.dll
0x00007ff8768d0000 - 0x00007ff8769e2000 	C:\WINDOWS\System32\gdi32full.dll
0x00007ff8763c0000 - 0x00007ff87645d000 	C:\WINDOWS\System32\msvcp_win.dll
0x00007ff8773f0000 - 0x00007ff877421000 	C:\WINDOWS\System32\IMM32.DLL
0x00007ff858740000 - 0x00007ff8587dd000 	C:\Program Files\Android\Android Studio\jre\bin\msvcp140.dll
0x00007ffffde20000 - 0x00007ffffe905000 	C:\Program Files\Android\Android Studio\jre\bin\server\jvm.dll
0x00007ff877720000 - 0x00007ff8777ce000 	C:\WINDOWS\System32\ADVAPI32.dll
0x00007ff876f60000 - 0x00007ff876ffe000 	C:\WINDOWS\System32\sechost.dll
0x00007ff878d80000 - 0x00007ff878ea0000 	C:\WINDOWS\System32\RPCRT4.dll
0x00007ff877590000 - 0x00007ff877598000 	C:\WINDOWS\System32\PSAPI.DLL
0x00007ff852d40000 - 0x00007ff852d49000 	C:\WINDOWS\SYSTEM32\WSOCK32.dll
0x00007ff86dea0000 - 0x00007ff86deaa000 	C:\WINDOWS\SYSTEM32\VERSION.dll
0x00007ff868890000 - 0x00007ff8688c3000 	C:\WINDOWS\SYSTEM32\WINMM.dll
0x00007ff877430000 - 0x00007ff87749f000 	C:\WINDOWS\System32\WS2_32.dll
0x00007ff8754c0000 - 0x00007ff8754d8000 	C:\WINDOWS\SYSTEM32\kernel.appcore.dll
0x00007ff858340000 - 0x00007ff858351000 	C:\Program Files\Android\Android Studio\jre\bin\verify.dll
0x00007ff873cf0000 - 0x00007ff873f11000 	C:\WINDOWS\SYSTEM32\DBGHELP.DLL
0x00007ff850cc0000 - 0x00007ff850cf1000 	C:\WINDOWS\SYSTEM32\dbgcore.DLL
0x00007ff876600000 - 0x00007ff87667f000 	C:\WINDOWS\System32\bcryptPrimitives.dll
0x00007ff8568d0000 - 0x00007ff8568f9000 	C:\Program Files\Android\Android Studio\jre\bin\java.dll
0x00007ff8641a0000 - 0x00007ff8641ab000 	C:\Program Files\Android\Android Studio\jre\bin\jimage.dll
0x00007ff854e30000 - 0x00007ff854e48000 	C:\Program Files\Android\Android Studio\jre\bin\zip.dll
0x00007ff878310000 - 0x00007ff878ac8000 	C:\WINDOWS\System32\SHELL32.dll
0x00007ff874530000 - 0x00007ff874d97000 	C:\WINDOWS\SYSTEM32\windows.storage.dll
0x00007ff877060000 - 0x00007ff8773d9000 	C:\WINDOWS\System32\combase.dll
0x00007ff8743c0000 - 0x00007ff874526000 	C:\WINDOWS\SYSTEM32\wintypes.dll
0x00007ff8774a0000 - 0x00007ff87758a000 	C:\WINDOWS\System32\SHCORE.dll
0x00007ff8775a0000 - 0x00007ff8775fd000 	C:\WINDOWS\System32\shlwapi.dll
0x00007ff8762f0000 - 0x00007ff876311000 	C:\WINDOWS\SYSTEM32\profapi.dll
0x00007ff853f30000 - 0x00007ff853f4a000 	C:\Program Files\Android\Android Studio\jre\bin\net.dll
0x00007ff86e090000 - 0x00007ff86e19c000 	C:\WINDOWS\SYSTEM32\WINHTTP.dll
0x00007ff8758f0000 - 0x00007ff875957000 	C:\WINDOWS\system32\mswsock.dll
0x00007ff853f10000 - 0x00007ff853f24000 	C:\Program Files\Android\Android Studio\jre\bin\nio.dll

dbghelp: loaded successfully - version: 4.0.5 - missing functions: none
symbol engine: initialized successfully - sym options: 0x614 - pdb path: .;C:\Program Files\Android\Android Studio\jre\bin;C:\WINDOWS\SYSTEM32;C:\WINDOWS\WinSxS\amd64_microsoft.windows.common-controls_6595b64144ccf1df_6.0.22000.120_none_9d947278b86cc467;C:\Program Files\Android\Android Studio\jre\bin\server

VM Arguments:
java_command: org.jetbrains.kotlin.cli.jvm.K2JVMCompiler @D:\Android Development\LiveEdgeDetectionSDK\app\build\20220818_15839989288402982411.compiler.options
java_class_path (initial): C:\Users\ASUS\.gradle\caches\modules-2\files-2.1\org.jetbrains.kotlin\kotlin-compiler-embeddable\1.6.21\97bdd5a752ce73b58ef16c17bc7f0ea2faff7a2e\kotlin-compiler-embeddable-1.6.21.jar;C:\Users\ASUS\.gradle\caches\modules-2\files-2.1\org.jetbrains.kotlin\kotlin-reflect\1.6.21\5dc3574d9b7bebfcb4ec6b10ada4aaa9e140bd0b\kotlin-reflect-1.6.21.jar;C:\Users\ASUS\.gradle\caches\modules-2\files-2.1\org.jetbrains.kotlin\kotlin-stdlib\1.6.21\11ef67f1900634fd951bad28c53ec957fabbe5b8\kotlin-stdlib-1.6.21.jar;C:\Users\ASUS\.gradle\caches\modules-2\files-2.1\org.jetbrains.kotlin\kotlin-script-runtime\1.6.21\99c6675100da5d6d5b1c5a1032f27f28008d101b\kotlin-script-runtime-1.6.21.jar;C:\Users\ASUS\.gradle\caches\modules-2\files-2.1\org.jetbrains.kotlin\kotlin-daemon-embeddable\1.6.21\46b78cf392e1c4f10854c3cadba44abb7b82250f\kotlin-daemon-embeddable-1.6.21.jar;C:\Users\ASUS\.gradle\caches\modules-2\files-2.1\org.jetbrains.intellij.deps\trove4j\1.0.20200330\3afb14d5f9ceb459d724e907a21145e8ff394f02\trove4j-1.0.20200330.jar;C:\Users\ASUS\.gradle\caches\modules-2\files-2.1\net.java.dev.jna\jna\5.6.0\330f2244e9030119ab3030fc3fededc86713d9cc\jna-5.6.0.jar;C:\Users\ASUS\.gradle\caches\modules-2\files-2.1\org.jetbrains.kotlin\kotlin-stdlib-common\1.6.21\5e5b55c26dbc80372a920aef60eb774b714559b8\kotlin-stdlib-common-1.6.21.jar;C:\Users\ASUS\.gradle\caches\modules-2\files-2.1\org.jetbrains\annotations\13.0\919f0dfe192fb4e063e7dacadee7f8bb9a2672a9\annotations-13.0.jar
Launcher Type: SUN_STANDARD

[Global flags]
     intx CICompilerCount                          = 3                                         {product} {ergonomic}
     uint ConcGCThreads                            = 1                                         {product} {ergonomic}
     uint G1ConcRefinementThreads                  = 4                                         {product} {ergonomic}
   size_t G1HeapRegionSize                         = 1048576                                   {product} {ergonomic}
    uintx GCDrainStackTargetSize                   = 64                                        {product} {ergonomic}
   size_t InitialHeapSize                          = 130023424                                 {product} {ergonomic}
   size_t MarkStackSize                            = 4194304                                   {product} {ergonomic}
   size_t MaxHeapSize                              = 2080374784                                {product} {ergonomic}
   size_t MaxNewSize                               = 1247805440                                {product} {ergonomic}
   size_t MinHeapDeltaBytes                        = 1048576                                   {product} {ergonomic}
    uintx NonNMethodCodeHeapSize                   = 5830732                                {pd product} {ergonomic}
    uintx NonProfiledCodeHeapSize                  = 122913754                              {pd product} {ergonomic}
    uintx ProfiledCodeHeapSize                     = 122913754                              {pd product} {ergonomic}
    uintx ReservedCodeCacheSize                    = 251658240                              {pd product} {ergonomic}
     bool SegmentedCodeCache                       = true                                      {product} {ergonomic}
     bool UseCompressedClassPointers               = true                                 {lp64_product} {ergonomic}
     bool UseCompressedOops                        = true                                 {lp64_product} {ergonomic}
     bool UseG1GC                                  = true                                      {product} {ergonomic}
     bool UseLargePagesIndividualAllocation        = false                                  {pd product} {ergonomic}

Logging:
Log output configuration:
 #0: stdout all=warning uptime,level,tags
 #1: stderr all=off uptime,level,tags

Environment Variables:
PATH=C:\Python310\Scripts\;C:\Python310\;C:\Program Files\Common Files\Oracle\Java\javapath;C:\WINDOWS\system32;C:\WINDOWS;C:\WINDOWS\System32\Wbem;C:\WINDOWS\System32\WindowsPowerShell\v1.0\;C:\WINDOWS\System32\OpenSSH\;C:\MinGW\bin;D:\flutter\bin;C:\Program Files\nodejs\;C:\ProgramData\chocolatey\bin;C:\Ruby27-x64\bin;C:\Program Files\Git\cmd;C:\Users\ASUS\Downloads\platform-tools_r33.0.0-windows\platform-tools;C:\Program Files\Android\sdk;C:\Program Files\Android\sdk\platform-tools;C:\Program Files\MongoDB\Server\5.0\bin;C:\Program Files\MATLAB\R2016a\runtime\win64;C:\Program Files\MATLAB\R2016a\bin;C:\Program Files\MATLAB\R2016a\polyspace\bin;C:\Ruby27-x64\bin;C:\Users\ASUS\AppData\Local\Programs\Python\Python39\Scripts\;C:\Users\ASUS\AppData\Local\Programs\Python\Python39\;C:\Users\ASUS\AppData\Local\Microsoft\WindowsApps;C:\Users\ASUS\AppData\Local\Programs\Microsoft VS Code\bin;C:\Users\ASUS\AppData\Local\GitHubDesktop\bin;C:\Program Files\JetBrains\IntelliJ IDEA Community Edition 2021.2\bin;;C:\Users\ASUS\AppData\Roaming\npm;C:\Users\ASUS\Downloads\platform-tools_r33.0.0-windows\platform-tools;C:\Program Files\Android\sdk;C:\Program Files\Android\sdk\platform-tools;C:\Program Files\MongoDB\Server\5.0\bin;
USERNAME=ASUS
OS=Windows_NT
PROCESSOR_IDENTIFIER=Intel64 Family 6 Model 126 Stepping 5, GenuineIntel



---------------  S Y S T E M  ---------------

OS: Windows 10 , 64 bit Build 22000 (10.0.22000.708)
OS uptime: 0 days 4:11 hours

CPU:total 4 (initial active 4) (2 cores per cpu, 2 threads per core) family 6 model 126 stepping 5 microcode 0xa0, cmov, cx8, fxsr, mmx, sse, sse2, sse3, ssse3, sse4.1, sse4.2, popcnt, avx, avx2, aes, clmul, erms, 3dnowpref, lzcnt, ht, tsc, tscinvbit, bmi1, bmi2, adx, evex, sha, fma

Memory: 4k page, system-wide physical 7930M (477M free)
TotalPageFile size 9978M (AvailPageFile size 5M)
current process WorkingSet (physical memory assigned to process): 270M, peak: 270M
current process commit charge ("private bytes"): 341M, peak: 349M

vm_info: OpenJDK 64-Bit Server VM (11.0.12+7-b1504.28-7817840) for windows-amd64 JRE (11.0.12+7-b1504.28-7817840), built on Oct 13 2021 22:12:33 by "builder" with MS VC++ 14.0 (VS2015)

END.
