#
# There is insufficient memory for the Java Runtime Environment to continue.
# Native memory allocation (malloc) failed to allocate 1401136 bytes for Chunk::new
# Possible reasons:
#   The system is out of physical RAM or swap space
#   The process is running with CompressedOops enabled, and the Java Heap may be blocking the growth of the native heap
# Possible solutions:
#   Reduce memory load on the system
#   Increase physical memory or swap space
#   Check if swap backing store is full
#   Decrease Java heap size (-Xmx/-Xms)
#   Decrease number of Java threads
#   Decrease Java thread stack sizes (-Xss)
#   Set larger code cache with -XX:ReservedCodeCacheSize=
#   JVM is running with Unscaled Compressed Oops mode in which the Java heap is
#     placed in the first 4GB address space. The Java Heap base address is the
#     maximum limit for the native heap growth. Please use -XX:HeapBaseMinAddress
#     to set the Java Heap base and to place the Java Heap above 4GB virtual address.
# This output file may be truncated or incomplete.
#
#  Out of Memory Error (./src/hotspot/share/memory/arena.cpp:197), pid=4680, tid=17948
#
# JRE version: OpenJDK Runtime Environment (11.0.12+7) (build 11.0.12+7-b1504.28-7817840)
# Java VM: OpenJDK 64-Bit Server VM (11.0.12+7-b1504.28-7817840, mixed mode, tiered, compressed oops, g1 gc, windows-amd64)
# No core dump will be written. Minidumps are not enabled by default on client versions of Windows
#

---------------  S U M M A R Y ------------

Command Line: --add-opens=java.base/java.util=ALL-UNNAMED --add-opens=java.base/java.lang=ALL-UNNAMED --add-opens=java.base/java.lang.invoke=ALL-UNNAMED --add-opens=java.base/java.util=ALL-UNNAMED --add-opens=java.prefs/java.util.prefs=ALL-UNNAMED --add-opens=java.prefs/java.util.prefs=ALL-UNNAMED --add-opens=java.base/java.nio.charset=ALL-UNNAMED --add-opens=java.base/java.net=ALL-UNNAMED --add-opens=java.base/java.util.concurrent.atomic=ALL-UNNAMED -Xmx2048m -Dfile.encoding=UTF-8 -Duser.country=IN -Duser.language=en -Duser.variant org.gradle.launcher.daemon.bootstrap.GradleDaemon 7.3.3

Host: Intel(R) Core(TM) i3-1005G1 CPU @ 1.20GHz, 4 cores, 7G,  Windows 10 , 64 bit Build 22000 (10.0.22000.708)
Time: Fri Aug 19 02:35:28 2022 India Standard Time elapsed time: 17.496954 seconds (0d 0h 0m 17s)

---------------  T H R E A D  ---------------

Current thread (0x00000267d2b2f000):  JavaThread "C2 CompilerThread1" daemon [_thread_in_native, id=17948, stack(0x000000cc26700000,0x000000cc26800000)]


Current CompileTask:
C2:  17497 4567       4       groovyjarjarantlr4.v4.runtime.atn.PredictionContext::getCachedContext (297 bytes)

Stack: [0x000000cc26700000,0x000000cc26800000]
Native frames: (J=compiled Java code, j=interpreted, Vv=VM code, C=native code)
V  [jvm.dll+0x5fbcea]
V  [jvm.dll+0x731905]
V  [jvm.dll+0x732f1d]
V  [jvm.dll+0x7335d3]
V  [jvm.dll+0x247bf8]
V  [jvm.dll+0xc018c]
V  [jvm.dll+0xc06cc]
V  [jvm.dll+0x35b2db]
V  [jvm.dll+0x19d0bc]
V  [jvm.dll+0x20070e]
V  [jvm.dll+0x1ff794]
V  [jvm.dll+0x18868c]
V  [jvm.dll+0x20e0d7]
V  [jvm.dll+0x20c901]
V  [jvm.dll+0x6f9b7f]
V  [jvm.dll+0x6f26a5]
V  [jvm.dll+0x5fabf6]
C  [ucrtbase.dll+0x26c0c]
C  [KERNEL32.DLL+0x154e0]
C  [ntdll.dll+0x485b]


---------------  P R O C E S S  ---------------

Threads class SMR info:
_java_thread_list=0x00000267d7209bb0, length=36, elements={
0x00000267b643c800, 0x00000267d0030000, 0x00000267d0031000, 0x00000267d09c2800,
0x00000267d004e000, 0x00000267d0050800, 0x00000267d0055000, 0x00000267d0056000,
0x00000267d0a09000, 0x00000267d0af5800, 0x00000267d2b46000, 0x00000267d143e800,
0x00000267d22cf000, 0x00000267d1452800, 0x00000267d157e800, 0x00000267d2e24800,
0x00000267d1346800, 0x00000267d242a800, 0x00000267d1b43800, 0x00000267d2a40800,
0x00000267d2a3f000, 0x00000267d2a42000, 0x00000267d2a43000, 0x00000267d2a41800,
0x00000267d2a3d800, 0x00000267d2a44000, 0x00000267d2a3f800, 0x00000267d2a3e000,
0x00000267d4852000, 0x00000267d4852800, 0x00000267d4854800, 0x00000267d4855000,
0x00000267d4857800, 0x00000267d4856000, 0x00000267d4858800, 0x00000267d2b2f000
}

Java Threads: ( => current thread )
  0x00000267b643c800 JavaThread "main" [_thread_blocked, id=20072, stack(0x000000cc24500000,0x000000cc24600000)]
  0x00000267d0030000 JavaThread "Reference Handler" daemon [_thread_blocked, id=16168, stack(0x000000cc24c00000,0x000000cc24d00000)]
  0x00000267d0031000 JavaThread "Finalizer" daemon [_thread_blocked, id=652, stack(0x000000cc24d00000,0x000000cc24e00000)]
  0x00000267d09c2800 JavaThread "Signal Dispatcher" daemon [_thread_blocked, id=10008, stack(0x000000cc24e00000,0x000000cc24f00000)]
  0x00000267d004e000 JavaThread "Attach Listener" daemon [_thread_blocked, id=16444, stack(0x000000cc24f00000,0x000000cc25000000)]
  0x00000267d0050800 JavaThread "Service Thread" daemon [_thread_blocked, id=16588, stack(0x000000cc25000000,0x000000cc25100000)]
  0x00000267d0055000 JavaThread "C2 CompilerThread0" daemon [_thread_in_native, id=15972, stack(0x000000cc25100000,0x000000cc25200000)]
  0x00000267d0056000 JavaThread "C1 CompilerThread0" daemon [_thread_in_native, id=13672, stack(0x000000cc25200000,0x000000cc25300000)]
  0x00000267d0a09000 JavaThread "Sweeper thread" daemon [_thread_blocked, id=1140, stack(0x000000cc25300000,0x000000cc25400000)]
  0x00000267d0af5800 JavaThread "Common-Cleaner" daemon [_thread_blocked, id=19132, stack(0x000000cc25400000,0x000000cc25500000)]
  0x00000267d2b46000 JavaThread "Daemon health stats" [_thread_blocked, id=5160, stack(0x000000cc25800000,0x000000cc25900000)]
  0x00000267d143e800 JavaThread "Incoming local TCP Connector on port 61291" [_thread_in_native, id=19992, stack(0x000000cc25600000,0x000000cc25700000)]
  0x00000267d22cf000 JavaThread "Daemon periodic checks" [_thread_blocked, id=12348, stack(0x000000cc25900000,0x000000cc25a00000)]
  0x00000267d1452800 JavaThread "Daemon" [_thread_blocked, id=17620, stack(0x000000cc25a00000,0x000000cc25b00000)]
  0x00000267d157e800 JavaThread "Handler for socket connection from /127.0.0.1:61291 to /127.0.0.1:61292" [_thread_in_native, id=11416, stack(0x000000cc25b00000,0x000000cc25c00000)]
  0x00000267d2e24800 JavaThread "Cancel handler" [_thread_blocked, id=476, stack(0x000000cc25c00000,0x000000cc25d00000)]
  0x00000267d1346800 JavaThread "Daemon worker" [_thread_in_vm, id=15496, stack(0x000000cc25d00000,0x000000cc25e00000)]
  0x00000267d242a800 JavaThread "Asynchronous log dispatcher for DefaultDaemonConnection: socket connection from /127.0.0.1:61291 to /127.0.0.1:61292" [_thread_blocked, id=18844, stack(0x000000cc25f00000,0x000000cc26000000)]
  0x00000267d1b43800 JavaThread "Stdin handler" [_thread_blocked, id=16840, stack(0x000000cc26000000,0x000000cc26100000)]
  0x00000267d2a40800 JavaThread "Daemon client event forwarder" [_thread_blocked, id=14232, stack(0x000000cc26100000,0x000000cc26200000)]
  0x00000267d2a3f000 JavaThread "Cache worker for journal cache (C:\Users\ASUS\.gradle\caches\journal-1)" [_thread_blocked, id=17104, stack(0x000000cc25e00000,0x000000cc25f00000)]
  0x00000267d2a42000 JavaThread "File lock request listener" [_thread_in_native, id=11708, stack(0x000000cc26400000,0x000000cc26500000)]
  0x00000267d2a43000 JavaThread "Cache worker for file hash cache (C:\Users\ASUS\.gradle\caches\7.3.3\fileHashes)" [_thread_blocked, id=6852, stack(0x000000cc26500000,0x000000cc26600000)]
  0x00000267d2a41800 JavaThread "Cache worker for file hash cache (D:\Android Development\LiveEdgeDetectionSDK\.gradle\7.3.3\fileHashes)" [_thread_blocked, id=14892, stack(0x000000cc26600000,0x000000cc26700000)]
  0x00000267d2a3d800 JavaThread "File watcher server" daemon [_thread_in_native, id=13320, stack(0x000000cc26800000,0x000000cc26900000)]
  0x00000267d2a44000 JavaThread "File watcher consumer" daemon [_thread_blocked, id=14076, stack(0x000000cc26900000,0x000000cc26a00000)]
  0x00000267d2a3f800 JavaThread "jar transforms" [_thread_blocked, id=15420, stack(0x000000cc26a00000,0x000000cc26b00000)]
  0x00000267d2a3e000 JavaThread "jar transforms Thread 2" [_thread_blocked, id=18152, stack(0x000000cc26b00000,0x000000cc26c00000)]
  0x00000267d4852000 JavaThread "jar transforms Thread 3" [_thread_blocked, id=9600, stack(0x000000cc26c00000,0x000000cc26d00000)]
  0x00000267d4852800 JavaThread "jar transforms Thread 4" [_thread_blocked, id=15956, stack(0x000000cc26d00000,0x000000cc26e00000)]
  0x00000267d4854800 JavaThread "Cache worker for checksums cache (D:\Android Development\LiveEdgeDetectionSDK\.gradle\7.3.3\checksums)" [_thread_blocked, id=2592, stack(0x000000cc26e00000,0x000000cc26f00000)]
  0x00000267d4855000 JavaThread "Cache worker for cache directory md-supplier (C:\Users\ASUS\.gradle\caches\7.3.3\md-supplier)" [_thread_blocked, id=15532, stack(0x000000cc26f00000,0x000000cc27000000)]
  0x00000267d4857800 JavaThread "Cache worker for cache directory md-rule (C:\Users\ASUS\.gradle\caches\7.3.3\md-rule)" [_thread_blocked, id=3116, stack(0x000000cc27000000,0x000000cc27100000)]
  0x00000267d4856000 JavaThread "Cache worker for execution history cache (C:\Users\ASUS\.gradle\caches\7.3.3\executionHistory)" [_thread_blocked, id=19776, stack(0x000000cc27100000,0x000000cc27200000)]
  0x00000267d4858800 JavaThread "Cache worker for file content cache (C:\Users\ASUS\.gradle\caches\7.3.3\fileContent)" [_thread_blocked, id=15896, stack(0x000000cc27200000,0x000000cc27300000)]
=>0x00000267d2b2f000 JavaThread "C2 CompilerThread1" daemon [_thread_in_native, id=17948, stack(0x000000cc26700000,0x000000cc26800000)]

Other Threads:
  0x00000267d002a800 VMThread "VM Thread" [stack: 0x000000cc24b00000,0x000000cc24c00000] [id=7872]
  0x00000267d0b3a000 WatcherThread [stack: 0x000000cc25500000,0x000000cc25600000] [id=14648]
  0x00000267b6456000 GCTaskThread "GC Thread#0" [stack: 0x000000cc24600000,0x000000cc24700000] [id=8132]
  0x00000267d0db8800 GCTaskThread "GC Thread#1" [stack: 0x000000cc25700000,0x000000cc25800000] [id=18732]
  0x00000267d2a4b800 GCTaskThread "GC Thread#2" [stack: 0x000000cc26200000,0x000000cc26300000] [id=15312]
  0x00000267d2997800 GCTaskThread "GC Thread#3" [stack: 0x000000cc26300000,0x000000cc26400000] [id=16376]
  0x00000267b6486800 ConcurrentGCThread "G1 Main Marker" [stack: 0x000000cc24700000,0x000000cc24800000] [id=8924]
  0x00000267b6487800 ConcurrentGCThread "G1 Conc#0" [stack: 0x000000cc24800000,0x000000cc24900000] [id=14396]
  0x00000267b6516000 ConcurrentGCThread "G1 Refine#0" [stack: 0x000000cc24900000,0x000000cc24a00000] [id=8828]
  0x00000267b6517800 ConcurrentGCThread "G1 Young RemSet Sampling" [stack: 0x000000cc24a00000,0x000000cc24b00000] [id=17644]

Threads with active compile tasks:
C2 CompilerThread0  17532 4839       4       java.util.HashSet::iterator (13 bytes)
C2 CompilerThread1  17533 4567       4       groovyjarjarantlr4.v4.runtime.atn.PredictionContext::getCachedContext (297 bytes)

VM state:not at safepoint (normal execution)

VM Mutex/Monitor currently owned by a thread: None

Heap address: 0x0000000080000000, size: 2048 MB, Compressed Oops mode: 32-bit
Narrow klass base: 0x0000000000000000, Narrow klass shift: 3
Compressed class space size: 1073741824 Address: 0x0000000100000000

Heap:
 garbage-first heap   total 152576K, used 62464K [0x0000000080000000, 0x0000000100000000)
  region size 1024K, 14 young (14336K), 3 survivors (3072K)
 Metaspace       used 51339K, capacity 52646K, committed 52940K, reserved 1095680K
  class space    used 6561K, capacity 7057K, committed 7116K, reserved 1048576K
Heap Regions: E=young(eden), S=young(survivor), O=old, HS=humongous(starts), HC=humongous(continues), CS=collection set, F=free, A=archive, TAMS=top-at-mark-start (previous, next)
|   0|0x0000000080000000, 0x0000000080100000, 0x0000000080100000|100%| O|  |TAMS 0x0000000080100000, 0x0000000080000000| Untracked 
|   1|0x0000000080100000, 0x0000000080200000, 0x0000000080200000|100%| O|  |TAMS 0x0000000080200000, 0x0000000080100000| Untracked 
|   2|0x0000000080200000, 0x0000000080300000, 0x0000000080300000|100%|HS|  |TAMS 0x0000000080300000, 0x0000000080200000| Complete 
|   3|0x0000000080300000, 0x0000000080400000, 0x0000000080400000|100%|HS|  |TAMS 0x0000000080400000, 0x0000000080300000| Complete 
|   4|0x0000000080400000, 0x0000000080500000, 0x0000000080500000|100%|HC|  |TAMS 0x0000000080500000, 0x0000000080400000| Complete 
|   5|0x0000000080500000, 0x0000000080600000, 0x0000000080600000|100%|HC|  |TAMS 0x0000000080600000, 0x0000000080500000| Complete 
|   6|0x0000000080600000, 0x0000000080700000, 0x0000000080700000|100%| O|  |TAMS 0x0000000080700000, 0x0000000080600000| Untracked 
|   7|0x0000000080700000, 0x0000000080800000, 0x0000000080800000|100%| O|  |TAMS 0x0000000080800000, 0x0000000080700000| Untracked 
|   8|0x0000000080800000, 0x0000000080900000, 0x0000000080900000|100%| O|  |TAMS 0x0000000080900000, 0x0000000080800000| Untracked 
|   9|0x0000000080900000, 0x0000000080a00000, 0x0000000080a00000|100%| O|  |TAMS 0x0000000080a00000, 0x0000000080900000| Untracked 
|  10|0x0000000080a00000, 0x0000000080b00000, 0x0000000080b00000|100%| O|  |TAMS 0x0000000080b00000, 0x0000000080a00000| Untracked 
|  11|0x0000000080b00000, 0x0000000080c00000, 0x0000000080c00000|100%| O|  |TAMS 0x0000000080c00000, 0x0000000080b00000| Untracked 
|  12|0x0000000080c00000, 0x0000000080d00000, 0x0000000080d00000|100%| O|  |TAMS 0x0000000080d00000, 0x0000000080c00000| Untracked 
|  13|0x0000000080d00000, 0x0000000080e00000, 0x0000000080e00000|100%| O|  |TAMS 0x0000000080e00000, 0x0000000080d00000| Untracked 
|  14|0x0000000080e00000, 0x0000000080f00000, 0x0000000080f00000|100%| O|  |TAMS 0x0000000080f00000, 0x0000000080e00000| Untracked 
|  15|0x0000000080f00000, 0x0000000081000000, 0x0000000081000000|100%| O|  |TAMS 0x0000000081000000, 0x0000000080f00000| Untracked 
|  16|0x0000000081000000, 0x0000000081100000, 0x0000000081100000|100%| O|  |TAMS 0x0000000081100000, 0x0000000081000000| Untracked 
|  17|0x0000000081100000, 0x0000000081200000, 0x0000000081200000|100%| O|  |TAMS 0x0000000081200000, 0x0000000081100000| Untracked 
|  18|0x0000000081200000, 0x0000000081300000, 0x0000000081300000|100%|HS|  |TAMS 0x0000000081300000, 0x0000000081200000| Complete 
|  19|0x0000000081300000, 0x0000000081400000, 0x0000000081400000|100%|HC|  |TAMS 0x0000000081400000, 0x0000000081300000| Complete 
|  20|0x0000000081400000, 0x0000000081500000, 0x0000000081500000|100%|HS|  |TAMS 0x0000000081500000, 0x0000000081400000| Complete 
|  21|0x0000000081500000, 0x0000000081600000, 0x0000000081600000|100%|HC|  |TAMS 0x0000000081600000, 0x0000000081500000| Complete 
|  22|0x0000000081600000, 0x0000000081700000, 0x0000000081700000|100%|HC|  |TAMS 0x0000000081700000, 0x0000000081600000| Complete 
|  23|0x0000000081700000, 0x0000000081800000, 0x0000000081800000|100%|HS|  |TAMS 0x0000000081800000, 0x0000000081700000| Complete 
|  24|0x0000000081800000, 0x0000000081900000, 0x0000000081900000|100%|HC|  |TAMS 0x0000000081900000, 0x0000000081800000| Complete 
|  25|0x0000000081900000, 0x0000000081a00000, 0x0000000081a00000|100%|HC|  |TAMS 0x0000000081a00000, 0x0000000081900000| Complete 
|  26|0x0000000081a00000, 0x0000000081b00000, 0x0000000081b00000|100%|HC|  |TAMS 0x0000000081b00000, 0x0000000081a00000| Complete 
|  27|0x0000000081b00000, 0x0000000081c00000, 0x0000000081c00000|100%| O|  |TAMS 0x0000000081c00000, 0x0000000081b00000| Untracked 
|  28|0x0000000081c00000, 0x0000000081d00000, 0x0000000081d00000|100%| O|  |TAMS 0x0000000081d00000, 0x0000000081c00000| Untracked 
|  29|0x0000000081d00000, 0x0000000081e00000, 0x0000000081e00000|100%| O|  |TAMS 0x0000000081e00000, 0x0000000081d00000| Untracked 
|  30|0x0000000081e00000, 0x0000000081f00000, 0x0000000081f00000|100%| O|  |TAMS 0x0000000081f00000, 0x0000000081e00000| Untracked 
|  31|0x0000000081f00000, 0x0000000082000000, 0x0000000082000000|100%| O|  |TAMS 0x0000000082000000, 0x0000000081f00000| Untracked 
|  32|0x0000000082000000, 0x0000000082100000, 0x0000000082100000|100%| O|  |TAMS 0x0000000082100000, 0x0000000082000000| Untracked 
|  33|0x0000000082100000, 0x0000000082200000, 0x0000000082200000|100%| O|  |TAMS 0x0000000082200000, 0x0000000082100000| Untracked 
|  34|0x0000000082200000, 0x0000000082300000, 0x0000000082300000|100%| O|  |TAMS 0x0000000082224800, 0x0000000082200000| Untracked 
|  35|0x0000000082300000, 0x0000000082400000, 0x0000000082400000|100%|HS|  |TAMS 0x0000000082300000, 0x0000000082300000| Complete 
|  36|0x0000000082400000, 0x0000000082500000, 0x0000000082500000|100%|HS|  |TAMS 0x0000000082400000, 0x0000000082400000| Complete 
|  37|0x0000000082500000, 0x0000000082600000, 0x0000000082600000|100%|HC|  |TAMS 0x0000000082500000, 0x0000000082500000| Complete 
|  38|0x0000000082600000, 0x0000000082700000, 0x0000000082700000|100%|HC|  |TAMS 0x0000000082600000, 0x0000000082600000| Complete 
|  39|0x0000000082700000, 0x0000000082800000, 0x0000000082800000|100%| O|  |TAMS 0x0000000082700000, 0x0000000082700000| Untracked 
|  40|0x0000000082800000, 0x0000000082900000, 0x0000000082900000|100%| O|  |TAMS 0x0000000082800000, 0x0000000082800000| Untracked 
|  41|0x0000000082900000, 0x0000000082a00000, 0x0000000082a00000|100%| O|  |TAMS 0x0000000082900000, 0x0000000082900000| Untracked 
|  42|0x0000000082a00000, 0x0000000082b00000, 0x0000000082b00000|100%| O|  |TAMS 0x0000000082a00000, 0x0000000082a00000| Untracked 
|  43|0x0000000082b00000, 0x0000000082c00000, 0x0000000082c00000|100%| O|  |TAMS 0x0000000082b00000, 0x0000000082b00000| Untracked 
|  44|0x0000000082c00000, 0x0000000082d00000, 0x0000000082d00000|100%| O|  |TAMS 0x0000000082c00000, 0x0000000082c00000| Untracked 
|  45|0x0000000082d00000, 0x0000000082d00000, 0x0000000082e00000|  0%| F|  |TAMS 0x0000000082d00000, 0x0000000082d00000| Untracked 
|  46|0x0000000082e00000, 0x0000000082f00000, 0x0000000082f00000|100%| O|  |TAMS 0x0000000082e00000, 0x0000000082e00000| Untracked 
|  47|0x0000000082f00000, 0x0000000083000000, 0x0000000083000000|100%| O|  |TAMS 0x0000000082f00000, 0x0000000082f00000| Untracked 
|  48|0x0000000083000000, 0x0000000083100000, 0x0000000083100000|100%| O|  |TAMS 0x0000000083000000, 0x0000000083000000| Untracked 
|  49|0x0000000083100000, 0x0000000083100000, 0x0000000083200000|  0%| F|  |TAMS 0x0000000083100000, 0x0000000083100000| Untracked 
|  50|0x0000000083200000, 0x0000000083200000, 0x0000000083300000|  0%| F|  |TAMS 0x0000000083200000, 0x0000000083200000| Untracked 
|  51|0x0000000083300000, 0x0000000083300000, 0x0000000083400000|  0%| F|  |TAMS 0x0000000083300000, 0x0000000083300000| Untracked 
|  52|0x0000000083400000, 0x0000000083400000, 0x0000000083500000|  0%| F|  |TAMS 0x0000000083400000, 0x0000000083400000| Untracked 
|  53|0x0000000083500000, 0x0000000083500000, 0x0000000083600000|  0%| F|  |TAMS 0x0000000083500000, 0x0000000083500000| Untracked 
|  54|0x0000000083600000, 0x0000000083600000, 0x0000000083700000|  0%| F|  |TAMS 0x0000000083600000, 0x0000000083600000| Untracked 
|  55|0x0000000083700000, 0x0000000083700000, 0x0000000083800000|  0%| F|  |TAMS 0x0000000083700000, 0x0000000083700000| Untracked 
|  56|0x0000000083800000, 0x0000000083800000, 0x0000000083900000|  0%| F|  |TAMS 0x0000000083800000, 0x0000000083800000| Untracked 
|  57|0x0000000083900000, 0x0000000083900000, 0x0000000083a00000|  0%| F|  |TAMS 0x0000000083900000, 0x0000000083900000| Untracked 
|  58|0x0000000083a00000, 0x0000000083a00000, 0x0000000083b00000|  0%| F|  |TAMS 0x0000000083a00000, 0x0000000083a00000| Untracked 
|  59|0x0000000083b00000, 0x0000000083b00000, 0x0000000083c00000|  0%| F|  |TAMS 0x0000000083b00000, 0x0000000083b00000| Untracked 
|  60|0x0000000083c00000, 0x0000000083c00000, 0x0000000083d00000|  0%| F|  |TAMS 0x0000000083c00000, 0x0000000083c00000| Untracked 
|  61|0x0000000083d00000, 0x0000000083d00000, 0x0000000083e00000|  0%| F|  |TAMS 0x0000000083d00000, 0x0000000083d00000| Untracked 
|  62|0x0000000083e00000, 0x0000000083e00000, 0x0000000083f00000|  0%| F|  |TAMS 0x0000000083e00000, 0x0000000083e00000| Untracked 
|  63|0x0000000083f00000, 0x0000000083f00000, 0x0000000084000000|  0%| F|  |TAMS 0x0000000083f00000, 0x0000000083f00000| Untracked 
|  64|0x0000000084000000, 0x0000000084000000, 0x0000000084100000|  0%| F|  |TAMS 0x0000000084000000, 0x0000000084000000| Untracked 
|  65|0x0000000084100000, 0x0000000084100000, 0x0000000084200000|  0%| F|  |TAMS 0x0000000084100000, 0x0000000084100000| Untracked 
|  66|0x0000000084200000, 0x0000000084200000, 0x0000000084300000|  0%| F|  |TAMS 0x0000000084200000, 0x0000000084200000| Untracked 
|  67|0x0000000084300000, 0x0000000084300000, 0x0000000084400000|  0%| F|  |TAMS 0x0000000084300000, 0x0000000084300000| Untracked 
|  68|0x0000000084400000, 0x0000000084400000, 0x0000000084500000|  0%| F|  |TAMS 0x0000000084400000, 0x0000000084400000| Untracked 
|  69|0x0000000084500000, 0x0000000084500000, 0x0000000084600000|  0%| F|  |TAMS 0x0000000084500000, 0x0000000084500000| Untracked 
|  70|0x0000000084600000, 0x0000000084600000, 0x0000000084700000|  0%| F|  |TAMS 0x0000000084600000, 0x0000000084600000| Untracked 
|  71|0x0000000084700000, 0x0000000084700000, 0x0000000084800000|  0%| F|  |TAMS 0x0000000084700000, 0x0000000084700000| Untracked 
|  72|0x0000000084800000, 0x0000000084800000, 0x0000000084900000|  0%| F|  |TAMS 0x0000000084800000, 0x0000000084800000| Untracked 
|  73|0x0000000084900000, 0x0000000084900000, 0x0000000084a00000|  0%| F|  |TAMS 0x0000000084900000, 0x0000000084900000| Untracked 
|  74|0x0000000084a00000, 0x0000000084a00000, 0x0000000084b00000|  0%| F|  |TAMS 0x0000000084a00000, 0x0000000084a00000| Untracked 
|  75|0x0000000084b00000, 0x0000000084b00000, 0x0000000084c00000|  0%| F|  |TAMS 0x0000000084b00000, 0x0000000084b00000| Untracked 
|  76|0x0000000084c00000, 0x0000000084d00000, 0x0000000084d00000|100%| S|CS|TAMS 0x0000000084c00000, 0x0000000084c00000| Complete 
|  77|0x0000000084d00000, 0x0000000084e00000, 0x0000000084e00000|100%| S|CS|TAMS 0x0000000084d00000, 0x0000000084d00000| Complete 
|  78|0x0000000084e00000, 0x0000000084f00000, 0x0000000084f00000|100%| S|CS|TAMS 0x0000000084e00000, 0x0000000084e00000| Complete 
|  79|0x0000000084f00000, 0x0000000084f00000, 0x0000000085000000|  0%| F|  |TAMS 0x0000000084f00000, 0x0000000084f00000| Untracked 
|  80|0x0000000085000000, 0x0000000085000000, 0x0000000085100000|  0%| F|  |TAMS 0x0000000085000000, 0x0000000085000000| Untracked 
|  81|0x0000000085100000, 0x0000000085100000, 0x0000000085200000|  0%| F|  |TAMS 0x0000000085100000, 0x0000000085100000| Untracked 
|  82|0x0000000085200000, 0x0000000085200000, 0x0000000085300000|  0%| F|  |TAMS 0x0000000085200000, 0x0000000085200000| Untracked 
|  83|0x0000000085300000, 0x0000000085300000, 0x0000000085400000|  0%| F|  |TAMS 0x0000000085300000, 0x0000000085300000| Untracked 
|  84|0x0000000085400000, 0x0000000085400000, 0x0000000085500000|  0%| F|  |TAMS 0x0000000085400000, 0x0000000085400000| Untracked 
|  85|0x0000000085500000, 0x0000000085500000, 0x0000000085600000|  0%| F|  |TAMS 0x0000000085500000, 0x0000000085500000| Untracked 
|  86|0x0000000085600000, 0x0000000085600000, 0x0000000085700000|  0%| F|  |TAMS 0x0000000085600000, 0x0000000085600000| Untracked 
|  87|0x0000000085700000, 0x0000000085700000, 0x0000000085800000|  0%| F|  |TAMS 0x0000000085700000, 0x0000000085700000| Untracked 
|  88|0x0000000085800000, 0x0000000085800000, 0x0000000085900000|  0%| F|  |TAMS 0x0000000085800000, 0x0000000085800000| Untracked 
|  89|0x0000000085900000, 0x0000000085900000, 0x0000000085a00000|  0%| F|  |TAMS 0x0000000085900000, 0x0000000085900000| Untracked 
|  90|0x0000000085a00000, 0x0000000085a00000, 0x0000000085b00000|  0%| F|  |TAMS 0x0000000085a00000, 0x0000000085a00000| Untracked 
|  91|0x0000000085b00000, 0x0000000085b00000, 0x0000000085c00000|  0%| F|  |TAMS 0x0000000085b00000, 0x0000000085b00000| Untracked 
|  92|0x0000000085c00000, 0x0000000085c00000, 0x0000000085d00000|  0%| F|  |TAMS 0x0000000085c00000, 0x0000000085c00000| Untracked 
|  93|0x0000000085d00000, 0x0000000085d00000, 0x0000000085e00000|  0%| F|  |TAMS 0x0000000085d00000, 0x0000000085d00000| Untracked 
|  94|0x0000000085e00000, 0x0000000085e00000, 0x0000000085f00000|  0%| F|  |TAMS 0x0000000085e00000, 0x0000000085e00000| Untracked 
|  95|0x0000000085f00000, 0x0000000085f00000, 0x0000000086000000|  0%| F|  |TAMS 0x0000000085f00000, 0x0000000085f00000| Untracked 
|  96|0x0000000086000000, 0x0000000086000000, 0x0000000086100000|  0%| F|  |TAMS 0x0000000086000000, 0x0000000086000000| Untracked 
|  97|0x0000000086100000, 0x0000000086100000, 0x0000000086200000|  0%| F|  |TAMS 0x0000000086100000, 0x0000000086100000| Untracked 
|  98|0x0000000086200000, 0x0000000086200000, 0x0000000086300000|  0%| F|  |TAMS 0x0000000086200000, 0x0000000086200000| Untracked 
|  99|0x0000000086300000, 0x0000000086300000, 0x0000000086400000|  0%| F|  |TAMS 0x0000000086300000, 0x0000000086300000| Untracked 
| 100|0x0000000086400000, 0x0000000086400000, 0x0000000086500000|  0%| F|  |TAMS 0x0000000086400000, 0x0000000086400000| Untracked 
| 101|0x0000000086500000, 0x0000000086500000, 0x0000000086600000|  0%| F|  |TAMS 0x0000000086500000, 0x0000000086500000| Untracked 
| 102|0x0000000086600000, 0x0000000086600000, 0x0000000086700000|  0%| F|  |TAMS 0x0000000086600000, 0x0000000086600000| Untracked 
| 103|0x0000000086700000, 0x0000000086700000, 0x0000000086800000|  0%| F|  |TAMS 0x0000000086700000, 0x0000000086700000| Untracked 
| 104|0x0000000086800000, 0x0000000086800000, 0x0000000086900000|  0%| F|  |TAMS 0x0000000086800000, 0x0000000086800000| Untracked 
| 105|0x0000000086900000, 0x0000000086900000, 0x0000000086a00000|  0%| F|  |TAMS 0x0000000086900000, 0x0000000086900000| Untracked 
| 106|0x0000000086a00000, 0x0000000086a00000, 0x0000000086b00000|  0%| F|  |TAMS 0x0000000086a00000, 0x0000000086a00000| Untracked 
| 107|0x0000000086b00000, 0x0000000086b00000, 0x0000000086c00000|  0%| F|  |TAMS 0x0000000086b00000, 0x0000000086b00000| Untracked 
| 108|0x0000000086c00000, 0x0000000086c00000, 0x0000000086d00000|  0%| F|  |TAMS 0x0000000086c00000, 0x0000000086c00000| Untracked 
| 109|0x0000000086d00000, 0x0000000086d00000, 0x0000000086e00000|  0%| F|  |TAMS 0x0000000086d00000, 0x0000000086d00000| Untracked 
| 110|0x0000000086e00000, 0x0000000086e00000, 0x0000000086f00000|  0%| F|  |TAMS 0x0000000086e00000, 0x0000000086e00000| Untracked 
| 111|0x0000000086f00000, 0x0000000086f00000, 0x0000000087000000|  0%| F|  |TAMS 0x0000000086f00000, 0x0000000086f00000| Untracked 
| 112|0x0000000087000000, 0x0000000087000000, 0x0000000087100000|  0%| F|  |TAMS 0x0000000087000000, 0x0000000087000000| Untracked 
| 113|0x0000000087100000, 0x0000000087100000, 0x0000000087200000|  0%| F|  |TAMS 0x0000000087100000, 0x0000000087100000| Untracked 
| 114|0x0000000087200000, 0x0000000087200000, 0x0000000087300000|  0%| F|  |TAMS 0x0000000087200000, 0x0000000087200000| Untracked 
| 115|0x0000000087300000, 0x0000000087300000, 0x0000000087400000|  0%| F|  |TAMS 0x0000000087300000, 0x0000000087300000| Untracked 
| 116|0x0000000087400000, 0x0000000087400000, 0x0000000087500000|  0%| F|  |TAMS 0x0000000087400000, 0x0000000087400000| Untracked 
| 117|0x0000000087500000, 0x0000000087500000, 0x0000000087600000|  0%| F|  |TAMS 0x0000000087500000, 0x0000000087500000| Untracked 
| 118|0x0000000087600000, 0x0000000087600000, 0x0000000087700000|  0%| F|  |TAMS 0x0000000087600000, 0x0000000087600000| Untracked 
| 119|0x0000000087700000, 0x0000000087700000, 0x0000000087800000|  0%| F|  |TAMS 0x0000000087700000, 0x0000000087700000| Untracked 
| 120|0x0000000087800000, 0x0000000087800000, 0x0000000087900000|  0%| F|  |TAMS 0x0000000087800000, 0x0000000087800000| Untracked 
| 121|0x0000000087900000, 0x0000000087900000, 0x0000000087a00000|  0%| F|  |TAMS 0x0000000087900000, 0x0000000087900000| Untracked 
| 122|0x0000000087a00000, 0x0000000087a00000, 0x0000000087b00000|  0%| F|  |TAMS 0x0000000087a00000, 0x0000000087a00000| Untracked 
| 123|0x0000000087b00000, 0x0000000087b00000, 0x0000000087c00000|  0%| F|  |TAMS 0x0000000087b00000, 0x0000000087b00000| Untracked 
| 124|0x0000000087c00000, 0x0000000087c00000, 0x0000000087d00000|  0%| F|  |TAMS 0x0000000087c00000, 0x0000000087c00000| Untracked 
| 125|0x0000000087d00000, 0x0000000087d00000, 0x0000000087e00000|  0%| F|  |TAMS 0x0000000087d00000, 0x0000000087d00000| Untracked 
| 126|0x0000000087e00000, 0x0000000087e00000, 0x0000000087f00000|  0%| F|  |TAMS 0x0000000087e00000, 0x0000000087e00000| Untracked 
| 127|0x0000000087f00000, 0x0000000087f00000, 0x0000000088000000|  0%| F|  |TAMS 0x0000000087f00000, 0x0000000087f00000| Untracked 
| 128|0x0000000088000000, 0x0000000088000000, 0x0000000088100000|  0%| F|  |TAMS 0x0000000088000000, 0x0000000088000000| Untracked 
| 129|0x0000000088100000, 0x0000000088100000, 0x0000000088200000|  0%| F|  |TAMS 0x0000000088100000, 0x0000000088100000| Untracked 
| 130|0x0000000088200000, 0x0000000088200000, 0x0000000088300000|  0%| F|  |TAMS 0x0000000088200000, 0x0000000088200000| Untracked 
| 131|0x0000000088300000, 0x0000000088300000, 0x0000000088400000|  0%| F|  |TAMS 0x0000000088300000, 0x0000000088300000| Untracked 
| 132|0x0000000088400000, 0x0000000088400000, 0x0000000088500000|  0%| F|  |TAMS 0x0000000088400000, 0x0000000088400000| Untracked 
| 133|0x0000000088500000, 0x0000000088500000, 0x0000000088600000|  0%| F|  |TAMS 0x0000000088500000, 0x0000000088500000| Untracked 
| 134|0x0000000088600000, 0x0000000088600000, 0x0000000088700000|  0%| F|  |TAMS 0x0000000088600000, 0x0000000088600000| Untracked 
| 135|0x0000000088700000, 0x0000000088700000, 0x0000000088800000|  0%| F|  |TAMS 0x0000000088700000, 0x0000000088700000| Untracked 
| 136|0x0000000088800000, 0x0000000088800000, 0x0000000088900000|  0%| F|  |TAMS 0x0000000088800000, 0x0000000088800000| Untracked 
| 137|0x0000000088900000, 0x0000000088980800, 0x0000000088a00000| 50%| E|  |TAMS 0x0000000088900000, 0x0000000088900000| Complete 
| 138|0x0000000088a00000, 0x0000000088b00000, 0x0000000088b00000|100%| E|CS|TAMS 0x0000000088a00000, 0x0000000088a00000| Complete 
| 139|0x0000000088b00000, 0x0000000088c00000, 0x0000000088c00000|100%| E|CS|TAMS 0x0000000088b00000, 0x0000000088b00000| Complete 
| 140|0x0000000088c00000, 0x0000000088d00000, 0x0000000088d00000|100%| E|CS|TAMS 0x0000000088c00000, 0x0000000088c00000| Complete 
| 141|0x0000000088d00000, 0x0000000088e00000, 0x0000000088e00000|100%| E|CS|TAMS 0x0000000088d00000, 0x0000000088d00000| Complete 
| 142|0x0000000088e00000, 0x0000000088f00000, 0x0000000088f00000|100%| E|CS|TAMS 0x0000000088e00000, 0x0000000088e00000| Complete 
| 143|0x0000000088f00000, 0x0000000089000000, 0x0000000089000000|100%| E|CS|TAMS 0x0000000088f00000, 0x0000000088f00000| Complete 
| 144|0x0000000089000000, 0x0000000089100000, 0x0000000089100000|100%| E|CS|TAMS 0x0000000089000000, 0x0000000089000000| Complete 
| 145|0x0000000089100000, 0x0000000089200000, 0x0000000089200000|100%| E|CS|TAMS 0x0000000089100000, 0x0000000089100000| Complete 
| 146|0x0000000089200000, 0x0000000089300000, 0x0000000089300000|100%| E|CS|TAMS 0x0000000089200000, 0x0000000089200000| Complete 
| 147|0x0000000089300000, 0x0000000089400000, 0x0000000089400000|100%| E|CS|TAMS 0x0000000089300000, 0x0000000089300000| Complete 
| 148|0x0000000089400000, 0x0000000089500000, 0x0000000089500000|100%| E|CS|TAMS 0x0000000089400000, 0x0000000089400000| Complete 

Card table byte_map: [0x00000267c9350000,0x00000267c9750000] _byte_map_base: 0x00000267c8f50000

Marking Bits (Prev, Next): (CMBitMap*) 0x00000267b647d6e8, (CMBitMap*) 0x00000267b647d720
 Prev Bits: [0x00000267c9b50000, 0x00000267cbb50000)
 Next Bits: [0x00000267cbb50000, 0x00000267cdb50000)

Polling page: 0x00000267b45f0000

Metaspace:

Usage:
  Non-class:     44.52 MB capacity,    43.74 MB ( 98%) used,   673.34 KB (  1%) free+waste,   130.44 KB ( <1%) overhead. 
      Class:      6.89 MB capacity,     6.41 MB ( 93%) used,   433.35 KB (  6%) free+waste,    62.75 KB ( <1%) overhead. 
       Both:     51.42 MB capacity,    50.15 MB ( 98%) used,     1.08 MB (  2%) free+waste,   193.19 KB ( <1%) overhead. 

Virtual space:
  Non-class space:       46.00 MB reserved,      44.75 MB ( 97%) committed 
      Class space:        1.00 GB reserved,       6.95 MB ( <1%) committed 
             Both:        1.04 GB reserved,      51.70 MB (  5%) committed 

Chunk freelists:
   Non-Class:  39.00 KB
       Class:  13.00 KB
        Both:  52.00 KB

MaxMetaspaceSize: 17179869184.00 GB
CompressedClassSpaceSize: 1.00 GB
Initial GC threshold: 20.80 MB
Current GC threshold: 58.88 MB
CDS: off

CodeHeap 'non-profiled nmethods': size=120064Kb used=2974Kb max_used=2974Kb free=117089Kb
 bounds [0x00000267c1a10000, 0x00000267c1d00000, 0x00000267c8f50000]
CodeHeap 'profiled nmethods': size=120000Kb used=10439Kb max_used=10439Kb free=109560Kb
 bounds [0x00000267ba4e0000, 0x00000267baf20000, 0x00000267c1a10000]
CodeHeap 'non-nmethods': size=5696Kb used=2318Kb max_used=2371Kb free=3377Kb
 bounds [0x00000267b9f50000, 0x00000267ba1c0000, 0x00000267ba4e0000]
 total_blobs=5633 nmethods=4829 adapters=715
 compilation: enabled
              stopped_count=0, restarted_count=0
 full_count=0

Compilation events (20 events):
Event: 17.395 Thread 0x00000267d0056000 4764       3       org.codehaus.groovy.ast.ClassHelper::isPrimitiveType (5 bytes)
Event: 17.395 Thread 0x00000267d0056000 nmethod 4764 0x00000267baecbb10 code [0x00000267baecbce0, 0x00000267baecbf68]
Event: 17.395 Thread 0x00000267d0056000 4763       3       org.codehaus.groovy.ast.ClassNode::getPlainNodeReference (64 bytes)
Event: 17.396 Thread 0x00000267d0056000 nmethod 4763 0x00000267baecc090 code [0x00000267baecc300, 0x00000267baecd0c8]
Event: 17.396 Thread 0x00000267d0056000 4765       3       org.codehaus.groovy.vmplugin.v8.Java8::makeClassNode (58 bytes)
Event: 17.397 Thread 0x00000267d0056000 nmethod 4765 0x00000267baecd410 code [0x00000267baecd680, 0x00000267baece0c8]
Event: 17.397 Thread 0x00000267d0056000 4770       3       org.codehaus.groovy.util.AbstractConcurrentMap$Segment::get (131 bytes)
Event: 17.398 Thread 0x00000267d0056000 nmethod 4770 0x00000267baece410 code [0x00000267baece680, 0x00000267baecf538]
Event: 17.398 Thread 0x00000267d0056000 4767       3       org.codehaus.groovy.ast.ClassHelper::makeWithoutCaching (47 bytes)
Event: 17.399 Thread 0x00000267d0056000 nmethod 4767 0x00000267baecf910 code [0x00000267baecfb60, 0x00000267baed0298]
Event: 17.399 Thread 0x00000267d0056000 4769       3       org.codehaus.groovy.util.AbstractConcurrentMapBase::hash (36 bytes)
Event: 17.399 Thread 0x00000267d0056000 nmethod 4769 0x00000267baed0590 code [0x00000267baed0740, 0x00000267baed0868]
Event: 17.399 Thread 0x00000267d0056000 4771       3       sun.reflect.generics.parser.SignatureParser::init (16 bytes)
Event: 17.399 Thread 0x00000267d0056000 nmethod 4771 0x00000267baed0910 code [0x00000267baed0ac0, 0x00000267baed0c18]
Event: 17.399 Thread 0x00000267d0056000 4772       3       sun.reflect.generics.repository.ConstructorRepository::parse (6 bytes)
Event: 17.400 Thread 0x00000267d0056000 nmethod 4772 0x00000267baed0c90 code [0x00000267baed0e80, 0x00000267baed1308]
Event: 17.400 Thread 0x00000267d0056000 4768       3       org.codehaus.groovy.ast.expr.Expression::<init> (12 bytes)
Event: 17.400 Thread 0x00000267d0056000 nmethod 4768 0x00000267baed1490 code [0x00000267baed1660, 0x00000267baed19d8]
Event: 17.400 Thread 0x00000267d0056000 4766       1       org.codehaus.groovy.ast.AnnotatedNode::setSynthetic (6 bytes)
Event: 17.400 Thread 0x00000267d0056000 nmethod 4766 0x00000267c1cef210 code [0x00000267c1cef3c0, 0x00000267c1cef478]

GC Heap History (20 events):
Event: 2.255 GC heap before
{Heap before GC invocations=1 (full 0):
 garbage-first heap   total 126976K, used 20162K [0x0000000080000000, 0x0000000100000000)
  region size 1024K, 14 young (14336K), 2 survivors (2048K)
 Metaspace       used 10286K, capacity 10495K, committed 10624K, reserved 1058816K
  class space    used 1072K, capacity 1141K, committed 1152K, reserved 1048576K
}
Event: 2.260 GC heap after
{Heap after GC invocations=2 (full 0):
 garbage-first heap   total 126976K, used 9719K [0x0000000080000000, 0x0000000100000000)
  region size 1024K, 2 young (2048K), 2 survivors (2048K)
 Metaspace       used 10286K, capacity 10495K, committed 10624K, reserved 1058816K
  class space    used 1072K, capacity 1141K, committed 1152K, reserved 1048576K
}
Event: 3.389 GC heap before
{Heap before GC invocations=2 (full 0):
 garbage-first heap   total 126976K, used 39415K [0x0000000080000000, 0x0000000100000000)
  region size 1024K, 30 young (30720K), 2 survivors (2048K)
 Metaspace       used 11245K, capacity 11450K, committed 11520K, reserved 1058816K
  class space    used 1175K, capacity 1246K, committed 1280K, reserved 1048576K
}
Event: 3.397 GC heap after
{Heap after GC invocations=3 (full 0):
 garbage-first heap   total 126976K, used 13294K [0x0000000080000000, 0x0000000100000000)
  region size 1024K, 4 young (4096K), 4 survivors (4096K)
 Metaspace       used 11245K, capacity 11450K, committed 11520K, reserved 1058816K
  class space    used 1175K, capacity 1246K, committed 1280K, reserved 1048576K
}
Event: 7.215 GC heap before
{Heap before GC invocations=3 (full 0):
 garbage-first heap   total 126976K, used 55278K [0x0000000080000000, 0x0000000100000000)
  region size 1024K, 45 young (46080K), 4 survivors (4096K)
 Metaspace       used 17992K, capacity 18378K, committed 18688K, reserved 1064960K
  class space    used 2119K, capacity 2228K, committed 2304K, reserved 1048576K
}
Event: 7.225 GC heap after
{Heap after GC invocations=4 (full 0):
 garbage-first heap   total 126976K, used 17382K [0x0000000080000000, 0x0000000100000000)
  region size 1024K, 6 young (6144K), 6 survivors (6144K)
 Metaspace       used 17992K, capacity 18378K, committed 18688K, reserved 1064960K
  class space    used 2119K, capacity 2228K, committed 2304K, reserved 1048576K
}
Event: 7.869 GC heap before
{Heap before GC invocations=4 (full 0):
 garbage-first heap   total 126976K, used 44006K [0x0000000080000000, 0x0000000100000000)
  region size 1024K, 33 young (33792K), 6 survivors (6144K)
 Metaspace       used 20672K, capacity 21155K, committed 21248K, reserved 1067008K
  class space    used 2536K, capacity 2728K, committed 2816K, reserved 1048576K
}
Event: 7.883 GC heap after
{Heap after GC invocations=5 (full 0):
 garbage-first heap   total 126976K, used 18627K [0x0000000080000000, 0x0000000100000000)
  region size 1024K, 2 young (2048K), 2 survivors (2048K)
 Metaspace       used 20672K, capacity 21155K, committed 21248K, reserved 1067008K
  class space    used 2536K, capacity 2728K, committed 2816K, reserved 1048576K
}
Event: 9.000 GC heap before
{Heap before GC invocations=6 (full 0):
 garbage-first heap   total 126976K, used 63683K [0x0000000080000000, 0x0000000100000000)
  region size 1024K, 48 young (49152K), 2 survivors (2048K)
 Metaspace       used 25600K, capacity 26148K, committed 26368K, reserved 1073152K
  class space    used 3284K, capacity 3503K, committed 3584K, reserved 1048576K
}
Event: 9.005 GC heap after
{Heap after GC invocations=7 (full 0):
 garbage-first heap   total 126976K, used 19124K [0x0000000080000000, 0x0000000100000000)
  region size 1024K, 3 young (3072K), 3 survivors (3072K)
 Metaspace       used 25600K, capacity 26148K, committed 26368K, reserved 1073152K
  class space    used 3284K, capacity 3503K, committed 3584K, reserved 1048576K
}
Event: 10.440 GC heap before
{Heap before GC invocations=7 (full 0):
 garbage-first heap   total 126976K, used 93876K [0x0000000080000000, 0x0000000100000000)
  region size 1024K, 67 young (68608K), 3 survivors (3072K)
 Metaspace       used 31412K, capacity 32303K, committed 32512K, reserved 1077248K
  class space    used 4207K, capacity 4532K, committed 4608K, reserved 1048576K
}
Event: 10.450 GC heap after
{Heap after GC invocations=8 (full 0):
 garbage-first heap   total 126976K, used 35450K [0x0000000080000000, 0x0000000100000000)
  region size 1024K, 9 young (9216K), 9 survivors (9216K)
 Metaspace       used 31412K, capacity 32303K, committed 32512K, reserved 1077248K
  class space    used 4207K, capacity 4532K, committed 4608K, reserved 1048576K
}
Event: 11.143 GC heap before
{Heap before GC invocations=8 (full 0):
 garbage-first heap   total 126976K, used 55930K [0x0000000080000000, 0x0000000100000000)
  region size 1024K, 30 young (30720K), 9 survivors (9216K)
 Metaspace       used 34851K, capacity 35785K, committed 35840K, reserved 1081344K
  class space    used 4644K, capacity 4990K, committed 4992K, reserved 1048576K
}
Event: 11.159 GC heap after
{Heap after GC invocations=9 (full 0):
 garbage-first heap   total 126976K, used 36867K [0x0000000080000000, 0x0000000100000000)
  region size 1024K, 2 young (2048K), 2 survivors (2048K)
 Metaspace       used 34851K, capacity 35785K, committed 35840K, reserved 1081344K
  class space    used 4644K, capacity 4990K, committed 4992K, reserved 1048576K
}
Event: 13.353 GC heap before
{Heap before GC invocations=10 (full 0):
 garbage-first heap   total 126976K, used 89091K [0x0000000080000000, 0x0000000100000000)
  region size 1024K, 51 young (52224K), 2 survivors (2048K)
 Metaspace       used 41531K, capacity 42555K, committed 42828K, reserved 1087488K
  class space    used 5270K, capacity 5664K, committed 5708K, reserved 1048576K
}
Event: 13.363 GC heap after
{Heap after GC invocations=11 (full 0):
 garbage-first heap   total 126976K, used 41577K [0x0000000080000000, 0x0000000100000000)
  region size 1024K, 7 young (7168K), 7 survivors (7168K)
 Metaspace       used 41531K, capacity 42555K, committed 42828K, reserved 1087488K
  class space    used 5270K, capacity 5664K, committed 5708K, reserved 1048576K
}
Event: 14.508 GC heap before
{Heap before GC invocations=11 (full 0):
 garbage-first heap   total 126976K, used 94825K [0x0000000080000000, 0x0000000100000000)
  region size 1024K, 55 young (56320K), 7 survivors (7168K)
 Metaspace       used 44651K, capacity 45898K, committed 46156K, reserved 1089536K
  class space    used 5746K, capacity 6194K, committed 6220K, reserved 1048576K
}
Event: 14.523 GC heap after
{Heap after GC invocations=12 (full 0):
 garbage-first heap   total 126976K, used 49148K [0x0000000080000000, 0x0000000100000000)
  region size 1024K, 4 young (4096K), 4 survivors (4096K)
 Metaspace       used 44651K, capacity 45898K, committed 46156K, reserved 1089536K
  class space    used 5746K, capacity 6194K, committed 6220K, reserved 1048576K
}
Event: 17.002 GC heap before
{Heap before GC invocations=12 (full 0):
 garbage-first heap   total 126976K, used 96252K [0x0000000080000000, 0x0000000100000000)
  region size 1024K, 49 young (50176K), 4 survivors (4096K)
 Metaspace       used 49841K, capacity 51120K, committed 51276K, reserved 1093632K
  class space    used 6409K, capacity 6893K, committed 6988K, reserved 1048576K
}
Event: 17.017 GC heap after
{Heap after GC invocations=13 (full 0):
 garbage-first heap   total 152576K, used 52224K [0x0000000080000000, 0x0000000100000000)
  region size 1024K, 3 young (3072K), 3 survivors (3072K)
 Metaspace       used 49841K, capacity 51120K, committed 51276K, reserved 1093632K
  class space    used 6409K, capacity 6893K, committed 6988K, reserved 1048576K
}

Deoptimization events (20 events):
Event: 16.729 Thread 0x00000267d1346800 Uncommon trap: trap_request=0xffffff7e fr.pc=0x00000267c1bfc2d8 relative=0x0000000000002b18
Event: 16.729 Thread 0x00000267d1346800 Uncommon trap: reason=predicate action=maybe_recompile pc=0x00000267c1bfc2d8 method=java.util.regex.Pattern.compile()V @ 78 c2
Event: 16.729 Thread 0x00000267d1346800 DEOPT PACKING pc=0x00000267c1bfc2d8 sp=0x000000cc25df7310
Event: 16.729 Thread 0x00000267d1346800 DEOPT UNPACKING pc=0x00000267b9f585af sp=0x000000cc25df72f0 mode 2
Event: 16.729 Thread 0x00000267d1346800 Uncommon trap: trap_request=0xffffff4d fr.pc=0x00000267c1b8121c relative=0x000000000000007c
Event: 16.729 Thread 0x00000267d1346800 Uncommon trap: reason=unstable_if action=reinterpret pc=0x00000267c1b8121c method=java.lang.String.codePointAt(I)I @ 4 c2
Event: 16.729 Thread 0x00000267d1346800 DEOPT PACKING pc=0x00000267c1b8121c sp=0x000000cc25df72d0
Event: 16.729 Thread 0x00000267d1346800 DEOPT UNPACKING pc=0x00000267b9f585af sp=0x000000cc25df7278 mode 2
Event: 16.729 Thread 0x00000267d1346800 Uncommon trap: trap_request=0xffffff4d fr.pc=0x00000267c1a895f0 relative=0x0000000000000050
Event: 16.729 Thread 0x00000267d1346800 Uncommon trap: reason=unstable_if action=reinterpret pc=0x00000267c1a895f0 method=java.lang.Character.isSurrogate(C)Z @ 3 c2
Event: 16.729 Thread 0x00000267d1346800 DEOPT PACKING pc=0x00000267c1a895f0 sp=0x000000cc25df72f0
Event: 16.729 Thread 0x00000267d1346800 DEOPT UNPACKING pc=0x00000267b9f585af sp=0x000000cc25df7228 mode 2
Event: 16.745 Thread 0x00000267d1346800 DEOPT PACKING pc=0x00000267bae2886e sp=0x000000cc25df6010
Event: 16.745 Thread 0x00000267d1346800 DEOPT UNPACKING pc=0x00000267b9f99d0e sp=0x000000cc25df5478 mode 0
Event: 16.884 Thread 0x00000267d1346800 Uncommon trap: trap_request=0xffffff4d fr.pc=0x00000267c1b4d160 relative=0x00000000000007e0
Event: 16.884 Thread 0x00000267d1346800 Uncommon trap: reason=unstable_if action=reinterpret pc=0x00000267c1b4d160 method=java.io.BufferedInputStream.read([BII)I @ 56 c2
Event: 16.884 Thread 0x00000267d1346800 DEOPT PACKING pc=0x00000267c1b4d160 sp=0x000000cc25df8150
Event: 16.884 Thread 0x00000267d1346800 DEOPT UNPACKING pc=0x00000267b9f585af sp=0x000000cc25df8128 mode 2
Event: 17.181 Thread 0x00000267d1346800 DEOPT PACKING pc=0x00000267bac5b374 sp=0x000000cc25df6e70
Event: 17.181 Thread 0x00000267d1346800 DEOPT UNPACKING pc=0x00000267b9f99d0e sp=0x000000cc25df6410 mode 0

Classes redefined (0 events):
No events

Internal exceptions (20 events):
Event: 14.577 Thread 0x00000267d1346800 Exception <a 'java/lang/ClassNotFoundException'{0x000000008780e6e8}: org/jetbrains/plugins/gradle/tooling/builder/EarModelBuilderImplCustomizer> (0x000000008780e6e8) thrown at [./src/hotspot/share/classfile/systemDictionary.cpp, line 231]
Event: 14.597 Thread 0x00000267d1346800 Exception <a 'java/lang/ClassNotFoundException'{0x0000000087710d08}: org/jetbrains/plugins/gradle/tooling/builder/ScalaModelBuilderImplBeanInfo> (0x0000000087710d08) thrown at [./src/hotspot/share/classfile/systemDictionary.cpp, line 231]
Event: 14.598 Thread 0x00000267d1346800 Exception <a 'java/lang/ClassNotFoundException'{0x000000008771e498}: org/jetbrains/plugins/gradle/tooling/builder/ScalaModelBuilderImplCustomizer> (0x000000008771e498) thrown at [./src/hotspot/share/classfile/systemDictionary.cpp, line 231]
Event: 14.609 Thread 0x00000267d1346800 Exception <a 'java/lang/ClassNotFoundException'{0x0000000087791788}: org/jetbrains/plugins/gradle/tooling/builder/ExternalProjectBuilderImpl$1BeanInfo> (0x0000000087791788) thrown at [./src/hotspot/share/classfile/systemDictionary.cpp, line 231]
Event: 14.610 Thread 0x00000267d1346800 Exception <a 'java/lang/ClassNotFoundException'{0x000000008779f1e0}: org/jetbrains/plugins/gradle/tooling/builder/ExternalProjectBuilderImpl$1Customizer> (0x000000008779f1e0) thrown at [./src/hotspot/share/classfile/systemDictionary.cpp, line 231]
Event: 14.621 Thread 0x00000267d1346800 Exception <a 'java/lang/ClassNotFoundException'{0x0000000087612d90}: org/jetbrains/plugins/gradle/tooling/builder/ExternalProjectBuilderImplBeanInfo> (0x0000000087612d90) thrown at [./src/hotspot/share/classfile/systemDictionary.cpp, line 231]
Event: 14.621 Thread 0x00000267d1346800 Exception <a 'java/lang/ClassNotFoundException'{0x0000000087620640}: org/jetbrains/plugins/gradle/tooling/builder/ExternalProjectBuilderImplCustomizer> (0x0000000087620640) thrown at [./src/hotspot/share/classfile/systemDictionary.cpp, line 231]
Event: 14.630 Thread 0x00000267d1346800 Exception <a 'java/lang/ClassNotFoundException'{0x000000008767c6e8}: org/jetbrains/plugins/gradle/tooling/builder/DependencyGraphModelBuilderImplBeanInfo> (0x000000008767c6e8) thrown at [./src/hotspot/share/classfile/systemDictionary.cpp, line 231]
Event: 14.631 Thread 0x00000267d1346800 Exception <a 'java/lang/ClassNotFoundException'{0x000000008768a408}: org/jetbrains/plugins/gradle/tooling/builder/DependencyGraphModelBuilderImplCustomizer> (0x000000008768a408) thrown at [./src/hotspot/share/classfile/systemDictionary.cpp, line 231]
Event: 14.641 Thread 0x00000267d1346800 Exception <a 'java/lang/ClassNotFoundException'{0x0000000087546140}: org/jetbrains/plugins/gradle/tooling/builder/ExternalTestsModelBuilderImplBeanInfo> (0x0000000087546140) thrown at [./src/hotspot/share/classfile/systemDictionary.cpp, line 231]
Event: 14.641 Thread 0x00000267d1346800 Exception <a 'java/lang/ClassNotFoundException'{0x0000000087553ba0}: org/jetbrains/plugins/gradle/tooling/builder/ExternalTestsModelBuilderImplCustomizer> (0x0000000087553ba0) thrown at [./src/hotspot/share/classfile/systemDictionary.cpp, line 231]
Event: 14.703 Thread 0x00000267d1346800 Exception <a 'java/lang/ClassNotFoundException'{0x00000000873ea2c8}: org/jetbrains/plugins/gradle/tooling/builder/ProjectExtensionsDataBuilderImplBeanInfo> (0x00000000873ea2c8) thrown at [./src/hotspot/share/classfile/systemDictionary.cpp, line 231]
Event: 14.703 Thread 0x00000267d1346800 Exception <a 'java/lang/ClassNotFoundException'{0x00000000873f7dc0}: org/jetbrains/plugins/gradle/tooling/builder/ProjectExtensionsDataBuilderImplCustomizer> (0x00000000873f7dc0) thrown at [./src/hotspot/share/classfile/systemDictionary.cpp, line 231]
Event: 14.707 Thread 0x00000267d1346800 Exception <a 'java/lang/ClassNotFoundException'{0x0000000087231eb8}: org/jetbrains/plugins/gradle/tooling/builder/IntelliJSettingsBuilderBeanInfo> (0x0000000087231eb8) thrown at [./src/hotspot/share/classfile/systemDictionary.cpp, line 231]
Event: 14.708 Thread 0x00000267d1346800 Exception <a 'java/lang/ClassNotFoundException'{0x000000008723f6c0}: org/jetbrains/plugins/gradle/tooling/builder/IntelliJSettingsBuilderCustomizer> (0x000000008723f6c0) thrown at [./src/hotspot/share/classfile/systemDictionary.cpp, line 231]
Event: 14.714 Thread 0x00000267d1346800 Exception <a 'java/lang/ClassNotFoundException'{0x0000000087279810}: org/jetbrains/plugins/gradle/tooling/builder/IntelliJProjectSettingsBuilderBeanInfo> (0x0000000087279810) thrown at [./src/hotspot/share/classfile/systemDictionary.cpp, line 231]
Event: 14.715 Thread 0x00000267d1346800 Exception <a 'java/lang/ClassNotFoundException'{0x0000000087287520}: org/jetbrains/plugins/gradle/tooling/builder/IntelliJProjectSettingsBuilderCustomizer> (0x0000000087287520) thrown at [./src/hotspot/share/classfile/systemDictionary.cpp, line 231]
Event: 14.842 Thread 0x00000267d1346800 Exception <a 'java/lang/NoSuchMethodError'{0x0000000086de57a0}: 'void java.lang.invoke.DirectMethodHandle$Holder.invokeVirtual(java.lang.Object, java.lang.Object)'> (0x0000000086de57a0) thrown at [./src/hotspot/share/interpreter/linkResolver.cpp, line 773]
Event: 16.854 Thread 0x00000267d1346800 Exception <a 'java/lang/NoSuchMethodError'{0x00000000851477d0}: 'void java.lang.invoke.DirectMethodHandle$Holder.invokeSpecialIFC(java.lang.Object, java.lang.Object, java.lang.Object)'> (0x00000000851477d0) thrown at [./src/hotspot/share/interpreter/linkResolver.cpp, line 773]
Event: 17.257 Thread 0x00000267d1346800 Exception <a 'java/lang/NoSuchMethodError'{0x000000008919c348}: 'int java.lang.invoke.DirectMethodHandle$Holder.invokeStatic(java.lang.Object, int, java.lang.Object, java.lang.Object)'> (0x000000008919c348) thrown at [./src/hotspot/share/interpreter/linkResolver.cpp, line 773]

Events (20 events):
Event: 17.404 loading class org/codehaus/groovy/classgen/asm/BinaryDoubleExpressionHelper
Event: 17.404 loading class org/codehaus/groovy/classgen/asm/BinaryDoubleExpressionHelper done
Event: 17.405 loading class org/codehaus/groovy/classgen/asm/BinaryExpressionMultiTypeDispatcher$BinaryCharExpressionHelper
Event: 17.405 loading class org/codehaus/groovy/classgen/asm/BinaryExpressionMultiTypeDispatcher$BinaryCharExpressionHelper done
Event: 17.405 loading class org/codehaus/groovy/classgen/asm/BinaryExpressionMultiTypeDispatcher$BinaryByteExpressionHelper
Event: 17.405 loading class org/codehaus/groovy/classgen/asm/BinaryExpressionMultiTypeDispatcher$BinaryByteExpressionHelper done
Event: 17.405 loading class org/codehaus/groovy/classgen/asm/BinaryExpressionMultiTypeDispatcher$BinaryShortExpressionHelper
Event: 17.405 loading class org/codehaus/groovy/classgen/asm/BinaryExpressionMultiTypeDispatcher$BinaryShortExpressionHelper done
Event: 17.405 loading class org/codehaus/groovy/classgen/asm/BinaryFloatExpressionHelper
Event: 17.405 loading class org/codehaus/groovy/classgen/asm/BinaryFloatExpressionHelper done
Event: 17.406 loading class org/codehaus/groovy/classgen/asm/BinaryBooleanExpressionHelper
Event: 17.406 loading class org/codehaus/groovy/classgen/asm/BinaryBooleanExpressionHelper done
Event: 17.406 loading class org/codehaus/groovy/classgen/asm/OperandStack
Event: 17.406 loading class org/codehaus/groovy/classgen/asm/OperandStack done
Event: 17.408 loading class org/codehaus/groovy/classgen/asm/AssertionWriter
Event: 17.408 loading class org/codehaus/groovy/classgen/asm/AssertionWriter done
Event: 17.409 loading class org/codehaus/groovy/runtime/powerassert/SourceTextNotAvailableException
Event: 17.409 loading class org/codehaus/groovy/runtime/powerassert/SourceTextNotAvailableException done
Event: 17.410 loading class org/codehaus/groovy/classgen/asm/ClosureWriter
Event: 17.410 loading class org/codehaus/groovy/classgen/asm/ClosureWriter done


Dynamic libraries:
0x00007ff79a530000 - 0x00007ff79a53a000 	C:\Program Files\Android\Android Studio\jre\bin\java.exe
0x00007ff878ee0000 - 0x00007ff8790e9000 	C:\WINDOWS\SYSTEM32\ntdll.dll
0x00007ff877fa0000 - 0x00007ff87805d000 	C:\WINDOWS\System32\KERNEL32.DLL
0x00007ff8769f0000 - 0x00007ff876d69000 	C:\WINDOWS\System32\KERNELBASE.dll
0x00007ff876680000 - 0x00007ff876791000 	C:\WINDOWS\System32\ucrtbase.dll
0x00007ff8568e0000 - 0x00007ff8568f9000 	C:\Program Files\Android\Android Studio\jre\bin\jli.dll
0x00007ff877d40000 - 0x00007ff877eec000 	C:\WINDOWS\System32\USER32.dll
0x00007ff876460000 - 0x00007ff876486000 	C:\WINDOWS\System32\win32u.dll
0x00007ff878200000 - 0x00007ff878229000 	C:\WINDOWS\System32\GDI32.dll
0x00007ff8768d0000 - 0x00007ff8769e2000 	C:\WINDOWS\System32\gdi32full.dll
0x00007ff8763c0000 - 0x00007ff87645d000 	C:\WINDOWS\System32\msvcp_win.dll
0x00007ff84dfc0000 - 0x00007ff84dfd7000 	C:\Program Files\Android\Android Studio\jre\bin\VCRUNTIME140.dll
0x00007ff85bce0000 - 0x00007ff85bf85000 	C:\WINDOWS\WinSxS\amd64_microsoft.windows.common-controls_6595b64144ccf1df_6.0.22000.120_none_9d947278b86cc467\COMCTL32.dll
0x00007ff878c60000 - 0x00007ff878d03000 	C:\WINDOWS\System32\msvcrt.dll
0x00007ff8773f0000 - 0x00007ff877421000 	C:\WINDOWS\System32\IMM32.DLL
0x00007ff80c2a0000 - 0x00007ff80c33d000 	C:\Program Files\Android\Android Studio\jre\bin\msvcp140.dll
0x00007ffffe1f0000 - 0x00007ffffecd5000 	C:\Program Files\Android\Android Studio\jre\bin\server\jvm.dll
0x00007ff877720000 - 0x00007ff8777ce000 	C:\WINDOWS\System32\ADVAPI32.dll
0x00007ff876f60000 - 0x00007ff876ffe000 	C:\WINDOWS\System32\sechost.dll
0x00007ff878d80000 - 0x00007ff878ea0000 	C:\WINDOWS\System32\RPCRT4.dll
0x00007ff877590000 - 0x00007ff877598000 	C:\WINDOWS\System32\PSAPI.DLL
0x00007ff852d40000 - 0x00007ff852d49000 	C:\WINDOWS\SYSTEM32\WSOCK32.dll
0x00007ff877430000 - 0x00007ff87749f000 	C:\WINDOWS\System32\WS2_32.dll
0x00007ff86dea0000 - 0x00007ff86deaa000 	C:\WINDOWS\SYSTEM32\VERSION.dll
0x00007ff868890000 - 0x00007ff8688c3000 	C:\WINDOWS\SYSTEM32\WINMM.dll
0x00007ff8754c0000 - 0x00007ff8754d8000 	C:\WINDOWS\SYSTEM32\kernel.appcore.dll
0x00007ff871170000 - 0x00007ff871181000 	C:\Program Files\Android\Android Studio\jre\bin\verify.dll
0x00007ff873cf0000 - 0x00007ff873f11000 	C:\WINDOWS\SYSTEM32\DBGHELP.DLL
0x00007ff850cc0000 - 0x00007ff850cf1000 	C:\WINDOWS\SYSTEM32\dbgcore.DLL
0x00007ff876600000 - 0x00007ff87667f000 	C:\WINDOWS\System32\bcryptPrimitives.dll
0x00007ff871040000 - 0x00007ff871069000 	C:\Program Files\Android\Android Studio\jre\bin\java.dll
0x00007ff86f480000 - 0x00007ff86f48b000 	C:\Program Files\Android\Android Studio\jre\bin\jimage.dll
0x00007ff86f460000 - 0x00007ff86f478000 	C:\Program Files\Android\Android Studio\jre\bin\zip.dll
0x00007ff878310000 - 0x00007ff878ac8000 	C:\WINDOWS\System32\SHELL32.dll
0x00007ff874530000 - 0x00007ff874d97000 	C:\WINDOWS\SYSTEM32\windows.storage.dll
0x00007ff877060000 - 0x00007ff8773d9000 	C:\WINDOWS\System32\combase.dll
0x00007ff8743c0000 - 0x00007ff874526000 	C:\WINDOWS\SYSTEM32\wintypes.dll
0x00007ff8774a0000 - 0x00007ff87758a000 	C:\WINDOWS\System32\SHCORE.dll
0x00007ff8775a0000 - 0x00007ff8775fd000 	C:\WINDOWS\System32\shlwapi.dll
0x00007ff8762f0000 - 0x00007ff876311000 	C:\WINDOWS\SYSTEM32\profapi.dll
0x00007ff85f520000 - 0x00007ff85f53a000 	C:\Program Files\Android\Android Studio\jre\bin\net.dll
0x00007ff86e090000 - 0x00007ff86e19c000 	C:\WINDOWS\SYSTEM32\WINHTTP.dll
0x00007ff8758f0000 - 0x00007ff875957000 	C:\WINDOWS\system32\mswsock.dll
0x00007ff858540000 - 0x00007ff858554000 	C:\Program Files\Android\Android Studio\jre\bin\nio.dll
0x00007ff858680000 - 0x00007ff8586a7000 	C:\Users\ASUS\.gradle\native\e1d6ef7f7dcc3fd88c89a11ec53ec762bb8ba0a96d01ffa2cd45eb1d1d8dd5c5\windows-amd64\native-platform.dll
0x00007ffffd970000 - 0x00007ffffdab4000 	C:\Users\ASUS\.gradle\native\5664cfc778a61ccfe75a443a1ab52a65af34e5dc3c78e0209fed803814484fcb\windows-amd64\native-platform-file-events.dll
0x00007ff86f430000 - 0x00007ff86f43a000 	C:\Program Files\Android\Android Studio\jre\bin\management.dll
0x00007ff86f400000 - 0x00007ff86f40d000 	C:\Program Files\Android\Android Studio\jre\bin\management_ext.dll
0x00007ff875ba0000 - 0x00007ff875bb8000 	C:\WINDOWS\SYSTEM32\CRYPTSP.dll
0x00007ff875420000 - 0x00007ff875455000 	C:\WINDOWS\system32\rsaenh.dll
0x00007ff8759e0000 - 0x00007ff875a09000 	C:\WINDOWS\SYSTEM32\USERENV.dll
0x00007ff875d20000 - 0x00007ff875d47000 	C:\WINDOWS\SYSTEM32\bcrypt.dll
0x00007ff875bc0000 - 0x00007ff875bcc000 	C:\WINDOWS\SYSTEM32\CRYPTBASE.dll
0x00007ff875030000 - 0x00007ff87505d000 	C:\WINDOWS\SYSTEM32\IPHLPAPI.DLL
0x00007ff8773e0000 - 0x00007ff8773e9000 	C:\WINDOWS\System32\NSI.dll
0x00007ff86deb0000 - 0x00007ff86dec9000 	C:\WINDOWS\SYSTEM32\dhcpcsvc6.DLL
0x00007ff86e2f0000 - 0x00007ff86e30e000 	C:\WINDOWS\SYSTEM32\dhcpcsvc.DLL
0x00007ff875060000 - 0x00007ff875148000 	C:\WINDOWS\SYSTEM32\DNSAPI.dll

dbghelp: loaded successfully - version: 4.0.5 - missing functions: none
symbol engine: initialized successfully - sym options: 0x614 - pdb path: .;C:\Program Files\Android\Android Studio\jre\bin;C:\WINDOWS\SYSTEM32;C:\WINDOWS\WinSxS\amd64_microsoft.windows.common-controls_6595b64144ccf1df_6.0.22000.120_none_9d947278b86cc467;C:\Program Files\Android\Android Studio\jre\bin\server;C:\Users\ASUS\.gradle\native\e1d6ef7f7dcc3fd88c89a11ec53ec762bb8ba0a96d01ffa2cd45eb1d1d8dd5c5\windows-amd64;C:\Users\ASUS\.gradle\native\5664cfc778a61ccfe75a443a1ab52a65af34e5dc3c78e0209fed803814484fcb\windows-amd64

VM Arguments:
jvm_args: --add-opens=java.base/java.util=ALL-UNNAMED --add-opens=java.base/java.lang=ALL-UNNAMED --add-opens=java.base/java.lang.invoke=ALL-UNNAMED --add-opens=java.base/java.util=ALL-UNNAMED --add-opens=java.prefs/java.util.prefs=ALL-UNNAMED --add-opens=java.prefs/java.util.prefs=ALL-UNNAMED --add-opens=java.base/java.nio.charset=ALL-UNNAMED --add-opens=java.base/java.net=ALL-UNNAMED --add-opens=java.base/java.util.concurrent.atomic=ALL-UNNAMED -Xmx2048m -Dfile.encoding=UTF-8 -Duser.country=IN -Duser.language=en -Duser.variant 
java_command: org.gradle.launcher.daemon.bootstrap.GradleDaemon 7.3.3
java_class_path (initial): C:\Users\ASUS\.gradle\wrapper\dists\gradle-7.3.3-bin\6a41zxkdtcxs8rphpq6y0069z\gradle-7.3.3\lib\gradle-launcher-7.3.3.jar
Launcher Type: SUN_STANDARD

[Global flags]
     intx CICompilerCount                          = 3                                         {product} {ergonomic}
     uint ConcGCThreads                            = 1                                         {product} {ergonomic}
     uint G1ConcRefinementThreads                  = 4                                         {product} {ergonomic}
   size_t G1HeapRegionSize                         = 1048576                                   {product} {ergonomic}
    uintx GCDrainStackTargetSize                   = 64                                        {product} {ergonomic}
   size_t InitialHeapSize                          = 130023424                                 {product} {ergonomic}
   size_t MarkStackSize                            = 4194304                                   {product} {ergonomic}
   size_t MaxHeapSize                              = 2147483648                                {product} {command line}
   size_t MaxNewSize                               = 1287651328                                {product} {ergonomic}
   size_t MinHeapDeltaBytes                        = 1048576                                   {product} {ergonomic}
    uintx NonNMethodCodeHeapSize                   = 5830732                                {pd product} {ergonomic}
    uintx NonProfiledCodeHeapSize                  = 122913754                              {pd product} {ergonomic}
    uintx ProfiledCodeHeapSize                     = 122913754                              {pd product} {ergonomic}
    uintx ReservedCodeCacheSize                    = 251658240                              {pd product} {ergonomic}
     bool SegmentedCodeCache                       = true                                      {product} {ergonomic}
     bool UseCompressedClassPointers               = true                                 {lp64_product} {ergonomic}
     bool UseCompressedOops                        = true                                 {lp64_product} {ergonomic}
     bool UseG1GC                                  = true                                      {product} {ergonomic}
     bool UseLargePagesIndividualAllocation        = false                                  {pd product} {ergonomic}

Logging:
Log output configuration:
 #0: stdout all=warning uptime,level,tags
 #1: stderr all=off uptime,level,tags

Environment Variables:
PATH=C:\Python310\Scripts\;C:\Python310\;C:\Program Files\Common Files\Oracle\Java\javapath;C:\WINDOWS\system32;C:\WINDOWS;C:\WINDOWS\System32\Wbem;C:\WINDOWS\System32\WindowsPowerShell\v1.0\;C:\WINDOWS\System32\OpenSSH\;C:\MinGW\bin;D:\flutter\bin;C:\Program Files\nodejs\;C:\ProgramData\chocolatey\bin;C:\Ruby27-x64\bin;C:\Program Files\Git\cmd;C:\Users\ASUS\Downloads\platform-tools_r33.0.0-windows\platform-tools;C:\Program Files\Android\sdk;C:\Program Files\Android\sdk\platform-tools;C:\Program Files\MongoDB\Server\5.0\bin;C:\Program Files\MATLAB\R2016a\runtime\win64;C:\Program Files\MATLAB\R2016a\bin;C:\Program Files\MATLAB\R2016a\polyspace\bin;C:\Ruby27-x64\bin;C:\Users\ASUS\AppData\Local\Programs\Python\Python39\Scripts\;C:\Users\ASUS\AppData\Local\Programs\Python\Python39\;C:\Users\ASUS\AppData\Local\Microsoft\WindowsApps;C:\Users\ASUS\AppData\Local\Programs\Microsoft VS Code\bin;C:\Users\ASUS\AppData\Local\GitHubDesktop\bin;C:\Program Files\JetBrains\IntelliJ IDEA Community Edition 2021.2\bin;;C:\Users\ASUS\AppData\Roaming\npm;C:\Users\ASUS\Downloads\platform-tools_r33.0.0-windows\platform-tools;C:\Program Files\Android\sdk;C:\Program Files\Android\sdk\platform-tools;C:\Program Files\MongoDB\Server\5.0\bin;
USERNAME=ASUS
OS=Windows_NT
PROCESSOR_IDENTIFIER=Intel64 Family 6 Model 126 Stepping 5, GenuineIntel



---------------  S Y S T E M  ---------------

OS: Windows 10 , 64 bit Build 22000 (10.0.22000.708)
OS uptime: 0 days 8:06 hours

CPU:total 4 (initial active 4) (2 cores per cpu, 2 threads per core) family 6 model 126 stepping 5 microcode 0xa0, cmov, cx8, fxsr, mmx, sse, sse2, sse3, ssse3, sse4.1, sse4.2, popcnt, avx, avx2, aes, clmul, erms, 3dnowpref, lzcnt, ht, tsc, tscinvbit, bmi1, bmi2, adx, evex, sha, fma

Memory: 4k page, system-wide physical 7930M (558M free)
TotalPageFile size 9978M (AvailPageFile size 25M)
current process WorkingSet (physical memory assigned to process): 310M, peak: 310M
current process commit charge ("private bytes"): 352M, peak: 354M

vm_info: OpenJDK 64-Bit Server VM (11.0.12+7-b1504.28-7817840) for windows-amd64 JRE (11.0.12+7-b1504.28-7817840), built on Oct 13 2021 22:12:33 by "builder" with MS VC++ 14.0 (VS2015)

END.
